[2020-03-24T15:04:56.971] [INFO] response - { method: 'GET',
  url: '/users/userlist',
  body: {},
  costTime: 14,
  response:
   { status: 200,
     message: 'OK',
     header:
      [Object: null prototype] {
        vary: 'Origin',
        'access-control-allow-origin': 'http://localhost:8080',
        'access-control-allow-credentials': 'true',
        'access-control-expose-headers': 'WWW-Authenticate,Server-Authorization',
        'content-type': 'text/html; charset=utf-8',
        'content-length': '4444' },
     body:
      '<!DOCTYPE html>\r\n<html lang="en">\r\n<head>\r\n    <meta charset="UTF-8">\r\n    <meta name="viewport" content="width=device-width, initial-scale=1.0">\r\n    <meta http-equiv="X-UA-Compatible" content="ie=edge">\r\n    <link type="text/css" rel="stylesheet" href="/stylesheets/bootstrap.min.css" />\r\n    <title>用户列表</title>\r\n</head>\r\n<body>\r\n    <div class="clearfix" style="margin-bottom: 10px;"></div>\r\n    <div class="row">\r\n        <form>\r\n        <div class="col-md-offset-1 col-md-2 margin-bottom-15">\r\n          <label for="firstName" class="control-label">工号/帐号</label>\r\n          <input type="text" class="form-control" id="firstName" value="">                  \r\n        </div>\r\n        <div class="col-md-2 margin-bottom-15">\r\n          <label for="lastName" class="control-label">姓名</label>\r\n          <input type="text" class="form-control" id="lastName" value="">                 \r\n        </div>\r\n        <div class="col-md-2 margin-bottom-15">\r\n            <label for="singleSelect">身份</label>\r\n            <select class="form-control margin-bottom-15" id="singleSelect">\r\n              <option>全部</option>\r\n              <option>普通用户</option>\r\n              <option>超市店员</option>\r\n            </select>\r\n        </div>\r\n        <div class="col-md-2 margin-bottom-15">\r\n            <label class="checkbox-inline">\r\n              <input type="checkbox" id="inlineCheckbox1" value="option1"> 管理员\r\n            </label>                    \r\n        </div>\r\n        <div class="row templatemo-form-buttons">\r\n                <div class="col-md-2">\r\n                  <button type="submit" class="btn btn-primary">查询</button>\r\n                  <button type="reset" class="btn btn-default">重置</button>    \r\n                </div>\r\n        </div>\r\n        </form>\r\n    </div>\r\n    <div class="clearfix" style="margin-bottom: 10px;"></div>\r\n    <div class="row">\r\n        <div class="col-md-10 col-md-offset-1">\r\n        <div class="table-responsive">\r\n        <table class="table table-striped table-hover table-bordered">\r\n            <thead>\r\n              <tr>\r\n                <th>序号</th>\r\n                <th>工号/学号</th>\r\n                <th>姓名</th>\r\n                <th>身份</th>\r\n                <th colspan="2">操作</th>\r\n              </tr>\r\n            </thead>\r\n            <tbody>\r\n              \r\n                <tr>\r\n                  <td>1</td>  \r\n                  <td>1001</td>\r\n                    <td>kobe</td>\r\n                    <td>\r\n                       普通用户\r\n                       \r\n                    </td>\r\n                    <td><a href="/users/delect/1001" class="btn btn-default">删除</a></td>\r\n                    <td><a href="/users/edit.html/1001" class="btn btn-default">编辑</a></td>\r\n                    \r\n                <tr>\r\n                  <td>2</td>  \r\n                  <td>1002</td>\r\n                    <td>zixiong</td>\r\n                    <td>\r\n                       普通用户\r\n                       \r\n                    </td>\r\n                    <td><a href="/users/delect/1002" class="btn btn-default">删除</a></td>\r\n                    <td><a href="/users/edit.html/1002" class="btn btn-default">编辑</a></td>\r\n                    \r\n                <tr>\r\n                  <td>3</td>  \r\n                  <td>1003</td>\r\n                    <td>child</td>\r\n                    <td>\r\n                       普通用户\r\n                       \r\n                    </td>\r\n                    <td><a href="/users/delect/1003" class="btn btn-default">删除</a></td>\r\n                    <td><a href="/users/edit.html/1003" class="btn btn-default">编辑</a></td>\r\n                    \r\n                </tr>\r\n            </tbody>\r\n        </table>\r\n        </div>\r\n        <ul class="pagination pull-right">\r\n            <li class="disabled"><a href="#">&laquo;</a></li>\r\n            <li class="active"><a href="#">1 <span class="sr-only">(current)</span></a></li>\r\n            <li><a href="#">2 <span class="sr-only">(current)</span></a></li>\r\n            <li><a href="#">3 <span class="sr-only">(current)</span></a></li>\r\n            <li><a href="#">4 <span class="sr-only">(current)</span></a></li>\r\n            <li><a href="#">5 <span class="sr-only">(current)</span></a></li>\r\n            <li><a href="#">&raquo;</a></li>\r\n          </ul>\r\n        </div>\r\n    </div>\r\n</body>\r\n</html>' } }
[2020-03-24T15:04:58.131] [INFO] response - { method: 'GET',
  url: '/users/edit.html/1001',
  body: {},
  costTime: 14,
  response:
   { status: 404,
     message: 'Not Found',
     header:
      [Object: null prototype] {
        vary: 'Origin',
        'access-control-allow-origin': 'http://localhost:8080',
        'access-control-allow-credentials': 'true',
        'access-control-expose-headers': 'WWW-Authenticate,Server-Authorization',
        'content-type': 'text/html; charset=utf-8',
        'content-length': '474' },
     body:
      '<!DOCTYPE html>\n<html lang="en">\n<head>\n    <meta charset="UTF-8">\n    <meta name="viewport" content="width=device-width, initial-scale=1.0">\n    <meta http-equiv="X-UA-Compatible" content="ie=edge">\n    <link rel="stylesheet" href="/stylesheets/error.css">\n    <title>错误信息</title>\n</head>\n<body>\n    <div class="content">\n            <h1>抱歉，找不到你的诗和远方了！</h1>\n            \n            <h2>404</h2>\n            \n    </div>\n</body>\n</html>\n\n' } }
[2020-03-24T15:04:59.147] [INFO] response - { method: 'GET',
  url: '/users/userlist',
  body: {},
  costTime: 29,
  response:
   { status: 200,
     message: 'OK',
     header:
      [Object: null prototype] {
        vary: 'Origin',
        'access-control-allow-origin': 'http://localhost:8080',
        'access-control-allow-credentials': 'true',
        'access-control-expose-headers': 'WWW-Authenticate,Server-Authorization',
        'content-type': 'text/html; charset=utf-8',
        'content-length': '4444' },
     body:
      '<!DOCTYPE html>\r\n<html lang="en">\r\n<head>\r\n    <meta charset="UTF-8">\r\n    <meta name="viewport" content="width=device-width, initial-scale=1.0">\r\n    <meta http-equiv="X-UA-Compatible" content="ie=edge">\r\n    <link type="text/css" rel="stylesheet" href="/stylesheets/bootstrap.min.css" />\r\n    <title>用户列表</title>\r\n</head>\r\n<body>\r\n    <div class="clearfix" style="margin-bottom: 10px;"></div>\r\n    <div class="row">\r\n        <form>\r\n        <div class="col-md-offset-1 col-md-2 margin-bottom-15">\r\n          <label for="firstName" class="control-label">工号/帐号</label>\r\n          <input type="text" class="form-control" id="firstName" value="">                  \r\n        </div>\r\n        <div class="col-md-2 margin-bottom-15">\r\n          <label for="lastName" class="control-label">姓名</label>\r\n          <input type="text" class="form-control" id="lastName" value="">                 \r\n        </div>\r\n        <div class="col-md-2 margin-bottom-15">\r\n            <label for="singleSelect">身份</label>\r\n            <select class="form-control margin-bottom-15" id="singleSelect">\r\n              <option>全部</option>\r\n              <option>普通用户</option>\r\n              <option>超市店员</option>\r\n            </select>\r\n        </div>\r\n        <div class="col-md-2 margin-bottom-15">\r\n            <label class="checkbox-inline">\r\n              <input type="checkbox" id="inlineCheckbox1" value="option1"> 管理员\r\n            </label>                    \r\n        </div>\r\n        <div class="row templatemo-form-buttons">\r\n                <div class="col-md-2">\r\n                  <button type="submit" class="btn btn-primary">查询</button>\r\n                  <button type="reset" class="btn btn-default">重置</button>    \r\n                </div>\r\n        </div>\r\n        </form>\r\n    </div>\r\n    <div class="clearfix" style="margin-bottom: 10px;"></div>\r\n    <div class="row">\r\n        <div class="col-md-10 col-md-offset-1">\r\n        <div class="table-responsive">\r\n        <table class="table table-striped table-hover table-bordered">\r\n            <thead>\r\n              <tr>\r\n                <th>序号</th>\r\n                <th>工号/学号</th>\r\n                <th>姓名</th>\r\n                <th>身份</th>\r\n                <th colspan="2">操作</th>\r\n              </tr>\r\n            </thead>\r\n            <tbody>\r\n              \r\n                <tr>\r\n                  <td>1</td>  \r\n                  <td>1001</td>\r\n                    <td>kobe</td>\r\n                    <td>\r\n                       普通用户\r\n                       \r\n                    </td>\r\n                    <td><a href="/users/delect/1001" class="btn btn-default">删除</a></td>\r\n                    <td><a href="/users/edit.html/1001" class="btn btn-default">编辑</a></td>\r\n                    \r\n                <tr>\r\n                  <td>2</td>  \r\n                  <td>1002</td>\r\n                    <td>zixiong</td>\r\n                    <td>\r\n                       普通用户\r\n                       \r\n                    </td>\r\n                    <td><a href="/users/delect/1002" class="btn btn-default">删除</a></td>\r\n                    <td><a href="/users/edit.html/1002" class="btn btn-default">编辑</a></td>\r\n                    \r\n                <tr>\r\n                  <td>3</td>  \r\n                  <td>1003</td>\r\n                    <td>child</td>\r\n                    <td>\r\n                       普通用户\r\n                       \r\n                    </td>\r\n                    <td><a href="/users/delect/1003" class="btn btn-default">删除</a></td>\r\n                    <td><a href="/users/edit.html/1003" class="btn btn-default">编辑</a></td>\r\n                    \r\n                </tr>\r\n            </tbody>\r\n        </table>\r\n        </div>\r\n        <ul class="pagination pull-right">\r\n            <li class="disabled"><a href="#">&laquo;</a></li>\r\n            <li class="active"><a href="#">1 <span class="sr-only">(current)</span></a></li>\r\n            <li><a href="#">2 <span class="sr-only">(current)</span></a></li>\r\n            <li><a href="#">3 <span class="sr-only">(current)</span></a></li>\r\n            <li><a href="#">4 <span class="sr-only">(current)</span></a></li>\r\n            <li><a href="#">5 <span class="sr-only">(current)</span></a></li>\r\n            <li><a href="#">&raquo;</a></li>\r\n          </ul>\r\n        </div>\r\n    </div>\r\n</body>\r\n</html>' } }
[2020-03-24T15:05:00.595] [INFO] response - { method: 'GET',
  url: '/users/delect/1002',
  body: {},
  costTime: 50,
  response:
   { status: 302,
     message: 'Found',
     header:
      [Object: null prototype] {
        vary: 'Origin',
        'access-control-allow-origin': 'http://localhost:8080',
        'access-control-allow-credentials': 'true',
        'access-control-expose-headers': 'WWW-Authenticate,Server-Authorization',
        location: '/users/userlist',
        'content-type': 'text/html; charset=utf-8',
        'content-length': '61' },
     body:
      'Redirecting to <a href="/users/userlist">/users/userlist</a>.' } }
[2020-03-24T15:05:00.656] [INFO] response - { method: 'GET',
  url: '/users/userlist',
  body: {},
  costTime: 43,
  response:
   { status: 200,
     message: 'OK',
     header:
      [Object: null prototype] {
        vary: 'Origin',
        'access-control-allow-origin': 'http://localhost:8080',
        'access-control-allow-credentials': 'true',
        'access-control-expose-headers': 'WWW-Authenticate,Server-Authorization',
        'content-type': 'text/html; charset=utf-8',
        'content-length': '3991' },
     body:
      '<!DOCTYPE html>\r\n<html lang="en">\r\n<head>\r\n    <meta charset="UTF-8">\r\n    <meta name="viewport" content="width=device-width, initial-scale=1.0">\r\n    <meta http-equiv="X-UA-Compatible" content="ie=edge">\r\n    <link type="text/css" rel="stylesheet" href="/stylesheets/bootstrap.min.css" />\r\n    <title>用户列表</title>\r\n</head>\r\n<body>\r\n    <div class="clearfix" style="margin-bottom: 10px;"></div>\r\n    <div class="row">\r\n        <form>\r\n        <div class="col-md-offset-1 col-md-2 margin-bottom-15">\r\n          <label for="firstName" class="control-label">工号/帐号</label>\r\n          <input type="text" class="form-control" id="firstName" value="">                  \r\n        </div>\r\n        <div class="col-md-2 margin-bottom-15">\r\n          <label for="lastName" class="control-label">姓名</label>\r\n          <input type="text" class="form-control" id="lastName" value="">                 \r\n        </div>\r\n        <div class="col-md-2 margin-bottom-15">\r\n            <label for="singleSelect">身份</label>\r\n            <select class="form-control margin-bottom-15" id="singleSelect">\r\n              <option>全部</option>\r\n              <option>普通用户</option>\r\n              <option>超市店员</option>\r\n            </select>\r\n        </div>\r\n        <div class="col-md-2 margin-bottom-15">\r\n            <label class="checkbox-inline">\r\n              <input type="checkbox" id="inlineCheckbox1" value="option1"> 管理员\r\n            </label>                    \r\n        </div>\r\n        <div class="row templatemo-form-buttons">\r\n                <div class="col-md-2">\r\n                  <button type="submit" class="btn btn-primary">查询</button>\r\n                  <button type="reset" class="btn btn-default">重置</button>    \r\n                </div>\r\n        </div>\r\n        </form>\r\n    </div>\r\n    <div class="clearfix" style="margin-bottom: 10px;"></div>\r\n    <div class="row">\r\n        <div class="col-md-10 col-md-offset-1">\r\n        <div class="table-responsive">\r\n        <table class="table table-striped table-hover table-bordered">\r\n            <thead>\r\n              <tr>\r\n                <th>序号</th>\r\n                <th>工号/学号</th>\r\n                <th>姓名</th>\r\n                <th>身份</th>\r\n                <th colspan="2">操作</th>\r\n              </tr>\r\n            </thead>\r\n            <tbody>\r\n              \r\n                <tr>\r\n                  <td>1</td>  \r\n                  <td>1001</td>\r\n                    <td>kobe</td>\r\n                    <td>\r\n                       普通用户\r\n                       \r\n                    </td>\r\n                    <td><a href="/users/delect/1001" class="btn btn-default">删除</a></td>\r\n                    <td><a href="/users/edit.html/1001" class="btn btn-default">编辑</a></td>\r\n                    \r\n                <tr>\r\n                  <td>2</td>  \r\n                  <td>1003</td>\r\n                    <td>child</td>\r\n                    <td>\r\n                       普通用户\r\n                       \r\n                    </td>\r\n                    <td><a href="/users/delect/1003" class="btn btn-default">删除</a></td>\r\n                    <td><a href="/users/edit.html/1003" class="btn btn-default">编辑</a></td>\r\n                    \r\n                </tr>\r\n            </tbody>\r\n        </table>\r\n        </div>\r\n        <ul class="pagination pull-right">\r\n            <li class="disabled"><a href="#">&laquo;</a></li>\r\n            <li class="active"><a href="#">1 <span class="sr-only">(current)</span></a></li>\r\n            <li><a href="#">2 <span class="sr-only">(current)</span></a></li>\r\n            <li><a href="#">3 <span class="sr-only">(current)</span></a></li>\r\n            <li><a href="#">4 <span class="sr-only">(current)</span></a></li>\r\n            <li><a href="#">5 <span class="sr-only">(current)</span></a></li>\r\n            <li><a href="#">&raquo;</a></li>\r\n          </ul>\r\n        </div>\r\n    </div>\r\n</body>\r\n</html>' } }
[2020-03-24T15:05:02.248] [INFO] response - { method: 'GET',
  url: '/users/edit.html/1001',
  body: {},
  costTime: 15,
  response:
   { status: 404,
     message: 'Not Found',
     header:
      [Object: null prototype] {
        vary: 'Origin',
        'access-control-allow-origin': 'http://localhost:8080',
        'access-control-allow-credentials': 'true',
        'access-control-expose-headers': 'WWW-Authenticate,Server-Authorization',
        'content-type': 'text/html; charset=utf-8',
        'content-length': '474' },
     body:
      '<!DOCTYPE html>\n<html lang="en">\n<head>\n    <meta charset="UTF-8">\n    <meta name="viewport" content="width=device-width, initial-scale=1.0">\n    <meta http-equiv="X-UA-Compatible" content="ie=edge">\n    <link rel="stylesheet" href="/stylesheets/error.css">\n    <title>错误信息</title>\n</head>\n<body>\n    <div class="content">\n            <h1>抱歉，找不到你的诗和远方了！</h1>\n            \n            <h2>404</h2>\n            \n    </div>\n</body>\n</html>\n\n' } }
[2020-03-24T15:05:03.672] [INFO] response - { method: 'GET',
  url: '/users/userlist',
  body: {},
  costTime: 28,
  response:
   { status: 200,
     message: 'OK',
     header:
      [Object: null prototype] {
        vary: 'Origin',
        'access-control-allow-origin': 'http://localhost:8080',
        'access-control-allow-credentials': 'true',
        'access-control-expose-headers': 'WWW-Authenticate,Server-Authorization',
        'content-type': 'text/html; charset=utf-8',
        'content-length': '3991' },
     body:
      '<!DOCTYPE html>\r\n<html lang="en">\r\n<head>\r\n    <meta charset="UTF-8">\r\n    <meta name="viewport" content="width=device-width, initial-scale=1.0">\r\n    <meta http-equiv="X-UA-Compatible" content="ie=edge">\r\n    <link type="text/css" rel="stylesheet" href="/stylesheets/bootstrap.min.css" />\r\n    <title>用户列表</title>\r\n</head>\r\n<body>\r\n    <div class="clearfix" style="margin-bottom: 10px;"></div>\r\n    <div class="row">\r\n        <form>\r\n        <div class="col-md-offset-1 col-md-2 margin-bottom-15">\r\n          <label for="firstName" class="control-label">工号/帐号</label>\r\n          <input type="text" class="form-control" id="firstName" value="">                  \r\n        </div>\r\n        <div class="col-md-2 margin-bottom-15">\r\n          <label for="lastName" class="control-label">姓名</label>\r\n          <input type="text" class="form-control" id="lastName" value="">                 \r\n        </div>\r\n        <div class="col-md-2 margin-bottom-15">\r\n            <label for="singleSelect">身份</label>\r\n            <select class="form-control margin-bottom-15" id="singleSelect">\r\n              <option>全部</option>\r\n              <option>普通用户</option>\r\n              <option>超市店员</option>\r\n            </select>\r\n        </div>\r\n        <div class="col-md-2 margin-bottom-15">\r\n            <label class="checkbox-inline">\r\n              <input type="checkbox" id="inlineCheckbox1" value="option1"> 管理员\r\n            </label>                    \r\n        </div>\r\n        <div class="row templatemo-form-buttons">\r\n                <div class="col-md-2">\r\n                  <button type="submit" class="btn btn-primary">查询</button>\r\n                  <button type="reset" class="btn btn-default">重置</button>    \r\n                </div>\r\n        </div>\r\n        </form>\r\n    </div>\r\n    <div class="clearfix" style="margin-bottom: 10px;"></div>\r\n    <div class="row">\r\n        <div class="col-md-10 col-md-offset-1">\r\n        <div class="table-responsive">\r\n        <table class="table table-striped table-hover table-bordered">\r\n            <thead>\r\n              <tr>\r\n                <th>序号</th>\r\n                <th>工号/学号</th>\r\n                <th>姓名</th>\r\n                <th>身份</th>\r\n                <th colspan="2">操作</th>\r\n              </tr>\r\n            </thead>\r\n            <tbody>\r\n              \r\n                <tr>\r\n                  <td>1</td>  \r\n                  <td>1001</td>\r\n                    <td>kobe</td>\r\n                    <td>\r\n                       普通用户\r\n                       \r\n                    </td>\r\n                    <td><a href="/users/delect/1001" class="btn btn-default">删除</a></td>\r\n                    <td><a href="/users/edit.html/1001" class="btn btn-default">编辑</a></td>\r\n                    \r\n                <tr>\r\n                  <td>2</td>  \r\n                  <td>1003</td>\r\n                    <td>child</td>\r\n                    <td>\r\n                       普通用户\r\n                       \r\n                    </td>\r\n                    <td><a href="/users/delect/1003" class="btn btn-default">删除</a></td>\r\n                    <td><a href="/users/edit.html/1003" class="btn btn-default">编辑</a></td>\r\n                    \r\n                </tr>\r\n            </tbody>\r\n        </table>\r\n        </div>\r\n        <ul class="pagination pull-right">\r\n            <li class="disabled"><a href="#">&laquo;</a></li>\r\n            <li class="active"><a href="#">1 <span class="sr-only">(current)</span></a></li>\r\n            <li><a href="#">2 <span class="sr-only">(current)</span></a></li>\r\n            <li><a href="#">3 <span class="sr-only">(current)</span></a></li>\r\n            <li><a href="#">4 <span class="sr-only">(current)</span></a></li>\r\n            <li><a href="#">5 <span class="sr-only">(current)</span></a></li>\r\n            <li><a href="#">&raquo;</a></li>\r\n          </ul>\r\n        </div>\r\n    </div>\r\n</body>\r\n</html>' } }
