[2020-03-23T23:08:51.187] [INFO] response - { method: 'GET',
  url: '/',
  body: {},
  costTime: 3,
  response:
   { status: 200,
     message: 'OK',
     header:
      [Object: null prototype] {
        vary: 'Origin',
        'access-control-allow-origin': 'http://localhost:8080',
        'access-control-allow-credentials': 'true',
        'access-control-expose-headers': 'WWW-Authenticate,Server-Authorization',
        'content-type': 'text/html; charset=utf-8',
        'content-length': '1029' },
     body:
      '<!DOCTYPE html>\r\n<head>\r\n\t<meta http-equiv="Content-Type" content="text/html; charset=utf-8" />\r\n\t<title>登录</title>\r\n\t<link rel="stylesheet" type="text/css" href="/stylesheets/style.css" />\r\n\t<link rel="stylesheet" type="text/css" href="/stylesheets/body.css"/> \r\n</head>\r\n<body>\r\n\t<div class="container">\r\n\t\t<section id="content">\r\n\t\t\t<form action="/checkLogin" method="post">\r\n\t\t\t\t<h1>登录</h1>\r\n\t\t\t\t<div>\r\n\t\t\t\t\t<input type="text" placeholder="工号/学号" required="" id="username" name="user_id"/>\r\n\t\t\t\t</div>\r\n\t\t\t\t<div>\r\n\t\t\t\t\t<input type="password" placeholder="密码" required="" id="password" name="password"/>\r\n\t\t\t\t</div>\r\n\t\t\t\t<div class="">\r\n\t\t\t\t\t<span class="help-block u-errormessage" id="js-server-helpinfo">&nbsp;</span>\t\t\t\r\n\t\t\t\t</div> \r\n\t\t\t\t<div>\r\n\t\t\t\t\t<!-- <input type="submit" value="Log in" /> -->\r\n\t\t\t\t\t<input type="submit" value="登录" class="btn btn-primary" id="js-btn-login"/>\r\n\t\t\t\t</div>\r\n\t\t\t</form><!-- form -->\r\n\t\t\t\r\n\t\t</section><!-- content -->\r\n\t</div>\r\n\t<!-- container -->\r\n</body>\r\n</html>' } }
[2020-03-23T23:08:57.199] [INFO] response - { method: 'POST',
  url: '/checkLogin',
  body: { user_id: '1001', password: '123456' },
  costTime: 39,
  response:
   { status: 302,
     message: 'Found',
     header:
      [Object: null prototype] {
        vary: 'Origin',
        'access-control-allow-origin': 'http://localhost:8080',
        'access-control-allow-credentials': 'true',
        'access-control-expose-headers': 'WWW-Authenticate,Server-Authorization',
        location: '/index',
        'content-type': 'text/html; charset=utf-8',
        'content-length': '43' },
     body: 'Redirecting to <a href="/index">/index</a>.' } }
[2020-03-23T23:08:57.207] [INFO] response - { method: 'GET',
  url: '/index',
  body: {},
  costTime: 3,
  response:
   { status: 200,
     message: 'OK',
     header:
      [Object: null prototype] {
        vary: 'Origin',
        'access-control-allow-origin': 'http://localhost:8080',
        'access-control-allow-credentials': 'true',
        'access-control-expose-headers': 'WWW-Authenticate,Server-Authorization',
        'content-type': 'text/html; charset=utf-8',
        'content-length': '1371' },
     body:
      '<!DOCTYPE html>\r\n<head>\r\n<meta http-equiv="Content-Type" content="text/html; charset=utf-8" />\r\n<title>后台管理系统</title>\r\n<link type="text/css" rel="stylesheet" href="/stylesheets/style_index.css" />\r\n<script type="text/javascript" src="/javascripts/jquery-1.8.3.min.js"></script>\r\n<script type="text/javascript" src="/javascripts/menu.js"></script>\r\n</head>\r\n\r\n<body>\r\n<div class="top"></div>\r\n<div id="header">\r\n\t<div class="logo">后台管理</div>\r\n\t<div class="navigation">\r\n\t\t<ul>\r\n\t\t \t<li>欢迎您！</li>\r\n\t\t\t<li>张三</li>\r\n\t\t\t<li><a href="/logout">退出</a></li>\r\n\t\t</ul>\r\n\t</div>\r\n</div>\r\n<div id="content">\r\n\t<div class="left_menu">\r\n\t\t<ul id="nav_dot">\r\n\t\t\t<li>\r\n\t\t\t\t<h4   class="M10"><span></span>用户管理</h4>\r\n\t\t\t\t<div class="list-item none">\r\n\t\t\t\t  <a href=\'/users/userlist\' target="iframe1">用户列表</a>\r\n\t\t\t\t</div>\r\n\t\t\t  </li>\r\n        <li>\r\n        <h4 class="M1"><span></span>食品订单</h4>\r\n        <div class="list-item none">\r\n          <a href=\'\'>订单查询</a>\r\n        </div>\r\n      </li>\r\n    </ul>\r\n\t</div>\r\n\t<div class="m-right">\r\n\t\t\t<div class="main">\r\n\t\t\t\t<iframe frameborder="0" name="iframe1"  width="100%" height="100%">\r\n\t\t\t\t\t您的浏览器不支持嵌入式框架，或者当前配置为不显示嵌入式框架。\r\n\t\t\t\t</iframe>\r\n\t\t\t</div>\r\n\t</div>\r\n</div>\r\n<script>navList(12);</script>\r\n</body>\r\n</html>\r\n' } }
[2020-03-23T23:08:59.024] [INFO] response - { method: 'GET',
  url: '/users/userlist',
  body: {},
  costTime: 25,
  response:
   { status: 200,
     message: 'OK',
     header:
      [Object: null prototype] {
        vary: 'Origin',
        'access-control-allow-origin': 'http://localhost:8080',
        'access-control-allow-credentials': 'true',
        'access-control-expose-headers': 'WWW-Authenticate,Server-Authorization',
        'content-type': 'text/html; charset=utf-8',
        'content-length': '4100' },
     body:
      '<!DOCTYPE html>\r\n<html lang="en">\r\n<head>\r\n    <meta charset="UTF-8">\r\n    <meta name="viewport" content="width=device-width, initial-scale=1.0">\r\n    <meta http-equiv="X-UA-Compatible" content="ie=edge">\r\n    <link type="text/css" rel="stylesheet" href="/stylesheets/bootstrap.min.css" />\r\n    <title>用户列表</title>\r\n</head>\r\n<body>\r\n    <div class="clearfix" style="margin-bottom: 10px;"></div>\r\n    <div class="row">\r\n        <form>\r\n        <div class="col-md-offset-1 col-md-2 margin-bottom-15">\r\n          <label for="firstName" class="control-label">工号/学号</label>\r\n          <input type="text" class="form-control" id="firstName" value="">                  \r\n        </div>\r\n        <div class="col-md-2 margin-bottom-15">\r\n          <label for="lastName" class="control-label">姓名</label>\r\n          <input type="text" class="form-control" id="lastName" value="">                 \r\n        </div>\r\n        <div class="col-md-2 margin-bottom-15">\r\n            <label for="singleSelect">身份</label>\r\n            <select class="form-control margin-bottom-15" id="singleSelect">\r\n              <option>全部</option>\r\n              <option>教师</option>\r\n              <option>学生</option>\r\n            </select>\r\n        </div>\r\n        <div class="col-md-2 margin-bottom-15">\r\n            <label class="checkbox-inline">\r\n              <input type="checkbox" id="inlineCheckbox1" value="option1"> 管理员\r\n            </label>                    \r\n        </div>\r\n        <div class="row templatemo-form-buttons">\r\n                <div class="col-md-2">\r\n                  <button type="submit" class="btn btn-primary">查询</button>\r\n                  <button type="reset" class="btn btn-default">重置</button>    \r\n                </div>\r\n        </div>\r\n        </form>\r\n    </div>\r\n    <div class="clearfix" style="margin-bottom: 10px;"></div>\r\n    <div class="row">\r\n        <div class="col-md-10 col-md-offset-1">\r\n        <div class="table-responsive">\r\n        <table class="table table-striped table-hover table-bordered">\r\n            <thead>\r\n              <tr>\r\n                <th>序号</th>\r\n                <th>工号/学号</th>\r\n                <th>姓名</th>\r\n                <th>身份</th>\r\n                <th>删除</th>\r\n                <th>成为管理员</th>\r\n              </tr>\r\n            </thead>\r\n            <tbody>\r\n              \r\n                <tr>\r\n                  <td>1</td>  \r\n                  <td>1001</td>\r\n                    <td>张三</td>\r\n                    <td>1</td>\r\n                    <td><a href="#" class="btn btn-default">删除</a></td>\r\n                    <td><a href="#" class="btn btn-default">admin</a></td>\r\n                    \r\n                <tr>\r\n                  <td>2</td>  \r\n                  <td>1002</td>\r\n                    <td>child</td>\r\n                    <td>2</td>\r\n                    <td><a href="#" class="btn btn-default">删除</a></td>\r\n                    <td><a href="#" class="btn btn-default">admin</a></td>\r\n                    \r\n                <tr>\r\n                  <td>3</td>  \r\n                  <td>1003</td>\r\n                    <td>加油</td>\r\n                    <td>2</td>\r\n                    <td><a href="#" class="btn btn-default">删除</a></td>\r\n                    <td><a href="#" class="btn btn-default">admin</a></td>\r\n                    \r\n                </tr>\r\n            </tbody>\r\n        </table>\r\n        </div>\r\n        <ul class="pagination pull-right">\r\n            <li class="disabled"><a href="#">&laquo;</a></li>\r\n            <li class="active"><a href="#">1 <span class="sr-only">(current)</span></a></li>\r\n            <li><a href="#">2 <span class="sr-only">(current)</span></a></li>\r\n            <li><a href="#">3 <span class="sr-only">(current)</span></a></li>\r\n            <li><a href="#">4 <span class="sr-only">(current)</span></a></li>\r\n            <li><a href="#">5 <span class="sr-only">(current)</span></a></li>\r\n            <li><a href="#">&raquo;</a></li>\r\n          </ul>\r\n        </div>\r\n    </div>\r\n</body>\r\n</html>' } }
[2020-03-23T23:16:19.129] [INFO] response - { method: 'GET',
  url: '/index',
  body: {},
  costTime: 4,
  response:
   { status: 200,
     message: 'OK',
     header:
      [Object: null prototype] {
        vary: 'Origin',
        'access-control-allow-origin': 'http://localhost:8080',
        'access-control-allow-credentials': 'true',
        'access-control-expose-headers': 'WWW-Authenticate,Server-Authorization',
        'content-type': 'text/html; charset=utf-8',
        'content-length': '1371' },
     body:
      '<!DOCTYPE html>\r\n<head>\r\n<meta http-equiv="Content-Type" content="text/html; charset=utf-8" />\r\n<title>后台管理系统</title>\r\n<link type="text/css" rel="stylesheet" href="/stylesheets/style_index.css" />\r\n<script type="text/javascript" src="/javascripts/jquery-1.8.3.min.js"></script>\r\n<script type="text/javascript" src="/javascripts/menu.js"></script>\r\n</head>\r\n\r\n<body>\r\n<div class="top"></div>\r\n<div id="header">\r\n\t<div class="logo">后台管理</div>\r\n\t<div class="navigation">\r\n\t\t<ul>\r\n\t\t \t<li>欢迎您！</li>\r\n\t\t\t<li>张三</li>\r\n\t\t\t<li><a href="/logout">退出</a></li>\r\n\t\t</ul>\r\n\t</div>\r\n</div>\r\n<div id="content">\r\n\t<div class="left_menu">\r\n\t\t<ul id="nav_dot">\r\n\t\t\t<li>\r\n\t\t\t\t<h4   class="M10"><span></span>用户管理</h4>\r\n\t\t\t\t<div class="list-item none">\r\n\t\t\t\t  <a href=\'/users/userlist\' target="iframe1">用户列表</a>\r\n\t\t\t\t</div>\r\n\t\t\t  </li>\r\n        <li>\r\n        <h4 class="M1"><span></span>食品订单</h4>\r\n        <div class="list-item none">\r\n          <a href=\'\'>订单查询</a>\r\n        </div>\r\n      </li>\r\n    </ul>\r\n\t</div>\r\n\t<div class="m-right">\r\n\t\t\t<div class="main">\r\n\t\t\t\t<iframe frameborder="0" name="iframe1"  width="100%" height="100%">\r\n\t\t\t\t\t您的浏览器不支持嵌入式框架，或者当前配置为不显示嵌入式框架。\r\n\t\t\t\t</iframe>\r\n\t\t\t</div>\r\n\t</div>\r\n</div>\r\n<script>navList(12);</script>\r\n</body>\r\n</html>\r\n' } }
[2020-03-23T23:16:21.017] [INFO] response - { method: 'GET',
  url: '/users/userlist',
  body: {},
  costTime: 31,
  response:
   { status: 200,
     message: 'OK',
     header:
      [Object: null prototype] {
        vary: 'Origin',
        'access-control-allow-origin': 'http://localhost:8080',
        'access-control-allow-credentials': 'true',
        'access-control-expose-headers': 'WWW-Authenticate,Server-Authorization',
        'content-type': 'text/html; charset=utf-8',
        'content-length': '4342' },
     body:
      '<!DOCTYPE html>\r\n<html lang="en">\r\n<head>\r\n    <meta charset="UTF-8">\r\n    <meta name="viewport" content="width=device-width, initial-scale=1.0">\r\n    <meta http-equiv="X-UA-Compatible" content="ie=edge">\r\n    <link type="text/css" rel="stylesheet" href="/stylesheets/bootstrap.min.css" />\r\n    <title>用户列表</title>\r\n</head>\r\n<body>\r\n    <div class="clearfix" style="margin-bottom: 10px;"></div>\r\n    <div class="row">\r\n        <form>\r\n        <div class="col-md-offset-1 col-md-2 margin-bottom-15">\r\n          <label for="firstName" class="control-label">工号/学号</label>\r\n          <input type="text" class="form-control" id="firstName" value="">                  \r\n        </div>\r\n        <div class="col-md-2 margin-bottom-15">\r\n          <label for="lastName" class="control-label">姓名</label>\r\n          <input type="text" class="form-control" id="lastName" value="">                 \r\n        </div>\r\n        <div class="col-md-2 margin-bottom-15">\r\n            <label for="singleSelect">身份</label>\r\n            <select class="form-control margin-bottom-15" id="singleSelect">\r\n              <option>全部</option>\r\n              <option>教师</option>\r\n              <option>学生</option>\r\n            </select>\r\n        </div>\r\n        <div class="col-md-2 margin-bottom-15">\r\n            <label class="checkbox-inline">\r\n              <input type="checkbox" id="inlineCheckbox1" value="option1"> 管理员\r\n            </label>                    \r\n        </div>\r\n        <div class="row templatemo-form-buttons">\r\n                <div class="col-md-2">\r\n                  <button type="submit" class="btn btn-primary">查询</button>\r\n                  <button type="reset" class="btn btn-default">重置</button>    \r\n                </div>\r\n        </div>\r\n        </form>\r\n    </div>\r\n    <div class="clearfix" style="margin-bottom: 10px;"></div>\r\n    <div class="row">\r\n        <div class="col-md-10 col-md-offset-1">\r\n        <div class="table-responsive">\r\n        <table class="table table-striped table-hover table-bordered">\r\n            <thead>\r\n              <tr>\r\n                <th>序号</th>\r\n                <th>工号/学号</th>\r\n                <th>姓名</th>\r\n                <th>身份</th>\r\n                <th>删除</th>\r\n                <th>成为管理员</th>\r\n              </tr>\r\n            </thead>\r\n            <tbody>\r\n              \r\n                <tr>\r\n                  <td>1</td>  \r\n                  <td>1001</td>\r\n                    <td>张三</td>\r\n                    <td>\r\n                       普通用户\r\n                       \r\n                    </td>\r\n                    <td><a href="#" class="btn btn-default">删除</a></td>\r\n                    <td><a href="#" class="btn btn-default">admin</a></td>\r\n                    \r\n                <tr>\r\n                  <td>2</td>  \r\n                  <td>1002</td>\r\n                    <td>child</td>\r\n                    <td>\r\n                        店员\r\n                        \r\n                    </td>\r\n                    <td><a href="#" class="btn btn-default">删除</a></td>\r\n                    <td><a href="#" class="btn btn-default">admin</a></td>\r\n                    \r\n                <tr>\r\n                  <td>3</td>  \r\n                  <td>1003</td>\r\n                    <td>加油</td>\r\n                    <td>\r\n                        店员\r\n                        \r\n                    </td>\r\n                    <td><a href="#" class="btn btn-default">删除</a></td>\r\n                    <td><a href="#" class="btn btn-default">admin</a></td>\r\n                    \r\n                </tr>\r\n            </tbody>i\r\n        </table>\r\n        </div>\r\n        <ul class="pagination pull-right">\r\n            <li class="disabled"><a href="#">&laquo;</a></li>\r\n            <li class="active"><a href="#">1 <span class="sr-only">(current)</span></a></li>\r\n            <li><a href="#">2 <span class="sr-only">(current)</span></a></li>\r\n            <li><a href="#">3 <span class="sr-only">(current)</span></a></li>\r\n            <li><a href="#">4 <span class="sr-only">(current)</span></a></li>\r\n            <li><a href="#">5 <span class="sr-only">(current)</span></a></li>\r\n            <li><a href="#">&raquo;</a></li>\r\n          </ul>\r\n        </div>\r\n    </div>\r\n</body>\r\n</html>' } }
[2020-03-23T23:16:47.943] [INFO] response - { method: 'GET',
  url: '/index',
  body: {},
  costTime: 3,
  response:
   { status: 200,
     message: 'OK',
     header:
      [Object: null prototype] {
        vary: 'Origin',
        'access-control-allow-origin': 'http://localhost:8080',
        'access-control-allow-credentials': 'true',
        'access-control-expose-headers': 'WWW-Authenticate,Server-Authorization',
        'content-type': 'text/html; charset=utf-8',
        'content-length': '1371' },
     body:
      '<!DOCTYPE html>\r\n<head>\r\n<meta http-equiv="Content-Type" content="text/html; charset=utf-8" />\r\n<title>后台管理系统</title>\r\n<link type="text/css" rel="stylesheet" href="/stylesheets/style_index.css" />\r\n<script type="text/javascript" src="/javascripts/jquery-1.8.3.min.js"></script>\r\n<script type="text/javascript" src="/javascripts/menu.js"></script>\r\n</head>\r\n\r\n<body>\r\n<div class="top"></div>\r\n<div id="header">\r\n\t<div class="logo">后台管理</div>\r\n\t<div class="navigation">\r\n\t\t<ul>\r\n\t\t \t<li>欢迎您！</li>\r\n\t\t\t<li>张三</li>\r\n\t\t\t<li><a href="/logout">退出</a></li>\r\n\t\t</ul>\r\n\t</div>\r\n</div>\r\n<div id="content">\r\n\t<div class="left_menu">\r\n\t\t<ul id="nav_dot">\r\n\t\t\t<li>\r\n\t\t\t\t<h4   class="M10"><span></span>用户管理</h4>\r\n\t\t\t\t<div class="list-item none">\r\n\t\t\t\t  <a href=\'/users/userlist\' target="iframe1">用户列表</a>\r\n\t\t\t\t</div>\r\n\t\t\t  </li>\r\n        <li>\r\n        <h4 class="M1"><span></span>食品订单</h4>\r\n        <div class="list-item none">\r\n          <a href=\'\'>订单查询</a>\r\n        </div>\r\n      </li>\r\n    </ul>\r\n\t</div>\r\n\t<div class="m-right">\r\n\t\t\t<div class="main">\r\n\t\t\t\t<iframe frameborder="0" name="iframe1"  width="100%" height="100%">\r\n\t\t\t\t\t您的浏览器不支持嵌入式框架，或者当前配置为不显示嵌入式框架。\r\n\t\t\t\t</iframe>\r\n\t\t\t</div>\r\n\t</div>\r\n</div>\r\n<script>navList(12);</script>\r\n</body>\r\n</html>\r\n' } }
[2020-03-23T23:16:49.957] [INFO] response - { method: 'GET',
  url: '/users/userlist',
  body: {},
  costTime: 28,
  response:
   { status: 200,
     message: 'OK',
     header:
      [Object: null prototype] {
        vary: 'Origin',
        'access-control-allow-origin': 'http://localhost:8080',
        'access-control-allow-credentials': 'true',
        'access-control-expose-headers': 'WWW-Authenticate,Server-Authorization',
        'content-type': 'text/html; charset=utf-8',
        'content-length': '4354' },
     body:
      '<!DOCTYPE html>\r\n<html lang="en">\r\n<head>\r\n    <meta charset="UTF-8">\r\n    <meta name="viewport" content="width=device-width, initial-scale=1.0">\r\n    <meta http-equiv="X-UA-Compatible" content="ie=edge">\r\n    <link type="text/css" rel="stylesheet" href="/stylesheets/bootstrap.min.css" />\r\n    <title>用户列表</title>\r\n</head>\r\n<body>\r\n    <div class="clearfix" style="margin-bottom: 10px;"></div>\r\n    <div class="row">\r\n        <form>\r\n        <div class="col-md-offset-1 col-md-2 margin-bottom-15">\r\n          <label for="firstName" class="control-label">工号/学号</label>\r\n          <input type="text" class="form-control" id="firstName" value="">                  \r\n        </div>\r\n        <div class="col-md-2 margin-bottom-15">\r\n          <label for="lastName" class="control-label">姓名</label>\r\n          <input type="text" class="form-control" id="lastName" value="">                 \r\n        </div>\r\n        <div class="col-md-2 margin-bottom-15">\r\n            <label for="singleSelect">身份</label>\r\n            <select class="form-control margin-bottom-15" id="singleSelect">\r\n              <option>全部</option>\r\n              <option>教师</option>\r\n              <option>学生</option>\r\n            </select>\r\n        </div>\r\n        <div class="col-md-2 margin-bottom-15">\r\n            <label class="checkbox-inline">\r\n              <input type="checkbox" id="inlineCheckbox1" value="option1"> 管理员\r\n            </label>                    \r\n        </div>\r\n        <div class="row templatemo-form-buttons">\r\n                <div class="col-md-2">\r\n                  <button type="submit" class="btn btn-primary">查询</button>\r\n                  <button type="reset" class="btn btn-default">重置</button>    \r\n                </div>\r\n        </div>\r\n        </form>\r\n    </div>\r\n    <div class="clearfix" style="margin-bottom: 10px;"></div>\r\n    <div class="row">\r\n        <div class="col-md-10 col-md-offset-1">\r\n        <div class="table-responsive">\r\n        <table class="table table-striped table-hover table-bordered">\r\n            <thead>\r\n              <tr>\r\n                <th>序号</th>\r\n                <th>工号/学号</th>\r\n                <th>姓名</th>\r\n                <th>身份</th>\r\n                <th>删除</th>\r\n                <th>成为管理员</th>\r\n              </tr>\r\n            </thead>\r\n            <tbody>\r\n              \r\n                <tr>\r\n                  <td>1</td>  \r\n                  <td>1001</td>\r\n                    <td>张三</td>\r\n                    <td>\r\n                       普通用户\r\n                       \r\n                    </td>\r\n                    <td><a href="#" class="btn btn-default">删除</a></td>\r\n                    <td><a href="#" class="btn btn-default">admin</a></td>\r\n                    \r\n                <tr>\r\n                  <td>2</td>  \r\n                  <td>1002</td>\r\n                    <td>child</td>\r\n                    <td>\r\n                        超市店员\r\n                        \r\n                    </td>\r\n                    <td><a href="#" class="btn btn-default">删除</a></td>\r\n                    <td><a href="#" class="btn btn-default">admin</a></td>\r\n                    \r\n                <tr>\r\n                  <td>3</td>  \r\n                  <td>1003</td>\r\n                    <td>加油</td>\r\n                    <td>\r\n                        超市店员\r\n                        \r\n                    </td>\r\n                    <td><a href="#" class="btn btn-default">删除</a></td>\r\n                    <td><a href="#" class="btn btn-default">admin</a></td>\r\n                    \r\n                </tr>\r\n            </tbody>i\r\n        </table>\r\n        </div>\r\n        <ul class="pagination pull-right">\r\n            <li class="disabled"><a href="#">&laquo;</a></li>\r\n            <li class="active"><a href="#">1 <span class="sr-only">(current)</span></a></li>\r\n            <li><a href="#">2 <span class="sr-only">(current)</span></a></li>\r\n            <li><a href="#">3 <span class="sr-only">(current)</span></a></li>\r\n            <li><a href="#">4 <span class="sr-only">(current)</span></a></li>\r\n            <li><a href="#">5 <span class="sr-only">(current)</span></a></li>\r\n            <li><a href="#">&raquo;</a></li>\r\n          </ul>\r\n        </div>\r\n    </div>\r\n</body>\r\n</html>' } }
[2020-03-23T23:17:05.041] [INFO] response - { method: 'GET',
  url: '/index',
  body: {},
  costTime: 2,
  response:
   { status: 200,
     message: 'OK',
     header:
      [Object: null prototype] {
        vary: 'Origin',
        'access-control-allow-origin': 'http://localhost:8080',
        'access-control-allow-credentials': 'true',
        'access-control-expose-headers': 'WWW-Authenticate,Server-Authorization',
        'content-type': 'text/html; charset=utf-8',
        'content-length': '1371' },
     body:
      '<!DOCTYPE html>\r\n<head>\r\n<meta http-equiv="Content-Type" content="text/html; charset=utf-8" />\r\n<title>后台管理系统</title>\r\n<link type="text/css" rel="stylesheet" href="/stylesheets/style_index.css" />\r\n<script type="text/javascript" src="/javascripts/jquery-1.8.3.min.js"></script>\r\n<script type="text/javascript" src="/javascripts/menu.js"></script>\r\n</head>\r\n\r\n<body>\r\n<div class="top"></div>\r\n<div id="header">\r\n\t<div class="logo">后台管理</div>\r\n\t<div class="navigation">\r\n\t\t<ul>\r\n\t\t \t<li>欢迎您！</li>\r\n\t\t\t<li>张三</li>\r\n\t\t\t<li><a href="/logout">退出</a></li>\r\n\t\t</ul>\r\n\t</div>\r\n</div>\r\n<div id="content">\r\n\t<div class="left_menu">\r\n\t\t<ul id="nav_dot">\r\n\t\t\t<li>\r\n\t\t\t\t<h4   class="M10"><span></span>用户管理</h4>\r\n\t\t\t\t<div class="list-item none">\r\n\t\t\t\t  <a href=\'/users/userlist\' target="iframe1">用户列表</a>\r\n\t\t\t\t</div>\r\n\t\t\t  </li>\r\n        <li>\r\n        <h4 class="M1"><span></span>食品订单</h4>\r\n        <div class="list-item none">\r\n          <a href=\'\'>订单查询</a>\r\n        </div>\r\n      </li>\r\n    </ul>\r\n\t</div>\r\n\t<div class="m-right">\r\n\t\t\t<div class="main">\r\n\t\t\t\t<iframe frameborder="0" name="iframe1"  width="100%" height="100%">\r\n\t\t\t\t\t您的浏览器不支持嵌入式框架，或者当前配置为不显示嵌入式框架。\r\n\t\t\t\t</iframe>\r\n\t\t\t</div>\r\n\t</div>\r\n</div>\r\n<script>navList(12);</script>\r\n</body>\r\n</html>\r\n' } }
[2020-03-23T23:17:07.148] [INFO] response - { method: 'GET',
  url: '/users/userlist',
  body: {},
  costTime: 26,
  response:
   { status: 200,
     message: 'OK',
     header:
      [Object: null prototype] {
        vary: 'Origin',
        'access-control-allow-origin': 'http://localhost:8080',
        'access-control-allow-credentials': 'true',
        'access-control-expose-headers': 'WWW-Authenticate,Server-Authorization',
        'content-type': 'text/html; charset=utf-8',
        'content-length': '4354' },
     body:
      '<!DOCTYPE html>\r\n<html lang="en">\r\n<head>\r\n    <meta charset="UTF-8">\r\n    <meta name="viewport" content="width=device-width, initial-scale=1.0">\r\n    <meta http-equiv="X-UA-Compatible" content="ie=edge">\r\n    <link type="text/css" rel="stylesheet" href="/stylesheets/bootstrap.min.css" />\r\n    <title>用户列表</title>\r\n</head>\r\n<body>\r\n    <div class="clearfix" style="margin-bottom: 10px;"></div>\r\n    <div class="row">\r\n        <form>\r\n        <div class="col-md-offset-1 col-md-2 margin-bottom-15">\r\n          <label for="firstName" class="control-label">工号/学号</label>\r\n          <input type="text" class="form-control" id="firstName" value="">                  \r\n        </div>\r\n        <div class="col-md-2 margin-bottom-15">\r\n          <label for="lastName" class="control-label">姓名</label>\r\n          <input type="text" class="form-control" id="lastName" value="">                 \r\n        </div>\r\n        <div class="col-md-2 margin-bottom-15">\r\n            <label for="singleSelect">身份</label>\r\n            <select class="form-control margin-bottom-15" id="singleSelect">\r\n              <option>全部</option>\r\n              <option>教师</option>\r\n              <option>学生</option>\r\n            </select>\r\n        </div>\r\n        <div class="col-md-2 margin-bottom-15">\r\n            <label class="checkbox-inline">\r\n              <input type="checkbox" id="inlineCheckbox1" value="option1"> 管理员\r\n            </label>                    \r\n        </div>\r\n        <div class="row templatemo-form-buttons">\r\n                <div class="col-md-2">\r\n                  <button type="submit" class="btn btn-primary">查询</button>\r\n                  <button type="reset" class="btn btn-default">重置</button>    \r\n                </div>\r\n        </div>\r\n        </form>\r\n    </div>\r\n    <div class="clearfix" style="margin-bottom: 10px;"></div>\r\n    <div class="row">\r\n        <div class="col-md-10 col-md-offset-1">\r\n        <div class="table-responsive">\r\n        <table class="table table-striped table-hover table-bordered">\r\n            <thead>\r\n              <tr>\r\n                <th>序号</th>\r\n                <th>工号/学号</th>\r\n                <th>姓名</th>\r\n                <th>身份</th>\r\n                <th>删除</th>\r\n                <th>成为管理员</th>\r\n              </tr>\r\n            </thead>\r\n            <tbody>\r\n              \r\n                <tr>\r\n                  <td>1</td>  \r\n                  <td>1001</td>\r\n                    <td>科密</td>\r\n                    <td>\r\n                       普通用户\r\n                       \r\n                    </td>\r\n                    <td><a href="#" class="btn btn-default">删除</a></td>\r\n                    <td><a href="#" class="btn btn-default">admin</a></td>\r\n                    \r\n                <tr>\r\n                  <td>2</td>  \r\n                  <td>1002</td>\r\n                    <td>child</td>\r\n                    <td>\r\n                        超市店员\r\n                        \r\n                    </td>\r\n                    <td><a href="#" class="btn btn-default">删除</a></td>\r\n                    <td><a href="#" class="btn btn-default">admin</a></td>\r\n                    \r\n                <tr>\r\n                  <td>3</td>  \r\n                  <td>1003</td>\r\n                    <td>加油</td>\r\n                    <td>\r\n                        超市店员\r\n                        \r\n                    </td>\r\n                    <td><a href="#" class="btn btn-default">删除</a></td>\r\n                    <td><a href="#" class="btn btn-default">admin</a></td>\r\n                    \r\n                </tr>\r\n            </tbody>i\r\n        </table>\r\n        </div>\r\n        <ul class="pagination pull-right">\r\n            <li class="disabled"><a href="#">&laquo;</a></li>\r\n            <li class="active"><a href="#">1 <span class="sr-only">(current)</span></a></li>\r\n            <li><a href="#">2 <span class="sr-only">(current)</span></a></li>\r\n            <li><a href="#">3 <span class="sr-only">(current)</span></a></li>\r\n            <li><a href="#">4 <span class="sr-only">(current)</span></a></li>\r\n            <li><a href="#">5 <span class="sr-only">(current)</span></a></li>\r\n            <li><a href="#">&raquo;</a></li>\r\n          </ul>\r\n        </div>\r\n    </div>\r\n</body>\r\n</html>' } }
[2020-03-23T23:17:43.512] [INFO] response - { method: 'GET',
  url: '/index',
  body: {},
  costTime: 3,
  response:
   { status: 200,
     message: 'OK',
     header:
      [Object: null prototype] {
        vary: 'Origin',
        'access-control-allow-origin': 'http://localhost:8080',
        'access-control-allow-credentials': 'true',
        'access-control-expose-headers': 'WWW-Authenticate,Server-Authorization',
        'content-type': 'text/html; charset=utf-8',
        'content-length': '1371' },
     body:
      '<!DOCTYPE html>\r\n<head>\r\n<meta http-equiv="Content-Type" content="text/html; charset=utf-8" />\r\n<title>后台管理系统</title>\r\n<link type="text/css" rel="stylesheet" href="/stylesheets/style_index.css" />\r\n<script type="text/javascript" src="/javascripts/jquery-1.8.3.min.js"></script>\r\n<script type="text/javascript" src="/javascripts/menu.js"></script>\r\n</head>\r\n\r\n<body>\r\n<div class="top"></div>\r\n<div id="header">\r\n\t<div class="logo">后台管理</div>\r\n\t<div class="navigation">\r\n\t\t<ul>\r\n\t\t \t<li>欢迎您！</li>\r\n\t\t\t<li>张三</li>\r\n\t\t\t<li><a href="/logout">退出</a></li>\r\n\t\t</ul>\r\n\t</div>\r\n</div>\r\n<div id="content">\r\n\t<div class="left_menu">\r\n\t\t<ul id="nav_dot">\r\n\t\t\t<li>\r\n\t\t\t\t<h4   class="M10"><span></span>用户管理</h4>\r\n\t\t\t\t<div class="list-item none">\r\n\t\t\t\t  <a href=\'/users/userlist\' target="iframe1">用户列表</a>\r\n\t\t\t\t</div>\r\n\t\t\t  </li>\r\n        <li>\r\n        <h4 class="M1"><span></span>食品订单</h4>\r\n        <div class="list-item none">\r\n          <a href=\'\'>订单查询</a>\r\n        </div>\r\n      </li>\r\n    </ul>\r\n\t</div>\r\n\t<div class="m-right">\r\n\t\t\t<div class="main">\r\n\t\t\t\t<iframe frameborder="0" name="iframe1"  width="100%" height="100%">\r\n\t\t\t\t\t您的浏览器不支持嵌入式框架，或者当前配置为不显示嵌入式框架。\r\n\t\t\t\t</iframe>\r\n\t\t\t</div>\r\n\t</div>\r\n</div>\r\n<script>navList(12);</script>\r\n</body>\r\n</html>\r\n' } }
[2020-03-23T23:18:03.313] [INFO] response - { method: 'GET',
  url: '/users/userlist',
  body: {},
  costTime: 48,
  response:
   { status: 200,
     message: 'OK',
     header:
      [Object: null prototype] {
        vary: 'Origin',
        'access-control-allow-origin': 'http://localhost:8080',
        'access-control-allow-credentials': 'true',
        'access-control-expose-headers': 'WWW-Authenticate,Server-Authorization',
        'content-type': 'text/html; charset=utf-8',
        'content-length': '4354' },
     body:
      '<!DOCTYPE html>\r\n<html lang="en">\r\n<head>\r\n    <meta charset="UTF-8">\r\n    <meta name="viewport" content="width=device-width, initial-scale=1.0">\r\n    <meta http-equiv="X-UA-Compatible" content="ie=edge">\r\n    <link type="text/css" rel="stylesheet" href="/stylesheets/bootstrap.min.css" />\r\n    <title>用户列表</title>\r\n</head>\r\n<body>\r\n    <div class="clearfix" style="margin-bottom: 10px;"></div>\r\n    <div class="row">\r\n        <form>\r\n        <div class="col-md-offset-1 col-md-2 margin-bottom-15">\r\n          <label for="firstName" class="control-label">工号/学号</label>\r\n          <input type="text" class="form-control" id="firstName" value="">                  \r\n        </div>\r\n        <div class="col-md-2 margin-bottom-15">\r\n          <label for="lastName" class="control-label">姓名</label>\r\n          <input type="text" class="form-control" id="lastName" value="">                 \r\n        </div>\r\n        <div class="col-md-2 margin-bottom-15">\r\n            <label for="singleSelect">身份</label>\r\n            <select class="form-control margin-bottom-15" id="singleSelect">\r\n              <option>全部</option>\r\n              <option>教师</option>\r\n              <option>学生</option>\r\n            </select>\r\n        </div>\r\n        <div class="col-md-2 margin-bottom-15">\r\n            <label class="checkbox-inline">\r\n              <input type="checkbox" id="inlineCheckbox1" value="option1"> 管理员\r\n            </label>                    \r\n        </div>\r\n        <div class="row templatemo-form-buttons">\r\n                <div class="col-md-2">\r\n                  <button type="submit" class="btn btn-primary">查询</button>\r\n                  <button type="reset" class="btn btn-default">重置</button>    \r\n                </div>\r\n        </div>\r\n        </form>\r\n    </div>\r\n    <div class="clearfix" style="margin-bottom: 10px;"></div>\r\n    <div class="row">\r\n        <div class="col-md-10 col-md-offset-1">\r\n        <div class="table-responsive">\r\n        <table class="table table-striped table-hover table-bordered">\r\n            <thead>\r\n              <tr>\r\n                <th>序号</th>\r\n                <th>工号/学号</th>\r\n                <th>姓名</th>\r\n                <th>身份</th>\r\n                <th>删除</th>\r\n                <th>成为管理员</th>\r\n              </tr>\r\n            </thead>\r\n            <tbody>\r\n              \r\n                <tr>\r\n                  <td>1</td>  \r\n                  <td>1001</td>\r\n                    <td>科密</td>\r\n                    <td>\r\n                       普通用户\r\n                       \r\n                    </td>\r\n                    <td><a href="#" class="btn btn-default">删除</a></td>\r\n                    <td><a href="#" class="btn btn-default">admin</a></td>\r\n                    \r\n                <tr>\r\n                  <td>2</td>  \r\n                  <td>1002</td>\r\n                    <td>child</td>\r\n                    <td>\r\n                        超市店员\r\n                        \r\n                    </td>\r\n                    <td><a href="#" class="btn btn-default">删除</a></td>\r\n                    <td><a href="#" class="btn btn-default">admin</a></td>\r\n                    \r\n                <tr>\r\n                  <td>3</td>  \r\n                  <td>1003</td>\r\n                    <td>加油</td>\r\n                    <td>\r\n                        超市店员\r\n                        \r\n                    </td>\r\n                    <td><a href="#" class="btn btn-default">删除</a></td>\r\n                    <td><a href="#" class="btn btn-default">admin</a></td>\r\n                    \r\n                </tr>\r\n            </tbody>i\r\n        </table>\r\n        </div>\r\n        <ul class="pagination pull-right">\r\n            <li class="disabled"><a href="#">&laquo;</a></li>\r\n            <li class="active"><a href="#">1 <span class="sr-only">(current)</span></a></li>\r\n            <li><a href="#">2 <span class="sr-only">(current)</span></a></li>\r\n            <li><a href="#">3 <span class="sr-only">(current)</span></a></li>\r\n            <li><a href="#">4 <span class="sr-only">(current)</span></a></li>\r\n            <li><a href="#">5 <span class="sr-only">(current)</span></a></li>\r\n            <li><a href="#">&raquo;</a></li>\r\n          </ul>\r\n        </div>\r\n    </div>\r\n</body>\r\n</html>' } }
[2020-03-23T23:23:06.490] [INFO] response - { method: 'GET',
  url: '/index',
  body: {},
  costTime: 2,
  response:
   { status: 200,
     message: 'OK',
     header:
      [Object: null prototype] {
        vary: 'Origin',
        'access-control-allow-origin': 'http://localhost:8080',
        'access-control-allow-credentials': 'true',
        'access-control-expose-headers': 'WWW-Authenticate,Server-Authorization',
        'content-type': 'text/html; charset=utf-8',
        'content-length': '1371' },
     body:
      '<!DOCTYPE html>\r\n<head>\r\n<meta http-equiv="Content-Type" content="text/html; charset=utf-8" />\r\n<title>后台管理系统</title>\r\n<link type="text/css" rel="stylesheet" href="/stylesheets/style_index.css" />\r\n<script type="text/javascript" src="/javascripts/jquery-1.8.3.min.js"></script>\r\n<script type="text/javascript" src="/javascripts/menu.js"></script>\r\n</head>\r\n\r\n<body>\r\n<div class="top"></div>\r\n<div id="header">\r\n\t<div class="logo">后台管理</div>\r\n\t<div class="navigation">\r\n\t\t<ul>\r\n\t\t \t<li>欢迎您！</li>\r\n\t\t\t<li>张三</li>\r\n\t\t\t<li><a href="/logout">退出</a></li>\r\n\t\t</ul>\r\n\t</div>\r\n</div>\r\n<div id="content">\r\n\t<div class="left_menu">\r\n\t\t<ul id="nav_dot">\r\n\t\t\t<li>\r\n\t\t\t\t<h4   class="M10"><span></span>用户管理</h4>\r\n\t\t\t\t<div class="list-item none">\r\n\t\t\t\t  <a href=\'/users/userlist\' target="iframe1">用户列表</a>\r\n\t\t\t\t</div>\r\n\t\t\t  </li>\r\n        <li>\r\n        <h4 class="M1"><span></span>食品订单</h4>\r\n        <div class="list-item none">\r\n          <a href=\'\'>订单查询</a>\r\n        </div>\r\n      </li>\r\n    </ul>\r\n\t</div>\r\n\t<div class="m-right">\r\n\t\t\t<div class="main">\r\n\t\t\t\t<iframe frameborder="0" name="iframe1"  width="100%" height="100%">\r\n\t\t\t\t\t您的浏览器不支持嵌入式框架，或者当前配置为不显示嵌入式框架。\r\n\t\t\t\t</iframe>\r\n\t\t\t</div>\r\n\t</div>\r\n</div>\r\n<script>navList(12);</script>\r\n</body>\r\n</html>\r\n' } }
[2020-03-23T23:23:08.498] [INFO] response - { method: 'GET',
  url: '/users/userlist',
  body: {},
  costTime: 30,
  response:
   { status: 200,
     message: 'OK',
     header:
      [Object: null prototype] {
        vary: 'Origin',
        'access-control-allow-origin': 'http://localhost:8080',
        'access-control-allow-credentials': 'true',
        'access-control-expose-headers': 'WWW-Authenticate,Server-Authorization',
        'content-type': 'text/html; charset=utf-8',
        'content-length': '4366' },
     body:
      '<!DOCTYPE html>\r\n<html lang="en">\r\n<head>\r\n    <meta charset="UTF-8">\r\n    <meta name="viewport" content="width=device-width, initial-scale=1.0">\r\n    <meta http-equiv="X-UA-Compatible" content="ie=edge">\r\n    <link type="text/css" rel="stylesheet" href="/stylesheets/bootstrap.min.css" />\r\n    <title>用户列表</title>\r\n</head>\r\n<body>\r\n    <div class="clearfix" style="margin-bottom: 10px;"></div>\r\n    <div class="row">\r\n        <form>\r\n        <div class="col-md-offset-1 col-md-2 margin-bottom-15">\r\n          <label for="firstName" class="control-label">工号/帐号</label>\r\n          <input type="text" class="form-control" id="firstName" value="">                  \r\n        </div>\r\n        <div class="col-md-2 margin-bottom-15">\r\n          <label for="lastName" class="control-label">姓名</label>\r\n          <input type="text" class="form-control" id="lastName" value="">                 \r\n        </div>\r\n        <div class="col-md-2 margin-bottom-15">\r\n            <label for="singleSelect">身份</label>\r\n            <select class="form-control margin-bottom-15" id="singleSelect">\r\n              <option>全部</option>\r\n              <option>普通用户</option>\r\n              <option>超市店员</option>\r\n            </select>\r\n        </div>\r\n        <div class="col-md-2 margin-bottom-15">\r\n            <label class="checkbox-inline">\r\n              <input type="checkbox" id="inlineCheckbox1" value="option1"> 管理员\r\n            </label>                    \r\n        </div>\r\n        <div class="row templatemo-form-buttons">\r\n                <div class="col-md-2">\r\n                  <button type="submit" class="btn btn-primary">查询</button>\r\n                  <button type="reset" class="btn btn-default">重置</button>    \r\n                </div>\r\n        </div>\r\n        </form>\r\n    </div>\r\n    <div class="clearfix" style="margin-bottom: 10px;"></div>\r\n    <div class="row">\r\n        <div class="col-md-10 col-md-offset-1">\r\n        <div class="table-responsive">\r\n        <table class="table table-striped table-hover table-bordered">\r\n            <thead>\r\n              <tr>\r\n                <th>序号</th>\r\n                <th>工号/学号</th>\r\n                <th>姓名</th>\r\n                <th>身份</th>\r\n                <th>删除</th>\r\n                <th>成为管理员</th>\r\n              </tr>\r\n            </thead>\r\n            <tbody>\r\n              \r\n                <tr>\r\n                  <td>1</td>  \r\n                  <td>1001</td>\r\n                    <td>科密</td>\r\n                    <td>\r\n                       普通用户\r\n                       \r\n                    </td>\r\n                    <td><a href="#" class="btn btn-default">删除</a></td>\r\n                    <td><a href="#" class="btn btn-default">admin</a></td>\r\n                    \r\n                <tr>\r\n                  <td>2</td>  \r\n                  <td>1002</td>\r\n                    <td>child</td>\r\n                    <td>\r\n                        超市店员\r\n                        \r\n                    </td>\r\n                    <td><a href="#" class="btn btn-default">删除</a></td>\r\n                    <td><a href="#" class="btn btn-default">admin</a></td>\r\n                    \r\n                <tr>\r\n                  <td>3</td>  \r\n                  <td>1003</td>\r\n                    <td>加油</td>\r\n                    <td>\r\n                        超市店员\r\n                        \r\n                    </td>\r\n                    <td><a href="#" class="btn btn-default">删除</a></td>\r\n                    <td><a href="#" class="btn btn-default">admin</a></td>\r\n                    \r\n                </tr>\r\n            </tbody>i\r\n        </table>\r\n        </div>\r\n        <ul class="pagination pull-right">\r\n            <li class="disabled"><a href="#">&laquo;</a></li>\r\n            <li class="active"><a href="#">1 <span class="sr-only">(current)</span></a></li>\r\n            <li><a href="#">2 <span class="sr-only">(current)</span></a></li>\r\n            <li><a href="#">3 <span class="sr-only">(current)</span></a></li>\r\n            <li><a href="#">4 <span class="sr-only">(current)</span></a></li>\r\n            <li><a href="#">5 <span class="sr-only">(current)</span></a></li>\r\n            <li><a href="#">&raquo;</a></li>\r\n          </ul>\r\n        </div>\r\n    </div>\r\n</body>\r\n</html>' } }
[2020-03-23T23:23:33.886] [INFO] response - { method: 'GET',
  url: '/index',
  body: {},
  costTime: 3,
  response:
   { status: 200,
     message: 'OK',
     header:
      [Object: null prototype] {
        vary: 'Origin',
        'access-control-allow-origin': 'http://localhost:8080',
        'access-control-allow-credentials': 'true',
        'access-control-expose-headers': 'WWW-Authenticate,Server-Authorization',
        'content-type': 'text/html; charset=utf-8',
        'content-length': '1371' },
     body:
      '<!DOCTYPE html>\r\n<head>\r\n<meta http-equiv="Content-Type" content="text/html; charset=utf-8" />\r\n<title>后台管理系统</title>\r\n<link type="text/css" rel="stylesheet" href="/stylesheets/style_index.css" />\r\n<script type="text/javascript" src="/javascripts/jquery-1.8.3.min.js"></script>\r\n<script type="text/javascript" src="/javascripts/menu.js"></script>\r\n</head>\r\n\r\n<body>\r\n<div class="top"></div>\r\n<div id="header">\r\n\t<div class="logo">后台管理</div>\r\n\t<div class="navigation">\r\n\t\t<ul>\r\n\t\t \t<li>欢迎您！</li>\r\n\t\t\t<li>张三</li>\r\n\t\t\t<li><a href="/logout">退出</a></li>\r\n\t\t</ul>\r\n\t</div>\r\n</div>\r\n<div id="content">\r\n\t<div class="left_menu">\r\n\t\t<ul id="nav_dot">\r\n\t\t\t<li>\r\n\t\t\t\t<h4   class="M10"><span></span>用户管理</h4>\r\n\t\t\t\t<div class="list-item none">\r\n\t\t\t\t  <a href=\'/users/userlist\' target="iframe1">用户列表</a>\r\n\t\t\t\t</div>\r\n\t\t\t  </li>\r\n        <li>\r\n        <h4 class="M1"><span></span>食品订单</h4>\r\n        <div class="list-item none">\r\n          <a href=\'\'>订单查询</a>\r\n        </div>\r\n      </li>\r\n    </ul>\r\n\t</div>\r\n\t<div class="m-right">\r\n\t\t\t<div class="main">\r\n\t\t\t\t<iframe frameborder="0" name="iframe1"  width="100%" height="100%">\r\n\t\t\t\t\t您的浏览器不支持嵌入式框架，或者当前配置为不显示嵌入式框架。\r\n\t\t\t\t</iframe>\r\n\t\t\t</div>\r\n\t</div>\r\n</div>\r\n<script>navList(12);</script>\r\n</body>\r\n</html>\r\n' } }
[2020-03-23T23:23:35.630] [INFO] response - { method: 'GET',
  url: '/users/userlist',
  body: {},
  costTime: 28,
  response:
   { status: 200,
     message: 'OK',
     header:
      [Object: null prototype] {
        vary: 'Origin',
        'access-control-allow-origin': 'http://localhost:8080',
        'access-control-allow-credentials': 'true',
        'access-control-expose-headers': 'WWW-Authenticate,Server-Authorization',
        'content-type': 'text/html; charset=utf-8',
        'content-length': '4365' },
     body:
      '<!DOCTYPE html>\r\n<html lang="en">\r\n<head>\r\n    <meta charset="UTF-8">\r\n    <meta name="viewport" content="width=device-width, initial-scale=1.0">\r\n    <meta http-equiv="X-UA-Compatible" content="ie=edge">\r\n    <link type="text/css" rel="stylesheet" href="/stylesheets/bootstrap.min.css" />\r\n    <title>用户列表</title>\r\n</head>\r\n<body>\r\n    <div class="clearfix" style="margin-bottom: 10px;"></div>\r\n    <div class="row">\r\n        <form>\r\n        <div class="col-md-offset-1 col-md-2 margin-bottom-15">\r\n          <label for="firstName" class="control-label">工号/帐号</label>\r\n          <input type="text" class="form-control" id="firstName" value="">                  \r\n        </div>\r\n        <div class="col-md-2 margin-bottom-15">\r\n          <label for="lastName" class="control-label">姓名</label>\r\n          <input type="text" class="form-control" id="lastName" value="">                 \r\n        </div>\r\n        <div class="col-md-2 margin-bottom-15">\r\n            <label for="singleSelect">身份</label>\r\n            <select class="form-control margin-bottom-15" id="singleSelect">\r\n              <option>全部</option>\r\n              <option>普通用户</option>\r\n              <option>超市店员</option>\r\n            </select>\r\n        </div>\r\n        <div class="col-md-2 margin-bottom-15">\r\n            <label class="checkbox-inline">\r\n              <input type="checkbox" id="inlineCheckbox1" value="option1"> 管理员\r\n            </label>                    \r\n        </div>\r\n        <div class="row templatemo-form-buttons">\r\n                <div class="col-md-2">\r\n                  <button type="submit" class="btn btn-primary">查询</button>\r\n                  <button type="reset" class="btn btn-default">重置</button>    \r\n                </div>\r\n        </div>\r\n        </form>\r\n    </div>\r\n    <div class="clearfix" style="margin-bottom: 10px;"></div>\r\n    <div class="row">\r\n        <div class="col-md-10 col-md-offset-1">\r\n        <div class="table-responsive">\r\n        <table class="table table-striped table-hover table-bordered">\r\n            <thead>\r\n              <tr>\r\n                <th>序号</th>\r\n                <th>工号/学号</th>\r\n                <th>姓名</th>\r\n                <th>身份</th>\r\n                <th>删除</th>\r\n                <th>成为管理员</th>\r\n              </tr>\r\n            </thead>\r\n            <tbody>\r\n              \r\n                <tr>\r\n                  <td>1</td>  \r\n                  <td>1001</td>\r\n                    <td>科密</td>\r\n                    <td>\r\n                       普通用户\r\n                       \r\n                    </td>\r\n                    <td><a href="#" class="btn btn-default">删除</a></td>\r\n                    <td><a href="#" class="btn btn-default">admin</a></td>\r\n                    \r\n                <tr>\r\n                  <td>2</td>  \r\n                  <td>1002</td>\r\n                    <td>child</td>\r\n                    <td>\r\n                        超市店员\r\n                        \r\n                    </td>\r\n                    <td><a href="#" class="btn btn-default">删除</a></td>\r\n                    <td><a href="#" class="btn btn-default">admin</a></td>\r\n                    \r\n                <tr>\r\n                  <td>3</td>  \r\n                  <td>1003</td>\r\n                    <td>加油</td>\r\n                    <td>\r\n                        超市店员\r\n                        \r\n                    </td>\r\n                    <td><a href="#" class="btn btn-default">删除</a></td>\r\n                    <td><a href="#" class="btn btn-default">admin</a></td>\r\n                    \r\n                </tr>\r\n            </tbody>\r\n        </table>\r\n        </div>\r\n        <ul class="pagination pull-right">\r\n            <li class="disabled"><a href="#">&laquo;</a></li>\r\n            <li class="active"><a href="#">1 <span class="sr-only">(current)</span></a></li>\r\n            <li><a href="#">2 <span class="sr-only">(current)</span></a></li>\r\n            <li><a href="#">3 <span class="sr-only">(current)</span></a></li>\r\n            <li><a href="#">4 <span class="sr-only">(current)</span></a></li>\r\n            <li><a href="#">5 <span class="sr-only">(current)</span></a></li>\r\n            <li><a href="#">&raquo;</a></li>\r\n          </ul>\r\n        </div>\r\n    </div>\r\n</body>\r\n</html>' } }
[2020-03-23T23:43:10.099] [INFO] response - { method: 'GET',
  url: '/',
  body: {},
  costTime: 19,
  response:
   { status: 200,
     message: 'OK',
     header:
      [Object: null prototype] {
        vary: 'Origin',
        'access-control-allow-origin': 'http://localhost:8080',
        'access-control-allow-credentials': 'true',
        'access-control-expose-headers': 'WWW-Authenticate,Server-Authorization',
        'content-type': 'text/html; charset=utf-8',
        'content-length': '1029' },
     body:
      '<!DOCTYPE html>\r\n<head>\r\n\t<meta http-equiv="Content-Type" content="text/html; charset=utf-8" />\r\n\t<title>登录</title>\r\n\t<link rel="stylesheet" type="text/css" href="/stylesheets/style.css" />\r\n\t<link rel="stylesheet" type="text/css" href="/stylesheets/body.css"/> \r\n</head>\r\n<body>\r\n\t<div class="container">\r\n\t\t<section id="content">\r\n\t\t\t<form action="/checkLogin" method="post">\r\n\t\t\t\t<h1>登录</h1>\r\n\t\t\t\t<div>\r\n\t\t\t\t\t<input type="text" placeholder="工号/学号" required="" id="username" name="user_id"/>\r\n\t\t\t\t</div>\r\n\t\t\t\t<div>\r\n\t\t\t\t\t<input type="password" placeholder="密码" required="" id="password" name="password"/>\r\n\t\t\t\t</div>\r\n\t\t\t\t<div class="">\r\n\t\t\t\t\t<span class="help-block u-errormessage" id="js-server-helpinfo">&nbsp;</span>\t\t\t\r\n\t\t\t\t</div> \r\n\t\t\t\t<div>\r\n\t\t\t\t\t<!-- <input type="submit" value="Log in" /> -->\r\n\t\t\t\t\t<input type="submit" value="登录" class="btn btn-primary" id="js-btn-login"/>\r\n\t\t\t\t</div>\r\n\t\t\t</form><!-- form -->\r\n\t\t\t\r\n\t\t</section><!-- content -->\r\n\t</div>\r\n\t<!-- container -->\r\n</body>\r\n</html>' } }
[2020-03-23T23:43:19.268] [INFO] response - { method: 'POST',
  url: '/checkLogin',
  body: { user_id: '1001', password: '123456' },
  costTime: 50,
  response:
   { status: 302,
     message: 'Found',
     header:
      [Object: null prototype] {
        vary: 'Origin',
        'access-control-allow-origin': 'http://localhost:8080',
        'access-control-allow-credentials': 'true',
        'access-control-expose-headers': 'WWW-Authenticate,Server-Authorization',
        location: '/index',
        'content-type': 'text/html; charset=utf-8',
        'content-length': '43' },
     body: 'Redirecting to <a href="/index">/index</a>.' } }
[2020-03-23T23:43:19.335] [INFO] response - { method: 'GET',
  url: '/index',
  body: {},
  costTime: 5,
  response:
   { status: 200,
     message: 'OK',
     header:
      [Object: null prototype] {
        vary: 'Origin',
        'access-control-allow-origin': 'http://localhost:8080',
        'access-control-allow-credentials': 'true',
        'access-control-expose-headers': 'WWW-Authenticate,Server-Authorization',
        'content-type': 'text/html; charset=utf-8',
        'content-length': '1371' },
     body:
      '<!DOCTYPE html>\r\n<head>\r\n<meta http-equiv="Content-Type" content="text/html; charset=utf-8" />\r\n<title>后台管理系统</title>\r\n<link type="text/css" rel="stylesheet" href="/stylesheets/style_index.css" />\r\n<script type="text/javascript" src="/javascripts/jquery-1.8.3.min.js"></script>\r\n<script type="text/javascript" src="/javascripts/menu.js"></script>\r\n</head>\r\n\r\n<body>\r\n<div class="top"></div>\r\n<div id="header">\r\n\t<div class="logo">后台管理</div>\r\n\t<div class="navigation">\r\n\t\t<ul>\r\n\t\t \t<li>欢迎您！</li>\r\n\t\t\t<li>科密</li>\r\n\t\t\t<li><a href="/logout">退出</a></li>\r\n\t\t</ul>\r\n\t</div>\r\n</div>\r\n<div id="content">\r\n\t<div class="left_menu">\r\n\t\t<ul id="nav_dot">\r\n\t\t\t<li>\r\n\t\t\t\t<h4   class="M10"><span></span>用户管理</h4>\r\n\t\t\t\t<div class="list-item none">\r\n\t\t\t\t  <a href=\'/users/userlist\' target="iframe1">用户列表</a>\r\n\t\t\t\t</div>\r\n\t\t\t  </li>\r\n        <li>\r\n        <h4 class="M1"><span></span>食品订单</h4>\r\n        <div class="list-item none">\r\n          <a href=\'\'>订单查询</a>\r\n        </div>\r\n      </li>\r\n    </ul>\r\n\t</div>\r\n\t<div class="m-right">\r\n\t\t\t<div class="main">\r\n\t\t\t\t<iframe frameborder="0" name="iframe1"  width="100%" height="100%">\r\n\t\t\t\t\t您的浏览器不支持嵌入式框架，或者当前配置为不显示嵌入式框架。\r\n\t\t\t\t</iframe>\r\n\t\t\t</div>\r\n\t</div>\r\n</div>\r\n<script>navList(12);</script>\r\n</body>\r\n</html>\r\n' } }
[2020-03-23T23:43:21.808] [INFO] response - { method: 'GET',
  url: '/users/userlist',
  body: {},
  costTime: 56,
  response:
   { status: 200,
     message: 'OK',
     header:
      [Object: null prototype] {
        vary: 'Origin',
        'access-control-allow-origin': 'http://localhost:8080',
        'access-control-allow-credentials': 'true',
        'access-control-expose-headers': 'WWW-Authenticate,Server-Authorization',
        'content-type': 'text/html; charset=utf-8',
        'content-length': '4431' },
     body:
      '<!DOCTYPE html>\r\n<html lang="en">\r\n<head>\r\n    <meta charset="UTF-8">\r\n    <meta name="viewport" content="width=device-width, initial-scale=1.0">\r\n    <meta http-equiv="X-UA-Compatible" content="ie=edge">\r\n    <link type="text/css" rel="stylesheet" href="/stylesheets/bootstrap.min.css" />\r\n    <title>用户列表</title>\r\n</head>\r\n<body>\r\n    <div class="clearfix" style="margin-bottom: 10px;"></div>\r\n    <div class="row">\r\n        <form>\r\n        <div class="col-md-offset-1 col-md-2 margin-bottom-15">\r\n          <label for="firstName" class="control-label">工号/帐号</label>\r\n          <input type="text" class="form-control" id="firstName" value="">                  \r\n        </div>\r\n        <div class="col-md-2 margin-bottom-15">\r\n          <label for="lastName" class="control-label">姓名</label>\r\n          <input type="text" class="form-control" id="lastName" value="">                 \r\n        </div>\r\n        <div class="col-md-2 margin-bottom-15">\r\n            <label for="singleSelect">身份</label>\r\n            <select class="form-control margin-bottom-15" id="singleSelect">\r\n              <option>全部</option>\r\n              <option>普通用户</option>\r\n              <option>超市店员</option>\r\n            </select>\r\n        </div>\r\n        <div class="col-md-2 margin-bottom-15">\r\n            <label class="checkbox-inline">\r\n              <input type="checkbox" id="inlineCheckbox1" value="option1"> 管理员\r\n            </label>                    \r\n        </div>\r\n        <div class="row templatemo-form-buttons">\r\n                <div class="col-md-2">\r\n                  <button type="submit" class="btn btn-primary">查询</button>\r\n                  <button type="reset" class="btn btn-default">重置</button>    \r\n                </div>\r\n        </div>\r\n        </form>\r\n    </div>\r\n    <div class="clearfix" style="margin-bottom: 10px;"></div>\r\n    <div class="row">\r\n        <div class="col-md-10 col-md-offset-1">\r\n        <div class="table-responsive">\r\n        <table class="table table-striped table-hover table-bordered">\r\n            <thead>\r\n              <tr>\r\n                <th>序号</th>\r\n                <th>工号/学号</th>\r\n                <th>姓名</th>\r\n                <th>身份</th>\r\n                <th>删除</th>\r\n                <th>成为管理员</th>\r\n              </tr>\r\n            </thead>\r\n            <tbody>\r\n              \r\n                <tr>\r\n                  <td>1</td>  \r\n                  <td>1001</td>\r\n                    <td>科密</td>\r\n                    <td>\r\n                       普通用户\r\n                       \r\n                    </td>\r\n                    <td><a href="/users/user/delect/1001" class="btn btn-default">删除</a></td>\r\n                    <td><a href="#" class="btn btn-default">admin</a></td>\r\n                    \r\n                <tr>\r\n                  <td>2</td>  \r\n                  <td>1002</td>\r\n                    <td>child</td>\r\n                    <td>\r\n                        超市店员\r\n                        \r\n                    </td>\r\n                    <td><a href="/users/user/delect/1002" class="btn btn-default">删除</a></td>\r\n                    <td><a href="#" class="btn btn-default">admin</a></td>\r\n                    \r\n                <tr>\r\n                  <td>3</td>  \r\n                  <td>1003</td>\r\n                    <td>加油</td>\r\n                    <td>\r\n                        超市店员\r\n                        \r\n                    </td>\r\n                    <td><a href="/users/user/delect/1003" class="btn btn-default">删除</a></td>\r\n                    <td><a href="#" class="btn btn-default">admin</a></td>\r\n                    \r\n                </tr>\r\n            </tbody>\r\n        </table>\r\n        </div>\r\n        <ul class="pagination pull-right">\r\n            <li class="disabled"><a href="#">&laquo;</a></li>\r\n            <li class="active"><a href="#">1 <span class="sr-only">(current)</span></a></li>\r\n            <li><a href="#">2 <span class="sr-only">(current)</span></a></li>\r\n            <li><a href="#">3 <span class="sr-only">(current)</span></a></li>\r\n            <li><a href="#">4 <span class="sr-only">(current)</span></a></li>\r\n            <li><a href="#">5 <span class="sr-only">(current)</span></a></li>\r\n            <li><a href="#">&raquo;</a></li>\r\n          </ul>\r\n        </div>\r\n    </div>\r\n</body>\r\n</html>' } }
[2020-03-23T23:43:24.961] [INFO] response - { method: 'GET',
  url: '/users/user/delect/1001',
  body: {},
  costTime: 28,
  response:
   { status: 404,
     message: 'Not Found',
     header:
      [Object: null prototype] {
        vary: 'Origin',
        'access-control-allow-origin': 'http://localhost:8080',
        'access-control-allow-credentials': 'true',
        'access-control-expose-headers': 'WWW-Authenticate,Server-Authorization',
        'content-type': 'text/html; charset=utf-8',
        'content-length': '474' },
     body:
      '<!DOCTYPE html>\n<html lang="en">\n<head>\n    <meta charset="UTF-8">\n    <meta name="viewport" content="width=device-width, initial-scale=1.0">\n    <meta http-equiv="X-UA-Compatible" content="ie=edge">\n    <link rel="stylesheet" href="/stylesheets/error.css">\n    <title>错误信息</title>\n</head>\n<body>\n    <div class="content">\n            <h1>抱歉，找不到你的诗和远方了！</h1>\n            \n            <h2>404</h2>\n            \n    </div>\n</body>\n</html>\n\n' } }
[2020-03-23T23:44:49.734] [INFO] response - { method: 'GET',
  url: '/index',
  body: {},
  costTime: 3,
  response:
   { status: 200,
     message: 'OK',
     header:
      [Object: null prototype] {
        vary: 'Origin',
        'access-control-allow-origin': 'http://localhost:8080',
        'access-control-allow-credentials': 'true',
        'access-control-expose-headers': 'WWW-Authenticate,Server-Authorization',
        'content-type': 'text/html; charset=utf-8',
        'content-length': '1371' },
     body:
      '<!DOCTYPE html>\r\n<head>\r\n<meta http-equiv="Content-Type" content="text/html; charset=utf-8" />\r\n<title>后台管理系统</title>\r\n<link type="text/css" rel="stylesheet" href="/stylesheets/style_index.css" />\r\n<script type="text/javascript" src="/javascripts/jquery-1.8.3.min.js"></script>\r\n<script type="text/javascript" src="/javascripts/menu.js"></script>\r\n</head>\r\n\r\n<body>\r\n<div class="top"></div>\r\n<div id="header">\r\n\t<div class="logo">后台管理</div>\r\n\t<div class="navigation">\r\n\t\t<ul>\r\n\t\t \t<li>欢迎您！</li>\r\n\t\t\t<li>科密</li>\r\n\t\t\t<li><a href="/logout">退出</a></li>\r\n\t\t</ul>\r\n\t</div>\r\n</div>\r\n<div id="content">\r\n\t<div class="left_menu">\r\n\t\t<ul id="nav_dot">\r\n\t\t\t<li>\r\n\t\t\t\t<h4   class="M10"><span></span>用户管理</h4>\r\n\t\t\t\t<div class="list-item none">\r\n\t\t\t\t  <a href=\'/users/userlist\' target="iframe1">用户列表</a>\r\n\t\t\t\t</div>\r\n\t\t\t  </li>\r\n        <li>\r\n        <h4 class="M1"><span></span>食品订单</h4>\r\n        <div class="list-item none">\r\n          <a href=\'\'>订单查询</a>\r\n        </div>\r\n      </li>\r\n    </ul>\r\n\t</div>\r\n\t<div class="m-right">\r\n\t\t\t<div class="main">\r\n\t\t\t\t<iframe frameborder="0" name="iframe1"  width="100%" height="100%">\r\n\t\t\t\t\t您的浏览器不支持嵌入式框架，或者当前配置为不显示嵌入式框架。\r\n\t\t\t\t</iframe>\r\n\t\t\t</div>\r\n\t</div>\r\n</div>\r\n<script>navList(12);</script>\r\n</body>\r\n</html>\r\n' } }
[2020-03-23T23:44:51.559] [INFO] response - { method: 'GET',
  url: '/users/userlist',
  body: {},
  costTime: 24,
  response:
   { status: 200,
     message: 'OK',
     header:
      [Object: null prototype] {
        vary: 'Origin',
        'access-control-allow-origin': 'http://localhost:8080',
        'access-control-allow-credentials': 'true',
        'access-control-expose-headers': 'WWW-Authenticate,Server-Authorization',
        'content-type': 'text/html; charset=utf-8',
        'content-length': '4416' },
     body:
      '<!DOCTYPE html>\r\n<html lang="en">\r\n<head>\r\n    <meta charset="UTF-8">\r\n    <meta name="viewport" content="width=device-width, initial-scale=1.0">\r\n    <meta http-equiv="X-UA-Compatible" content="ie=edge">\r\n    <link type="text/css" rel="stylesheet" href="/stylesheets/bootstrap.min.css" />\r\n    <title>用户列表</title>\r\n</head>\r\n<body>\r\n    <div class="clearfix" style="margin-bottom: 10px;"></div>\r\n    <div class="row">\r\n        <form>\r\n        <div class="col-md-offset-1 col-md-2 margin-bottom-15">\r\n          <label for="firstName" class="control-label">工号/帐号</label>\r\n          <input type="text" class="form-control" id="firstName" value="">                  \r\n        </div>\r\n        <div class="col-md-2 margin-bottom-15">\r\n          <label for="lastName" class="control-label">姓名</label>\r\n          <input type="text" class="form-control" id="lastName" value="">                 \r\n        </div>\r\n        <div class="col-md-2 margin-bottom-15">\r\n            <label for="singleSelect">身份</label>\r\n            <select class="form-control margin-bottom-15" id="singleSelect">\r\n              <option>全部</option>\r\n              <option>普通用户</option>\r\n              <option>超市店员</option>\r\n            </select>\r\n        </div>\r\n        <div class="col-md-2 margin-bottom-15">\r\n            <label class="checkbox-inline">\r\n              <input type="checkbox" id="inlineCheckbox1" value="option1"> 管理员\r\n            </label>                    \r\n        </div>\r\n        <div class="row templatemo-form-buttons">\r\n                <div class="col-md-2">\r\n                  <button type="submit" class="btn btn-primary">查询</button>\r\n                  <button type="reset" class="btn btn-default">重置</button>    \r\n                </div>\r\n        </div>\r\n        </form>\r\n    </div>\r\n    <div class="clearfix" style="margin-bottom: 10px;"></div>\r\n    <div class="row">\r\n        <div class="col-md-10 col-md-offset-1">\r\n        <div class="table-responsive">\r\n        <table class="table table-striped table-hover table-bordered">\r\n            <thead>\r\n              <tr>\r\n                <th>序号</th>\r\n                <th>工号/学号</th>\r\n                <th>姓名</th>\r\n                <th>身份</th>\r\n                <th>删除</th>\r\n                <th>成为管理员</th>\r\n              </tr>\r\n            </thead>\r\n            <tbody>\r\n              \r\n                <tr>\r\n                  <td>1</td>  \r\n                  <td>1001</td>\r\n                    <td>科密</td>\r\n                    <td>\r\n                       普通用户\r\n                       \r\n                    </td>\r\n                    <td><a href="/users/delect/1001" class="btn btn-default">删除</a></td>\r\n                    <td><a href="#" class="btn btn-default">admin</a></td>\r\n                    \r\n                <tr>\r\n                  <td>2</td>  \r\n                  <td>1002</td>\r\n                    <td>child</td>\r\n                    <td>\r\n                        超市店员\r\n                        \r\n                    </td>\r\n                    <td><a href="/users/delect/1002" class="btn btn-default">删除</a></td>\r\n                    <td><a href="#" class="btn btn-default">admin</a></td>\r\n                    \r\n                <tr>\r\n                  <td>3</td>  \r\n                  <td>1003</td>\r\n                    <td>加油</td>\r\n                    <td>\r\n                        超市店员\r\n                        \r\n                    </td>\r\n                    <td><a href="/users/delect/1003" class="btn btn-default">删除</a></td>\r\n                    <td><a href="#" class="btn btn-default">admin</a></td>\r\n                    \r\n                </tr>\r\n            </tbody>\r\n        </table>\r\n        </div>\r\n        <ul class="pagination pull-right">\r\n            <li class="disabled"><a href="#">&laquo;</a></li>\r\n            <li class="active"><a href="#">1 <span class="sr-only">(current)</span></a></li>\r\n            <li><a href="#">2 <span class="sr-only">(current)</span></a></li>\r\n            <li><a href="#">3 <span class="sr-only">(current)</span></a></li>\r\n            <li><a href="#">4 <span class="sr-only">(current)</span></a></li>\r\n            <li><a href="#">5 <span class="sr-only">(current)</span></a></li>\r\n            <li><a href="#">&raquo;</a></li>\r\n          </ul>\r\n        </div>\r\n    </div>\r\n</body>\r\n</html>' } }
[2020-03-23T23:44:52.977] [INFO] response - { method: 'GET',
  url: '/users/delect/1001',
  body: {},
  costTime: 13,
  response:
   { status: 404,
     message: 'Not Found',
     header:
      [Object: null prototype] {
        vary: 'Origin',
        'access-control-allow-origin': 'http://localhost:8080',
        'access-control-allow-credentials': 'true',
        'access-control-expose-headers': 'WWW-Authenticate,Server-Authorization',
        'content-type': 'text/html; charset=utf-8',
        'content-length': '474' },
     body:
      '<!DOCTYPE html>\n<html lang="en">\n<head>\n    <meta charset="UTF-8">\n    <meta name="viewport" content="width=device-width, initial-scale=1.0">\n    <meta http-equiv="X-UA-Compatible" content="ie=edge">\n    <link rel="stylesheet" href="/stylesheets/error.css">\n    <title>错误信息</title>\n</head>\n<body>\n    <div class="content">\n            <h1>抱歉，找不到你的诗和远方了！</h1>\n            \n            <h2>404</h2>\n            \n    </div>\n</body>\n</html>\n\n' } }
[2020-03-23T23:48:38.479] [INFO] response - { method: 'GET',
  url: '/index',
  body: {},
  costTime: 21,
  response:
   { status: 200,
     message: 'OK',
     header:
      [Object: null prototype] {
        vary: 'Origin',
        'access-control-allow-origin': 'http://localhost:8080',
        'access-control-allow-credentials': 'true',
        'access-control-expose-headers': 'WWW-Authenticate,Server-Authorization',
        'content-type': 'text/html; charset=utf-8',
        'content-length': '1371' },
     body:
      '<!DOCTYPE html>\r\n<head>\r\n<meta http-equiv="Content-Type" content="text/html; charset=utf-8" />\r\n<title>后台管理系统</title>\r\n<link type="text/css" rel="stylesheet" href="/stylesheets/style_index.css" />\r\n<script type="text/javascript" src="/javascripts/jquery-1.8.3.min.js"></script>\r\n<script type="text/javascript" src="/javascripts/menu.js"></script>\r\n</head>\r\n\r\n<body>\r\n<div class="top"></div>\r\n<div id="header">\r\n\t<div class="logo">后台管理</div>\r\n\t<div class="navigation">\r\n\t\t<ul>\r\n\t\t \t<li>欢迎您！</li>\r\n\t\t\t<li>科密</li>\r\n\t\t\t<li><a href="/logout">退出</a></li>\r\n\t\t</ul>\r\n\t</div>\r\n</div>\r\n<div id="content">\r\n\t<div class="left_menu">\r\n\t\t<ul id="nav_dot">\r\n\t\t\t<li>\r\n\t\t\t\t<h4   class="M10"><span></span>用户管理</h4>\r\n\t\t\t\t<div class="list-item none">\r\n\t\t\t\t  <a href=\'/users/userlist\' target="iframe1">用户列表</a>\r\n\t\t\t\t</div>\r\n\t\t\t  </li>\r\n        <li>\r\n        <h4 class="M1"><span></span>食品订单</h4>\r\n        <div class="list-item none">\r\n          <a href=\'\'>订单查询</a>\r\n        </div>\r\n      </li>\r\n    </ul>\r\n\t</div>\r\n\t<div class="m-right">\r\n\t\t\t<div class="main">\r\n\t\t\t\t<iframe frameborder="0" name="iframe1"  width="100%" height="100%">\r\n\t\t\t\t\t您的浏览器不支持嵌入式框架，或者当前配置为不显示嵌入式框架。\r\n\t\t\t\t</iframe>\r\n\t\t\t</div>\r\n\t</div>\r\n</div>\r\n<script>navList(12);</script>\r\n</body>\r\n</html>\r\n' } }
[2020-03-23T23:48:40.212] [INFO] response - { method: 'GET',
  url: '/users/userlist',
  body: {},
  costTime: 48,
  response:
   { status: 200,
     message: 'OK',
     header:
      [Object: null prototype] {
        vary: 'Origin',
        'access-control-allow-origin': 'http://localhost:8080',
        'access-control-allow-credentials': 'true',
        'access-control-expose-headers': 'WWW-Authenticate,Server-Authorization',
        'content-type': 'text/html; charset=utf-8',
        'content-length': '4416' },
     body:
      '<!DOCTYPE html>\r\n<html lang="en">\r\n<head>\r\n    <meta charset="UTF-8">\r\n    <meta name="viewport" content="width=device-width, initial-scale=1.0">\r\n    <meta http-equiv="X-UA-Compatible" content="ie=edge">\r\n    <link type="text/css" rel="stylesheet" href="/stylesheets/bootstrap.min.css" />\r\n    <title>用户列表</title>\r\n</head>\r\n<body>\r\n    <div class="clearfix" style="margin-bottom: 10px;"></div>\r\n    <div class="row">\r\n        <form>\r\n        <div class="col-md-offset-1 col-md-2 margin-bottom-15">\r\n          <label for="firstName" class="control-label">工号/帐号</label>\r\n          <input type="text" class="form-control" id="firstName" value="">                  \r\n        </div>\r\n        <div class="col-md-2 margin-bottom-15">\r\n          <label for="lastName" class="control-label">姓名</label>\r\n          <input type="text" class="form-control" id="lastName" value="">                 \r\n        </div>\r\n        <div class="col-md-2 margin-bottom-15">\r\n            <label for="singleSelect">身份</label>\r\n            <select class="form-control margin-bottom-15" id="singleSelect">\r\n              <option>全部</option>\r\n              <option>普通用户</option>\r\n              <option>超市店员</option>\r\n            </select>\r\n        </div>\r\n        <div class="col-md-2 margin-bottom-15">\r\n            <label class="checkbox-inline">\r\n              <input type="checkbox" id="inlineCheckbox1" value="option1"> 管理员\r\n            </label>                    \r\n        </div>\r\n        <div class="row templatemo-form-buttons">\r\n                <div class="col-md-2">\r\n                  <button type="submit" class="btn btn-primary">查询</button>\r\n                  <button type="reset" class="btn btn-default">重置</button>    \r\n                </div>\r\n        </div>\r\n        </form>\r\n    </div>\r\n    <div class="clearfix" style="margin-bottom: 10px;"></div>\r\n    <div class="row">\r\n        <div class="col-md-10 col-md-offset-1">\r\n        <div class="table-responsive">\r\n        <table class="table table-striped table-hover table-bordered">\r\n            <thead>\r\n              <tr>\r\n                <th>序号</th>\r\n                <th>工号/学号</th>\r\n                <th>姓名</th>\r\n                <th>身份</th>\r\n                <th>删除</th>\r\n                <th>成为管理员</th>\r\n              </tr>\r\n            </thead>\r\n            <tbody>\r\n              \r\n                <tr>\r\n                  <td>1</td>  \r\n                  <td>1001</td>\r\n                    <td>科密</td>\r\n                    <td>\r\n                       普通用户\r\n                       \r\n                    </td>\r\n                    <td><a href="/users/delect/1001" class="btn btn-default">删除</a></td>\r\n                    <td><a href="#" class="btn btn-default">admin</a></td>\r\n                    \r\n                <tr>\r\n                  <td>2</td>  \r\n                  <td>1002</td>\r\n                    <td>child</td>\r\n                    <td>\r\n                        超市店员\r\n                        \r\n                    </td>\r\n                    <td><a href="/users/delect/1002" class="btn btn-default">删除</a></td>\r\n                    <td><a href="#" class="btn btn-default">admin</a></td>\r\n                    \r\n                <tr>\r\n                  <td>3</td>  \r\n                  <td>1003</td>\r\n                    <td>加油</td>\r\n                    <td>\r\n                        超市店员\r\n                        \r\n                    </td>\r\n                    <td><a href="/users/delect/1003" class="btn btn-default">删除</a></td>\r\n                    <td><a href="#" class="btn btn-default">admin</a></td>\r\n                    \r\n                </tr>\r\n            </tbody>\r\n        </table>\r\n        </div>\r\n        <ul class="pagination pull-right">\r\n            <li class="disabled"><a href="#">&laquo;</a></li>\r\n            <li class="active"><a href="#">1 <span class="sr-only">(current)</span></a></li>\r\n            <li><a href="#">2 <span class="sr-only">(current)</span></a></li>\r\n            <li><a href="#">3 <span class="sr-only">(current)</span></a></li>\r\n            <li><a href="#">4 <span class="sr-only">(current)</span></a></li>\r\n            <li><a href="#">5 <span class="sr-only">(current)</span></a></li>\r\n            <li><a href="#">&raquo;</a></li>\r\n          </ul>\r\n        </div>\r\n    </div>\r\n</body>\r\n</html>' } }
[2020-03-23T23:48:42.920] [INFO] response - { method: 'GET',
  url: '/users/delect/1002',
  body: {},
  costTime: 20,
  response:
   { status: 404,
     message: 'Not Found',
     header:
      [Object: null prototype] {
        vary: 'Origin',
        'access-control-allow-origin': 'http://localhost:8080',
        'access-control-allow-credentials': 'true',
        'access-control-expose-headers': 'WWW-Authenticate,Server-Authorization',
        'content-type': 'text/html; charset=utf-8',
        'content-length': '474' },
     body:
      '<!DOCTYPE html>\n<html lang="en">\n<head>\n    <meta charset="UTF-8">\n    <meta name="viewport" content="width=device-width, initial-scale=1.0">\n    <meta http-equiv="X-UA-Compatible" content="ie=edge">\n    <link rel="stylesheet" href="/stylesheets/error.css">\n    <title>错误信息</title>\n</head>\n<body>\n    <div class="content">\n            <h1>抱歉，找不到你的诗和远方了！</h1>\n            \n            <h2>404</h2>\n            \n    </div>\n</body>\n</html>\n\n' } }
[2020-03-23T23:49:12.694] [INFO] response - { method: 'GET',
  url: '/index',
  body: {},
  costTime: 5,
  response:
   { status: 200,
     message: 'OK',
     header:
      [Object: null prototype] {
        vary: 'Origin',
        'access-control-allow-origin': 'http://localhost:8080',
        'access-control-allow-credentials': 'true',
        'access-control-expose-headers': 'WWW-Authenticate,Server-Authorization',
        'content-type': 'text/html; charset=utf-8',
        'content-length': '1371' },
     body:
      '<!DOCTYPE html>\r\n<head>\r\n<meta http-equiv="Content-Type" content="text/html; charset=utf-8" />\r\n<title>后台管理系统</title>\r\n<link type="text/css" rel="stylesheet" href="/stylesheets/style_index.css" />\r\n<script type="text/javascript" src="/javascripts/jquery-1.8.3.min.js"></script>\r\n<script type="text/javascript" src="/javascripts/menu.js"></script>\r\n</head>\r\n\r\n<body>\r\n<div class="top"></div>\r\n<div id="header">\r\n\t<div class="logo">后台管理</div>\r\n\t<div class="navigation">\r\n\t\t<ul>\r\n\t\t \t<li>欢迎您！</li>\r\n\t\t\t<li>科密</li>\r\n\t\t\t<li><a href="/logout">退出</a></li>\r\n\t\t</ul>\r\n\t</div>\r\n</div>\r\n<div id="content">\r\n\t<div class="left_menu">\r\n\t\t<ul id="nav_dot">\r\n\t\t\t<li>\r\n\t\t\t\t<h4   class="M10"><span></span>用户管理</h4>\r\n\t\t\t\t<div class="list-item none">\r\n\t\t\t\t  <a href=\'/users/userlist\' target="iframe1">用户列表</a>\r\n\t\t\t\t</div>\r\n\t\t\t  </li>\r\n        <li>\r\n        <h4 class="M1"><span></span>食品订单</h4>\r\n        <div class="list-item none">\r\n          <a href=\'\'>订单查询</a>\r\n        </div>\r\n      </li>\r\n    </ul>\r\n\t</div>\r\n\t<div class="m-right">\r\n\t\t\t<div class="main">\r\n\t\t\t\t<iframe frameborder="0" name="iframe1"  width="100%" height="100%">\r\n\t\t\t\t\t您的浏览器不支持嵌入式框架，或者当前配置为不显示嵌入式框架。\r\n\t\t\t\t</iframe>\r\n\t\t\t</div>\r\n\t</div>\r\n</div>\r\n<script>navList(12);</script>\r\n</body>\r\n</html>\r\n' } }
[2020-03-23T23:49:27.671] [INFO] response - { method: 'GET',
  url: '/users/userlist',
  body: {},
  costTime: 41,
  response:
   { status: 200,
     message: 'OK',
     header:
      [Object: null prototype] {
        vary: 'Origin',
        'access-control-allow-origin': 'http://localhost:8080',
        'access-control-allow-credentials': 'true',
        'access-control-expose-headers': 'WWW-Authenticate,Server-Authorization',
        'content-type': 'text/html; charset=utf-8',
        'content-length': '4416' },
     body:
      '<!DOCTYPE html>\r\n<html lang="en">\r\n<head>\r\n    <meta charset="UTF-8">\r\n    <meta name="viewport" content="width=device-width, initial-scale=1.0">\r\n    <meta http-equiv="X-UA-Compatible" content="ie=edge">\r\n    <link type="text/css" rel="stylesheet" href="/stylesheets/bootstrap.min.css" />\r\n    <title>用户列表</title>\r\n</head>\r\n<body>\r\n    <div class="clearfix" style="margin-bottom: 10px;"></div>\r\n    <div class="row">\r\n        <form>\r\n        <div class="col-md-offset-1 col-md-2 margin-bottom-15">\r\n          <label for="firstName" class="control-label">工号/帐号</label>\r\n          <input type="text" class="form-control" id="firstName" value="">                  \r\n        </div>\r\n        <div class="col-md-2 margin-bottom-15">\r\n          <label for="lastName" class="control-label">姓名</label>\r\n          <input type="text" class="form-control" id="lastName" value="">                 \r\n        </div>\r\n        <div class="col-md-2 margin-bottom-15">\r\n            <label for="singleSelect">身份</label>\r\n            <select class="form-control margin-bottom-15" id="singleSelect">\r\n              <option>全部</option>\r\n              <option>普通用户</option>\r\n              <option>超市店员</option>\r\n            </select>\r\n        </div>\r\n        <div class="col-md-2 margin-bottom-15">\r\n            <label class="checkbox-inline">\r\n              <input type="checkbox" id="inlineCheckbox1" value="option1"> 管理员\r\n            </label>                    \r\n        </div>\r\n        <div class="row templatemo-form-buttons">\r\n                <div class="col-md-2">\r\n                  <button type="submit" class="btn btn-primary">查询</button>\r\n                  <button type="reset" class="btn btn-default">重置</button>    \r\n                </div>\r\n        </div>\r\n        </form>\r\n    </div>\r\n    <div class="clearfix" style="margin-bottom: 10px;"></div>\r\n    <div class="row">\r\n        <div class="col-md-10 col-md-offset-1">\r\n        <div class="table-responsive">\r\n        <table class="table table-striped table-hover table-bordered">\r\n            <thead>\r\n              <tr>\r\n                <th>序号</th>\r\n                <th>工号/学号</th>\r\n                <th>姓名</th>\r\n                <th>身份</th>\r\n                <th>删除</th>\r\n                <th>成为管理员</th>\r\n              </tr>\r\n            </thead>\r\n            <tbody>\r\n              \r\n                <tr>\r\n                  <td>1</td>  \r\n                  <td>1001</td>\r\n                    <td>科密</td>\r\n                    <td>\r\n                       普通用户\r\n                       \r\n                    </td>\r\n                    <td><a href="/users/delect/1001" class="btn btn-default">删除</a></td>\r\n                    <td><a href="#" class="btn btn-default">admin</a></td>\r\n                    \r\n                <tr>\r\n                  <td>2</td>  \r\n                  <td>1002</td>\r\n                    <td>child</td>\r\n                    <td>\r\n                        超市店员\r\n                        \r\n                    </td>\r\n                    <td><a href="/users/delect/1002" class="btn btn-default">删除</a></td>\r\n                    <td><a href="#" class="btn btn-default">admin</a></td>\r\n                    \r\n                <tr>\r\n                  <td>3</td>  \r\n                  <td>1003</td>\r\n                    <td>加油</td>\r\n                    <td>\r\n                        超市店员\r\n                        \r\n                    </td>\r\n                    <td><a href="/users/delect/1003" class="btn btn-default">删除</a></td>\r\n                    <td><a href="#" class="btn btn-default">admin</a></td>\r\n                    \r\n                </tr>\r\n            </tbody>\r\n        </table>\r\n        </div>\r\n        <ul class="pagination pull-right">\r\n            <li class="disabled"><a href="#">&laquo;</a></li>\r\n            <li class="active"><a href="#">1 <span class="sr-only">(current)</span></a></li>\r\n            <li><a href="#">2 <span class="sr-only">(current)</span></a></li>\r\n            <li><a href="#">3 <span class="sr-only">(current)</span></a></li>\r\n            <li><a href="#">4 <span class="sr-only">(current)</span></a></li>\r\n            <li><a href="#">5 <span class="sr-only">(current)</span></a></li>\r\n            <li><a href="#">&raquo;</a></li>\r\n          </ul>\r\n        </div>\r\n    </div>\r\n</body>\r\n</html>' } }
[2020-03-23T23:49:28.774] [INFO] response - { method: 'GET',
  url: '/users/delect/1002',
  body: {},
  costTime: 17,
  response:
   { status: 404,
     message: 'Not Found',
     header:
      [Object: null prototype] {
        vary: 'Origin',
        'access-control-allow-origin': 'http://localhost:8080',
        'access-control-allow-credentials': 'true',
        'access-control-expose-headers': 'WWW-Authenticate,Server-Authorization',
        'content-type': 'text/html; charset=utf-8',
        'content-length': '474' },
     body:
      '<!DOCTYPE html>\n<html lang="en">\n<head>\n    <meta charset="UTF-8">\n    <meta name="viewport" content="width=device-width, initial-scale=1.0">\n    <meta http-equiv="X-UA-Compatible" content="ie=edge">\n    <link rel="stylesheet" href="/stylesheets/error.css">\n    <title>错误信息</title>\n</head>\n<body>\n    <div class="content">\n            <h1>抱歉，找不到你的诗和远方了！</h1>\n            \n            <h2>404</h2>\n            \n    </div>\n</body>\n</html>\n\n' } }
