[2020-04-25T14:13:57.272] [INFO] response - { method: 'GET',
  url: '/foods/hei',
  body: {},
  costTime: 20,
  response:
   { status: 200,
     message: 'OK',
     header:
      [Object: null prototype] {
        vary: 'Origin',
        'access-control-allow-origin': 'http://localhost:8080',
        'access-control-allow-credentials': 'true',
        'access-control-expose-headers': 'WWW-Authenticate,Server-Authorization',
        'content-type': 'text/html; charset=utf-8',
        'content-length': '2792' },
     body:
      '<!DOCTYPE html>\r\n<html lang="en">\r\n<head>\r\n    <meta charset="UTF-8">\r\n    <meta name="viewport" content="width=device-width, initial-scale=1.0">\r\n    <meta http-equiv="X-UA-Compatible" content="ie=edge">\r\n    <link type="text/css" rel="stylesheet" href="/stylesheets/bootstrap.min.css" />\r\n    <title>食品订单</title>\r\n    <style type="text/css">\r\n        caption{\r\n            font-size: 30px;\r\n            color: red;\r\n        }\r\n</style>        \r\n</head>\r\n<body>\r\n   \r\n    <!-- 黑名单的页面 -->\r\n        <div class="col-md-10 col-md-offset-1"><br>\r\n            <table class="table table-striped table-hover table-bordered" >\r\n            <thead>\r\n              \r\n                <caption>超市黑名单</caption>\r\n              <tr class="biao">\r\n                <th style="text-align:center;">订单号</th>\r\n                <th style="text-align:center;">名称</th>\r\n                <th style="text-align:center;">拉黑理由</th>\r\n                <th style="text-align:center;">联系方式</th>\r\n                <th style="text-align:center;">操作</th>\r\n              </tr>\r\n            </thead>\r\n            <tbody>\r\n                \r\n                    <form action="/foods/doedit/吃东西" method="POST">\r\n                <tr style="text-align:center;" >\r\n                    \r\n                    \r\n                    <form action="/foods/doedit/喝水" method="POST">\r\n                <tr style="text-align:center;" >\r\n                    \r\n                    \r\n                    <form action="/foods/doedit/黑眼圈" method="POST">\r\n                <tr style="text-align:center;" >\r\n                    \r\n                    \r\n                    <form action="/foods/doedit/优秀" method="POST">\r\n                <tr style="text-align:center;" >\r\n                    \r\n                    \r\n                    <form action="/foods/doedit/大米" method="POST">\r\n                <tr style="text-align:center;" >\r\n                    \r\n                    \r\n                    <form action="/foods/doedit/吃饱" method="POST">\r\n                <tr style="text-align:center;" >\r\n                    \r\n                    \r\n                    <form action="/foods/doedit/大哥" method="POST">\r\n                <tr style="text-align:center;" >\r\n                    \r\n                    \r\n                    <form action="/foods/doedit/加队" method="POST">\r\n                <tr style="text-align:center;" >\r\n                    \r\n                    \r\n                    <form action="/foods/doedit/冲冲冲" method="POST">\r\n                <tr style="text-align:center;" >\r\n                    \r\n                    \r\n                </tr>\r\n            </tbody>\r\n        </table> \r\n\r\n        </div>\r\n  \r\n        </div>\r\n    </div>\r\n</body>\r\n</html>' } }
[2020-04-25T14:13:58.573] [INFO] response - { method: 'GET',
  url: '/foods/foodlist',
  body: {},
  costTime: 15,
  response:
   { status: 200,
     message: 'OK',
     header:
      [Object: null prototype] {
        vary: 'Origin',
        'access-control-allow-origin': 'http://localhost:8080',
        'access-control-allow-credentials': 'true',
        'access-control-expose-headers': 'WWW-Authenticate,Server-Authorization',
        'content-type': 'text/html; charset=utf-8',
        'content-length': '8875' },
     body:
      '<!DOCTYPE html>\r\n<html lang="en">\r\n<head>\r\n    <meta charset="UTF-8">\r\n    <meta name="viewport" content="width=device-width, initial-scale=1.0">\r\n    <meta http-equiv="X-UA-Compatible" content="ie=edge">\r\n    <link type="text/css" rel="stylesheet" href="/stylesheets/bootstrap.min.css" />\r\n    <title>食品订单</title>\r\n</head>\r\n<body>\r\n\r\n\r\n<!-- 食品分页 -->\r\n<div class="pull-left" style="margin-left:88px">\r\n  <ul class="pagination" id="paginator-example">\r\n    <li><a href="/foods/foodlist">首页</a></li>\r\n     <!-- 使用parseInt()函数可解析一个字符串,并返回一个整数 -->\r\n    <li><a href="/foods/foodlist?page=1">上一页</a></li>\r\n    <!-- ?指的是分页链接 向action或者jsp传参 通过?前面链接来处理分页 并通过url传参的形式将page=多少传给链接 -->\r\n    <li><a href="/foods/foodlist?page=2">下一页</a></li>\r\n    <!-- 后面的?在这里指的是条件表达式，前面的成立就返回，否则就返回后面 -->\r\n    <li><a href="/foods/foodlist?page=2">尾页</a></li>\r\n    <li><a href="./zhenjia"><span style="color: rgb(67, 198, 250); font-weight: bolder;">增加订单</span></a></li>\r\n  </ul>\r\n</div>\r\n\r\n\r\n<!-- 搜索框 --> \r\n<div class="suo">\r\n   \r\n      <form action="/foods/foodlist" method="POST">\r\n            <div class="col-md-offset-2 col-md-3 " style="padding:20px 3px;">\r\n                    <!-- from-control的效果 宽度为100% 边框为浅灰色 控件具有4px的圆角 阴影效果，元素得到焦点时，阴影和边框效果会发生变化设置 placeholder的颜色为#999 -->\r\n                    <input type="text" class="form-control" name="chaxun" value="" placeholder="请输入订单号或昵称">\r\n                    <!-- col-md-offset-3（在左侧补充3列）col-md-push-8（从左侧往右侧推8列）col-md-pull-2（往左侧拉2列）  -->\r\n                    </div>\r\n            <div class="col-md-2" style="padding:20px 3px;">\r\n                    <!-- col-xs-6 col-md-3  在超小屏幕中占6列 在中单屏幕中占3列  bootstrap栅格系统中的列是通过指定1到12的值来表示其跨越的范围-->\r\n                    <button type="submit" class="btn btn-info">查询</button>   \r\n                    </div>  \r\n        </form>\r\n  </div>\r\n\r\n\r\n<!--所有订单列表-->\r\n    <div class="dingdan">\r\n        <div class="col-md-10 col-md-offset-1" style="padding: 0;">\r\n        <table class="table table-striped table-hover table-bordered">\r\n           <!-- table-hover：鼠标悬停高亮的表格 table-bordered：带边框的表格 table-striped：斑马线表格 -->\r\n            <thead >\r\n              <tr class="biao" >\r\n                <th >序号</th>\r\n                <th>订单号</th>\r\n                <th style="text-align:center;">昵称</th>\r\n                <th style="text-align:center;">联系方式</th>\r\n                <th style="text-align:center;">申请时间</th>\r\n                <th style="text-align:center;">审核状态</th>\r\n                <th style="text-align:center;">审核人</th>\r\n                <th style="text-align:center;">订单进展</th>\r\n                <th colspan="2" style="text-align:center;">操作</th>\r\n              </tr>\r\n            </thead>\r\n            <tbody>\r\n              \r\n                <tr style="text-align:center;">\r\n                    \r\n                    <td>1</td>  \r\n                    <td>1001</td>\r\n                    <td>吃东西</td>\r\n                    <td>12345678</td>\r\n                    <td>2020-04-25 </td>\r\n                    <td><span style="color:rgb(255, 25, 25);font-weight:bolder; font-size:14px;" >\r\n                      \r\n                          审核失败\r\n                          </span></td>\r\n                        <td>jordan</td>\r\n                        <td><span style="color:rgb(14, 211, 119);font-weight:bolder; font-size:14px;" >\r\n                          </span></td>\r\n                    <td><a href="/foods/edit/吃东西" class="btn btn-info">审核</a></td>\r\n                    <td><a href="/foods/delect/吃东西" class="btn btn-danger">删除</a></td>\r\n                    \r\n                    \r\n                <tr style="text-align:center;">\r\n                    \r\n                    <td>2</td>  \r\n                    <td>1001</td>\r\n                    <td>喝水</td>\r\n                    <td>123456789</td>\r\n                    <td>2020-04-25 </td>\r\n                    <td><span style="color:rgb(255, 25, 25);font-weight:bolder; font-size:14px;" >\r\n                      \r\n                          审核失败\r\n                          </span></td>\r\n                        <td>child</td>\r\n                        <td><span style="color:rgb(14, 211, 119);font-weight:bolder; font-size:14px;" >\r\n                          </span></td>\r\n                    <td><a href="/foods/edit/喝水" class="btn btn-info">审核</a></td>\r\n                    <td><a href="/foods/delect/喝水" class="btn btn-danger">删除</a></td>\r\n                    \r\n                    \r\n                <tr style="text-align:center;">\r\n                    \r\n                    <td>3</td>  \r\n                    <td>1001</td>\r\n                    <td>黑眼圈</td>\r\n                    <td>1234567890</td>\r\n                    <td>2020-04-25 </td>\r\n                    <td><span style="color:rgb(255, 25, 25);font-weight:bolder; font-size:14px;" >\r\n                      \r\n                        审核成功\r\n                        </span></td>\r\n                        <td>kobe</td>\r\n                        <td><span style="color:rgb(14, 211, 119);font-weight:bolder; font-size:14px;" >\r\n                          \r\n                            已取单\r\n                            </span></td>\r\n                    <td><a href="/foods/edit/黑眼圈" class="btn btn-info">审核</a></td>\r\n                    <td><a href="/foods/delect/黑眼圈" class="btn btn-danger">删除</a></td>\r\n                    \r\n                    \r\n                <tr style="text-align:center;">\r\n                    \r\n                    <td>4</td>  \r\n                    <td>1001</td>\r\n                    <td>优秀</td>\r\n                    <td>12456321</td>\r\n                    <td>2020-04-27 </td>\r\n                    <td><span style="color:rgb(255, 25, 25);font-weight:bolder; font-size:14px;" >\r\n                      \r\n                        审核成功\r\n                        </span></td>\r\n                        <td>kobe</td>\r\n                        <td><span style="color:rgb(14, 211, 119);font-weight:bolder; font-size:14px;" >\r\n                          </span></td>\r\n                    <td><a href="/foods/edit/优秀" class="btn btn-info">审核</a></td>\r\n                    <td><a href="/foods/delect/优秀" class="btn btn-danger">删除</a></td>\r\n                    \r\n                    \r\n                <tr style="text-align:center;">\r\n                    \r\n                    <td>5</td>  \r\n                    <td>1004</td>\r\n                    <td>大米</td>\r\n                    <td>23232323</td>\r\n                    <td>2020-04-30 </td>\r\n                    <td><span style="color:rgb(255, 25, 25);font-weight:bolder; font-size:14px;" >\r\n                      \r\n                          审核失败\r\n                          </span></td>\r\n                        <td>kobe</td>\r\n                        <td><span style="color:rgb(14, 211, 119);font-weight:bolder; font-size:14px;" >\r\n                          </span></td>\r\n                    <td><a href="/foods/edit/大米" class="btn btn-info">审核</a></td>\r\n                    <td><a href="/foods/delect/大米" class="btn btn-danger">删除</a></td>\r\n                    \r\n                    \r\n                <tr style="text-align:center;">\r\n                    \r\n                    <td>6</td>  \r\n                    <td>1004</td>\r\n                    <td>吃饱</td>\r\n                    <td>32323323</td>\r\n                    <td>2020-05-01 </td>\r\n                    <td><span style="color:rgb(255, 25, 25);font-weight:bolder; font-size:14px;" >\r\n                      \r\n                        审核成功\r\n                        </span></td>\r\n                        <td>kobe</td>\r\n                        <td><span style="color:rgb(14, 211, 119);font-weight:bolder; font-size:14px;" >\r\n                          </span></td>\r\n                    <td><a href="/foods/edit/吃饱" class="btn btn-info">审核</a></td>\r\n                    <td><a href="/foods/delect/吃饱" class="btn btn-danger">删除</a></td>\r\n                    \r\n                    \r\n                </tr>\r\n            </tbody>\r\n        </table>\r\n        </div>\r\n\r\n\r\n<!-- 分页记录 -->\r\n    <div class="pull-right" style="margin-right:88px ;">  <!-- 整体右浮动  -->\r\n            当前1/2页 共9条记录\r\n    </div>\r\n        \r\n</body>\r\n</html>' } }
[2020-04-25T14:13:59.029] [INFO] response - { method: 'GET',
  url: '/allfoods/allfoodlist',
  body: {},
  costTime: 14,
  response:
   { status: 200,
     message: 'OK',
     header:
      [Object: null prototype] {
        vary: 'Origin',
        'access-control-allow-origin': 'http://localhost:8080',
        'access-control-allow-credentials': 'true',
        'access-control-expose-headers': 'WWW-Authenticate,Server-Authorization',
        'content-type': 'text/html; charset=utf-8',
        'content-length': '6201' },
     body:
      '<!DOCTYPE html>\r\n<html lang="en">\r\n<head>\r\n    <meta charset="UTF-8">\r\n    <meta name="viewport" content="width=device-width, initial-scale=1.0">\r\n    <meta http-equiv="X-UA-Compatible" content="ie=edge">\r\n    <link type="text/css" rel="stylesheet" href="/stylesheets/bootstrap.min.css" />\r\n    <script src="/javascripts/jquery.min.js"></script>\r\n    <script src="/javascripts/jqPaginator.js"></script>\r\n    <title>食品清单</title>\r\n</head>\r\n<body>\r\n\r\n<!-- 食品分页 -->\r\n<div class="pull-left" style="margin-left:102px">\r\n      <ul class="pagination">\r\n            <li><a href="/allfoods/allfoodlist">首页</a></li>\r\n            <!-- 使用parseInt()函数可解析一个字符串,并返回一个整数 -->\r\n            <li><a href="/allfoods/allfoodlist?page=1">上一页</a></li>\r\n            <!-- ?指的是分页链接 向action或者jsp传参 通过?前面链接来处理分页 并通过url传参的形式将page=多少传给链接 -->\r\n            <li><a href="/allfoods/allfoodlist?page=2" >下一页</a></li>\r\n            <!-- 后面的?在这里指的是条件表达式，前面的成立就返回，否则就返回后面 -->\r\n            <li><a href="/allfoods/allfoodlist?page=3">尾页</a></li>\r\n            <li><a href="./zjia"><span style="color: rgb(67, 198, 250); font-weight: bolder;">添加食品</span></a></li>\r\n      </ul>\r\n</div>\r\n\r\n\r\n<!-- 搜索框 --> \r\n<div class="suo" >\r\n    <form action="/allfoods/suo" method="POST">\r\n          <div class="col-md-offset-2 col-md-3 " style="padding:20px 3px;">\r\n              <!-- from-control的效果 宽度为100% 边框为浅灰色 控件具有4px的圆角 阴影效果，元素得到焦点时，阴影和边框效果会发生变化设置 placeholder的颜色为#999 -->\r\n              <input type="text" class="form-control" name="chaxun"   placeholder="请输入单价或食品名称">\r\n              <!-- col-md-offset-3（在左侧补充3列）col-md-push-8（从左侧往右侧推8列）col-md-pull-2（往左侧拉2列）  -->\r\n              </div>\r\n          <div class="col-md-2" style="padding:20px 3px;">\r\n              <!-- col-xs-6 col-md-3  在超小屏幕中占6列 在中单屏幕中占3列  bootstrap栅格系统中的列是通过指定1到12的值来表示其跨越的范围-->\r\n              <button type="submit" class="btn btn-info" >查询</button>   \r\n              </div>  \r\n        \r\n   </form>\r\n</div>\r\n  \r\n\r\n\r\n<!--所有食品列表-->\r\n    <div class="allfood">\r\n        <div class="col-md-10 col-md-offset-1">\r\n        <!-- table-hover：鼠标悬停高亮的表格 table-bordered：带边框的表格 table-striped：斑马线表格 -->\r\n        <table class="table table-striped table-hover table-bordered">\r\n            <thead>\r\n              <tr class="biao">\r\n                <th style="text-align:center;">序号</th>\r\n                <th style="text-align:center;">食品</th>\r\n                <th style="text-align:center;">单价(斤)</th>\r\n                <th style="text-align:center;">数量</th>\r\n                <th colspan="2" style="text-align:center;">操作</th>\r\n              </tr>\r\n            </thead>\r\n            <tbody>\r\n              \r\n                <tr style="text-align:center;">\r\n                    <td>1</td>  \r\n                    <td>鸡肉</td>\r\n                    <td>20</td>\r\n                    <td><span style="color:rgb(243, 58, 45); font-weight: bolder">2</span></td>\r\n                    <td><a href="/allfoods/edit/鸡肉" class="btn btn-info">编辑</a></td>\r\n                    <td><a href="/allfoods/delect/鸡肉" class="btn btn-danger">售罄</a></td>\r\n                    \r\n                <tr style="text-align:center;">\r\n                    <td>2</td>  \r\n                    <td>五花肉</td>\r\n                    <td>35</td>\r\n                    <td><span style="color:rgb(243, 58, 45); font-weight: bolder">0</span></td>\r\n                    <td><a href="/allfoods/edit/五花肉" class="btn btn-info">编辑</a></td>\r\n                    <td><a href="/allfoods/delect/五花肉" class="btn btn-danger">售罄</a></td>\r\n                    \r\n                <tr style="text-align:center;">\r\n                    <td>3</td>  \r\n                    <td>牛肉</td>\r\n                    <td>55</td>\r\n                    <td><span style="color:rgb(243, 58, 45); font-weight: bolder">12</span></td>\r\n                    <td><a href="/allfoods/edit/牛肉" class="btn btn-info">编辑</a></td>\r\n                    <td><a href="/allfoods/delect/牛肉" class="btn btn-danger">售罄</a></td>\r\n                    \r\n                <tr style="text-align:center;">\r\n                    <td>4</td>  \r\n                    <td>大葱</td>\r\n                    <td>1.2</td>\r\n                    <td><span style="color:rgb(243, 58, 45); font-weight: bolder">5</span></td>\r\n                    <td><a href="/allfoods/edit/大葱" class="btn btn-info">编辑</a></td>\r\n                    <td><a href="/allfoods/delect/大葱" class="btn btn-danger">售罄</a></td>\r\n                    \r\n                <tr style="text-align:center;">\r\n                    <td>5</td>  \r\n                    <td>茄子</td>\r\n                    <td>8</td>\r\n                    <td><span style="color:rgb(243, 58, 45); font-weight: bolder">8</span></td>\r\n                    <td><a href="/allfoods/edit/茄子" class="btn btn-info">编辑</a></td>\r\n                    <td><a href="/allfoods/delect/茄子" class="btn btn-danger">售罄</a></td>\r\n                    \r\n                <tr style="text-align:center;">\r\n                    <td>6</td>  \r\n                    <td>土豆</td>\r\n                    <td>8</td>\r\n                    <td><span style="color:rgb(243, 58, 45); font-weight: bolder">0</span></td>\r\n                    <td><a href="/allfoods/edit/土豆" class="btn btn-info">编辑</a></td>\r\n                    <td><a href="/allfoods/delect/土豆" class="btn btn-danger">售罄</a></td>\r\n                    \r\n                </tr>\r\n            </tbody>\r\n        </table>\r\n        </div>\r\n\r\n<!-- 分页记录 -->\r\n<div class="pull-right" style="margin-right:88px ;">  <!-- 整体右浮动  -->\r\n  当前1/3页 共16条记录\r\n</div>\r\n\r\n</body>\r\n</html>\r\n' } }
[2020-04-25T14:13:59.470] [INFO] response - { method: 'GET',
  url: '/foods/finish',
  body: {},
  costTime: 35,
  response:
   { status: 200,
     message: 'OK',
     header:
      [Object: null prototype] {
        vary: 'Origin',
        'access-control-allow-origin': 'http://localhost:8080',
        'access-control-allow-credentials': 'true',
        'access-control-expose-headers': 'WWW-Authenticate,Server-Authorization',
        'content-type': 'text/html; charset=utf-8',
        'content-length': '6942' },
     body:
      '<!DOCTYPE html>\r\n<html lang="en">\r\n<head>\r\n    <meta charset="UTF-8">\r\n    <meta name="viewport" content="width=device-width, initial-scale=1.0">\r\n    <meta http-equiv="X-UA-Compatible" content="ie=edge">\r\n    <link type="text/css" rel="stylesheet" href="/stylesheets/bootstrap.min.css" />\r\n    <title>取货订单</title>\r\n</head>\r\n<body>\r\n\r\n<!-- 食品分页 -->\r\n<div class="pull-left" style="margin-left:100px">\r\n    <ul class="pagination" id="paginator-example">\r\n      <li><a href="/foods/finish">首页</a></li>\r\n       <!-- 使用parseInt()函数可解析一个字符串,并返回一个整数 -->\r\n      <li><a href="/foods/finish?page=1">上一页</a></li>\r\n      <!-- ?指的是分页链接 向action或者jsp传参 通过?前面链接来处理分页 并通过url传参的形式将page=多少传给链接 -->\r\n      <li><a href="/foods/finish?page=1">下一页</a></li>\r\n      <!-- 后面的?在这里指的是条件表达式，前面的成立就返回，否则就返回后面 -->\r\n      <li><a href="/foods/finish?page=1">尾页</a></li>\r\n    </ul>\r\n  </div>\r\n\r\n\r\n<!-- 搜索框 --> \r\n<div class="suo">\r\n    <form action="/foods/finish" method="POST">\r\n        <div class="col-md-offset-2 col-md-3 " style="padding:20px 3px;">\r\n                <!-- from-control的效果 宽度为100% 边框为浅灰色 控件具有4px的圆角 阴影效果，元素得到焦点时，阴影和边框效果会发生变化设置 placeholder的颜色为#999 -->\r\n                <input type="text" class="form-control" name="chaxun" value="" placeholder="请输入订单号或食品昵称">\r\n                <!-- col-md-offset-3（在左侧补充3列）col-md-push-8（从左侧往右侧推8列）col-md-pull-2（往左侧拉2列）  -->\r\n                </div>\r\n        <div class="col-md-2" style="padding:20px 3px;">\r\n                <!-- col-xs-6 col-md-3  在超小屏幕中占6列 在中单屏幕中占3列  bootstrap栅格系统中的列是通过指定1到12的值来表示其跨越的范围-->\r\n                <button type="submit" class="btn btn-info">查询</button>   \r\n                </div>  \r\n    </form>\r\n</div>\r\n\r\n\r\n<!--取货订单-->\r\n    <div class="huo">\r\n        <div class="col-md-10 col-md-offset-1">\r\n        <table class="table table-striped table-hover table-bordered" >\r\n              <!-- table-hover：鼠标悬停高亮的表格 table-bordered：带边框的表格 table-striped：斑马线表格 -->\r\n            <thead>\r\n                <tr class="biao">\r\n                   <th style="text-align:center;">订单号</th>\r\n                   <th style="text-align:center;">审核状态</th>\r\n                   <th style="text-align:center;">审核人</th>\r\n                   <th style="text-align:center;">取货进展</th>\r\n                   <th colspan="3" style="text-align:center;">操作</th>\r\n                </tr>\r\n            </thead>\r\n             <tbody>\r\n                 \r\n                <form action="/foods/doedit/1001" method="POST">\r\n                    <tr style="text-align:center;">\r\n                          \r\n                            <td>1001</td>  \r\n                            <td>\r\n                                \r\n                                    审核成功\r\n                             </td>\r\n                             <td>kobe</td>\r\n                              <td><span style="color:rgb(255, 25, 25);font-weight:bolder; font-size:14px;" >\r\n                                  \r\n                                        已取单</span>\r\n                              </td>\r\n                              <td><a href="/foods/jing/黑眼圈"   class="btn btn-info">进展</a></td>\r\n                              <td><a href="/foods/lahei/黑眼圈"  class="btn btn-success">拉黑</a></td>\r\n                              <td><a href="/foods/delect/黑眼圈" class="btn btn-danger">结束</a></td>\r\n                             \r\n                <form action="/foods/doedit/1001" method="POST">\r\n                    <tr style="text-align:center;">\r\n                          \r\n                            <td>1001</td>  \r\n                            <td>\r\n                                \r\n                                    审核成功\r\n                             </td>\r\n                             <td>kobe</td>\r\n                              <td><span style="color:rgb(255, 25, 25);font-weight:bolder; font-size:14px;" >\r\n                                  </span>\r\n                              </td>\r\n                              <td><a href="/foods/jing/优秀"   class="btn btn-info">进展</a></td>\r\n                              <td><a href="/foods/lahei/优秀"  class="btn btn-success">拉黑</a></td>\r\n                              <td><a href="/foods/delect/优秀" class="btn btn-danger">结束</a></td>\r\n                             \r\n                <form action="/foods/doedit/1004" method="POST">\r\n                    <tr style="text-align:center;">\r\n                          \r\n                            <td>1004</td>  \r\n                            <td>\r\n                                \r\n                                    审核成功\r\n                             </td>\r\n                             <td>kobe</td>\r\n                              <td><span style="color:rgb(255, 25, 25);font-weight:bolder; font-size:14px;" >\r\n                                  </span>\r\n                              </td>\r\n                              <td><a href="/foods/jing/吃饱"   class="btn btn-info">进展</a></td>\r\n                              <td><a href="/foods/lahei/吃饱"  class="btn btn-success">拉黑</a></td>\r\n                              <td><a href="/foods/delect/吃饱" class="btn btn-danger">结束</a></td>\r\n                             \r\n                <form action="/foods/doedit/1004" method="POST">\r\n                    <tr style="text-align:center;">\r\n                          \r\n                            <td>1004</td>  \r\n                            <td>\r\n                                \r\n                                    审核成功\r\n                             </td>\r\n                             <td>kobe</td>\r\n                              <td><span style="color:rgb(255, 25, 25);font-weight:bolder; font-size:14px;" >\r\n                                  </span>\r\n                              </td>\r\n                              <td><a href="/foods/jing/大哥"   class="btn btn-info">进展</a></td>\r\n                              <td><a href="/foods/lahei/大哥"  class="btn btn-success">拉黑</a></td>\r\n                              <td><a href="/foods/delect/大哥" class="btn btn-danger">结束</a></td>\r\n                            \r\n                        </tr>\r\n              </form>\r\n         </tbody>\r\n    </table>\r\n</div>\r\n  \r\n\r\n <!-- 分页记录 -->\r\n <div class="pull-right" style="margin-right:88px ;">  <!-- 整体右浮动  -->\r\n    当前1/1页 共4条记录\r\n</div>     \r\n \r\n</body>\r\n</html>' } }
[2020-04-25T14:38:39.453] [INFO] response - { method: 'GET',
  url: '/api/users/userinfo',
  body: {},
  costTime: 168,
  response:
   { status: 200,
     message: 'OK',
     header:
      [Object: null prototype] {
        vary: 'Origin',
        'access-control-allow-origin': 'http://localhost:8080',
        'access-control-allow-credentials': 'true',
        'access-control-expose-headers': 'WWW-Authenticate,Server-Authorization',
        'content-type': 'application/json; charset=utf-8' },
     body: { data: [Object] } } }
[2020-04-25T14:38:39.802] [INFO] response - { method: 'GET',
  url: '/api/foods/allfoodinfo',
  body: {},
  costTime: 194,
  response:
   { status: 200,
     message: 'OK',
     header:
      [Object: null prototype] {
        vary: 'Origin',
        'access-control-allow-origin': 'http://localhost:8080',
        'access-control-allow-credentials': 'true',
        'access-control-expose-headers': 'WWW-Authenticate,Server-Authorization',
        'content-type': 'application/json; charset=utf-8' },
     body: { data: [Object] } } }
[2020-04-25T14:43:44.394] [INFO] response - { method: 'GET',
  url: '/api/users/userinfo',
  body: {},
  costTime: 33,
  response:
   { status: 200,
     message: 'OK',
     header:
      [Object: null prototype] {
        vary: 'Origin',
        'access-control-allow-origin': 'http://localhost:8080',
        'access-control-allow-credentials': 'true',
        'access-control-expose-headers': 'WWW-Authenticate,Server-Authorization',
        'content-type': 'application/json; charset=utf-8' },
     body: { data: [Object] } } }
[2020-04-25T14:43:44.637] [INFO] response - { method: 'GET',
  url: '/api/users/userinfo',
  body: {},
  costTime: 25,
  response:
   { status: 200,
     message: 'OK',
     header:
      [Object: null prototype] {
        vary: 'Origin',
        'access-control-allow-origin': 'http://localhost:8080',
        'access-control-allow-credentials': 'true',
        'access-control-expose-headers': 'WWW-Authenticate,Server-Authorization',
        'content-type': 'application/json; charset=utf-8' },
     body: { data: [Object] } } }
[2020-04-25T15:16:12.613] [INFO] response - { method: 'GET',
  url: '/api/users/userinfo',
  body: {},
  costTime: 56,
  response:
   { status: 401,
     message: 'Unauthorized',
     header:
      [Object: null prototype] {
        vary: 'Origin',
        'access-control-allow-origin': 'http://localhost:8080',
        'access-control-allow-credentials': 'true',
        'access-control-expose-headers': 'WWW-Authenticate,Server-Authorization',
        'content-type': 'text/plain; charset=utf-8',
        'content-length': '12' },
     body: 'Unauthorized' } }
[2020-04-25T15:16:21.899] [INFO] response - { method: 'POST',
  url: '/api/users/postlogin',
  body: { user_id: '1001', password: '10' },
  costTime: 75,
  response:
   { status: 200,
     message: 'OK',
     header:
      [Object: null prototype] {
        vary: 'Origin',
        'access-control-allow-origin': 'http://localhost:8080',
        'access-control-allow-credentials': 'true',
        'access-control-expose-headers': 'WWW-Authenticate,Server-Authorization',
        'content-type': 'application/json; charset=utf-8' },
     body: { code: 1, data: [Object] } } }
[2020-04-25T15:16:22.008] [INFO] response - { method: 'GET',
  url: '/api/users/userinfo',
  body: {},
  costTime: 18,
  response:
   { status: 200,
     message: 'OK',
     header:
      [Object: null prototype] {
        vary: 'Origin',
        'access-control-allow-origin': 'http://localhost:8080',
        'access-control-allow-credentials': 'true',
        'access-control-expose-headers': 'WWW-Authenticate,Server-Authorization',
        'content-type': 'application/json; charset=utf-8' },
     body: { data: [Object] } } }
[2020-04-25T15:16:22.265] [INFO] response - { method: 'GET',
  url: '/api/foods/allfoodinfo',
  body: {},
  costTime: 40,
  response:
   { status: 200,
     message: 'OK',
     header:
      [Object: null prototype] {
        vary: 'Origin',
        'access-control-allow-origin': 'http://localhost:8080',
        'access-control-allow-credentials': 'true',
        'access-control-expose-headers': 'WWW-Authenticate,Server-Authorization',
        'content-type': 'application/json; charset=utf-8' },
     body: { data: [Object] } } }
[2020-04-25T15:16:23.902] [INFO] response - { method: 'GET',
  url: '/api/users/userinfo',
  body: {},
  costTime: 117,
  response:
   { status: 200,
     message: 'OK',
     header:
      [Object: null prototype] {
        vary: 'Origin',
        'access-control-allow-origin': 'http://localhost:8080',
        'access-control-allow-credentials': 'true',
        'access-control-expose-headers': 'WWW-Authenticate,Server-Authorization',
        'content-type': 'application/json; charset=utf-8' },
     body: { data: [Object] } } }
[2020-04-25T15:16:24.014] [INFO] response - { method: 'GET',
  url: '/api/foods/foodinfo',
  body: {},
  costTime: 63,
  response:
   { status: 200,
     message: 'OK',
     header:
      [Object: null prototype] {
        vary: 'Origin',
        'access-control-allow-origin': 'http://localhost:8080',
        'access-control-allow-credentials': 'true',
        'access-control-expose-headers': 'WWW-Authenticate,Server-Authorization',
        'content-type': 'application/json; charset=utf-8' },
     body: { data: [Object] } } }
[2020-04-25T15:28:43.812] [INFO] response - { method: 'GET',
  url: '/api/users/userinfo',
  body: {},
  costTime: 120,
  response:
   { status: 200,
     message: 'OK',
     header:
      [Object: null prototype] {
        vary: 'Origin',
        'access-control-allow-origin': 'http://localhost:8080',
        'access-control-allow-credentials': 'true',
        'access-control-expose-headers': 'WWW-Authenticate,Server-Authorization',
        'content-type': 'application/json; charset=utf-8' },
     body: { data: [Object] } } }
[2020-04-25T15:28:43.994] [INFO] response - { method: 'GET',
  url: '/api/users/userinfo',
  body: {},
  costTime: 131,
  response:
   { status: 200,
     message: 'OK',
     header:
      [Object: null prototype] {
        vary: 'Origin',
        'access-control-allow-origin': 'http://localhost:8080',
        'access-control-allow-credentials': 'true',
        'access-control-expose-headers': 'WWW-Authenticate,Server-Authorization',
        'content-type': 'application/json; charset=utf-8' },
     body: { data: [Object] } } }
[2020-04-25T15:33:57.306] [INFO] response - { method: 'GET',
  url: '/api/users/userinfo',
  body: {},
  costTime: 147,
  response:
   { status: 200,
     message: 'OK',
     header:
      [Object: null prototype] {
        vary: 'Origin',
        'access-control-allow-origin': 'http://localhost:8080',
        'access-control-allow-credentials': 'true',
        'access-control-expose-headers': 'WWW-Authenticate,Server-Authorization',
        'content-type': 'application/json; charset=utf-8' },
     body: { data: [Object] } } }
[2020-04-25T15:33:58.044] [INFO] response - { method: 'GET',
  url: '/api/users/userinfo',
  body: {},
  costTime: 21,
  response:
   { status: 200,
     message: 'OK',
     header:
      [Object: null prototype] {
        vary: 'Origin',
        'access-control-allow-origin': 'http://localhost:8080',
        'access-control-allow-credentials': 'true',
        'access-control-expose-headers': 'WWW-Authenticate,Server-Authorization',
        'content-type': 'application/json; charset=utf-8' },
     body: { data: [Object] } } }
[2020-04-25T15:36:26.082] [INFO] response - { method: 'GET',
  url: '/api/users/userinfo',
  body: {},
  costTime: 89,
  response:
   { status: 200,
     message: 'OK',
     header:
      [Object: null prototype] {
        vary: 'Origin',
        'access-control-allow-origin': 'http://localhost:8080',
        'access-control-allow-credentials': 'true',
        'access-control-expose-headers': 'WWW-Authenticate,Server-Authorization',
        'content-type': 'application/json; charset=utf-8' },
     body: { data: [Object] } } }
[2020-04-25T15:38:04.161] [INFO] response - { method: 'GET',
  url: '/api/users/userinfo',
  body: {},
  costTime: 30,
  response:
   { status: 200,
     message: 'OK',
     header:
      [Object: null prototype] {
        vary: 'Origin',
        'access-control-allow-origin': 'http://localhost:8080',
        'access-control-allow-credentials': 'true',
        'access-control-expose-headers': 'WWW-Authenticate,Server-Authorization',
        'content-type': 'application/json; charset=utf-8' },
     body: { data: [Object] } } }
[2020-04-25T15:38:24.071] [INFO] response - { method: 'GET',
  url: '/api/users/userinfo',
  body: {},
  costTime: 52,
  response:
   { status: 200,
     message: 'OK',
     header:
      [Object: null prototype] {
        vary: 'Origin',
        'access-control-allow-origin': 'http://localhost:8080',
        'access-control-allow-credentials': 'true',
        'access-control-expose-headers': 'WWW-Authenticate,Server-Authorization',
        'content-type': 'application/json; charset=utf-8' },
     body: { data: [Object] } } }
[2020-04-25T15:38:31.329] [INFO] response - { method: 'POST',
  url: '/api/users/postlogin',
  body: { user_id: '1003', password: '10' },
  costTime: 9,
  response:
   { status: 200,
     message: 'OK',
     header:
      [Object: null prototype] {
        vary: 'Origin',
        'access-control-allow-origin': 'http://localhost:8080',
        'access-control-allow-credentials': 'true',
        'access-control-expose-headers': 'WWW-Authenticate,Server-Authorization',
        'content-type': 'application/json; charset=utf-8' },
     body: { code: 1, data: [Object] } } }
[2020-04-25T15:38:31.693] [INFO] response - { method: 'GET',
  url: '/api/users/userinfo',
  body: {},
  costTime: 112,
  response:
   { status: 200,
     message: 'OK',
     header:
      [Object: null prototype] {
        vary: 'Origin',
        'access-control-allow-origin': 'http://localhost:8080',
        'access-control-allow-credentials': 'true',
        'access-control-expose-headers': 'WWW-Authenticate,Server-Authorization',
        'content-type': 'application/json; charset=utf-8' },
     body: { data: [Object] } } }
[2020-04-25T15:38:31.763] [INFO] response - { method: 'GET',
  url: '/api/foods/allfoodinfo',
  body: {},
  costTime: 33,
  response:
   { status: 200,
     message: 'OK',
     header:
      [Object: null prototype] {
        vary: 'Origin',
        'access-control-allow-origin': 'http://localhost:8080',
        'access-control-allow-credentials': 'true',
        'access-control-expose-headers': 'WWW-Authenticate,Server-Authorization',
        'content-type': 'application/json; charset=utf-8' },
     body: { data: [Object] } } }
[2020-04-25T15:38:33.233] [INFO] response - { method: 'GET',
  url: '/api/users/userinfo',
  body: {},
  costTime: 56,
  response:
   { status: 200,
     message: 'OK',
     header:
      [Object: null prototype] {
        vary: 'Origin',
        'access-control-allow-origin': 'http://localhost:8080',
        'access-control-allow-credentials': 'true',
        'access-control-expose-headers': 'WWW-Authenticate,Server-Authorization',
        'content-type': 'application/json; charset=utf-8' },
     body: { data: [Object] } } }
[2020-04-25T15:38:33.464] [INFO] response - { method: 'GET',
  url: '/api/users/userinfo',
  body: {},
  costTime: 22,
  response:
   { status: 200,
     message: 'OK',
     header:
      [Object: null prototype] {
        vary: 'Origin',
        'access-control-allow-origin': 'http://localhost:8080',
        'access-control-allow-credentials': 'true',
        'access-control-expose-headers': 'WWW-Authenticate,Server-Authorization',
        'content-type': 'application/json; charset=utf-8' },
     body: { data: [Object] } } }
[2020-04-25T15:38:57.815] [INFO] response - { method: 'GET',
  url: '/api/users/userinfo',
  body: {},
  costTime: 23,
  response:
   { status: 200,
     message: 'OK',
     header:
      [Object: null prototype] {
        vary: 'Origin',
        'access-control-allow-origin': 'http://localhost:8080',
        'access-control-allow-credentials': 'true',
        'access-control-expose-headers': 'WWW-Authenticate,Server-Authorization',
        'content-type': 'application/json; charset=utf-8' },
     body: { data: [Object] } } }
[2020-04-25T15:38:58.066] [INFO] response - { method: 'GET',
  url: '/api/foods/allfoodinfo',
  body: {},
  costTime: 20,
  response:
   { status: 200,
     message: 'OK',
     header:
      [Object: null prototype] {
        vary: 'Origin',
        'access-control-allow-origin': 'http://localhost:8080',
        'access-control-allow-credentials': 'true',
        'access-control-expose-headers': 'WWW-Authenticate,Server-Authorization',
        'content-type': 'application/json; charset=utf-8' },
     body: { data: [Object] } } }
[2020-04-25T15:39:41.251] [INFO] response - { method: 'GET',
  url: '/api/foods/allfoodinfo',
  body: {},
  costTime: 117,
  response:
   { status: 200,
     message: 'OK',
     header:
      [Object: null prototype] {
        vary: 'Origin',
        'access-control-allow-origin': 'http://localhost:8080',
        'access-control-allow-credentials': 'true',
        'access-control-expose-headers': 'WWW-Authenticate,Server-Authorization',
        'content-type': 'application/json; charset=utf-8' },
     body: { data: [Object] } } }
