[2019-12-02T00:00:44.048] [INFO] response - { method: 'POST',
  url: '/api/users/postlogin',
  body: { user_id: '1001', password: '123456' },
  costTime: 33,
  response: { status: 200,
     message: 'OK',
     header: 
      { vary: 'Origin',
        'access-control-allow-origin': 'http://localhost::8080',
        'access-control-allow-credentials': 'true',
        'access-control-expose-headers': 'WWW-Authenticate,Server-Authorization',
        'content-type': 'application/json; charset=utf-8' },
     body: { code: 1, data: [Object] } } }
[2019-12-02T00:00:44.078] [INFO] response - { method: 'GET',
  url: '/api/users/userinfo?token=Bearer+eyJhbGciOiJIUzI1NiIsInR5cCI6IkpXVCJ9.eyJ1c2VyX2lkIjoiMTAwMSIsInVzZXJfbmFtZSI6IuW8oOS4iSIsImlhdCI6MTU3NTIxNjA0NCwiZXhwIjoxNTc1MjE5NjQ0fQ.0qutkXmIi-lzhtCaYD1FBxlDgwmro_vFOBadJ_cKTPc',
  body: {},
  costTime: 1,
  response: { status: 401,
     message: 'Unauthorized',
     header: 
      { vary: 'Origin',
        'access-control-allow-origin': 'http://localhost::8080',
        'access-control-allow-credentials': 'true',
        'access-control-expose-headers': 'WWW-Authenticate,Server-Authorization',
        'content-type': 'text/plain; charset=utf-8',
        'content-length': '12' },
     body: 'Unauthorized' } }
[2019-12-02T00:04:29.550] [INFO] response - { method: 'POST',
  url: '/api/users/postlogin',
  body: { user_id: '1001', password: '123456' },
  costTime: 27,
  response: { status: 200,
     message: 'OK',
     header: 
      { vary: 'Origin',
        'access-control-allow-origin': 'http://localhost::8080',
        'access-control-allow-credentials': 'true',
        'access-control-expose-headers': 'WWW-Authenticate,Server-Authorization',
        'content-type': 'application/json; charset=utf-8' },
     body: { code: 1, data: [Object] } } }
[2019-12-02T00:04:29.690] [INFO] response - { method: 'GET',
  url: '/api/users/userinfo?token=Bearer+eyJhbGciOiJIUzI1NiIsInR5cCI6IkpXVCJ9.eyJ1c2VyX2lkIjoiMTAwMSIsInVzZXJfbmFtZSI6IuW8oOS4iSIsImlhdCI6MTU3NTIxNjI2OSwiZXhwIjoxNTc1MjE5ODY5fQ.f_qcxRR-v0UkgFBKWaM2fUcocDlEHYSW0G3bBj-caA0',
  body: {},
  costTime: 89,
  response: { status: 200,
     message: 'OK',
     header: 
      { vary: 'Origin',
        'access-control-allow-origin': 'http://localhost::8080',
        'access-control-allow-credentials': 'true',
        'access-control-expose-headers': 'WWW-Authenticate,Server-Authorization',
        'content-type': 'application/json; charset=utf-8' },
     body: { data: [Object] } } }
[2019-12-02T00:04:44.707] [INFO] response - { method: 'GET',
  url: '/api/users/userinfo?token=Bearer+eyJhbGciOiJIUzI1NiIsInR5cCI6IkpXVCJ9.eyJ1c2VyX2lkIjoiMTAwMSIsInVzZXJfbmFtZSI6IuW8oOS4iSIsImlhdCI6MTU3NTIxNjI2OSwiZXhwIjoxNTc1MjE5ODY5fQ.f_qcxRR-v0UkgFBKWaM2fUcocDlEHYSW0G3bBj-caA0',
  body: {},
  costTime: 50,
  response: { status: 200,
     message: 'OK',
     header: 
      { vary: 'Origin',
        'access-control-allow-origin': 'http://localhost::8080',
        'access-control-allow-credentials': 'true',
        'access-control-expose-headers': 'WWW-Authenticate,Server-Authorization',
        'content-type': 'application/json; charset=utf-8' },
     body: { data: [Object] } } }
[2019-12-02T00:08:53.322] [INFO] response - { method: 'POST',
  url: '/api/users/postlogin',
  body: { user_id: '1001', password: '123456' },
  costTime: 71,
  response: { status: 200,
     message: 'OK',
     header: 
      { vary: 'Origin',
        'access-control-allow-origin': 'http://localhost::8080',
        'access-control-allow-credentials': 'true',
        'access-control-expose-headers': 'WWW-Authenticate,Server-Authorization',
        'content-type': 'application/json; charset=utf-8' },
     body: { code: 1, data: [Object] } } }
[2019-12-02T00:08:53.572] [INFO] response - { method: 'GET',
  url: '/api/users/userinfo?token=Bearer+eyJhbGciOiJIUzI1NiIsInR5cCI6IkpXVCJ9.eyJ1c2VyX2lkIjoiMTAwMSIsInVzZXJfbmFtZSI6IuW8oOS4iSIsImlhdCI6MTU3NTIxNjUzMywiZXhwIjoxNTc1MjIwMTMzfQ.DtK2CF4PxUYZg4TAlBuaRY2pZRZNF2gGIoZ7fmE4EVQ',
  body: {},
  costTime: 80,
  response: { status: 200,
     message: 'OK',
     header: 
      { vary: 'Origin',
        'access-control-allow-origin': 'http://localhost::8080',
        'access-control-allow-credentials': 'true',
        'access-control-expose-headers': 'WWW-Authenticate,Server-Authorization',
        'content-type': 'application/json; charset=utf-8' },
     body: { data: [Object] } } }
[2019-12-02T00:11:50.324] [INFO] response - { method: 'POST',
  url: '/api/users/postlogin',
  body: { user_id: '1001', password: '123456' },
  costTime: 29,
  response: { status: 200,
     message: 'OK',
     header: 
      { vary: 'Origin',
        'access-control-allow-origin': 'http://localhost::8080',
        'access-control-allow-credentials': 'true',
        'access-control-expose-headers': 'WWW-Authenticate,Server-Authorization',
        'content-type': 'application/json; charset=utf-8' },
     body: { code: 1, data: [Object] } } }
[2019-12-02T00:11:50.381] [INFO] response - { method: 'GET',
  url: '/api/users/userinfo?token=Bearer+eyJhbGciOiJIUzI1NiIsInR5cCI6IkpXVCJ9.eyJ1c2VyX2lkIjoiMTAwMSIsInVzZXJfbmFtZSI6IuW8oOS4iSIsImlhdCI6MTU3NTIxNjcxMCwiZXhwIjoxNTc1MjIwMzEwfQ.DstuFqeJaLzcpYc4u6b7Gu3GbH15hNWMYPdemnTvMCQ',
  body: {},
  costTime: 1,
  response: { status: 401,
     message: 'Unauthorized',
     header: 
      { vary: 'Origin',
        'access-control-allow-origin': 'http://localhost::8080',
        'access-control-allow-credentials': 'true',
        'access-control-expose-headers': 'WWW-Authenticate,Server-Authorization',
        'content-type': 'text/plain; charset=utf-8',
        'content-length': '12' },
     body: 'Unauthorized' } }
[2019-12-02T00:11:53.669] [INFO] response - { method: 'POST',
  url: '/api/users/postlogin',
  body: { user_id: '1001', password: '123456' },
  costTime: 19,
  response: { status: 200,
     message: 'OK',
     header: 
      { vary: 'Origin',
        'access-control-allow-origin': 'http://localhost::8080',
        'access-control-allow-credentials': 'true',
        'access-control-expose-headers': 'WWW-Authenticate,Server-Authorization',
        'content-type': 'application/json; charset=utf-8' },
     body: { code: 1, data: [Object] } } }
[2019-12-02T00:11:54.009] [INFO] response - { method: 'GET',
  url: '/api/users/userinfo?token=Bearer+eyJhbGciOiJIUzI1NiIsInR5cCI6IkpXVCJ9.eyJ1c2VyX2lkIjoiMTAwMSIsInVzZXJfbmFtZSI6IuW8oOS4iSIsImlhdCI6MTU3NTIxNjcxMywiZXhwIjoxNTc1MjIwMzEzfQ.UpGQvlklRJYwoPvVxjQRnV0o1iJ4QhqT4ydvpwgRhD0',
  body: {},
  costTime: 1,
  response: { status: 401,
     message: 'Unauthorized',
     header: 
      { vary: 'Origin',
        'access-control-allow-origin': 'http://localhost::8080',
        'access-control-allow-credentials': 'true',
        'access-control-expose-headers': 'WWW-Authenticate,Server-Authorization',
        'content-type': 'text/plain; charset=utf-8',
        'content-length': '12' },
     body: 'Unauthorized' } }
[2019-12-02T00:11:59.494] [INFO] response - { method: 'POST',
  url: '/api/users/postlogin',
  body: { user_id: '1001', password: '123456' },
  costTime: 19,
  response: { status: 200,
     message: 'OK',
     header: 
      { vary: 'Origin',
        'access-control-allow-origin': 'http://localhost::8080',
        'access-control-allow-credentials': 'true',
        'access-control-expose-headers': 'WWW-Authenticate,Server-Authorization',
        'content-type': 'application/json; charset=utf-8' },
     body: { code: 1, data: [Object] } } }
[2019-12-02T00:11:59.826] [INFO] response - { method: 'GET',
  url: '/api/users/userinfo?token=Bearer+eyJhbGciOiJIUzI1NiIsInR5cCI6IkpXVCJ9.eyJ1c2VyX2lkIjoiMTAwMSIsInVzZXJfbmFtZSI6IuW8oOS4iSIsImlhdCI6MTU3NTIxNjcxOSwiZXhwIjoxNTc1MjIwMzE5fQ.bANKukwIbmha3j01mRa9SlDiTdEJsD08xkQit-3kSoY',
  body: {},
  costTime: 0,
  response: { status: 401,
     message: 'Unauthorized',
     header: 
      { vary: 'Origin',
        'access-control-allow-origin': 'http://localhost::8080',
        'access-control-allow-credentials': 'true',
        'access-control-expose-headers': 'WWW-Authenticate,Server-Authorization',
        'content-type': 'text/plain; charset=utf-8',
        'content-length': '12' },
     body: 'Unauthorized' } }
[2019-12-02T00:12:00.962] [INFO] response - { method: 'POST',
  url: '/api/users/postlogin',
  body: { user_id: '1001', password: '123456' },
  costTime: 22,
  response: { status: 200,
     message: 'OK',
     header: 
      { vary: 'Origin',
        'access-control-allow-origin': 'http://localhost::8080',
        'access-control-allow-credentials': 'true',
        'access-control-expose-headers': 'WWW-Authenticate,Server-Authorization',
        'content-type': 'application/json; charset=utf-8' },
     body: { code: 1, data: [Object] } } }
[2019-12-02T00:12:01.289] [INFO] response - { method: 'GET',
  url: '/api/users/userinfo?token=Bearer+eyJhbGciOiJIUzI1NiIsInR5cCI6IkpXVCJ9.eyJ1c2VyX2lkIjoiMTAwMSIsInVzZXJfbmFtZSI6IuW8oOS4iSIsImlhdCI6MTU3NTIxNjcyMCwiZXhwIjoxNTc1MjIwMzIwfQ.XqO_tof5J1bilNYf0UnJbwtZjJvrgsmZpKrHZOovYhY',
  body: {},
  costTime: 1,
  response: { status: 401,
     message: 'Unauthorized',
     header: 
      { vary: 'Origin',
        'access-control-allow-origin': 'http://localhost::8080',
        'access-control-allow-credentials': 'true',
        'access-control-expose-headers': 'WWW-Authenticate,Server-Authorization',
        'content-type': 'text/plain; charset=utf-8',
        'content-length': '12' },
     body: 'Unauthorized' } }
[2019-12-02T00:12:04.595] [INFO] response - { method: 'POST',
  url: '/api/users/postlogin',
  body: { user_id: '1001', password: '123456' },
  costTime: 19,
  response: { status: 200,
     message: 'OK',
     header: 
      { vary: 'Origin',
        'access-control-allow-origin': 'http://localhost::8080',
        'access-control-allow-credentials': 'true',
        'access-control-expose-headers': 'WWW-Authenticate,Server-Authorization',
        'content-type': 'application/json; charset=utf-8' },
     body: { code: 1, data: [Object] } } }
[2019-12-02T00:12:04.927] [INFO] response - { method: 'GET',
  url: '/api/users/userinfo?token=Bearer+eyJhbGciOiJIUzI1NiIsInR5cCI6IkpXVCJ9.eyJ1c2VyX2lkIjoiMTAwMSIsInVzZXJfbmFtZSI6IuW8oOS4iSIsImlhdCI6MTU3NTIxNjcyNCwiZXhwIjoxNTc1MjIwMzI0fQ.mQnTrQ6KFseV9jIabkRqdoMfEq4WKluZq27QrLeggK8',
  body: {},
  costTime: 1,
  response: { status: 401,
     message: 'Unauthorized',
     header: 
      { vary: 'Origin',
        'access-control-allow-origin': 'http://localhost::8080',
        'access-control-allow-credentials': 'true',
        'access-control-expose-headers': 'WWW-Authenticate,Server-Authorization',
        'content-type': 'text/plain; charset=utf-8',
        'content-length': '12' },
     body: 'Unauthorized' } }
[2019-12-02T00:12:41.722] [INFO] response - { method: 'POST',
  url: '/api/users/postlogin',
  body: { user_id: '1001', password: '123456' },
  costTime: 46,
  response: { status: 200,
     message: 'OK',
     header: 
      { vary: 'Origin',
        'access-control-allow-origin': 'http://localhost::8080',
        'access-control-allow-credentials': 'true',
        'access-control-expose-headers': 'WWW-Authenticate,Server-Authorization',
        'content-type': 'application/json; charset=utf-8' },
     body: { code: 1, data: [Object] } } }
[2019-12-02T00:12:41.888] [INFO] response - { method: 'GET',
  url: '/api/users/userinfo?token=Bearer+eyJhbGciOiJIUzI1NiIsInR5cCI6IkpXVCJ9.eyJ1c2VyX2lkIjoiMTAwMSIsInVzZXJfbmFtZSI6IuW8oOS4iSIsImlhdCI6MTU3NTIxNjc2MSwiZXhwIjoxNTc1MjIwMzYxfQ.aSRnsBSmA80cHYTcSydjQZ1dhohYU18qur0mgAsGvZ4',
  body: {},
  costTime: 99,
  response: { status: 200,
     message: 'OK',
     header: 
      { vary: 'Origin',
        'access-control-allow-origin': 'http://localhost::8080',
        'access-control-allow-credentials': 'true',
        'access-control-expose-headers': 'WWW-Authenticate,Server-Authorization',
        'content-type': 'application/json; charset=utf-8' },
     body: { data: [Object] } } }
[2019-12-02T00:13:03.967] [INFO] response - { method: 'POST',
  url: '/api/users/postlogin',
  body: { user_id: '1001', password: '123456' },
  costTime: 69,
  response: { status: 200,
     message: 'OK',
     header: 
      { vary: 'Origin',
        'access-control-allow-origin': 'http://localhost::8080',
        'access-control-allow-credentials': 'true',
        'access-control-expose-headers': 'WWW-Authenticate,Server-Authorization',
        'content-type': 'application/json; charset=utf-8' },
     body: { code: 1, data: [Object] } } }
[2019-12-02T00:13:04.123] [INFO] response - { method: 'GET',
  url: '/api/users/userinfo?token=Bearer+eyJhbGciOiJIUzI1NiIsInR5cCI6IkpXVCJ9.eyJ1c2VyX2lkIjoiMTAwMSIsInVzZXJfbmFtZSI6IuW8oOS4iSIsImlhdCI6MTU3NTIxNjc4MywiZXhwIjoxNTc1MjIwMzgzfQ.qFj6Myz2SBN_fyV2rVtt7G0cSMciyJpoR29O7Dv8Smg',
  body: {},
  costTime: 98,
  response: { status: 200,
     message: 'OK',
     header: 
      { vary: 'Origin',
        'access-control-allow-origin': 'http://localhost::8080',
        'access-control-allow-credentials': 'true',
        'access-control-expose-headers': 'WWW-Authenticate,Server-Authorization',
        'content-type': 'application/json; charset=utf-8' },
     body: { data: [Object] } } }
[2019-12-02T00:13:59.924] [INFO] response - { method: 'POST',
  url: '/api/users/postlogin',
  body: { user_id: '1001', password: '123456' },
  costTime: 45,
  response: { status: 200,
     message: 'OK',
     header: 
      { vary: 'Origin',
        'access-control-allow-origin': 'http://localhost::8080',
        'access-control-allow-credentials': 'true',
        'access-control-expose-headers': 'WWW-Authenticate,Server-Authorization',
        'content-type': 'application/json; charset=utf-8' },
     body: { code: 1, data: [Object] } } }
[2019-12-02T00:14:00.132] [INFO] response - { method: 'GET',
  url: '/api/users/userinfo?token=Bearer+eyJhbGciOiJIUzI1NiIsInR5cCI6IkpXVCJ9.eyJ1c2VyX2lkIjoiMTAwMSIsInVzZXJfbmFtZSI6IuW8oOS4iSIsImlhdCI6MTU3NTIxNjgzOSwiZXhwIjoxNTc1MjIwNDM5fQ.bwbaabkOdIwev01GF9sLJOx9P9E0v9dIxBkOUnf7rUM',
  body: {},
  costTime: 140,
  response: { status: 200,
     message: 'OK',
     header: 
      { vary: 'Origin',
        'access-control-allow-origin': 'http://localhost::8080',
        'access-control-allow-credentials': 'true',
        'access-control-expose-headers': 'WWW-Authenticate,Server-Authorization',
        'content-type': 'application/json; charset=utf-8' },
     body: { data: [Object] } } }
[2019-12-02T00:15:42.077] [INFO] response - { method: 'POST',
  url: '/api/users/postlogin',
  body: { user_id: '1001', password: '123456' },
  costTime: 26,
  response: { status: 200,
     message: 'OK',
     header: 
      { vary: 'Origin',
        'access-control-allow-origin': 'http://localhost::8080',
        'access-control-allow-credentials': 'true',
        'access-control-expose-headers': 'WWW-Authenticate,Server-Authorization',
        'content-type': 'application/json; charset=utf-8' },
     body: { code: 1, data: [Object] } } }
[2019-12-02T00:15:42.213] [INFO] response - { method: 'GET',
  url: '/api/users/userinfo?token=Bearer+eyJhbGciOiJIUzI1NiIsInR5cCI6IkpXVCJ9.eyJ1c2VyX2lkIjoiMTAwMSIsInVzZXJfbmFtZSI6IuW8oOS4iSIsImlhdCI6MTU3NTIxNjk0MiwiZXhwIjoxNTc1MjIwNTQyfQ.NebtA10bmG20vbxjlqPo9UjYLBylMnjlLfNjSGG24Oo',
  body: {},
  costTime: 89,
  response: { status: 200,
     message: 'OK',
     header: 
      { vary: 'Origin',
        'access-control-allow-origin': 'http://localhost::8080',
        'access-control-allow-credentials': 'true',
        'access-control-expose-headers': 'WWW-Authenticate,Server-Authorization',
        'content-type': 'application/json; charset=utf-8' },
     body: { data: [Object] } } }
[2019-12-02T00:16:19.198] [INFO] response - { method: 'POST',
  url: '/api/users/postlogin',
  body: { user_id: '1001', password: '123456' },
  costTime: 80,
  response: { status: 200,
     message: 'OK',
     header: 
      { vary: 'Origin',
        'access-control-allow-origin': 'http://localhost::8080',
        'access-control-allow-credentials': 'true',
        'access-control-expose-headers': 'WWW-Authenticate,Server-Authorization',
        'content-type': 'application/json; charset=utf-8' },
     body: { code: 1, data: [Object] } } }
[2019-12-02T00:16:19.451] [INFO] response - { method: 'GET',
  url: '/api/users/userinfo?token=Bearer+eyJhbGciOiJIUzI1NiIsInR5cCI6IkpXVCJ9.eyJ1c2VyX2lkIjoiMTAwMSIsInVzZXJfbmFtZSI6IuW8oOS4iSIsImlhdCI6MTU3NTIxNjk3OSwiZXhwIjoxNTc1MjIwNTc5fQ.TbGgAfQyb4w2FgcNXWqSwUg3fN9BE1cbADfHptKlWaU',
  body: {},
  costTime: 87,
  response: { status: 200,
     message: 'OK',
     header: 
      { vary: 'Origin',
        'access-control-allow-origin': 'http://localhost::8080',
        'access-control-allow-credentials': 'true',
        'access-control-expose-headers': 'WWW-Authenticate,Server-Authorization',
        'content-type': 'application/json; charset=utf-8' },
     body: { data: [Object] } } }
[2019-12-02T00:16:46.393] [INFO] response - { method: 'GET',
  url: '/api/users/userinfo?token=Bearer+eyJhbGciOiJIUzI1NiIsInR5cCI6IkpXVCJ9.eyJ1c2VyX2lkIjoiMTAwMSIsInVzZXJfbmFtZSI6IuW8oOS4iSIsImlhdCI6MTU3NTIxNjk3OSwiZXhwIjoxNTc1MjIwNTc5fQ.TbGgAfQyb4w2FgcNXWqSwUg3fN9BE1cbADfHptKlWaU',
  body: {},
  costTime: 0,
  response: { status: 401,
     message: 'Unauthorized',
     header: 
      { vary: 'Origin',
        'access-control-allow-origin': 'http://localhost::8080',
        'access-control-allow-credentials': 'true',
        'access-control-expose-headers': 'WWW-Authenticate,Server-Authorization',
        'content-type': 'text/plain; charset=utf-8',
        'content-length': '12' },
     body: 'Unauthorized' } }
[2019-12-02T00:17:30.598] [INFO] response - { method: 'POST',
  url: '/api/users/postlogin',
  body: { user_id: '1001', password: '123456' },
  costTime: 51,
  response: { status: 200,
     message: 'OK',
     header: 
      { vary: 'Origin',
        'access-control-allow-origin': 'http://localhost::8080',
        'access-control-allow-credentials': 'true',
        'access-control-expose-headers': 'WWW-Authenticate,Server-Authorization',
        'content-type': 'application/json; charset=utf-8' },
     body: { code: 1, data: [Object] } } }
[2019-12-02T00:17:30.793] [INFO] response - { method: 'GET',
  url: '/api/users/userinfo?token=Bearer+eyJhbGciOiJIUzI1NiIsInR5cCI6IkpXVCJ9.eyJ1c2VyX2lkIjoiMTAwMSIsInVzZXJfbmFtZSI6IuW8oOS4iSIsImlhdCI6MTU3NTIxNzA1MCwiZXhwIjoxNTc1MjIwNjUwfQ.kMuWsW0k8uJp_3kCFytn18lP1b73vnmUbzxrTi2Xtvc',
  body: {},
  costTime: 142,
  response: { status: 200,
     message: 'OK',
     header: 
      { vary: 'Origin',
        'access-control-allow-origin': 'http://localhost::8080',
        'access-control-allow-credentials': 'true',
        'access-control-expose-headers': 'WWW-Authenticate,Server-Authorization',
        'content-type': 'application/json; charset=utf-8' },
     body: { data: [Object] } } }
[2019-12-02T00:17:42.018] [INFO] response - { method: 'GET',
  url: '/api/users/userinfo?token=Bearer+eyJhbGciOiJIUzI1NiIsInR5cCI6IkpXVCJ9.eyJ1c2VyX2lkIjoiMTAwMSIsInVzZXJfbmFtZSI6IuW8oOS4iSIsImlhdCI6MTU3NTIxNzA1MCwiZXhwIjoxNTc1MjIwNjUwfQ.kMuWsW0k8uJp_3kCFytn18lP1b73vnmUbzxrTi2Xtvc',
  body: {},
  costTime: 0,
  response: { status: 401,
     message: 'Unauthorized',
     header: 
      { vary: 'Origin',
        'access-control-allow-origin': 'http://localhost::8080',
        'access-control-allow-credentials': 'true',
        'access-control-expose-headers': 'WWW-Authenticate,Server-Authorization',
        'content-type': 'text/plain; charset=utf-8',
        'content-length': '12' },
     body: 'Unauthorized' } }
[2019-12-02T00:18:59.184] [INFO] response - { method: 'POST',
  url: '/api/users/postlogin',
  body: { user_id: '1001', password: '123456' },
  costTime: 50,
  response: { status: 200,
     message: 'OK',
     header: 
      { vary: 'Origin',
        'access-control-allow-origin': 'http://localhost::8080',
        'access-control-allow-credentials': 'true',
        'access-control-expose-headers': 'WWW-Authenticate,Server-Authorization',
        'content-type': 'application/json; charset=utf-8' },
     body: { code: 1, data: [Object] } } }
[2019-12-02T00:18:59.438] [INFO] response - { method: 'GET',
  url: '/api/users/userinfo?token=Bearer+eyJhbGciOiJIUzI1NiIsInR5cCI6IkpXVCJ9.eyJ1c2VyX2lkIjoiMTAwMSIsInVzZXJfbmFtZSI6IuW8oOS4iSIsImlhdCI6MTU3NTIxNzEzOSwiZXhwIjoxNTc1MjIwNzM5fQ.rloE_wAqKeMGhrWTQUXf3IR2KsAUBjqEqir5hd-S8Wo',
  body: {},
  costTime: 61,
  response: { status: 200,
     message: 'OK',
     header: 
      { vary: 'Origin',
        'access-control-allow-origin': 'http://localhost::8080',
        'access-control-allow-credentials': 'true',
        'access-control-expose-headers': 'WWW-Authenticate,Server-Authorization',
        'content-type': 'application/json; charset=utf-8' },
     body: { data: [Object] } } }
[2019-12-02T00:19:59.721] [INFO] response - { method: 'GET',
  url: '/api/users/userinfo?token=Bearer+eyJhbGciOiJIUzI1NiIsInR5cCI6IkpXVCJ9.eyJ1c2VyX2lkIjoiMTAwMSIsInVzZXJfbmFtZSI6IuW8oOS4iSIsImlhdCI6MTU3NTIxNzEzOSwiZXhwIjoxNTc1MjIwNzM5fQ.rloE_wAqKeMGhrWTQUXf3IR2KsAUBjqEqir5hd-S8Wo',
  body: {},
  costTime: 1,
  response: { status: 401,
     message: 'Unauthorized',
     header: 
      { vary: 'Origin',
        'access-control-allow-origin': 'http://localhost::8080',
        'access-control-allow-credentials': 'true',
        'access-control-expose-headers': 'WWW-Authenticate,Server-Authorization',
        'content-type': 'text/plain; charset=utf-8',
        'content-length': '12' },
     body: 'Unauthorized' } }
[2019-12-02T00:21:26.457] [INFO] response - { method: 'POST',
  url: '/api/users/postlogin',
  body: { user_id: '1001', password: '123456' },
  costTime: 20,
  response: { status: 200,
     message: 'OK',
     header: 
      { vary: 'Origin',
        'access-control-allow-origin': 'http://localhost::8080',
        'access-control-allow-credentials': 'true',
        'access-control-expose-headers': 'WWW-Authenticate,Server-Authorization',
        'content-type': 'application/json; charset=utf-8' },
     body: { code: 1, data: [Object] } } }
[2019-12-02T00:21:26.518] [INFO] response - { method: 'GET',
  url: '/api/users/userinfo?token=Bearer+eyJhbGciOiJIUzI1NiIsInR5cCI6IkpXVCJ9.eyJ1c2VyX2lkIjoiMTAwMSIsInVzZXJfbmFtZSI6IuW8oOS4iSIsImlhdCI6MTU3NTIxNzI4NiwiZXhwIjoxNTc1MjIwODg2fQ.jKIf0jf0fqSrj6ivZbt_hcpsJo_Ne71v3H3q3xsKuVE',
  body: {},
  costTime: 34,
  response: { status: 200,
     message: 'OK',
     header: 
      { vary: 'Origin',
        'access-control-allow-origin': 'http://localhost::8080',
        'access-control-allow-credentials': 'true',
        'access-control-expose-headers': 'WWW-Authenticate,Server-Authorization',
        'content-type': 'application/json; charset=utf-8' },
     body: { data: [Object] } } }
[2019-12-02T00:21:31.593] [INFO] response - { method: 'GET',
  url: '/api/users/userinfo?token=Bearer+eyJhbGciOiJIUzI1NiIsInR5cCI6IkpXVCJ9.eyJ1c2VyX2lkIjoiMTAwMSIsInVzZXJfbmFtZSI6IuW8oOS4iSIsImlhdCI6MTU3NTIxNzI4NiwiZXhwIjoxNTc1MjIwODg2fQ.jKIf0jf0fqSrj6ivZbt_hcpsJo_Ne71v3H3q3xsKuVE',
  body: {},
  costTime: 1,
  response: { status: 401,
     message: 'Unauthorized',
     header: 
      { vary: 'Origin',
        'access-control-allow-origin': 'http://localhost::8080',
        'access-control-allow-credentials': 'true',
        'access-control-expose-headers': 'WWW-Authenticate,Server-Authorization',
        'content-type': 'text/plain; charset=utf-8',
        'content-length': '12' },
     body: 'Unauthorized' } }
[2019-12-02T00:22:50.867] [INFO] response - { method: 'POST',
  url: '/api/users/postlogin',
  body: { user_id: '1001', password: '123456' },
  costTime: 18,
  response: { status: 200,
     message: 'OK',
     header: 
      { vary: 'Origin',
        'access-control-allow-origin': 'http://localhost::8080',
        'access-control-allow-credentials': 'true',
        'access-control-expose-headers': 'WWW-Authenticate,Server-Authorization',
        'content-type': 'application/json; charset=utf-8' },
     body: { code: 1, data: [Object] } } }
[2019-12-02T00:22:50.897] [INFO] response - { method: 'GET',
  url: '/api/users/userinfo?token=Bearer+eyJhbGciOiJIUzI1NiIsInR5cCI6IkpXVCJ9.eyJ1c2VyX2lkIjoiMTAwMSIsInVzZXJfbmFtZSI6IuW8oOS4iSIsImlhdCI6MTU3NTIxNzM3MCwiZXhwIjoxNTc1MjIwOTcwfQ.m4UDhCqiuVYIxcSh7190wcFovAYy3IDoO-Lv4RJChKQ',
  body: {},
  costTime: 1,
  response: { status: 401,
     message: 'Unauthorized',
     header: 
      { vary: 'Origin',
        'access-control-allow-origin': 'http://localhost::8080',
        'access-control-allow-credentials': 'true',
        'access-control-expose-headers': 'WWW-Authenticate,Server-Authorization',
        'content-type': 'text/plain; charset=utf-8',
        'content-length': '12' },
     body: 'Unauthorized' } }
[2019-12-02T00:23:48.111] [INFO] response - { method: 'POST',
  url: '/api/users/postlogin',
  body: { user_id: '1001', password: '123456' },
  costTime: 21,
  response: { status: 200,
     message: 'OK',
     header: 
      { vary: 'Origin',
        'access-control-allow-origin': 'http://localhost::8080',
        'access-control-allow-credentials': 'true',
        'access-control-expose-headers': 'WWW-Authenticate,Server-Authorization',
        'content-type': 'application/json; charset=utf-8' },
     body: { code: 1, data: [Object] } } }
[2019-12-02T00:23:48.133] [INFO] response - { method: 'GET',
  url: '/api/users/userinfo?token=Bearer+eyJhbGciOiJIUzI1NiIsInR5cCI6IkpXVCJ9.eyJ1c2VyX2lkIjoiMTAwMSIsInVzZXJfbmFtZSI6IuW8oOS4iSIsImlhdCI6MTU3NTIxNzQyOCwiZXhwIjoxNTc1MjIxMDI4fQ.eYQa62_fJNd87c9CQDqNyCqrY6A8qO9lHgUOcesTl08',
  body: {},
  costTime: 1,
  response: { status: 401,
     message: 'Unauthorized',
     header: 
      { vary: 'Origin',
        'access-control-allow-origin': 'http://localhost::8080',
        'access-control-allow-credentials': 'true',
        'access-control-expose-headers': 'WWW-Authenticate,Server-Authorization',
        'content-type': 'text/plain; charset=utf-8',
        'content-length': '12' },
     body: 'Unauthorized' } }
[2019-12-02T00:24:32.018] [INFO] response - { method: 'POST',
  url: '/api/users/postlogin',
  body: { user_id: '1001', password: '123456' },
  costTime: 18,
  response: { status: 200,
     message: 'OK',
     header: 
      { vary: 'Origin',
        'access-control-allow-origin': 'http://localhost::8080',
        'access-control-allow-credentials': 'true',
        'access-control-expose-headers': 'WWW-Authenticate,Server-Authorization',
        'content-type': 'application/json; charset=utf-8' },
     body: { code: 1, data: [Object] } } }
[2019-12-02T00:24:32.049] [INFO] response - { method: 'GET',
  url: '/api/users/userinfo?token=Bearer+eyJhbGciOiJIUzI1NiIsInR5cCI6IkpXVCJ9.eyJ1c2VyX2lkIjoiMTAwMSIsInVzZXJfbmFtZSI6IuW8oOS4iSIsImlhdCI6MTU3NTIxNzQ3MiwiZXhwIjoxNTc1MjIxMDcyfQ.lgUq-zdGQoHDXT6OJVgqeeLiRwHyxtOHrzAfAHicjrc',
  body: {},
  costTime: 0,
  response: { status: 401,
     message: 'Unauthorized',
     header: 
      { vary: 'Origin',
        'access-control-allow-origin': 'http://localhost::8080',
        'access-control-allow-credentials': 'true',
        'access-control-expose-headers': 'WWW-Authenticate,Server-Authorization',
        'content-type': 'text/plain; charset=utf-8',
        'content-length': '12' },
     body: 'Unauthorized' } }
[2019-12-02T00:25:36.742] [INFO] response - { method: 'GET',
  url: '/favicon.ico',
  body: {},
  costTime: 150,
  response: { status: 404,
     message: 'Not Found',
     header: 
      { vary: 'Origin',
        'access-control-allow-origin': 'http://localhost::8080',
        'access-control-allow-credentials': 'true',
        'access-control-expose-headers': 'WWW-Authenticate,Server-Authorization',
        'content-type': 'text/html; charset=utf-8',
        'content-length': '474' },
     body: '<!DOCTYPE html>\n<html lang="en">\n<head>\n    <meta charset="UTF-8">\n    <meta name="viewport" content="width=device-width, initial-scale=1.0">\n    <meta http-equiv="X-UA-Compatible" content="ie=edge">\n    <link rel="stylesheet" href="/stylesheets/error.css">\n    <title>错误信息</title>\n</head>\n<body>\n    <div class="content">\n            <h1>抱歉，找不到你的诗和远方了！</h1>\n            \n            <h2>404</h2>\n            \n    </div>\n</body>\n</html>\n\n' } }
[2019-12-02T00:25:50.353] [INFO] response - { method: 'POST',
  url: '/api/users/postlogin',
  body: { user_id: '1001', password: '123456' },
  costTime: 41,
  response: { status: 200,
     message: 'OK',
     header: 
      { vary: 'Origin',
        'access-control-allow-origin': 'http://localhost::8080',
        'access-control-allow-credentials': 'true',
        'access-control-expose-headers': 'WWW-Authenticate,Server-Authorization',
        'content-type': 'application/json; charset=utf-8' },
     body: { code: 1, data: [Object] } } }
[2019-12-02T00:25:50.556] [INFO] response - { method: 'GET',
  url: '/api/users/userinfo?token=Bearer+eyJhbGciOiJIUzI1NiIsInR5cCI6IkpXVCJ9.eyJ1c2VyX2lkIjoiMTAwMSIsInVzZXJfbmFtZSI6IuW8oOS4iSIsImlhdCI6MTU3NTIxNzU1MCwiZXhwIjoxNTc1MjIxMTUwfQ.SNCbQAomuv-wxjmevTCJQfKP9phHEtyC0KkoaSlWIjs',
  body: {},
  costTime: 0,
  response: { status: 401,
     message: 'Unauthorized',
     header: 
      { vary: 'Origin',
        'access-control-allow-origin': 'http://localhost::8080',
        'access-control-allow-credentials': 'true',
        'access-control-expose-headers': 'WWW-Authenticate,Server-Authorization',
        'content-type': 'text/plain; charset=utf-8',
        'content-length': '12' },
     body: 'Unauthorized' } }
[2019-12-02T00:28:19.790] [INFO] response - { method: 'POST',
  url: '/api/users/postlogin',
  body: { user_id: '1001', password: '123456' },
  costTime: 70,
  response: { status: 200,
     message: 'OK',
     header: 
      { vary: 'Origin',
        'access-control-allow-origin': 'http://localhost::8080',
        'access-control-allow-credentials': 'true',
        'access-control-expose-headers': 'WWW-Authenticate,Server-Authorization',
        'content-type': 'application/json; charset=utf-8' },
     body: { code: 1, data: [Object] } } }
[2019-12-02T00:28:19.819] [INFO] response - { method: 'GET',
  url: '/api/users/userinfo?token=Bearer+eyJhbGciOiJIUzI1NiIsInR5cCI6IkpXVCJ9.eyJ1c2VyX2lkIjoiMTAwMSIsInVzZXJfbmFtZSI6IuW8oOS4iSIsImlhdCI6MTU3NTIxNzY5OSwiZXhwIjoxNTc1MjIxMjk5fQ.3cxe0dP6Lw97lzOtmKCKUXx0v-OzZpZD0gJq2Uaxh0Y',
  body: {},
  costTime: 1,
  response: { status: 401,
     message: 'Unauthorized',
     header: 
      { vary: 'Origin',
        'access-control-allow-origin': 'http://localhost::8080',
        'access-control-allow-credentials': 'true',
        'access-control-expose-headers': 'WWW-Authenticate,Server-Authorization',
        'content-type': 'text/plain; charset=utf-8',
        'content-length': '12' },
     body: 'Unauthorized' } }
[2019-12-02T00:29:31.509] [INFO] response - { method: 'POST',
  url: '/api/users/postlogin',
  body: { user_id: '1001', password: '123456' },
  costTime: 25,
  response: { status: 200,
     message: 'OK',
     header: 
      { vary: 'Origin',
        'access-control-allow-origin': 'http://localhost::8080',
        'access-control-allow-credentials': 'true',
        'access-control-expose-headers': 'WWW-Authenticate,Server-Authorization',
        'content-type': 'application/json; charset=utf-8' },
     body: { code: 1, data: [Object] } } }
[2019-12-02T00:29:31.535] [INFO] response - { method: 'GET',
  url: '/api/users/userinfo?token=Bearer+eyJhbGciOiJIUzI1NiIsInR5cCI6IkpXVCJ9.eyJ1c2VyX2lkIjoiMTAwMSIsInVzZXJfbmFtZSI6IuW8oOS4iSIsImlhdCI6MTU3NTIxNzc3MSwiZXhwIjoxNTc1MjIxMzcxfQ.bIkCAcLe32aHYkwnTRPF52P_-GW2-gKFw2LH7sNA76w',
  body: {},
  costTime: 0,
  response: { status: 401,
     message: 'Unauthorized',
     header: 
      { vary: 'Origin',
        'access-control-allow-origin': 'http://localhost::8080',
        'access-control-allow-credentials': 'true',
        'access-control-expose-headers': 'WWW-Authenticate,Server-Authorization',
        'content-type': 'text/plain; charset=utf-8',
        'content-length': '12' },
     body: 'Unauthorized' } }
[2019-12-02T00:30:42.484] [INFO] response - { method: 'POST',
  url: '/api/users/postlogin',
  body: { user_id: '1001', password: '123456' },
  costTime: 31,
  response: { status: 200,
     message: 'OK',
     header: 
      { vary: 'Origin',
        'access-control-allow-origin': 'http://localhost::8080',
        'access-control-allow-credentials': 'true',
        'access-control-expose-headers': 'WWW-Authenticate,Server-Authorization',
        'content-type': 'application/json; charset=utf-8' },
     body: { code: 1, data: [Object] } } }
[2019-12-02T00:30:42.509] [INFO] response - { method: 'GET',
  url: '/api/users/userinfo?token=Bearer+eyJhbGciOiJIUzI1NiIsInR5cCI6IkpXVCJ9.eyJ1c2VyX2lkIjoiMTAwMSIsInVzZXJfbmFtZSI6IuW8oOS4iSIsImlhdCI6MTU3NTIxNzg0MiwiZXhwIjoxNTc1MjIxNDQyfQ.2FyVnQy7kkkm72KIALwJCm_Z7ffooeH3smA11iILn0U',
  body: {},
  costTime: 0,
  response: { status: 401,
     message: 'Unauthorized',
     header: 
      { vary: 'Origin',
        'access-control-allow-origin': 'http://localhost::8080',
        'access-control-allow-credentials': 'true',
        'access-control-expose-headers': 'WWW-Authenticate,Server-Authorization',
        'content-type': 'text/plain; charset=utf-8',
        'content-length': '12' },
     body: 'Unauthorized' } }
[2019-12-02T00:35:30.730] [INFO] response - { method: 'POST',
  url: '/api/users/postlogin',
  body: { user_id: '1001', password: '123456' },
  costTime: 20,
  response: { status: 200,
     message: 'OK',
     header: 
      { vary: 'Origin',
        'access-control-allow-origin': 'http://localhost::8080',
        'access-control-allow-credentials': 'true',
        'access-control-expose-headers': 'WWW-Authenticate,Server-Authorization',
        'content-type': 'application/json; charset=utf-8' },
     body: { code: 1, data: [Object] } } }
[2019-12-02T00:35:30.775] [INFO] response - { method: 'GET',
  url: '/api/users/userinfo?token=Bearer+eyJhbGciOiJIUzI1NiIsInR5cCI6IkpXVCJ9.eyJ1c2VyX2lkIjoiMTAwMSIsInVzZXJfbmFtZSI6IuW8oOS4iSIsImlhdCI6MTU3NTIxODEzMCwiZXhwIjoxNTc1MjIxNzMwfQ.pSTRMD8-vp-fhg0bWYeO6hMgRCk3UlPv874XvRR5F5E',
  body: {},
  costTime: 21,
  response: { status: 200,
     message: 'OK',
     header: 
      { vary: 'Origin',
        'access-control-allow-origin': 'http://localhost::8080',
        'access-control-allow-credentials': 'true',
        'access-control-expose-headers': 'WWW-Authenticate,Server-Authorization',
        'content-type': 'application/json; charset=utf-8' },
     body: { data: [Object] } } }
[2019-12-02T00:35:33.843] [INFO] response - { method: 'GET',
  url: '/api/users/userinfo?token=Bearer+eyJhbGciOiJIUzI1NiIsInR5cCI6IkpXVCJ9.eyJ1c2VyX2lkIjoiMTAwMSIsInVzZXJfbmFtZSI6IuW8oOS4iSIsImlhdCI6MTU3NTIxODEzMCwiZXhwIjoxNTc1MjIxNzMwfQ.pSTRMD8-vp-fhg0bWYeO6hMgRCk3UlPv874XvRR5F5E',
  body: {},
  costTime: 36,
  response: { status: 200,
     message: 'OK',
     header: 
      { vary: 'Origin',
        'access-control-allow-origin': 'http://localhost::8080',
        'access-control-allow-credentials': 'true',
        'access-control-expose-headers': 'WWW-Authenticate,Server-Authorization',
        'content-type': 'application/json; charset=utf-8' },
     body: { data: [Object] } } }
