[2020-05-17T23:19:54.270] [INFO] response - { method: 'GET',
  url: '/api/users/userinfo',
  body: {},
  costTime: 37,
  response:
   { status: 200,
     message: 'OK',
     header:
      [Object: null prototype] {
        vary: 'Origin',
        'access-control-allow-origin': 'http://localhost:8080',
        'access-control-allow-credentials': 'true',
        'access-control-expose-headers': 'WWW-Authenticate,Server-Authorization',
        'content-type': 'application/json; charset=utf-8' },
     body: { data: [Object] } } }
[2020-05-17T23:19:54.571] [INFO] response - { method: 'GET',
  url: '/api/users/userinfo',
  body: {},
  costTime: 73,
  response:
   { status: 200,
     message: 'OK',
     header:
      [Object: null prototype] {
        vary: 'Origin',
        'access-control-allow-origin': 'http://localhost:8080',
        'access-control-allow-credentials': 'true',
        'access-control-expose-headers': 'WWW-Authenticate,Server-Authorization',
        'content-type': 'application/json; charset=utf-8' },
     body: { data: [Object] } } }
[2020-05-17T23:20:13.918] [INFO] response - { method: 'GET',
  url: '/api/users/userinfo',
  body: {},
  costTime: 353,
  response:
   { status: 200,
     message: 'OK',
     header:
      [Object: null prototype] {
        vary: 'Origin',
        'access-control-allow-origin': 'http://localhost:8080',
        'access-control-allow-credentials': 'true',
        'access-control-expose-headers': 'WWW-Authenticate,Server-Authorization',
        'content-type': 'application/json; charset=utf-8' },
     body: { data: [Object] } } }
[2020-05-17T23:20:13.976] [INFO] response - { method: 'GET',
  url: '/api/users/userinfo',
  body: {},
  costTime: 12,
  response:
   { status: 200,
     message: 'OK',
     header:
      [Object: null prototype] {
        vary: 'Origin',
        'access-control-allow-origin': 'http://localhost:8080',
        'access-control-allow-credentials': 'true',
        'access-control-expose-headers': 'WWW-Authenticate,Server-Authorization',
        'content-type': 'application/json; charset=utf-8' },
     body: { data: [Object] } } }
[2020-05-17T23:24:53.950] [INFO] response - { method: 'GET',
  url: '/api/users/userinfo',
  body: {},
  costTime: 88,
  response:
   { status: 200,
     message: 'OK',
     header:
      [Object: null prototype] {
        vary: 'Origin',
        'access-control-allow-origin': 'http://localhost:8080',
        'access-control-allow-credentials': 'true',
        'access-control-expose-headers': 'WWW-Authenticate,Server-Authorization',
        'content-type': 'application/json; charset=utf-8' },
     body: { data: [Object] } } }
[2020-05-17T23:24:54.127] [INFO] response - { method: 'GET',
  url: '/api/users/userinfo',
  body: {},
  costTime: 112,
  response:
   { status: 200,
     message: 'OK',
     header:
      [Object: null prototype] {
        vary: 'Origin',
        'access-control-allow-origin': 'http://localhost:8080',
        'access-control-allow-credentials': 'true',
        'access-control-expose-headers': 'WWW-Authenticate,Server-Authorization',
        'content-type': 'application/json; charset=utf-8' },
     body: { data: [Object] } } }
[2020-05-17T23:24:58.330] [INFO] response - { method: 'GET',
  url: '/api/users/userinfo',
  body: {},
  costTime: 92,
  response:
   { status: 200,
     message: 'OK',
     header:
      [Object: null prototype] {
        vary: 'Origin',
        'access-control-allow-origin': 'http://localhost:8080',
        'access-control-allow-credentials': 'true',
        'access-control-expose-headers': 'WWW-Authenticate,Server-Authorization',
        'content-type': 'application/json; charset=utf-8' },
     body: { data: [Object] } } }
[2020-05-17T23:24:58.532] [INFO] response - { method: 'GET',
  url: '/api/users/userinfo',
  body: {},
  costTime: 41,
  response:
   { status: 200,
     message: 'OK',
     header:
      [Object: null prototype] {
        vary: 'Origin',
        'access-control-allow-origin': 'http://localhost:8080',
        'access-control-allow-credentials': 'true',
        'access-control-expose-headers': 'WWW-Authenticate,Server-Authorization',
        'content-type': 'application/json; charset=utf-8' },
     body: { data: [Object] } } }
[2020-05-17T23:28:58.174] [INFO] response - { method: 'GET',
  url: '/',
  body: {},
  costTime: 526,
  response:
   { status: 200,
     message: 'OK',
     header:
      [Object: null prototype] {
        vary: 'Origin',
        'access-control-allow-origin': 'http://localhost:8080',
        'access-control-allow-credentials': 'true',
        'access-control-expose-headers': 'WWW-Authenticate,Server-Authorization',
        'content-type': 'text/html; charset=utf-8',
        'content-length': '941' },
     body:
      '<!DOCTYPE html>\r\n<head>\r\n\t<meta http-equiv="Content-Type" content="text/html; charset=utf-8" />\r\n\t<title>登录</title>\r\n\t<link rel="stylesheet" type="text/css" href="/stylesheets/style.css" />\r\n\t<link rel="stylesheet" type="text/css" href="/stylesheets/body.css"/> \r\n</head>\r\n<body>\r\n<div class="container">\r\n\t<section id="content">\r\n\t\t<form action="/checkLogin" method="post">\r\n\t\t\t\t     <h1>Px Share</h1>\r\n\t\t\t\t<div>\r\n\t\t\t\t\t <input type="text" placeholder="工号/帐号" required="" id="username" name="user_id"/>\r\n\t\t\t\t</div>\r\n\t\t\t\t<div>\r\n\t\t\t\t\t <input type="password" placeholder="密码" required="" id="password" name="password"/>\r\n\t\t\t\t</div>\r\n\t\t\t\t<!-- <div class="">\r\n\t\t\t\t\t <span class="help-block u-errormessage" id="js-server-helpinfo">&nbsp;</span>\t\t\t\r\n\t\t\t\t</div>  -->\r\n\t\t\t\t<div>\r\n\t\t\t\t\t <input type="submit" value="登录" class="btn btn-primary" id="js-btn-login"/>\r\n\t\t\t\t</div>\r\n\t\t</form>\r\n\t\t\t\r\n\t\t</section>\r\n\t</div>\r\n</body>\r\n</html>' } }
[2020-05-17T23:29:06.055] [INFO] response - { method: 'POST',
  url: '/checkLogin',
  body: { user_id: '1003', password: '10' },
  costTime: 287,
  response:
   { status: 302,
     message: 'Found',
     header:
      [Object: null prototype] {
        vary: 'Origin',
        'access-control-allow-origin': 'http://localhost:8080',
        'access-control-allow-credentials': 'true',
        'access-control-expose-headers': 'WWW-Authenticate,Server-Authorization',
        location: '/index',
        'content-type': 'text/html; charset=utf-8',
        'content-length': '43' },
     body: 'Redirecting to <a href="/index">/index</a>.' } }
[2020-05-17T23:29:06.393] [INFO] response - { method: 'GET',
  url: '/index',
  body: {},
  costTime: 41,
  response:
   { status: 200,
     message: 'OK',
     header:
      [Object: null prototype] {
        vary: 'Origin',
        'access-control-allow-origin': 'http://localhost:8080',
        'access-control-allow-credentials': 'true',
        'access-control-expose-headers': 'WWW-Authenticate,Server-Authorization',
        'content-type': 'text/html; charset=utf-8',
        'content-length': '2059' },
     body:
      '<!DOCTYPE html>\r\n<head>\r\n<meta http-equiv="Content-Type" content="text/html; charset=utf-8" />\r\n<title>PxShare server</title>\r\n<link type="text/css" rel="stylesheet" href="/stylesheets/style_index.css" />\r\n<script type="text/javascript" src="/javascripts/jquery-1.8.3.min.js"></script>\r\n<script type="text/javascript" src="/javascripts/menu.js"></script>\r\n</head>\r\n\r\n<body>\r\n<div class="top"></div>\r\n<div id="header">\r\n\t<div class="logo">\r\n\t\t<h4 class="M4"><span></span>PxShare</h4>\r\n\t</div>\r\n\t    <div class="navigation">\r\n\t\t    <ul>\r\n\t\t\t\t<li>Welcome to study PS</li>\r\n\t\t\t\t<li >cookie</li>\r\n\t\t\t\t<li><h4 class="M10"><span></span>\r\n\t\t\t\t\t\r\n\t\t\t\t\t Admin</h4>\r\n\t\t\t\t</li>\r\n\t\t\t\t<li><a href="/logout"><span style="color:#e65fcf">Logout</span></a></li>\r\n\t\t    </ul>\r\n\t    </div>\r\n</div>\r\n     \r\n<div id="content">\r\n\t<div class="left_menu">\r\n\t\t<ul id="nav_dot">\r\n\t\t\t\r\n\t\t\t<li>\r\n\t\t\t\t  <h4 class="M10"><span></span>用户管理</h4>\r\n\t\t\t\t  <div class="list-item none">\r\n\t\t\t\t  <a href=\'/users/userlist\' target="iframe1">用户列表</a></div>\r\n\t\t\t</li>\r\n            <li>\r\n\t\t\t\t <h4 class="M1"><span></span>素材库</h4>\r\n\t\t\t\t <div class="list-item none">\r\n\t\t\t\t <a href=\'/allfoods/allfoodlist\' target="iframe1">免费素材</a>\r\n\t\t\t\t <a href=\'/foods/foodlist\' target="iframe1">付费素材</a>\r\n\t\t\t\t <a href=\'/foods/finish\' target="iframe1">上传素材库</a></div>\r\n\t        </li>\r\n\t        <li>\r\n\t\t\t\t <h4 class="M9" ><span></span>教程库</h4>\r\n\t\t\t\t <div class="list-item none">\r\n\t\t\t\t <a href=\'/foods/hei\' target="iframe1">免费教程</a></div>\r\n\t\t\t</li>\r\n\t\t\t<li>\r\n\t\t\t\t<h4 class="M6" ><span></span>分享圈</h4>\r\n\t\t\t\t<div class="list-item none">\r\n\t\t\t\t<a href=\'/foods/hei\' target="iframe1">圈内论坛</a></div>\r\n\t\t   </li>\r\n        </ul>\r\n</div>\r\n\t<div class="m-right">\r\n\t\t\t  <div class="main">\r\n\t\t\t\t  <iframe frameborder="0" name="iframe1"  width="100%" height="100%">\r\n\t\t\t\t\t 您的浏览器不支持嵌入式框架，或者当前配置为不显示嵌入式框架。\r\n\t\t\t\t  </iframe>\r\n\t\t\t  </div>\r\n\t</div>\r\n</div>\r\n\r\n<script>navList(12);</script>\r\n</body>\r\n</html>\r\n' } }
[2020-05-17T23:29:09.680] [INFO] response - { method: 'GET',
  url: '/users/userlist',
  body: {},
  costTime: 309,
  response:
   { status: 200,
     message: 'OK',
     header:
      [Object: null prototype] {
        vary: 'Origin',
        'access-control-allow-origin': 'http://localhost:8080',
        'access-control-allow-credentials': 'true',
        'access-control-expose-headers': 'WWW-Authenticate,Server-Authorization',
        'content-type': 'text/html; charset=utf-8',
        'content-length': '5928' },
     body:
      '<!DOCTYPE html>\r\n<html lang="en">\r\n<head>\r\n    <meta charset="UTF-8">\r\n    <meta name="viewport" content="width=device-width, initial-scale=1.0">\r\n    <meta http-equiv="X-UA-Compatible" content="ie=edge">\r\n    <link type="text/css" rel="stylesheet" href="/stylesheets/bootstrap.min.css" />\r\n    <title>用户列表</title>\r\n</head>\r\n<body>\r\n\r\n\r\n<!-- 食品分页 -->\r\n<div class="pull-left" style="margin-left:105px">\r\n  <ul class="pagination" id="paginator-example">\r\n        <li><a href="/users/userlist">首页</a></li>\r\n        <!-- 使用parseInt()函数可解析一个字符串,并返回一个整数 -->\r\n        <li><a href="/users/userlist?page=1">上一页</a></li>\r\n        <!-- ?指的是分页链接 向action或者jsp传参 通过?前面链接来处理分页 并通过url传参的形式将page=多少传给链接 -->\r\n        <li><a href="/users/userlist?page=2">下一页</a></li>\r\n        <!-- 后面的?在这里指的是条件表达式，前面的成立就返回，否则就返回后面 -->\r\n        <li><a href="/users/userlist?page=2">尾页</a></li>\r\n        <li><a href="./zjia"><span style="color: rgb(67, 198, 250); font-weight: bolder;">增加用户</span></a></li>\r\n  </ul>\r\n</div>\r\n\r\n\r\n<!-- 搜索框 --> \r\n<div class="suo">\r\n   <form action="/users/suo" method="POST">\r\n        <div class="col-md-offset-2 col-md-3 " style="padding:20px 3px;">\r\n            <!-- from-control的效果 宽度为100% 边框为浅灰色 控件具有4px的圆角 阴影效果，元素得到焦点时，阴影和边框效果会发生变化设置 placeholder的颜色为#999 -->\r\n            <input type="text" class="form-control" name="chaxun" id="firstName" value="" placeholder="请输入ID或昵称">\r\n            <!-- col-md-offset-3（在左侧补充3列）col-md-push-8（从左侧往右侧推8列）col-md-pull-2（往左侧拉2列）  -->\r\n            </div>\r\n        <div class="col-md-2" style="padding:20px 3px;">\r\n            <!-- col-xs-6 col-md-3  在超小屏幕中占6列 在中单屏幕中占3列  bootstrap栅格系统中的列是通过指定1到12的值来表示其跨越的范围-->\r\n            <button type="submit" class="btn btn-info">查询</button>   \r\n            </div>  \r\n  </form>\r\n</div>\r\n   \r\n    \r\n<!--用户列表-->\r\n<div class="user">\r\n   <div class="col-md-10 col-md-offset-1">\r\n      <!-- table-hover：鼠标悬停高亮的表格 table-bordered：带边框的表格 table-striped：斑马线表格 -->\r\n      <table class="table table-striped table-hover table-bordered">\r\n            <thead>\r\n                <tr class="biao">\r\n                    <th style="text-align:center;">序号</th>\r\n                    <th style="text-align:center;">工号/帐号</th>\r\n                    <th style="text-align:center;">昵称</th>\r\n                    <th style="text-align:center;">角色</th>\r\n                    <th colspan="2" style="text-align:center;">操作</th>\r\n                </tr>\r\n            </thead>\r\n\r\n           <tbody>\r\n              \r\n                <tr style="text-align:center;">\r\n                    <td>1</td>  \r\n                    <td>1001</td>\r\n                      <td>childb</td>\r\n                      <td>\r\n                        普通用户</td>\r\n                      <td><a href="/users/edit/1001" class="btn btn-info">编辑</a></td>\r\n                      <td><a href="/users/delect/1001" class="btn btn-danger">删除</a></td>\r\n                      \r\n                <tr style="text-align:center;">\r\n                    <td>2</td>  \r\n                    <td>1002</td>\r\n                      <td>childb</td>\r\n                      <td>\r\n                          大V博主\r\n                          </td>\r\n                      <td><a href="/users/edit/1002" class="btn btn-info">编辑</a></td>\r\n                      <td><a href="/users/delect/1002" class="btn btn-danger">删除</a></td>\r\n                      \r\n                <tr style="text-align:center;">\r\n                    <td>3</td>  \r\n                    <td>1003</td>\r\n                      <td>cookie</td>\r\n                      <td>\r\n                           管理员\r\n                            </td>\r\n                      <td><a href="/users/edit/1003" class="btn btn-info">编辑</a></td>\r\n                      <td><a href="/users/delect/1003" class="btn btn-danger">删除</a></td>\r\n                      \r\n                <tr style="text-align:center;">\r\n                    <td>4</td>  \r\n                    <td>1004</td>\r\n                      <td>gigi</td>\r\n                      <td>\r\n                        普通用户</td>\r\n                      <td><a href="/users/edit/1004" class="btn btn-info">编辑</a></td>\r\n                      <td><a href="/users/delect/1004" class="btn btn-danger">删除</a></td>\r\n                      \r\n                <tr style="text-align:center;">\r\n                    <td>5</td>  \r\n                    <td>1006</td>\r\n                      <td>zixiong</td>\r\n                      <td>\r\n                        普通用户</td>\r\n                      <td><a href="/users/edit/1006" class="btn btn-info">编辑</a></td>\r\n                      <td><a href="/users/delect/1006" class="btn btn-danger">删除</a></td>\r\n                      \r\n                <tr style="text-align:center;">\r\n                    <td>6</td>  \r\n                    <td>2020</td>\r\n                      <td>gigi</td>\r\n                      <td>\r\n                        普通用户</td>\r\n                      <td><a href="/users/edit/2020" class="btn btn-info">编辑</a></td>\r\n                      <td><a href="/users/delect/2020" class="btn btn-danger">删除</a></td>\r\n                      \r\n                 </tr>\r\n             </tbody>\r\n        </table>\r\n  </div>\r\n    \r\n\r\n<!-- 分页记录 -->\r\n<div class="pull-right" style="margin-right:88px ;">  <!-- 整体右浮动  -->\r\n  当前1/2页 共7条记录\r\n</div>  \r\n  \r\n</body>\r\n\r\n</html>' } }
[2020-05-17T23:29:12.463] [INFO] response - { method: 'GET',
  url: '/users/edit/1003',
  body: {},
  costTime: 78,
  response:
   { status: 200,
     message: 'OK',
     header:
      [Object: null prototype] {
        vary: 'Origin',
        'access-control-allow-origin': 'http://localhost:8080',
        'access-control-allow-credentials': 'true',
        'access-control-expose-headers': 'WWW-Authenticate,Server-Authorization',
        'content-type': 'text/html; charset=utf-8',
        'content-length': '1914' },
     body:
      '<!DOCTYPE html>\r\n<html lang="en">\r\n<head>\r\n    <meta charset="UTF-8">\r\n    <meta name="viewport" content="width=device-width, initial-scale=1.0">\r\n    <title>Document</title>\r\n</head>\r\n<body>\r\n    \r\n    <!-- 编辑用户的页面 -->\r\n    <div class="child">\r\n        <form action="/users/doedit/1003" method="POST">\r\n           <table  style="BORDER-LEFT-WIDTH: 0px; box-shadow: 20px 20px 20px gray; BORDER-COLLAPSE: collapse; BORDER-RIGHT-WIDTH: 0px" borderColor=#12b6b6 height=280 cellPadding=3 width=350 align=center bgColor=white >\r\n               <thead><br>\r\n                     <a href="/users/userlist" >返回</a>\r\n                  <tr>\r\n                     <th>编辑用户</th><br><br></tr>\r\n               </thead>\r\n            \r\n                <tbody>\r\n                    <tr>\r\n                        <td>用户id: <input type="text"  name="user_id" value="1003" required></td>\r\n                    </tr>\r\n                    <tr>\r\n                        <td>用户名称: <input type="text"  name="user_name" value="cookie" required></td>\r\n                    </tr>\r\n                    <tr>\r\n                        <td>\r\n                            <label for="role">用户角色:</label>\r\n                             <select name="role">\r\n                                <option value="1">普通用户</option>\r\n                                <option value="2">超市店员</option>\r\n                                <option value="3">管理员</option>\r\n                            </select>\r\n                        </td>\r\n                    </tr>\r\n                    <tr>\r\n                        <th>\r\n                            <button type="submit" class="btn btn-primary">提交</button> <button type="reset">重置</button>\r\n                        </th> \r\n                    </tr>           \r\n                 </tbody>\r\n        </table>\r\n    </form>\r\n</div>\r\n</body>\r\n</html>' } }
[2020-05-17T23:29:26.560] [INFO] response - { method: 'POST',
  url: '/users/doedit/1003',
  body: { user_id: '1003', user_name: '钢铁直男大米先生', role: '1' },
  costTime: 1604,
  response:
   { status: 302,
     message: 'Found',
     header:
      [Object: null prototype] {
        vary: 'Origin',
        'access-control-allow-origin': 'http://localhost:8080',
        'access-control-allow-credentials': 'true',
        'access-control-expose-headers': 'WWW-Authenticate,Server-Authorization',
        location: '/users/userlist',
        'content-type': 'text/html; charset=utf-8',
        'content-length': '61' },
     body:
      'Redirecting to <a href="/users/userlist">/users/userlist</a>.' } }
[2020-05-17T23:29:27.017] [INFO] response - { method: 'GET',
  url: '/users/userlist',
  body: {},
  costTime: 339,
  response:
   { status: 200,
     message: 'OK',
     header:
      [Object: null prototype] {
        vary: 'Origin',
        'access-control-allow-origin': 'http://localhost:8080',
        'access-control-allow-credentials': 'true',
        'access-control-expose-headers': 'WWW-Authenticate,Server-Authorization',
        'content-type': 'text/html; charset=utf-8',
        'content-length': '5916' },
     body:
      '<!DOCTYPE html>\r\n<html lang="en">\r\n<head>\r\n    <meta charset="UTF-8">\r\n    <meta name="viewport" content="width=device-width, initial-scale=1.0">\r\n    <meta http-equiv="X-UA-Compatible" content="ie=edge">\r\n    <link type="text/css" rel="stylesheet" href="/stylesheets/bootstrap.min.css" />\r\n    <title>用户列表</title>\r\n</head>\r\n<body>\r\n\r\n\r\n<!-- 食品分页 -->\r\n<div class="pull-left" style="margin-left:105px">\r\n  <ul class="pagination" id="paginator-example">\r\n        <li><a href="/users/userlist">首页</a></li>\r\n        <!-- 使用parseInt()函数可解析一个字符串,并返回一个整数 -->\r\n        <li><a href="/users/userlist?page=1">上一页</a></li>\r\n        <!-- ?指的是分页链接 向action或者jsp传参 通过?前面链接来处理分页 并通过url传参的形式将page=多少传给链接 -->\r\n        <li><a href="/users/userlist?page=2">下一页</a></li>\r\n        <!-- 后面的?在这里指的是条件表达式，前面的成立就返回，否则就返回后面 -->\r\n        <li><a href="/users/userlist?page=2">尾页</a></li>\r\n        <li><a href="./zjia"><span style="color: rgb(67, 198, 250); font-weight: bolder;">增加用户</span></a></li>\r\n  </ul>\r\n</div>\r\n\r\n\r\n<!-- 搜索框 --> \r\n<div class="suo">\r\n   <form action="/users/suo" method="POST">\r\n        <div class="col-md-offset-2 col-md-3 " style="padding:20px 3px;">\r\n            <!-- from-control的效果 宽度为100% 边框为浅灰色 控件具有4px的圆角 阴影效果，元素得到焦点时，阴影和边框效果会发生变化设置 placeholder的颜色为#999 -->\r\n            <input type="text" class="form-control" name="chaxun" id="firstName" value="" placeholder="请输入ID或昵称">\r\n            <!-- col-md-offset-3（在左侧补充3列）col-md-push-8（从左侧往右侧推8列）col-md-pull-2（往左侧拉2列）  -->\r\n            </div>\r\n        <div class="col-md-2" style="padding:20px 3px;">\r\n            <!-- col-xs-6 col-md-3  在超小屏幕中占6列 在中单屏幕中占3列  bootstrap栅格系统中的列是通过指定1到12的值来表示其跨越的范围-->\r\n            <button type="submit" class="btn btn-info">查询</button>   \r\n            </div>  \r\n  </form>\r\n</div>\r\n   \r\n    \r\n<!--用户列表-->\r\n<div class="user">\r\n   <div class="col-md-10 col-md-offset-1">\r\n      <!-- table-hover：鼠标悬停高亮的表格 table-bordered：带边框的表格 table-striped：斑马线表格 -->\r\n      <table class="table table-striped table-hover table-bordered">\r\n            <thead>\r\n                <tr class="biao">\r\n                    <th style="text-align:center;">序号</th>\r\n                    <th style="text-align:center;">工号/帐号</th>\r\n                    <th style="text-align:center;">昵称</th>\r\n                    <th style="text-align:center;">角色</th>\r\n                    <th colspan="2" style="text-align:center;">操作</th>\r\n                </tr>\r\n            </thead>\r\n\r\n           <tbody>\r\n              \r\n                <tr style="text-align:center;">\r\n                    <td>1</td>  \r\n                    <td>1001</td>\r\n                      <td>childb</td>\r\n                      <td>\r\n                        普通用户</td>\r\n                      <td><a href="/users/edit/1001" class="btn btn-info">编辑</a></td>\r\n                      <td><a href="/users/delect/1001" class="btn btn-danger">删除</a></td>\r\n                      \r\n                <tr style="text-align:center;">\r\n                    <td>2</td>  \r\n                    <td>1002</td>\r\n                      <td>childb</td>\r\n                      <td>\r\n                          大V博主\r\n                          </td>\r\n                      <td><a href="/users/edit/1002" class="btn btn-info">编辑</a></td>\r\n                      <td><a href="/users/delect/1002" class="btn btn-danger">删除</a></td>\r\n                      \r\n                <tr style="text-align:center;">\r\n                    <td>3</td>  \r\n                    <td>1003</td>\r\n                      <td>钢铁直男大米先生</td>\r\n                      <td>\r\n                        普通用户</td>\r\n                      <td><a href="/users/edit/1003" class="btn btn-info">编辑</a></td>\r\n                      <td><a href="/users/delect/1003" class="btn btn-danger">删除</a></td>\r\n                      \r\n                <tr style="text-align:center;">\r\n                    <td>4</td>  \r\n                    <td>1004</td>\r\n                      <td>gigi</td>\r\n                      <td>\r\n                        普通用户</td>\r\n                      <td><a href="/users/edit/1004" class="btn btn-info">编辑</a></td>\r\n                      <td><a href="/users/delect/1004" class="btn btn-danger">删除</a></td>\r\n                      \r\n                <tr style="text-align:center;">\r\n                    <td>5</td>  \r\n                    <td>1006</td>\r\n                      <td>zixiong</td>\r\n                      <td>\r\n                        普通用户</td>\r\n                      <td><a href="/users/edit/1006" class="btn btn-info">编辑</a></td>\r\n                      <td><a href="/users/delect/1006" class="btn btn-danger">删除</a></td>\r\n                      \r\n                <tr style="text-align:center;">\r\n                    <td>6</td>  \r\n                    <td>2020</td>\r\n                      <td>gigi</td>\r\n                      <td>\r\n                        普通用户</td>\r\n                      <td><a href="/users/edit/2020" class="btn btn-info">编辑</a></td>\r\n                      <td><a href="/users/delect/2020" class="btn btn-danger">删除</a></td>\r\n                      \r\n                 </tr>\r\n             </tbody>\r\n        </table>\r\n  </div>\r\n    \r\n\r\n<!-- 分页记录 -->\r\n<div class="pull-right" style="margin-right:88px ;">  <!-- 整体右浮动  -->\r\n  当前1/2页 共7条记录\r\n</div>  \r\n  \r\n</body>\r\n\r\n</html>' } }
[2020-05-17T23:29:37.866] [INFO] response - { method: 'GET',
  url: '/api/users/userinfo',
  body: {},
  costTime: 88,
  response:
   { status: 200,
     message: 'OK',
     header:
      [Object: null prototype] {
        vary: 'Origin',
        'access-control-allow-origin': 'http://localhost:8080',
        'access-control-allow-credentials': 'true',
        'access-control-expose-headers': 'WWW-Authenticate,Server-Authorization',
        'content-type': 'application/json; charset=utf-8' },
     body: { data: [Object] } } }
[2020-05-17T23:29:37.942] [INFO] response - { method: 'GET',
  url: '/api/users/userinfo',
  body: {},
  costTime: 25,
  response:
   { status: 200,
     message: 'OK',
     header:
      [Object: null prototype] {
        vary: 'Origin',
        'access-control-allow-origin': 'http://localhost:8080',
        'access-control-allow-credentials': 'true',
        'access-control-expose-headers': 'WWW-Authenticate,Server-Authorization',
        'content-type': 'application/json; charset=utf-8' },
     body: { data: [Object] } } }
[2020-05-17T23:34:55.197] [INFO] response - { method: 'GET',
  url: '/api/users/userinfo',
  body: {},
  costTime: 98,
  response:
   { status: 200,
     message: 'OK',
     header:
      [Object: null prototype] {
        vary: 'Origin',
        'access-control-allow-origin': 'http://localhost:8080',
        'access-control-allow-credentials': 'true',
        'access-control-expose-headers': 'WWW-Authenticate,Server-Authorization',
        'content-type': 'application/json; charset=utf-8' },
     body: { data: [Object] } } }
[2020-05-17T23:34:55.405] [INFO] response - { method: 'GET',
  url: '/api/foods/allfoodinfo',
  body: {},
  costTime: 8,
  response:
   { status: 404,
     message: 'Not Found',
     header:
      [Object: null prototype] {
        vary: 'Origin',
        'access-control-allow-origin': 'http://localhost:8080',
        'access-control-allow-credentials': 'true',
        'access-control-expose-headers': 'WWW-Authenticate,Server-Authorization',
        'content-type': 'text/html; charset=utf-8',
        'content-length': '474' },
     body:
      '<!DOCTYPE html>\n<html lang="en">\n<head>\n    <meta charset="UTF-8">\n    <meta name="viewport" content="width=device-width, initial-scale=1.0">\n    <meta http-equiv="X-UA-Compatible" content="ie=edge">\n    <link rel="stylesheet" href="/stylesheets/error.css">\n    <title>错误信息</title>\n</head>\n<body>\n    <div class="content">\n            <h1>抱歉，找不到你的诗和远方了！</h1>\n            \n            <h2>404</h2>\n            \n    </div>\n</body>\n</html>\n\n' } }
[2020-05-17T23:35:00.199] [INFO] response - { method: 'GET',
  url: '/api/users/userinfo',
  body: {},
  costTime: 36,
  response:
   { status: 200,
     message: 'OK',
     header:
      [Object: null prototype] {
        vary: 'Origin',
        'access-control-allow-origin': 'http://localhost:8080',
        'access-control-allow-credentials': 'true',
        'access-control-expose-headers': 'WWW-Authenticate,Server-Authorization',
        'content-type': 'application/json; charset=utf-8' },
     body: { data: [Object] } } }
[2020-05-17T23:35:00.568] [INFO] response - { method: 'GET',
  url: '/api/users/userinfo',
  body: {},
  costTime: 24,
  response:
   { status: 200,
     message: 'OK',
     header:
      [Object: null prototype] {
        vary: 'Origin',
        'access-control-allow-origin': 'http://localhost:8080',
        'access-control-allow-credentials': 'true',
        'access-control-expose-headers': 'WWW-Authenticate,Server-Authorization',
        'content-type': 'application/json; charset=utf-8' },
     body: { data: [Object] } } }
[2020-05-17T23:36:51.720] [INFO] response - { method: 'GET',
  url: '/api/users/userinfo',
  body: {},
  costTime: 61,
  response:
   { status: 200,
     message: 'OK',
     header:
      [Object: null prototype] {
        vary: 'Origin',
        'access-control-allow-origin': 'http://localhost:8080',
        'access-control-allow-credentials': 'true',
        'access-control-expose-headers': 'WWW-Authenticate,Server-Authorization',
        'content-type': 'application/json; charset=utf-8' },
     body: { data: [Object] } } }
[2020-05-17T23:36:51.730] [INFO] response - { method: 'GET',
  url: '/api/users/userinfo',
  body: {},
  costTime: 56,
  response:
   { status: 200,
     message: 'OK',
     header:
      [Object: null prototype] {
        vary: 'Origin',
        'access-control-allow-origin': 'http://localhost:8080',
        'access-control-allow-credentials': 'true',
        'access-control-expose-headers': 'WWW-Authenticate,Server-Authorization',
        'content-type': 'application/json; charset=utf-8' },
     body: { data: [Object] } } }
[2020-05-17T23:36:52.148] [INFO] response - { method: 'GET',
  url: '/api/users/userinfo',
  body: {},
  costTime: 85,
  response:
   { status: 200,
     message: 'OK',
     header:
      [Object: null prototype] {
        vary: 'Origin',
        'access-control-allow-origin': 'http://localhost:8080',
        'access-control-allow-credentials': 'true',
        'access-control-expose-headers': 'WWW-Authenticate,Server-Authorization',
        'content-type': 'application/json; charset=utf-8' },
     body: { data: [Object] } } }
[2020-05-17T23:37:19.452] [INFO] response - { method: 'GET',
  url: '/api/users/userinfo',
  body: {},
  costTime: 25,
  response:
   { status: 200,
     message: 'OK',
     header:
      [Object: null prototype] {
        vary: 'Origin',
        'access-control-allow-origin': 'http://localhost:8080',
        'access-control-allow-credentials': 'true',
        'access-control-expose-headers': 'WWW-Authenticate,Server-Authorization',
        'content-type': 'application/json; charset=utf-8' },
     body: { data: [Object] } } }
[2020-05-17T23:37:19.519] [INFO] response - { method: 'GET',
  url: '/api/users/userinfo',
  body: {},
  costTime: 16,
  response:
   { status: 200,
     message: 'OK',
     header:
      [Object: null prototype] {
        vary: 'Origin',
        'access-control-allow-origin': 'http://localhost:8080',
        'access-control-allow-credentials': 'true',
        'access-control-expose-headers': 'WWW-Authenticate,Server-Authorization',
        'content-type': 'application/json; charset=utf-8' },
     body: { data: [Object] } } }
[2020-05-17T23:37:26.811] [INFO] response - { method: 'GET',
  url: '/api/users/userinfo',
  body: {},
  costTime: 12,
  response:
   { status: 200,
     message: 'OK',
     header:
      [Object: null prototype] {
        vary: 'Origin',
        'access-control-allow-origin': 'http://localhost:8080',
        'access-control-allow-credentials': 'true',
        'access-control-expose-headers': 'WWW-Authenticate,Server-Authorization',
        'content-type': 'application/json; charset=utf-8' },
     body: { data: [Object] } } }
[2020-05-17T23:37:26.846] [INFO] response - { method: 'GET',
  url: '/api/foods/allfoodinfo',
  body: {},
  costTime: 4,
  response:
   { status: 404,
     message: 'Not Found',
     header:
      [Object: null prototype] {
        vary: 'Origin',
        'access-control-allow-origin': 'http://localhost:8080',
        'access-control-allow-credentials': 'true',
        'access-control-expose-headers': 'WWW-Authenticate,Server-Authorization',
        'content-type': 'text/html; charset=utf-8',
        'content-length': '474' },
     body:
      '<!DOCTYPE html>\n<html lang="en">\n<head>\n    <meta charset="UTF-8">\n    <meta name="viewport" content="width=device-width, initial-scale=1.0">\n    <meta http-equiv="X-UA-Compatible" content="ie=edge">\n    <link rel="stylesheet" href="/stylesheets/error.css">\n    <title>错误信息</title>\n</head>\n<body>\n    <div class="content">\n            <h1>抱歉，找不到你的诗和远方了！</h1>\n            \n            <h2>404</h2>\n            \n    </div>\n</body>\n</html>\n\n' } }
[2020-05-17T23:37:29.363] [INFO] response - { method: 'GET',
  url: '/api/users/userinfo',
  body: {},
  costTime: 72,
  response:
   { status: 200,
     message: 'OK',
     header:
      [Object: null prototype] {
        vary: 'Origin',
        'access-control-allow-origin': 'http://localhost:8080',
        'access-control-allow-credentials': 'true',
        'access-control-expose-headers': 'WWW-Authenticate,Server-Authorization',
        'content-type': 'application/json; charset=utf-8' },
     body: { data: [Object] } } }
[2020-05-17T23:37:29.567] [INFO] response - { method: 'GET',
  url: '/api/users/userinfo',
  body: {},
  costTime: 13,
  response:
   { status: 200,
     message: 'OK',
     header:
      [Object: null prototype] {
        vary: 'Origin',
        'access-control-allow-origin': 'http://localhost:8080',
        'access-control-allow-credentials': 'true',
        'access-control-expose-headers': 'WWW-Authenticate,Server-Authorization',
        'content-type': 'application/json; charset=utf-8' },
     body: { data: [Object] } } }
[2020-05-17T23:38:23.363] [INFO] response - { method: 'GET',
  url: '/api/users/userinfo',
  body: {},
  costTime: 15,
  response:
   { status: 200,
     message: 'OK',
     header:
      [Object: null prototype] {
        vary: 'Origin',
        'access-control-allow-origin': 'http://localhost:8080',
        'access-control-allow-credentials': 'true',
        'access-control-expose-headers': 'WWW-Authenticate,Server-Authorization',
        'content-type': 'application/json; charset=utf-8' },
     body: { data: [Object] } } }
[2020-05-17T23:38:23.607] [INFO] response - { method: 'GET',
  url: '/api/foods/allfoodinfo',
  body: {},
  costTime: 5,
  response:
   { status: 404,
     message: 'Not Found',
     header:
      [Object: null prototype] {
        vary: 'Origin',
        'access-control-allow-origin': 'http://localhost:8080',
        'access-control-allow-credentials': 'true',
        'access-control-expose-headers': 'WWW-Authenticate,Server-Authorization',
        'content-type': 'text/html; charset=utf-8',
        'content-length': '474' },
     body:
      '<!DOCTYPE html>\n<html lang="en">\n<head>\n    <meta charset="UTF-8">\n    <meta name="viewport" content="width=device-width, initial-scale=1.0">\n    <meta http-equiv="X-UA-Compatible" content="ie=edge">\n    <link rel="stylesheet" href="/stylesheets/error.css">\n    <title>错误信息</title>\n</head>\n<body>\n    <div class="content">\n            <h1>抱歉，找不到你的诗和远方了！</h1>\n            \n            <h2>404</h2>\n            \n    </div>\n</body>\n</html>\n\n' } }
[2020-05-17T23:38:24.800] [INFO] response - { method: 'GET',
  url: '/api/users/userinfo',
  body: {},
  costTime: 11,
  response:
   { status: 200,
     message: 'OK',
     header:
      [Object: null prototype] {
        vary: 'Origin',
        'access-control-allow-origin': 'http://localhost:8080',
        'access-control-allow-credentials': 'true',
        'access-control-expose-headers': 'WWW-Authenticate,Server-Authorization',
        'content-type': 'application/json; charset=utf-8' },
     body: { data: [Object] } } }
[2020-05-17T23:38:25.155] [INFO] response - { method: 'GET',
  url: '/api/users/userinfo',
  body: {},
  costTime: 21,
  response:
   { status: 200,
     message: 'OK',
     header:
      [Object: null prototype] {
        vary: 'Origin',
        'access-control-allow-origin': 'http://localhost:8080',
        'access-control-allow-credentials': 'true',
        'access-control-expose-headers': 'WWW-Authenticate,Server-Authorization',
        'content-type': 'application/json; charset=utf-8' },
     body: { data: [Object] } } }
[2020-05-17T23:38:25.741] [INFO] response - { method: 'GET',
  url: '/api/users/userinfo',
  body: {},
  costTime: 13,
  response:
   { status: 200,
     message: 'OK',
     header:
      [Object: null prototype] {
        vary: 'Origin',
        'access-control-allow-origin': 'http://localhost:8080',
        'access-control-allow-credentials': 'true',
        'access-control-expose-headers': 'WWW-Authenticate,Server-Authorization',
        'content-type': 'application/json; charset=utf-8' },
     body: { data: [Object] } } }
[2020-05-17T23:38:26.143] [INFO] response - { method: 'GET',
  url: '/api/foods/allfoodinfo',
  body: {},
  costTime: 67,
  response:
   { status: 404,
     message: 'Not Found',
     header:
      [Object: null prototype] {
        vary: 'Origin',
        'access-control-allow-origin': 'http://localhost:8080',
        'access-control-allow-credentials': 'true',
        'access-control-expose-headers': 'WWW-Authenticate,Server-Authorization',
        'content-type': 'text/html; charset=utf-8',
        'content-length': '474' },
     body:
      '<!DOCTYPE html>\n<html lang="en">\n<head>\n    <meta charset="UTF-8">\n    <meta name="viewport" content="width=device-width, initial-scale=1.0">\n    <meta http-equiv="X-UA-Compatible" content="ie=edge">\n    <link rel="stylesheet" href="/stylesheets/error.css">\n    <title>错误信息</title>\n</head>\n<body>\n    <div class="content">\n            <h1>抱歉，找不到你的诗和远方了！</h1>\n            \n            <h2>404</h2>\n            \n    </div>\n</body>\n</html>\n\n' } }
[2020-05-17T23:38:27.386] [INFO] response - { method: 'GET',
  url: '/api/users/userinfo',
  body: {},
  costTime: 77,
  response:
   { status: 200,
     message: 'OK',
     header:
      [Object: null prototype] {
        vary: 'Origin',
        'access-control-allow-origin': 'http://localhost:8080',
        'access-control-allow-credentials': 'true',
        'access-control-expose-headers': 'WWW-Authenticate,Server-Authorization',
        'content-type': 'application/json; charset=utf-8' },
     body: { data: [Object] } } }
[2020-05-17T23:38:27.734] [INFO] response - { method: 'GET',
  url: '/api/users/userinfo',
  body: {},
  costTime: 14,
  response:
   { status: 200,
     message: 'OK',
     header:
      [Object: null prototype] {
        vary: 'Origin',
        'access-control-allow-origin': 'http://localhost:8080',
        'access-control-allow-credentials': 'true',
        'access-control-expose-headers': 'WWW-Authenticate,Server-Authorization',
        'content-type': 'application/json; charset=utf-8' },
     body: { data: [Object] } } }
[2020-05-17T23:38:48.725] [INFO] response - { method: 'POST',
  url: '/api/users/postuser',
  body:
   { user_id: '123',
     user_name: 'hahaha',
     password: '123',
     role: '2' },
  costTime: 227,
  response:
   { status: 200,
     message: 'OK',
     header:
      [Object: null prototype] {
        vary: 'Origin',
        'access-control-allow-origin': 'http://localhost:8080',
        'access-control-allow-credentials': 'true',
        'access-control-expose-headers': 'WWW-Authenticate,Server-Authorization',
        'content-type': 'application/json; charset=utf-8' },
     body: { code: 1, data: [Object] } } }
