[2019-11-23T21:04:44.206] [INFO] response - { method: 'GET',
  url: '/favicon.ico',
  body: {},
  costTime: 50,
  response: { status: 404,
     message: 'Not Found',
     header: 
      { 'content-type': 'text/html; charset=utf-8',
        'content-length': '474' },
     body: '<!DOCTYPE html>\n<html lang="en">\n<head>\n    <meta charset="UTF-8">\n    <meta name="viewport" content="width=device-width, initial-scale=1.0">\n    <meta http-equiv="X-UA-Compatible" content="ie=edge">\n    <link rel="stylesheet" href="/stylesheets/error.css">\n    <title>错误信息</title>\n</head>\n<body>\n    <div class="content">\n            <h1>抱歉，找不到你的诗和远方了！</h1>\n            \n            <h2>404</h2>\n            \n    </div>\n</body>\n</html>\n\n' } }
[2019-11-23T21:04:50.353] [INFO] response - { method: 'GET',
  url: '/',
  body: {},
  costTime: 4,
  response: { status: 200,
     message: 'OK',
     header: 
      { 'content-type': 'text/html; charset=utf-8',
        'content-length': '1029' },
     body: '<!DOCTYPE html>\r\n<head>\r\n\t<meta http-equiv="Content-Type" content="text/html; charset=utf-8" />\r\n\t<title>登录</title>\r\n\t<link rel="stylesheet" type="text/css" href="/stylesheets/style.css" />\r\n\t<link rel="stylesheet" type="text/css" href="/stylesheets/body.css"/> \r\n</head>\r\n<body>\r\n\t<div class="container">\r\n\t\t<section id="content">\r\n\t\t\t<form action="/checkLogin" method="post">\r\n\t\t\t\t<h1>登录</h1>\r\n\t\t\t\t<div>\r\n\t\t\t\t\t<input type="text" placeholder="工号/学号" required="" id="username" name="user_id"/>\r\n\t\t\t\t</div>\r\n\t\t\t\t<div>\r\n\t\t\t\t\t<input type="password" placeholder="密码" required="" id="password" name="password"/>\r\n\t\t\t\t</div>\r\n\t\t\t\t<div class="">\r\n\t\t\t\t\t<span class="help-block u-errormessage" id="js-server-helpinfo">&nbsp;</span>\t\t\t\r\n\t\t\t\t</div> \r\n\t\t\t\t<div>\r\n\t\t\t\t\t<!-- <input type="submit" value="Log in" /> -->\r\n\t\t\t\t\t<input type="submit" value="登录" class="btn btn-primary" id="js-btn-login"/>\r\n\t\t\t\t</div>\r\n\t\t\t</form><!-- form -->\r\n\t\t\t\r\n\t\t</section><!-- content -->\r\n\t</div>\r\n\t<!-- container -->\r\n</body>\r\n</html>' } }
[2019-11-23T21:04:50.687] [INFO] response - { method: 'GET',
  url: '/favicon.ico',
  body: {},
  costTime: 3,
  response: { status: 404,
     message: 'Not Found',
     header: 
      { 'content-type': 'text/html; charset=utf-8',
        'content-length': '474' },
     body: '<!DOCTYPE html>\n<html lang="en">\n<head>\n    <meta charset="UTF-8">\n    <meta name="viewport" content="width=device-width, initial-scale=1.0">\n    <meta http-equiv="X-UA-Compatible" content="ie=edge">\n    <link rel="stylesheet" href="/stylesheets/error.css">\n    <title>错误信息</title>\n</head>\n<body>\n    <div class="content">\n            <h1>抱歉，找不到你的诗和远方了！</h1>\n            \n            <h2>404</h2>\n            \n    </div>\n</body>\n</html>\n\n' } }
[2019-11-23T21:06:00.573] [INFO] response - { method: 'GET',
  url: '/',
  body: {},
  costTime: 18,
  response: { status: 200,
     message: 'OK',
     header: 
      { 'content-type': 'text/html; charset=utf-8',
        'content-length': '1029' },
     body: '<!DOCTYPE html>\r\n<head>\r\n\t<meta http-equiv="Content-Type" content="text/html; charset=utf-8" />\r\n\t<title>登录</title>\r\n\t<link rel="stylesheet" type="text/css" href="/stylesheets/style.css" />\r\n\t<link rel="stylesheet" type="text/css" href="/stylesheets/body.css"/> \r\n</head>\r\n<body>\r\n\t<div class="container">\r\n\t\t<section id="content">\r\n\t\t\t<form action="/checkLogin" method="post">\r\n\t\t\t\t<h1>登录</h1>\r\n\t\t\t\t<div>\r\n\t\t\t\t\t<input type="text" placeholder="工号/学号" required="" id="username" name="user_id"/>\r\n\t\t\t\t</div>\r\n\t\t\t\t<div>\r\n\t\t\t\t\t<input type="password" placeholder="密码" required="" id="password" name="password"/>\r\n\t\t\t\t</div>\r\n\t\t\t\t<div class="">\r\n\t\t\t\t\t<span class="help-block u-errormessage" id="js-server-helpinfo">&nbsp;</span>\t\t\t\r\n\t\t\t\t</div> \r\n\t\t\t\t<div>\r\n\t\t\t\t\t<!-- <input type="submit" value="Log in" /> -->\r\n\t\t\t\t\t<input type="submit" value="登录" class="btn btn-primary" id="js-btn-login"/>\r\n\t\t\t\t</div>\r\n\t\t\t</form><!-- form -->\r\n\t\t\t\r\n\t\t</section><!-- content -->\r\n\t</div>\r\n\t<!-- container -->\r\n</body>\r\n</html>' } }
[2019-11-23T21:08:23.630] [INFO] response - { method: 'POST',
  url: '/api/users/postlogin?user_id=1001&password=11111',
  body: {},
  costTime: 28,
  response: { status: 404,
     message: 'Not Found',
     header: 
      { 'content-type': 'text/html; charset=utf-8',
        'content-length': '474' },
     body: '<!DOCTYPE html>\n<html lang="en">\n<head>\n    <meta charset="UTF-8">\n    <meta name="viewport" content="width=device-width, initial-scale=1.0">\n    <meta http-equiv="X-UA-Compatible" content="ie=edge">\n    <link rel="stylesheet" href="/stylesheets/error.css">\n    <title>错误信息</title>\n</head>\n<body>\n    <div class="content">\n            <h1>抱歉，找不到你的诗和远方了！</h1>\n            \n            <h2>404</h2>\n            \n    </div>\n</body>\n</html>\n\n' } }
[2019-11-23T21:17:54.913] [INFO] response - { method: 'POST',
  url: '/api/users/postlogin?user_id=1001&password=111111',
  body: {},
  costTime: 17,
  response: { status: 404,
     message: 'Not Found',
     header: 
      { 'content-type': 'text/html; charset=utf-8',
        'content-length': '474' },
     body: '<!DOCTYPE html>\n<html lang="en">\n<head>\n    <meta charset="UTF-8">\n    <meta name="viewport" content="width=device-width, initial-scale=1.0">\n    <meta http-equiv="X-UA-Compatible" content="ie=edge">\n    <link rel="stylesheet" href="/stylesheets/error.css">\n    <title>错误信息</title>\n</head>\n<body>\n    <div class="content">\n            <h1>抱歉，找不到你的诗和远方了！</h1>\n            \n            <h2>404</h2>\n            \n    </div>\n</body>\n</html>\n\n' } }
[2019-11-23T21:18:59.851] [INFO] response - { method: 'POST',
  url: '/checkLogin',
  body: { user_id: '1001', password: '123456' },
  costTime: 239,
  response: { status: 302,
     message: 'Found',
     header: 
      { location: '/index',
        'content-type': 'text/html; charset=utf-8',
        'content-length': '43' },
     body: 'Redirecting to <a href="/index">/index</a>.' } }
[2019-11-23T21:18:59.904] [INFO] response - { method: 'GET',
  url: '/index',
  body: {},
  costTime: 19,
  response: { status: 200,
     message: 'OK',
     header: 
      { 'content-type': 'text/html; charset=utf-8',
        'content-length': '1392' },
     body: '<!DOCTYPE html>\r\n<head>\r\n<meta http-equiv="Content-Type" content="text/html; charset=utf-8" />\r\n<title>后台管理系统</title>\r\n<link type="text/css" rel="stylesheet" href="/stylesheets/style_index.css" />\r\n<script type="text/javascript" src="/javascripts/jquery-1.8.3.min.js"></script>\r\n<script type="text/javascript" src="/javascripts/menu.js"></script>\r\n</head>\r\n\r\n<body>\r\n<div class="top"></div>\r\n<div id="header">\r\n\t<div class="logo">后台管理</div>\r\n\t<div class="navigation">\r\n\t\t<ul>\r\n\t\t \t<li>欢迎您！</li>\r\n\t\t\t<li>张三</li>\r\n\t\t\t<li><a href="/logout">退出</a></li>\r\n\t\t</ul>\r\n\t</div>\r\n</div>\r\n<div id="content">\r\n\t<div class="left_menu">\r\n\t\t<ul id="nav_dot">\r\n      <li>\r\n        <h4 class="M1"><span></span>科研资料管理</h4>\r\n        <div class="list-item none">\r\n          <a href=\'\'>资料查询</a>\r\n        </div>\r\n      </li>\r\n\t\t\t<li>\r\n        <h4   class="M10"><span></span>用户管理</h4>\r\n        <div class="list-item none">\r\n          <a href=\'/users/userlist\' target="iframe1">用户列表</a>\r\n        </div>\r\n      </li>\r\n    </ul>\r\n\t</div>\r\n\t<div class="m-right">\r\n\t\t\t<div class="main">\r\n\t\t\t\t<iframe frameborder="0" name="iframe1"  width="100%" height="100%">\r\n\t\t\t\t\t您的浏览器不支持嵌入式框架，或者当前配置为不显示嵌入式框架。\r\n\t\t\t\t</iframe>\r\n\t\t\t</div>\r\n\t</div>\r\n</div>\r\n<script>navList(12);</script>\r\n</body>\r\n</html>\r\n' } }
[2019-11-23T21:23:44.329] [INFO] response - { method: 'POST',
  url: '/api/users/postlogin?user_id=1001&password=111111',
  body: {},
  costTime: 4,
  response: { status: 404, message: 'Not Found', header: {}, body: undefined } }
[2019-11-23T21:57:14.095] [INFO] response - { method: 'POST',
  url: '/api/users/postlogin?user_id=1001&password=1111111',
  body: {},
  costTime: 29,
  response: { status: 404, message: 'Not Found', header: {}, body: undefined } }
[2019-11-23T22:57:23.316] [INFO] response - { method: 'POST',
  url: '/api/users/postlogin',
  body: {},
  costTime: 27,
  response: { status: 404, message: 'Not Found', header: {}, body: undefined } }
[2019-11-23T22:59:13.459] [INFO] response - { method: 'POST',
  url: '/api/users/postlogin',
  body: {},
  costTime: 4,
  response: { status: 404, message: 'Not Found', header: {}, body: undefined } }
[2019-11-23T22:59:39.696] [INFO] response - { method: 'POST',
  url: '/api/users/postlogin',
  body: {},
  costTime: 7,
  response: { status: 404, message: 'Not Found', header: {}, body: undefined } }
[2019-11-23T23:00:35.008] [INFO] response - { method: 'POST',
  url: '/api/users/postlogin',
  body: {},
  costTime: 6,
  response: { status: 404, message: 'Not Found', header: {}, body: undefined } }
[2019-11-23T23:01:08.641] [INFO] response - { method: 'POST',
  url: '/api/users/postlogin',
  body: {},
  costTime: 5,
  response: { status: 404, message: 'Not Found', header: {}, body: undefined } }
[2019-11-23T23:04:07.557] [INFO] response - { method: 'POST',
  url: '/api/users/postlogin',
  body: {},
  costTime: 2,
  response: { status: 404, message: 'Not Found', header: {}, body: undefined } }
[2019-11-23T23:04:08.917] [INFO] response - { method: 'POST',
  url: '/api/users/postlogin',
  body: {},
  costTime: 1,
  response: { status: 404, message: 'Not Found', header: {}, body: undefined } }
[2019-11-23T23:04:10.899] [INFO] response - { method: 'POST',
  url: '/api/users/postlogin',
  body: {},
  costTime: 10,
  response: { status: 404, message: 'Not Found', header: {}, body: undefined } }
[2019-11-23T23:04:11.125] [INFO] response - { method: 'POST',
  url: '/api/users/postlogin',
  body: {},
  costTime: 1,
  response: { status: 404, message: 'Not Found', header: {}, body: undefined } }
[2019-11-23T23:04:11.298] [INFO] response - { method: 'POST',
  url: '/api/users/postlogin',
  body: {},
  costTime: 2,
  response: { status: 404, message: 'Not Found', header: {}, body: undefined } }
[2019-11-23T23:04:11.782] [INFO] response - { method: 'POST',
  url: '/api/users/postlogin',
  body: {},
  costTime: 1,
  response: { status: 404, message: 'Not Found', header: {}, body: undefined } }
[2019-11-23T23:04:11.943] [INFO] response - { method: 'POST',
  url: '/api/users/postlogin',
  body: {},
  costTime: 1,
  response: { status: 404, message: 'Not Found', header: {}, body: undefined } }
[2019-11-23T23:12:11.430] [INFO] response - { method: 'GET',
  url: '/',
  body: {},
  costTime: 20,
  response: { status: 200,
     message: 'OK',
     header: 
      { 'content-type': 'text/html; charset=utf-8',
        'content-length': '1029' },
     body: '<!DOCTYPE html>\r\n<head>\r\n\t<meta http-equiv="Content-Type" content="text/html; charset=utf-8" />\r\n\t<title>登录</title>\r\n\t<link rel="stylesheet" type="text/css" href="/stylesheets/style.css" />\r\n\t<link rel="stylesheet" type="text/css" href="/stylesheets/body.css"/> \r\n</head>\r\n<body>\r\n\t<div class="container">\r\n\t\t<section id="content">\r\n\t\t\t<form action="/checkLogin" method="post">\r\n\t\t\t\t<h1>登录</h1>\r\n\t\t\t\t<div>\r\n\t\t\t\t\t<input type="text" placeholder="工号/学号" required="" id="username" name="user_id"/>\r\n\t\t\t\t</div>\r\n\t\t\t\t<div>\r\n\t\t\t\t\t<input type="password" placeholder="密码" required="" id="password" name="password"/>\r\n\t\t\t\t</div>\r\n\t\t\t\t<div class="">\r\n\t\t\t\t\t<span class="help-block u-errormessage" id="js-server-helpinfo">&nbsp;</span>\t\t\t\r\n\t\t\t\t</div> \r\n\t\t\t\t<div>\r\n\t\t\t\t\t<!-- <input type="submit" value="Log in" /> -->\r\n\t\t\t\t\t<input type="submit" value="登录" class="btn btn-primary" id="js-btn-login"/>\r\n\t\t\t\t</div>\r\n\t\t\t</form><!-- form -->\r\n\t\t\t\r\n\t\t</section><!-- content -->\r\n\t</div>\r\n\t<!-- container -->\r\n</body>\r\n</html>' } }
[2019-11-23T23:12:17.478] [INFO] response - { method: 'POST',
  url: '/checkLogin',
  body: { user_id: '1001', password: '123456' },
  costTime: 48,
  response: { status: 302,
     message: 'Found',
     header: 
      { location: '/index',
        'content-type': 'text/html; charset=utf-8',
        'content-length': '43' },
     body: 'Redirecting to <a href="/index">/index</a>.' } }
[2019-11-23T23:12:17.540] [INFO] response - { method: 'GET',
  url: '/index',
  body: {},
  costTime: 10,
  response: { status: 200,
     message: 'OK',
     header: 
      { 'content-type': 'text/html; charset=utf-8',
        'content-length': '1392' },
     body: '<!DOCTYPE html>\r\n<head>\r\n<meta http-equiv="Content-Type" content="text/html; charset=utf-8" />\r\n<title>后台管理系统</title>\r\n<link type="text/css" rel="stylesheet" href="/stylesheets/style_index.css" />\r\n<script type="text/javascript" src="/javascripts/jquery-1.8.3.min.js"></script>\r\n<script type="text/javascript" src="/javascripts/menu.js"></script>\r\n</head>\r\n\r\n<body>\r\n<div class="top"></div>\r\n<div id="header">\r\n\t<div class="logo">后台管理</div>\r\n\t<div class="navigation">\r\n\t\t<ul>\r\n\t\t \t<li>欢迎您！</li>\r\n\t\t\t<li>张三</li>\r\n\t\t\t<li><a href="/logout">退出</a></li>\r\n\t\t</ul>\r\n\t</div>\r\n</div>\r\n<div id="content">\r\n\t<div class="left_menu">\r\n\t\t<ul id="nav_dot">\r\n      <li>\r\n        <h4 class="M1"><span></span>科研资料管理</h4>\r\n        <div class="list-item none">\r\n          <a href=\'\'>资料查询</a>\r\n        </div>\r\n      </li>\r\n\t\t\t<li>\r\n        <h4   class="M10"><span></span>用户管理</h4>\r\n        <div class="list-item none">\r\n          <a href=\'/users/userlist\' target="iframe1">用户列表</a>\r\n        </div>\r\n      </li>\r\n    </ul>\r\n\t</div>\r\n\t<div class="m-right">\r\n\t\t\t<div class="main">\r\n\t\t\t\t<iframe frameborder="0" name="iframe1"  width="100%" height="100%">\r\n\t\t\t\t\t您的浏览器不支持嵌入式框架，或者当前配置为不显示嵌入式框架。\r\n\t\t\t\t</iframe>\r\n\t\t\t</div>\r\n\t</div>\r\n</div>\r\n<script>navList(12);</script>\r\n</body>\r\n</html>\r\n' } }
[2019-11-23T23:12:29.942] [INFO] response - { method: 'POST',
  url: '/api/users/postlogin',
  body: {},
  costTime: 29,
  response: { status: 404, message: 'Not Found', header: {}, body: undefined } }
[2019-11-23T23:13:14.655] [INFO] response - { method: 'POST',
  url: '/api/users/postlogin',
  body: {},
  costTime: 9,
  response: { status: 404, message: 'Not Found', header: {}, body: undefined } }
[2019-11-23T23:24:55.568] [INFO] response - { method: 'POST',
  url: '/api/users/postlogin',
  body: {},
  costTime: 7,
  response: { status: 404, message: 'Not Found', header: {}, body: undefined } }
[2019-11-23T23:26:44.336] [INFO] response - { method: 'POST',
  url: '/api/users/postlogin',
  body: undefined,
  costTime: 4,
  response: { status: 404, message: 'Not Found', header: {}, body: undefined } }
[2019-11-23T23:26:48.394] [INFO] response - { method: 'POST',
  url: '/api/users/postlogin',
  body: undefined,
  costTime: 0,
  response: { status: 404, message: 'Not Found', header: {}, body: undefined } }
[2019-11-23T23:26:49.671] [INFO] response - { method: 'POST',
  url: '/api/users/postlogin',
  body: undefined,
  costTime: 2,
  response: { status: 404, message: 'Not Found', header: {}, body: undefined } }
[2019-11-23T23:26:50.599] [INFO] response - { method: 'POST',
  url: '/api/users/postlogin',
  body: undefined,
  costTime: 1,
  response: { status: 404, message: 'Not Found', header: {}, body: undefined } }
[2019-11-23T23:28:45.582] [INFO] response - { method: 'GET',
  url: '/logout',
  body: undefined,
  costTime: 0,
  response: { status: 404, message: 'Not Found', header: {}, body: undefined } }
[2019-11-23T23:29:24.617] [INFO] response - { method: 'GET',
  url: '/logout',
  body: undefined,
  costTime: 2,
  response: { status: 404, message: 'Not Found', header: {}, body: undefined } }
[2019-11-23T23:29:25.743] [INFO] response - { method: 'GET',
  url: '/logout',
  body: undefined,
  costTime: 0,
  response: { status: 404, message: 'Not Found', header: {}, body: undefined } }
[2019-11-23T23:29:26.456] [INFO] response - { method: 'GET',
  url: '/logout',
  body: undefined,
  costTime: 1,
  response: { status: 404, message: 'Not Found', header: {}, body: undefined } }
[2019-11-23T23:29:26.695] [INFO] response - { method: 'GET',
  url: '/logout',
  body: undefined,
  costTime: 0,
  response: { status: 404, message: 'Not Found', header: {}, body: undefined } }
[2019-11-23T23:29:26.891] [INFO] response - { method: 'GET',
  url: '/logout',
  body: undefined,
  costTime: 0,
  response: { status: 404, message: 'Not Found', header: {}, body: undefined } }
[2019-11-23T23:29:31.607] [INFO] response - { method: 'GET',
  url: '/',
  body: undefined,
  costTime: 1,
  response: { status: 404, message: 'Not Found', header: {}, body: undefined } }
[2019-11-23T23:30:37.901] [INFO] response - { method: 'GET',
  url: '/',
  body: undefined,
  costTime: 1,
  response: { status: 404, message: 'Not Found', header: {}, body: undefined } }
[2019-11-23T23:30:43.587] [INFO] response - { method: 'GET',
  url: '/',
  body: undefined,
  costTime: 0,
  response: { status: 404, message: 'Not Found', header: {}, body: undefined } }
[2019-11-23T23:44:28.152] [INFO] response - { method: 'GET',
  url: '/',
  body: undefined,
  costTime: 2,
  response: { status: 404, message: 'Not Found', header: {}, body: undefined } }
[2019-11-23T23:44:30.009] [INFO] response - { method: 'GET',
  url: '/',
  body: undefined,
  costTime: 1,
  response: { status: 404, message: 'Not Found', header: {}, body: undefined } }
[2019-11-23T23:44:31.258] [INFO] response - { method: 'GET',
  url: '/',
  body: undefined,
  costTime: 1,
  response: { status: 404, message: 'Not Found', header: {}, body: undefined } }
[2019-11-23T23:44:31.505] [INFO] response - { method: 'GET',
  url: '/',
  body: undefined,
  costTime: 1,
  response: { status: 404, message: 'Not Found', header: {}, body: undefined } }
[2019-11-23T23:44:34.920] [INFO] response - { method: 'GET',
  url: '/',
  body: undefined,
  costTime: 1,
  response: { status: 404, message: 'Not Found', header: {}, body: undefined } }
[2019-11-23T23:44:35.922] [INFO] response - { method: 'GET',
  url: '/',
  body: undefined,
  costTime: 1,
  response: { status: 404, message: 'Not Found', header: {}, body: undefined } }
[2019-11-23T23:44:36.182] [INFO] response - { method: 'GET',
  url: '/',
  body: undefined,
  costTime: 0,
  response: { status: 404, message: 'Not Found', header: {}, body: undefined } }
[2019-11-23T23:44:36.614] [INFO] response - { method: 'GET',
  url: '/',
  body: undefined,
  costTime: 0,
  response: { status: 404, message: 'Not Found', header: {}, body: undefined } }
[2019-11-23T23:44:36.891] [INFO] response - { method: 'GET',
  url: '/',
  body: undefined,
  costTime: 1,
  response: { status: 404, message: 'Not Found', header: {}, body: undefined } }
[2019-11-23T23:44:37.152] [INFO] response - { method: 'GET',
  url: '/',
  body: undefined,
  costTime: 0,
  response: { status: 404, message: 'Not Found', header: {}, body: undefined } }
[2019-11-23T23:44:37.369] [INFO] response - { method: 'GET',
  url: '/',
  body: undefined,
  costTime: 1,
  response: { status: 404, message: 'Not Found', header: {}, body: undefined } }
[2019-11-23T23:44:37.571] [INFO] response - { method: 'GET',
  url: '/',
  body: undefined,
  costTime: 0,
  response: { status: 404, message: 'Not Found', header: {}, body: undefined } }
[2019-11-23T23:44:37.801] [INFO] response - { method: 'GET',
  url: '/',
  body: undefined,
  costTime: 0,
  response: { status: 404, message: 'Not Found', header: {}, body: undefined } }
[2019-11-23T23:44:38.056] [INFO] response - { method: 'GET',
  url: '/',
  body: undefined,
  costTime: 0,
  response: { status: 404, message: 'Not Found', header: {}, body: undefined } }
[2019-11-23T23:44:38.252] [INFO] response - { method: 'GET',
  url: '/',
  body: undefined,
  costTime: 0,
  response: { status: 404, message: 'Not Found', header: {}, body: undefined } }
[2019-11-23T23:44:38.440] [INFO] response - { method: 'GET',
  url: '/',
  body: undefined,
  costTime: 2,
  response: { status: 404, message: 'Not Found', header: {}, body: undefined } }
[2019-11-23T23:44:38.670] [INFO] response - { method: 'GET',
  url: '/',
  body: undefined,
  costTime: 1,
  response: { status: 404, message: 'Not Found', header: {}, body: undefined } }
[2019-11-23T23:44:38.933] [INFO] response - { method: 'GET',
  url: '/',
  body: undefined,
  costTime: 0,
  response: { status: 404, message: 'Not Found', header: {}, body: undefined } }
[2019-11-23T23:44:39.136] [INFO] response - { method: 'GET',
  url: '/',
  body: undefined,
  costTime: 0,
  response: { status: 404, message: 'Not Found', header: {}, body: undefined } }
[2019-11-23T23:44:39.544] [INFO] response - { method: 'GET',
  url: '/',
  body: undefined,
  costTime: 1,
  response: { status: 404, message: 'Not Found', header: {}, body: undefined } }
[2019-11-23T23:44:39.821] [INFO] response - { method: 'GET',
  url: '/',
  body: undefined,
  costTime: 0,
  response: { status: 404, message: 'Not Found', header: {}, body: undefined } }
[2019-11-23T23:44:40.456] [INFO] response - { method: 'GET',
  url: '/',
  body: undefined,
  costTime: 0,
  response: { status: 404, message: 'Not Found', header: {}, body: undefined } }
[2019-11-23T23:44:40.679] [INFO] response - { method: 'GET',
  url: '/',
  body: undefined,
  costTime: 0,
  response: { status: 404, message: 'Not Found', header: {}, body: undefined } }
[2019-11-23T23:44:40.902] [INFO] response - { method: 'GET',
  url: '/',
  body: undefined,
  costTime: 1,
  response: { status: 404, message: 'Not Found', header: {}, body: undefined } }
[2019-11-23T23:44:48.682] [INFO] response - { method: 'GET',
  url: '/',
  body: undefined,
  costTime: 0,
  response: { status: 404, message: 'Not Found', header: {}, body: undefined } }
[2019-11-23T23:44:48.914] [INFO] response - { method: 'GET',
  url: '/',
  body: undefined,
  costTime: 0,
  response: { status: 404, message: 'Not Found', header: {}, body: undefined } }
[2019-11-23T23:44:49.378] [INFO] response - { method: 'GET',
  url: '/',
  body: undefined,
  costTime: 1,
  response: { status: 404, message: 'Not Found', header: {}, body: undefined } }
[2019-11-23T23:44:49.606] [INFO] response - { method: 'GET',
  url: '/',
  body: undefined,
  costTime: 1,
  response: { status: 404, message: 'Not Found', header: {}, body: undefined } }
[2019-11-23T23:44:49.839] [INFO] response - { method: 'GET',
  url: '/',
  body: undefined,
  costTime: 0,
  response: { status: 404, message: 'Not Found', header: {}, body: undefined } }
[2019-11-23T23:54:43.825] [INFO] response - { method: 'GET',
  url: '/',
  body: undefined,
  costTime: 30,
  response: { status: 200,
     message: 'OK',
     header: 
      { vary: 'Origin',
        'access-control-allow-origin': 'http://localhost::8080',
        'access-control-allow-credentials': 'true',
        'access-control-expose-headers': 'WWW-Authenticate,Server-Authorization',
        'content-type': 'text/html; charset=utf-8',
        'content-length': '1029' },
     body: '<!DOCTYPE html>\r\n<head>\r\n\t<meta http-equiv="Content-Type" content="text/html; charset=utf-8" />\r\n\t<title>登录</title>\r\n\t<link rel="stylesheet" type="text/css" href="/stylesheets/style.css" />\r\n\t<link rel="stylesheet" type="text/css" href="/stylesheets/body.css"/> \r\n</head>\r\n<body>\r\n\t<div class="container">\r\n\t\t<section id="content">\r\n\t\t\t<form action="/checkLogin" method="post">\r\n\t\t\t\t<h1>登录</h1>\r\n\t\t\t\t<div>\r\n\t\t\t\t\t<input type="text" placeholder="工号/学号" required="" id="username" name="user_id"/>\r\n\t\t\t\t</div>\r\n\t\t\t\t<div>\r\n\t\t\t\t\t<input type="password" placeholder="密码" required="" id="password" name="password"/>\r\n\t\t\t\t</div>\r\n\t\t\t\t<div class="">\r\n\t\t\t\t\t<span class="help-block u-errormessage" id="js-server-helpinfo">&nbsp;</span>\t\t\t\r\n\t\t\t\t</div> \r\n\t\t\t\t<div>\r\n\t\t\t\t\t<!-- <input type="submit" value="Log in" /> -->\r\n\t\t\t\t\t<input type="submit" value="登录" class="btn btn-primary" id="js-btn-login"/>\r\n\t\t\t\t</div>\r\n\t\t\t</form><!-- form -->\r\n\t\t\t\r\n\t\t</section><!-- content -->\r\n\t</div>\r\n\t<!-- container -->\r\n</body>\r\n</html>' } }
[2019-11-23T23:55:00.107] [INFO] response - { method: 'POST',
  url: '/checkLogin',
  body: undefined,
  costTime: 8,
  response: { status: 200,
     message: 'OK',
     header: 
      { vary: 'Origin',
        'access-control-allow-origin': 'http://localhost::8080',
        'access-control-allow-credentials': 'true',
        'access-control-expose-headers': 'WWW-Authenticate,Server-Authorization',
        'content-type': 'text/html; charset=utf-8',
        'content-length': '1086' },
     body: '<!DOCTYPE html>\r\n<head>\r\n\t<meta http-equiv="Content-Type" content="text/html; charset=utf-8" />\r\n\t<title>登录</title>\r\n\t<link rel="stylesheet" type="text/css" href="/stylesheets/style.css" />\r\n\t<link rel="stylesheet" type="text/css" href="/stylesheets/body.css"/> \r\n</head>\r\n<body>\r\n\t<div class="container">\r\n\t\t<section id="content">\r\n\t\t\t<form action="/checkLogin" method="post">\r\n\t\t\t\t<h1>登录</h1>\r\n\t\t\t\t<div>\r\n\t\t\t\t\t<input type="text" placeholder="工号/学号" required="" id="username" name="user_id"/>\r\n\t\t\t\t</div>\r\n\t\t\t\t<div>\r\n\t\t\t\t\t<input type="password" placeholder="密码" required="" id="password" name="password"/>\r\n\t\t\t\t</div>\r\n\t\t\t\t<div class="">\r\n\t\t\t\t\t<span class="help-block u-errormessage" id="js-server-helpinfo">&nbsp;</span>\t\t\t\r\n\t\t\t\t</div> \r\n\t\t\t\t<div>\r\n\t\t\t\t\t<!-- <input type="submit" value="Log in" /> -->\r\n\t\t\t\t\t<input type="submit" value="登录" class="btn btn-primary" id="js-btn-login"/>\r\n\t\t\t\t</div>\r\n\t\t\t</form><!-- form -->\r\n\t\t\t\r\n\t\t\t\t<div style="color: red;">[object Object]</div>\r\n\t\t\t\r\n\t\t</section><!-- content -->\r\n\t</div>\r\n\t<!-- container -->\r\n</body>\r\n</html>' } }
[2019-11-23T23:55:21.887] [INFO] response - { method: 'POST',
  url: '/checkLogin',
  body: undefined,
  costTime: 4,
  response: { status: 200,
     message: 'OK',
     header: 
      { vary: 'Origin',
        'access-control-allow-origin': 'http://localhost::8080',
        'access-control-allow-credentials': 'true',
        'access-control-expose-headers': 'WWW-Authenticate,Server-Authorization',
        'content-type': 'text/html; charset=utf-8',
        'content-length': '1086' },
     body: '<!DOCTYPE html>\r\n<head>\r\n\t<meta http-equiv="Content-Type" content="text/html; charset=utf-8" />\r\n\t<title>登录</title>\r\n\t<link rel="stylesheet" type="text/css" href="/stylesheets/style.css" />\r\n\t<link rel="stylesheet" type="text/css" href="/stylesheets/body.css"/> \r\n</head>\r\n<body>\r\n\t<div class="container">\r\n\t\t<section id="content">\r\n\t\t\t<form action="/checkLogin" method="post">\r\n\t\t\t\t<h1>登录</h1>\r\n\t\t\t\t<div>\r\n\t\t\t\t\t<input type="text" placeholder="工号/学号" required="" id="username" name="user_id"/>\r\n\t\t\t\t</div>\r\n\t\t\t\t<div>\r\n\t\t\t\t\t<input type="password" placeholder="密码" required="" id="password" name="password"/>\r\n\t\t\t\t</div>\r\n\t\t\t\t<div class="">\r\n\t\t\t\t\t<span class="help-block u-errormessage" id="js-server-helpinfo">&nbsp;</span>\t\t\t\r\n\t\t\t\t</div> \r\n\t\t\t\t<div>\r\n\t\t\t\t\t<!-- <input type="submit" value="Log in" /> -->\r\n\t\t\t\t\t<input type="submit" value="登录" class="btn btn-primary" id="js-btn-login"/>\r\n\t\t\t\t</div>\r\n\t\t\t</form><!-- form -->\r\n\t\t\t\r\n\t\t\t\t<div style="color: red;">[object Object]</div>\r\n\t\t\t\r\n\t\t</section><!-- content -->\r\n\t</div>\r\n\t<!-- container -->\r\n</body>\r\n</html>' } }
[2019-11-23T23:56:11.628] [INFO] response - { method: 'POST',
  url: '/checkLogin',
  body: undefined,
  costTime: 43,
  response: { status: 200,
     message: 'OK',
     header: 
      { vary: 'Origin',
        'access-control-allow-origin': 'http://localhost::8080',
        'access-control-allow-credentials': 'true',
        'access-control-expose-headers': 'WWW-Authenticate,Server-Authorization',
        'content-type': 'text/html; charset=utf-8',
        'content-length': '1086' },
     body: '<!DOCTYPE html>\r\n<head>\r\n\t<meta http-equiv="Content-Type" content="text/html; charset=utf-8" />\r\n\t<title>登录</title>\r\n\t<link rel="stylesheet" type="text/css" href="/stylesheets/style.css" />\r\n\t<link rel="stylesheet" type="text/css" href="/stylesheets/body.css"/> \r\n</head>\r\n<body>\r\n\t<div class="container">\r\n\t\t<section id="content">\r\n\t\t\t<form action="/checkLogin" method="post">\r\n\t\t\t\t<h1>登录</h1>\r\n\t\t\t\t<div>\r\n\t\t\t\t\t<input type="text" placeholder="工号/学号" required="" id="username" name="user_id"/>\r\n\t\t\t\t</div>\r\n\t\t\t\t<div>\r\n\t\t\t\t\t<input type="password" placeholder="密码" required="" id="password" name="password"/>\r\n\t\t\t\t</div>\r\n\t\t\t\t<div class="">\r\n\t\t\t\t\t<span class="help-block u-errormessage" id="js-server-helpinfo">&nbsp;</span>\t\t\t\r\n\t\t\t\t</div> \r\n\t\t\t\t<div>\r\n\t\t\t\t\t<!-- <input type="submit" value="Log in" /> -->\r\n\t\t\t\t\t<input type="submit" value="登录" class="btn btn-primary" id="js-btn-login"/>\r\n\t\t\t\t</div>\r\n\t\t\t</form><!-- form -->\r\n\t\t\t\r\n\t\t\t\t<div style="color: red;">[object Object]</div>\r\n\t\t\t\r\n\t\t</section><!-- content -->\r\n\t</div>\r\n\t<!-- container -->\r\n</body>\r\n</html>' } }
[2019-11-23T23:56:18.533] [INFO] response - { method: 'GET',
  url: '/',
  body: undefined,
  costTime: 3,
  response: { status: 200,
     message: 'OK',
     header: 
      { vary: 'Origin',
        'access-control-allow-origin': 'http://localhost::8080',
        'access-control-allow-credentials': 'true',
        'access-control-expose-headers': 'WWW-Authenticate,Server-Authorization',
        'content-type': 'text/html; charset=utf-8',
        'content-length': '1029' },
     body: '<!DOCTYPE html>\r\n<head>\r\n\t<meta http-equiv="Content-Type" content="text/html; charset=utf-8" />\r\n\t<title>登录</title>\r\n\t<link rel="stylesheet" type="text/css" href="/stylesheets/style.css" />\r\n\t<link rel="stylesheet" type="text/css" href="/stylesheets/body.css"/> \r\n</head>\r\n<body>\r\n\t<div class="container">\r\n\t\t<section id="content">\r\n\t\t\t<form action="/checkLogin" method="post">\r\n\t\t\t\t<h1>登录</h1>\r\n\t\t\t\t<div>\r\n\t\t\t\t\t<input type="text" placeholder="工号/学号" required="" id="username" name="user_id"/>\r\n\t\t\t\t</div>\r\n\t\t\t\t<div>\r\n\t\t\t\t\t<input type="password" placeholder="密码" required="" id="password" name="password"/>\r\n\t\t\t\t</div>\r\n\t\t\t\t<div class="">\r\n\t\t\t\t\t<span class="help-block u-errormessage" id="js-server-helpinfo">&nbsp;</span>\t\t\t\r\n\t\t\t\t</div> \r\n\t\t\t\t<div>\r\n\t\t\t\t\t<!-- <input type="submit" value="Log in" /> -->\r\n\t\t\t\t\t<input type="submit" value="登录" class="btn btn-primary" id="js-btn-login"/>\r\n\t\t\t\t</div>\r\n\t\t\t</form><!-- form -->\r\n\t\t\t\r\n\t\t</section><!-- content -->\r\n\t</div>\r\n\t<!-- container -->\r\n</body>\r\n</html>' } }
[2019-11-23T23:56:24.760] [INFO] response - { method: 'POST',
  url: '/checkLogin',
  body: undefined,
  costTime: 3,
  response: { status: 200,
     message: 'OK',
     header: 
      { vary: 'Origin',
        'access-control-allow-origin': 'http://localhost::8080',
        'access-control-allow-credentials': 'true',
        'access-control-expose-headers': 'WWW-Authenticate,Server-Authorization',
        'content-type': 'text/html; charset=utf-8',
        'content-length': '1086' },
     body: '<!DOCTYPE html>\r\n<head>\r\n\t<meta http-equiv="Content-Type" content="text/html; charset=utf-8" />\r\n\t<title>登录</title>\r\n\t<link rel="stylesheet" type="text/css" href="/stylesheets/style.css" />\r\n\t<link rel="stylesheet" type="text/css" href="/stylesheets/body.css"/> \r\n</head>\r\n<body>\r\n\t<div class="container">\r\n\t\t<section id="content">\r\n\t\t\t<form action="/checkLogin" method="post">\r\n\t\t\t\t<h1>登录</h1>\r\n\t\t\t\t<div>\r\n\t\t\t\t\t<input type="text" placeholder="工号/学号" required="" id="username" name="user_id"/>\r\n\t\t\t\t</div>\r\n\t\t\t\t<div>\r\n\t\t\t\t\t<input type="password" placeholder="密码" required="" id="password" name="password"/>\r\n\t\t\t\t</div>\r\n\t\t\t\t<div class="">\r\n\t\t\t\t\t<span class="help-block u-errormessage" id="js-server-helpinfo">&nbsp;</span>\t\t\t\r\n\t\t\t\t</div> \r\n\t\t\t\t<div>\r\n\t\t\t\t\t<!-- <input type="submit" value="Log in" /> -->\r\n\t\t\t\t\t<input type="submit" value="登录" class="btn btn-primary" id="js-btn-login"/>\r\n\t\t\t\t</div>\r\n\t\t\t</form><!-- form -->\r\n\t\t\t\r\n\t\t\t\t<div style="color: red;">[object Object]</div>\r\n\t\t\t\r\n\t\t</section><!-- content -->\r\n\t</div>\r\n\t<!-- container -->\r\n</body>\r\n</html>' } }
[2019-11-23T23:57:52.456] [INFO] response - { method: 'POST',
  url: '/checkLogin',
  body: undefined,
  costTime: 35,
  response: { status: 200,
     message: 'OK',
     header: 
      { vary: 'Origin',
        'access-control-allow-origin': 'http://localhost:3000',
        'access-control-allow-credentials': 'true',
        'access-control-expose-headers': 'WWW-Authenticate,Server-Authorization',
        'content-type': 'text/html; charset=utf-8',
        'content-length': '1086' },
     body: '<!DOCTYPE html>\r\n<head>\r\n\t<meta http-equiv="Content-Type" content="text/html; charset=utf-8" />\r\n\t<title>登录</title>\r\n\t<link rel="stylesheet" type="text/css" href="/stylesheets/style.css" />\r\n\t<link rel="stylesheet" type="text/css" href="/stylesheets/body.css"/> \r\n</head>\r\n<body>\r\n\t<div class="container">\r\n\t\t<section id="content">\r\n\t\t\t<form action="/checkLogin" method="post">\r\n\t\t\t\t<h1>登录</h1>\r\n\t\t\t\t<div>\r\n\t\t\t\t\t<input type="text" placeholder="工号/学号" required="" id="username" name="user_id"/>\r\n\t\t\t\t</div>\r\n\t\t\t\t<div>\r\n\t\t\t\t\t<input type="password" placeholder="密码" required="" id="password" name="password"/>\r\n\t\t\t\t</div>\r\n\t\t\t\t<div class="">\r\n\t\t\t\t\t<span class="help-block u-errormessage" id="js-server-helpinfo">&nbsp;</span>\t\t\t\r\n\t\t\t\t</div> \r\n\t\t\t\t<div>\r\n\t\t\t\t\t<!-- <input type="submit" value="Log in" /> -->\r\n\t\t\t\t\t<input type="submit" value="登录" class="btn btn-primary" id="js-btn-login"/>\r\n\t\t\t\t</div>\r\n\t\t\t</form><!-- form -->\r\n\t\t\t\r\n\t\t\t\t<div style="color: red;">[object Object]</div>\r\n\t\t\t\r\n\t\t</section><!-- content -->\r\n\t</div>\r\n\t<!-- container -->\r\n</body>\r\n</html>' } }
[2019-11-23T23:58:21.751] [INFO] response - { method: 'POST',
  url: '/checkLogin',
  body: undefined,
  costTime: 22,
  response: { status: 200,
     message: 'OK',
     header: 
      { 'content-type': 'text/html; charset=utf-8',
        'content-length': '1086' },
     body: '<!DOCTYPE html>\r\n<head>\r\n\t<meta http-equiv="Content-Type" content="text/html; charset=utf-8" />\r\n\t<title>登录</title>\r\n\t<link rel="stylesheet" type="text/css" href="/stylesheets/style.css" />\r\n\t<link rel="stylesheet" type="text/css" href="/stylesheets/body.css"/> \r\n</head>\r\n<body>\r\n\t<div class="container">\r\n\t\t<section id="content">\r\n\t\t\t<form action="/checkLogin" method="post">\r\n\t\t\t\t<h1>登录</h1>\r\n\t\t\t\t<div>\r\n\t\t\t\t\t<input type="text" placeholder="工号/学号" required="" id="username" name="user_id"/>\r\n\t\t\t\t</div>\r\n\t\t\t\t<div>\r\n\t\t\t\t\t<input type="password" placeholder="密码" required="" id="password" name="password"/>\r\n\t\t\t\t</div>\r\n\t\t\t\t<div class="">\r\n\t\t\t\t\t<span class="help-block u-errormessage" id="js-server-helpinfo">&nbsp;</span>\t\t\t\r\n\t\t\t\t</div> \r\n\t\t\t\t<div>\r\n\t\t\t\t\t<!-- <input type="submit" value="Log in" /> -->\r\n\t\t\t\t\t<input type="submit" value="登录" class="btn btn-primary" id="js-btn-login"/>\r\n\t\t\t\t</div>\r\n\t\t\t</form><!-- form -->\r\n\t\t\t\r\n\t\t\t\t<div style="color: red;">[object Object]</div>\r\n\t\t\t\r\n\t\t</section><!-- content -->\r\n\t</div>\r\n\t<!-- container -->\r\n</body>\r\n</html>' } }
[2019-11-23T23:58:28.509] [INFO] response - { method: 'POST',
  url: '/checkLogin',
  body: undefined,
  costTime: 4,
  response: { status: 200,
     message: 'OK',
     header: 
      { 'content-type': 'text/html; charset=utf-8',
        'content-length': '1086' },
     body: '<!DOCTYPE html>\r\n<head>\r\n\t<meta http-equiv="Content-Type" content="text/html; charset=utf-8" />\r\n\t<title>登录</title>\r\n\t<link rel="stylesheet" type="text/css" href="/stylesheets/style.css" />\r\n\t<link rel="stylesheet" type="text/css" href="/stylesheets/body.css"/> \r\n</head>\r\n<body>\r\n\t<div class="container">\r\n\t\t<section id="content">\r\n\t\t\t<form action="/checkLogin" method="post">\r\n\t\t\t\t<h1>登录</h1>\r\n\t\t\t\t<div>\r\n\t\t\t\t\t<input type="text" placeholder="工号/学号" required="" id="username" name="user_id"/>\r\n\t\t\t\t</div>\r\n\t\t\t\t<div>\r\n\t\t\t\t\t<input type="password" placeholder="密码" required="" id="password" name="password"/>\r\n\t\t\t\t</div>\r\n\t\t\t\t<div class="">\r\n\t\t\t\t\t<span class="help-block u-errormessage" id="js-server-helpinfo">&nbsp;</span>\t\t\t\r\n\t\t\t\t</div> \r\n\t\t\t\t<div>\r\n\t\t\t\t\t<!-- <input type="submit" value="Log in" /> -->\r\n\t\t\t\t\t<input type="submit" value="登录" class="btn btn-primary" id="js-btn-login"/>\r\n\t\t\t\t</div>\r\n\t\t\t</form><!-- form -->\r\n\t\t\t\r\n\t\t\t\t<div style="color: red;">[object Object]</div>\r\n\t\t\t\r\n\t\t</section><!-- content -->\r\n\t</div>\r\n\t<!-- container -->\r\n</body>\r\n</html>' } }
