[2019-12-04T11:57:47.777] [INFO] response - { method: 'POST',
  url: '/api/users/postlogin',
  body: { user_id: '1001', password: '123456' },
  costTime: 221,
  response: { status: 200,
     message: 'OK',
     header: 
      { vary: 'Origin',
        'access-control-allow-origin': 'http://localhost:8080',
        'access-control-allow-credentials': 'true',
        'access-control-expose-headers': 'WWW-Authenticate,Server-Authorization',
        'content-type': 'application/json; charset=utf-8' },
     body: { code: 1, data: [Object] } } }
[2019-12-04T11:58:32.909] [INFO] response - { method: 'POST',
  url: '/api/users/postlogin',
  body: { user_id: '1001', password: '123456' },
  costTime: 21,
  response: { status: 200,
     message: 'OK',
     header: 
      { vary: 'Origin',
        'access-control-allow-origin': 'http://localhost:8080',
        'access-control-allow-credentials': 'true',
        'access-control-expose-headers': 'WWW-Authenticate,Server-Authorization',
        'content-type': 'application/json; charset=utf-8' },
     body: { code: 1, data: [Object] } } }
[2019-12-04T11:58:33.150] [INFO] response - { method: 'GET',
  url: '/api/users/userinfo',
  body: {},
  costTime: 103,
  response: { status: 200,
     message: 'OK',
     header: 
      { vary: 'Origin',
        'access-control-allow-origin': 'http://localhost:8080',
        'access-control-allow-credentials': 'true',
        'access-control-expose-headers': 'WWW-Authenticate,Server-Authorization',
        'content-type': 'application/json; charset=utf-8' },
     body: { data: [Object] } } }
[2019-12-04T14:19:52.944] [INFO] response - { method: 'GET',
  url: '/api/users/userinfo',
  body: {},
  costTime: 15,
  response: { status: 401,
     message: 'Unauthorized',
     header: 
      { vary: 'Origin',
        'access-control-allow-origin': 'http://localhost:8080',
        'access-control-allow-credentials': 'true',
        'access-control-expose-headers': 'WWW-Authenticate,Server-Authorization',
        'content-type': 'text/plain; charset=utf-8',
        'content-length': '12' },
     body: 'Unauthorized' } }
[2019-12-04T14:20:49.822] [INFO] response - { method: 'POST',
  url: '/api/users/postlogin',
  body: { user_id: '1001', password: '123456' },
  costTime: 105,
  response: { status: 200,
     message: 'OK',
     header: 
      { vary: 'Origin',
        'access-control-allow-origin': 'http://localhost:8080',
        'access-control-allow-credentials': 'true',
        'access-control-expose-headers': 'WWW-Authenticate,Server-Authorization',
        'content-type': 'application/json; charset=utf-8' },
     body: { code: 1, data: [Object] } } }
[2019-12-04T14:20:50.148] [INFO] response - { method: 'GET',
  url: '/api/users/userinfo',
  body: {},
  costTime: 285,
  response: { status: 200,
     message: 'OK',
     header: 
      { vary: 'Origin',
        'access-control-allow-origin': 'http://localhost:8080',
        'access-control-allow-credentials': 'true',
        'access-control-expose-headers': 'WWW-Authenticate,Server-Authorization',
        'content-type': 'application/json; charset=utf-8' },
     body: { data: [Object] } } }
[2019-12-04T14:21:15.847] [INFO] response - { method: 'GET',
  url: '/api/users/userinfo',
  body: {},
  costTime: 206,
  response: { status: 200,
     message: 'OK',
     header: 
      { vary: 'Origin',
        'access-control-allow-origin': 'http://localhost:8080',
        'access-control-allow-credentials': 'true',
        'access-control-expose-headers': 'WWW-Authenticate,Server-Authorization',
        'content-type': 'application/json; charset=utf-8' },
     body: { data: [Object] } } }
[2019-12-04T14:21:54.295] [INFO] response - { method: 'GET',
  url: '/api/users/userinfo',
  body: {},
  costTime: 191,
  response: { status: 200,
     message: 'OK',
     header: 
      { vary: 'Origin',
        'access-control-allow-origin': 'http://localhost:8080',
        'access-control-allow-credentials': 'true',
        'access-control-expose-headers': 'WWW-Authenticate,Server-Authorization',
        'content-type': 'application/json; charset=utf-8' },
     body: { data: [Object] } } }
[2019-12-04T14:27:27.316] [INFO] response - { method: 'GET',
  url: '/api/users/userinfo',
  body: {},
  costTime: 227,
  response: { status: 200,
     message: 'OK',
     header: 
      { vary: 'Origin',
        'access-control-allow-origin': 'http://localhost:8080',
        'access-control-allow-credentials': 'true',
        'access-control-expose-headers': 'WWW-Authenticate,Server-Authorization',
        'content-type': 'application/json; charset=utf-8' },
     body: { data: [Object] } } }
[2019-12-04T14:27:34.661] [INFO] response - { method: 'GET',
  url: '/api/users/userinfo',
  body: {},
  costTime: 233,
  response: { status: 200,
     message: 'OK',
     header: 
      { vary: 'Origin',
        'access-control-allow-origin': 'http://localhost:8080',
        'access-control-allow-credentials': 'true',
        'access-control-expose-headers': 'WWW-Authenticate,Server-Authorization',
        'content-type': 'application/json; charset=utf-8' },
     body: { data: [Object] } } }
[2019-12-04T14:28:23.198] [INFO] response - { method: 'GET',
  url: '/api/users/userinfo',
  body: {},
  costTime: 223,
  response: { status: 200,
     message: 'OK',
     header: 
      { vary: 'Origin',
        'access-control-allow-origin': 'http://localhost:8080',
        'access-control-allow-credentials': 'true',
        'access-control-expose-headers': 'WWW-Authenticate,Server-Authorization',
        'content-type': 'application/json; charset=utf-8' },
     body: { data: [Object] } } }
[2019-12-04T14:29:40.266] [INFO] response - { method: 'GET',
  url: '/api/users/userinfo',
  body: {},
  costTime: 51,
  response: { status: 200,
     message: 'OK',
     header: 
      { vary: 'Origin',
        'access-control-allow-origin': 'http://localhost:8080',
        'access-control-allow-credentials': 'true',
        'access-control-expose-headers': 'WWW-Authenticate,Server-Authorization',
        'content-type': 'application/json; charset=utf-8' },
     body: { data: [Object] } } }
[2019-12-04T14:29:43.364] [INFO] response - { method: 'GET',
  url: '/api/users/userinfo',
  body: {},
  costTime: 181,
  response: { status: 200,
     message: 'OK',
     header: 
      { vary: 'Origin',
        'access-control-allow-origin': 'http://localhost:8080',
        'access-control-allow-credentials': 'true',
        'access-control-expose-headers': 'WWW-Authenticate,Server-Authorization',
        'content-type': 'application/json; charset=utf-8' },
     body: { data: [Object] } } }
[2019-12-04T14:30:13.369] [INFO] response - { method: 'GET',
  url: '/api/users/userinfo',
  body: {},
  costTime: 194,
  response: { status: 200,
     message: 'OK',
     header: 
      { vary: 'Origin',
        'access-control-allow-origin': 'http://localhost:8080',
        'access-control-allow-credentials': 'true',
        'access-control-expose-headers': 'WWW-Authenticate,Server-Authorization',
        'content-type': 'application/json; charset=utf-8' },
     body: { data: [Object] } } }
[2019-12-04T14:30:56.425] [INFO] response - { method: 'GET',
  url: '/api/users/userinfo',
  body: {},
  costTime: 200,
  response: { status: 200,
     message: 'OK',
     header: 
      { vary: 'Origin',
        'access-control-allow-origin': 'http://localhost:8080',
        'access-control-allow-credentials': 'true',
        'access-control-expose-headers': 'WWW-Authenticate,Server-Authorization',
        'content-type': 'application/json; charset=utf-8' },
     body: { data: [Object] } } }
[2019-12-04T14:32:07.916] [INFO] response - { method: 'GET',
  url: '/api/users/userinfo',
  body: {},
  costTime: 156,
  response: { status: 200,
     message: 'OK',
     header: 
      { vary: 'Origin',
        'access-control-allow-origin': 'http://localhost:8080',
        'access-control-allow-credentials': 'true',
        'access-control-expose-headers': 'WWW-Authenticate,Server-Authorization',
        'content-type': 'application/json; charset=utf-8' },
     body: { data: [Object] } } }
[2019-12-04T14:39:02.536] [INFO] response - { method: 'GET',
  url: '/api/users/userinfo',
  body: {},
  costTime: 73,
  response: { status: 200,
     message: 'OK',
     header: 
      { vary: 'Origin',
        'access-control-allow-origin': 'http://localhost:8080',
        'access-control-allow-credentials': 'true',
        'access-control-expose-headers': 'WWW-Authenticate,Server-Authorization',
        'content-type': 'application/json; charset=utf-8' },
     body: { data: [Object] } } }
[2019-12-04T14:43:18.288] [INFO] response - { method: 'GET',
  url: '/api/users/userinfo',
  body: {},
  costTime: 62,
  response: { status: 200,
     message: 'OK',
     header: 
      { vary: 'Origin',
        'access-control-allow-origin': 'http://localhost:8080',
        'access-control-allow-credentials': 'true',
        'access-control-expose-headers': 'WWW-Authenticate,Server-Authorization',
        'content-type': 'application/json; charset=utf-8' },
     body: { data: [Object] } } }
[2019-12-04T14:50:22.429] [INFO] response - { method: 'GET',
  url: '/api/users/userinfo',
  body: {},
  costTime: 64,
  response: { status: 200,
     message: 'OK',
     header: 
      { vary: 'Origin',
        'access-control-allow-origin': 'http://localhost:8080',
        'access-control-allow-credentials': 'true',
        'access-control-expose-headers': 'WWW-Authenticate,Server-Authorization',
        'content-type': 'application/json; charset=utf-8' },
     body: { data: [Object] } } }
[2019-12-04T14:50:55.086] [INFO] response - { method: 'GET',
  url: '/api/users/userinfo',
  body: {},
  costTime: 68,
  response: { status: 200,
     message: 'OK',
     header: 
      { vary: 'Origin',
        'access-control-allow-origin': 'http://localhost:8080',
        'access-control-allow-credentials': 'true',
        'access-control-expose-headers': 'WWW-Authenticate,Server-Authorization',
        'content-type': 'application/json; charset=utf-8' },
     body: { data: [Object] } } }
[2019-12-04T14:52:43.105] [INFO] response - { method: 'GET',
  url: '/api/users/userinfo',
  body: {},
  costTime: 102,
  response: { status: 200,
     message: 'OK',
     header: 
      { vary: 'Origin',
        'access-control-allow-origin': 'http://localhost:8080',
        'access-control-allow-credentials': 'true',
        'access-control-expose-headers': 'WWW-Authenticate,Server-Authorization',
        'content-type': 'application/json; charset=utf-8' },
     body: { data: [Object] } } }
[2019-12-04T15:02:43.136] [INFO] response - { method: 'GET',
  url: '/api/users/userinfo',
  body: {},
  costTime: 76,
  response: { status: 200,
     message: 'OK',
     header: 
      { vary: 'Origin',
        'access-control-allow-origin': 'http://localhost:8080',
        'access-control-allow-credentials': 'true',
        'access-control-expose-headers': 'WWW-Authenticate,Server-Authorization',
        'content-type': 'application/json; charset=utf-8' },
     body: { data: [Object] } } }
[2019-12-04T15:02:58.738] [INFO] response - { method: 'GET',
  url: '/api/users/userinfo',
  body: {},
  costTime: 80,
  response: { status: 200,
     message: 'OK',
     header: 
      { vary: 'Origin',
        'access-control-allow-origin': 'http://localhost:8080',
        'access-control-allow-credentials': 'true',
        'access-control-expose-headers': 'WWW-Authenticate,Server-Authorization',
        'content-type': 'application/json; charset=utf-8' },
     body: { data: [Object] } } }
