[2020-05-14T11:11:28.195] [INFO] response - { method: 'GET',
  url: '/allfoods/allfoodlist',
  body: {},
  costTime: 56,
  response:
   { status: 200,
     message: 'OK',
     header:
      [Object: null prototype] {
        vary: 'Origin',
        'access-control-allow-origin': 'http://localhost:8080',
        'access-control-allow-credentials': 'true',
        'access-control-expose-headers': 'WWW-Authenticate,Server-Authorization',
        'content-type': 'text/html; charset=utf-8',
        'content-length': '6201' },
     body:
      '<!DOCTYPE html>\r\n<html lang="en">\r\n<head>\r\n    <meta charset="UTF-8">\r\n    <meta name="viewport" content="width=device-width, initial-scale=1.0">\r\n    <meta http-equiv="X-UA-Compatible" content="ie=edge">\r\n    <link type="text/css" rel="stylesheet" href="/stylesheets/bootstrap.min.css" />\r\n    <script src="/javascripts/jquery.min.js"></script>\r\n    <script src="/javascripts/jqPaginator.js"></script>\r\n    <title>食品清单</title>\r\n</head>\r\n<body>\r\n\r\n<!-- 食品分页 -->\r\n<div class="pull-left" style="margin-left:102px">\r\n      <ul class="pagination">\r\n            <li><a href="/allfoods/allfoodlist">首页</a></li>\r\n            <!-- 使用parseInt()函数可解析一个字符串,并返回一个整数 -->\r\n            <li><a href="/allfoods/allfoodlist?page=1">上一页</a></li>\r\n            <!-- ?指的是分页链接 向action或者jsp传参 通过?前面链接来处理分页 并通过url传参的形式将page=多少传给链接 -->\r\n            <li><a href="/allfoods/allfoodlist?page=2" >下一页</a></li>\r\n            <!-- 后面的?在这里指的是条件表达式，前面的成立就返回，否则就返回后面 -->\r\n            <li><a href="/allfoods/allfoodlist?page=3">尾页</a></li>\r\n            <li><a href="./zjia"><span style="color: rgb(67, 198, 250); font-weight: bolder;">添加食品</span></a></li>\r\n      </ul>\r\n</div>\r\n\r\n\r\n<!-- 搜索框 --> \r\n<div class="suo" >\r\n    <form action="/allfoods/suo" method="POST">\r\n          <div class="col-md-offset-2 col-md-3 " style="padding:20px 3px;">\r\n              <!-- from-control的效果 宽度为100% 边框为浅灰色 控件具有4px的圆角 阴影效果，元素得到焦点时，阴影和边框效果会发生变化设置 placeholder的颜色为#999 -->\r\n              <input type="text" class="form-control" name="chaxun"   placeholder="请输入单价或食品名称">\r\n              <!-- col-md-offset-3（在左侧补充3列）col-md-push-8（从左侧往右侧推8列）col-md-pull-2（往左侧拉2列）  -->\r\n              </div>\r\n          <div class="col-md-2" style="padding:20px 3px;">\r\n              <!-- col-xs-6 col-md-3  在超小屏幕中占6列 在中单屏幕中占3列  bootstrap栅格系统中的列是通过指定1到12的值来表示其跨越的范围-->\r\n              <button type="submit" class="btn btn-info" >查询</button>   \r\n              </div>  \r\n        \r\n   </form>\r\n</div>\r\n  \r\n\r\n\r\n<!--所有食品列表-->\r\n    <div class="allfood">\r\n        <div class="col-md-10 col-md-offset-1">\r\n        <!-- table-hover：鼠标悬停高亮的表格 table-bordered：带边框的表格 table-striped：斑马线表格 -->\r\n        <table class="table table-striped table-hover table-bordered">\r\n            <thead>\r\n              <tr class="biao">\r\n                <th style="text-align:center;">序号</th>\r\n                <th style="text-align:center;">食品</th>\r\n                <th style="text-align:center;">单价(斤)</th>\r\n                <th style="text-align:center;">数量</th>\r\n                <th colspan="2" style="text-align:center;">操作</th>\r\n              </tr>\r\n            </thead>\r\n            <tbody>\r\n              \r\n                <tr style="text-align:center;">\r\n                    <td>1</td>  \r\n                    <td>鸡肉</td>\r\n                    <td>20</td>\r\n                    <td><span style="color:rgb(243, 58, 45); font-weight: bolder">2</span></td>\r\n                    <td><a href="/allfoods/edit/鸡肉" class="btn btn-info">编辑</a></td>\r\n                    <td><a href="/allfoods/delect/鸡肉" class="btn btn-danger">售罄</a></td>\r\n                    \r\n                <tr style="text-align:center;">\r\n                    <td>2</td>  \r\n                    <td>五花肉</td>\r\n                    <td>35</td>\r\n                    <td><span style="color:rgb(243, 58, 45); font-weight: bolder">0</span></td>\r\n                    <td><a href="/allfoods/edit/五花肉" class="btn btn-info">编辑</a></td>\r\n                    <td><a href="/allfoods/delect/五花肉" class="btn btn-danger">售罄</a></td>\r\n                    \r\n                <tr style="text-align:center;">\r\n                    <td>3</td>  \r\n                    <td>牛肉</td>\r\n                    <td>55</td>\r\n                    <td><span style="color:rgb(243, 58, 45); font-weight: bolder">12</span></td>\r\n                    <td><a href="/allfoods/edit/牛肉" class="btn btn-info">编辑</a></td>\r\n                    <td><a href="/allfoods/delect/牛肉" class="btn btn-danger">售罄</a></td>\r\n                    \r\n                <tr style="text-align:center;">\r\n                    <td>4</td>  \r\n                    <td>大葱</td>\r\n                    <td>1.2</td>\r\n                    <td><span style="color:rgb(243, 58, 45); font-weight: bolder">5</span></td>\r\n                    <td><a href="/allfoods/edit/大葱" class="btn btn-info">编辑</a></td>\r\n                    <td><a href="/allfoods/delect/大葱" class="btn btn-danger">售罄</a></td>\r\n                    \r\n                <tr style="text-align:center;">\r\n                    <td>5</td>  \r\n                    <td>茄子</td>\r\n                    <td>8</td>\r\n                    <td><span style="color:rgb(243, 58, 45); font-weight: bolder">8</span></td>\r\n                    <td><a href="/allfoods/edit/茄子" class="btn btn-info">编辑</a></td>\r\n                    <td><a href="/allfoods/delect/茄子" class="btn btn-danger">售罄</a></td>\r\n                    \r\n                <tr style="text-align:center;">\r\n                    <td>6</td>  \r\n                    <td>土豆</td>\r\n                    <td>8</td>\r\n                    <td><span style="color:rgb(243, 58, 45); font-weight: bolder">0</span></td>\r\n                    <td><a href="/allfoods/edit/土豆" class="btn btn-info">编辑</a></td>\r\n                    <td><a href="/allfoods/delect/土豆" class="btn btn-danger">售罄</a></td>\r\n                    \r\n                </tr>\r\n            </tbody>\r\n        </table>\r\n        </div>\r\n\r\n<!-- 分页记录 -->\r\n<div class="pull-right" style="margin-right:88px ;">  <!-- 整体右浮动  -->\r\n  当前1/3页 共16条记录\r\n</div>\r\n\r\n</body>\r\n</html>\r\n' } }
[2020-05-14T11:11:28.563] [INFO] response - { method: 'GET',
  url: '/foods/foodlist',
  body: {},
  costTime: 27,
  response:
   { status: 200,
     message: 'OK',
     header:
      [Object: null prototype] {
        vary: 'Origin',
        'access-control-allow-origin': 'http://localhost:8080',
        'access-control-allow-credentials': 'true',
        'access-control-expose-headers': 'WWW-Authenticate,Server-Authorization',
        'content-type': 'text/html; charset=utf-8',
        'content-length': '8819' },
     body:
      '<!DOCTYPE html>\r\n<html lang="en">\r\n<head>\r\n    <meta charset="UTF-8">\r\n    <meta name="viewport" content="width=device-width, initial-scale=1.0">\r\n    <meta http-equiv="X-UA-Compatible" content="ie=edge">\r\n    <link type="text/css" rel="stylesheet" href="/stylesheets/bootstrap.min.css" />\r\n    <title>食品订单</title>\r\n</head>\r\n<body>\r\n\r\n\r\n<!-- 食品分页 -->\r\n<div class="pull-left" style="margin-left:88px">\r\n  <ul class="pagination" id="paginator-example">\r\n    <li><a href="/foods/foodlist">首页</a></li>\r\n     <!-- 使用parseInt()函数可解析一个字符串,并返回一个整数 -->\r\n    <li><a href="/foods/foodlist?page=1">上一页</a></li>\r\n    <!-- ?指的是分页链接 向action或者jsp传参 通过?前面链接来处理分页 并通过url传参的形式将page=多少传给链接 -->\r\n    <li><a href="/foods/foodlist?page=2">下一页</a></li>\r\n    <!-- 后面的?在这里指的是条件表达式，前面的成立就返回，否则就返回后面 -->\r\n    <li><a href="/foods/foodlist?page=2">尾页</a></li>\r\n    <li><a href="./zhenjia"><span style="color: rgb(67, 198, 250); font-weight: bolder;">增加订单</span></a></li>\r\n  </ul>\r\n</div>\r\n\r\n\r\n<!-- 搜索框 --> \r\n<div class="suo">\r\n   \r\n      <form action="/foods/foodlist" method="POST">\r\n            <div class="col-md-offset-2 col-md-3 " style="padding:20px 3px;">\r\n                    <!-- from-control的效果 宽度为100% 边框为浅灰色 控件具有4px的圆角 阴影效果，元素得到焦点时，阴影和边框效果会发生变化设置 placeholder的颜色为#999 -->\r\n                    <input type="text" class="form-control" name="chaxun" value="" placeholder="请输入订单号或昵称">\r\n                    <!-- col-md-offset-3（在左侧补充3列）col-md-push-8（从左侧往右侧推8列）col-md-pull-2（往左侧拉2列）  -->\r\n                    </div>\r\n            <div class="col-md-2" style="padding:20px 3px;">\r\n                    <!-- col-xs-6 col-md-3  在超小屏幕中占6列 在中单屏幕中占3列  bootstrap栅格系统中的列是通过指定1到12的值来表示其跨越的范围-->\r\n                    <button type="submit" class="btn btn-info">查询</button>   \r\n                    </div>  \r\n        </form>\r\n  </div>\r\n\r\n\r\n<!--所有订单列表-->\r\n    <div class="dingdan">\r\n        <div class="col-md-10 col-md-offset-1" style="padding: 0;">\r\n        <table class="table table-striped table-hover table-bordered">\r\n           <!-- table-hover：鼠标悬停高亮的表格 table-bordered：带边框的表格 table-striped：斑马线表格 -->\r\n            <thead >\r\n              <tr class="biao" >\r\n                <th >序号</th>\r\n                <th>订单号</th>\r\n                <th style="text-align:center;">昵称</th>\r\n                <th style="text-align:center;">联系方式</th>\r\n                <th style="text-align:center;">申请时间</th>\r\n                <th style="text-align:center;">审核状态</th>\r\n                <th style="text-align:center;">审核人</th>\r\n                <th style="text-align:center;">订单进展</th>\r\n                <th colspan="2" style="text-align:center;">操作</th>\r\n              </tr>\r\n            </thead>\r\n            <tbody>\r\n              \r\n                <tr style="text-align:center;">\r\n                    \r\n                    <td>1</td>  \r\n                    <td>1001</td>\r\n                    <td>吃东西</td>\r\n                    <td>12345678</td>\r\n                    <td>2020-04-25 </td>\r\n                    <td><span style="color:rgb(255, 25, 25);font-weight:bolder; font-size:14px;" >\r\n                      \r\n                        审核成功\r\n                        </span></td>\r\n                        <td>kobe</td>\r\n                        <td><span style="color:rgb(14, 211, 119);font-weight:bolder; font-size:14px;" >\r\n                          </span></td>\r\n                    <td><a href="/foods/edit/吃东西" class="btn btn-info">审核</a></td>\r\n                    <td><a href="/foods/delect/吃东西" class="btn btn-danger">删除</a></td>\r\n                    \r\n                    \r\n                <tr style="text-align:center;">\r\n                    \r\n                    <td>2</td>  \r\n                    <td>1001</td>\r\n                    <td>喝水</td>\r\n                    <td>123456789</td>\r\n                    <td>2020-04-25 </td>\r\n                    <td><span style="color:rgb(255, 25, 25);font-weight:bolder; font-size:14px;" >\r\n                      \r\n                          审核失败\r\n                          </span></td>\r\n                        <td>kobe</td>\r\n                        <td><span style="color:rgb(14, 211, 119);font-weight:bolder; font-size:14px;" >\r\n                          </span></td>\r\n                    <td><a href="/foods/edit/喝水" class="btn btn-info">审核</a></td>\r\n                    <td><a href="/foods/delect/喝水" class="btn btn-danger">删除</a></td>\r\n                    \r\n                    \r\n                <tr style="text-align:center;">\r\n                    \r\n                    <td>3</td>  \r\n                    <td>1004</td>\r\n                    <td>大米</td>\r\n                    <td>23232323</td>\r\n                    <td>2020-04-30 </td>\r\n                    <td><span style="color:rgb(255, 25, 25);font-weight:bolder; font-size:14px;" >\r\n                      \r\n                          审核失败\r\n                          </span></td>\r\n                        <td>kobe</td>\r\n                        <td><span style="color:rgb(14, 211, 119);font-weight:bolder; font-size:14px;" >\r\n                          </span></td>\r\n                    <td><a href="/foods/edit/大米" class="btn btn-info">审核</a></td>\r\n                    <td><a href="/foods/delect/大米" class="btn btn-danger">删除</a></td>\r\n                    \r\n                    \r\n                <tr style="text-align:center;">\r\n                    \r\n                    <td>4</td>  \r\n                    <td>1004</td>\r\n                    <td>加队</td>\r\n                    <td>2424242424</td>\r\n                    <td>2020-04-29 </td>\r\n                    <td><span style="color:rgb(255, 25, 25);font-weight:bolder; font-size:14px;" >\r\n                      \r\n                          审核失败\r\n                          </span></td>\r\n                        <td>kobe</td>\r\n                        <td><span style="color:rgb(14, 211, 119);font-weight:bolder; font-size:14px;" >\r\n                          </span></td>\r\n                    <td><a href="/foods/edit/加队" class="btn btn-info">审核</a></td>\r\n                    <td><a href="/foods/delect/加队" class="btn btn-danger">删除</a></td>\r\n                    \r\n                    \r\n                <tr style="text-align:center;">\r\n                    \r\n                    <td>5</td>  \r\n                    <td>1001</td>\r\n                    <td>冲冲冲</td>\r\n                    <td>22222222</td>\r\n                    <td>2020-04-29 </td>\r\n                    <td><span style="color:rgb(255, 25, 25);font-weight:bolder; font-size:14px;" >\r\n                      \r\n                         未审核\r\n                          </span></td>\r\n                        <td></td>\r\n                        <td><span style="color:rgb(14, 211, 119);font-weight:bolder; font-size:14px;" >\r\n                          </span></td>\r\n                    <td><a href="/foods/edit/冲冲冲" class="btn btn-info">审核</a></td>\r\n                    <td><a href="/foods/delect/冲冲冲" class="btn btn-danger">删除</a></td>\r\n                    \r\n                    \r\n                <tr style="text-align:center;">\r\n                    \r\n                    <td>6</td>  \r\n                    <td>1001</td>\r\n                    <td>哈哈哈哈</td>\r\n                    <td>123456</td>\r\n                    <td>2020-04-27 </td>\r\n                    <td><span style="color:rgb(255, 25, 25);font-weight:bolder; font-size:14px;" >\r\n                      \r\n                          审核失败\r\n                          </span></td>\r\n                        <td>kobe</td>\r\n                        <td><span style="color:rgb(14, 211, 119);font-weight:bolder; font-size:14px;" >\r\n                          </span></td>\r\n                    <td><a href="/foods/edit/哈哈哈哈" class="btn btn-info">审核</a></td>\r\n                    <td><a href="/foods/delect/哈哈哈哈" class="btn btn-danger">删除</a></td>\r\n                    \r\n                    \r\n                </tr>\r\n            </tbody>\r\n        </table>\r\n        </div>\r\n\r\n\r\n<!-- 分页记录 -->\r\n    <div class="pull-right" style="margin-right:88px ;">  <!-- 整体右浮动  -->\r\n            当前1/2页 共7条记录\r\n    </div>\r\n        \r\n</body>\r\n</html>' } }
[2020-05-14T11:16:19.014] [INFO] response - { method: 'GET',
  url: '/index',
  body: {},
  costTime: 96,
  response:
   { status: 200,
     message: 'OK',
     header:
      [Object: null prototype] {
        vary: 'Origin',
        'access-control-allow-origin': 'http://localhost:8080',
        'access-control-allow-credentials': 'true',
        'access-control-expose-headers': 'WWW-Authenticate,Server-Authorization',
        'content-type': 'text/html; charset=utf-8',
        'content-length': '1892' },
     body:
      '<!DOCTYPE html>\r\n<head>\r\n<meta http-equiv="Content-Type" content="text/html; charset=utf-8" />\r\n<title>PxShare server</title>\r\n<link type="text/css" rel="stylesheet" href="/stylesheets/style_index.css" />\r\n<script type="text/javascript" src="/javascripts/jquery-1.8.3.min.js"></script>\r\n<script type="text/javascript" src="/javascripts/menu.js"></script>\r\n</head>\r\n\r\n<body>\r\n<div class="top"></div>\r\n<div id="header">\r\n\t<div class="logo">\r\n\t\t<h4 class="M4"><span></span>PxShare</h4>\r\n\t</div>\r\n\t    <div class="navigation">\r\n\t\t    <ul>\r\n\t\t\t\t<li>Welcome to study PS</li>\r\n\t\t\t\t<li >cookie</li>\r\n\t\t\t\t<li><h4 class="M10"><span></span>\r\n\t\t\t\t\t\r\n\t\t\t\t\t Admin</h4>\r\n\t\t\t\t</li>\r\n\t\t\t\t<li><a href="/logout"><span style="color:#e65fcf">Logout</span></a></li>\r\n\t\t    </ul>\r\n\t    </div>\r\n</div>\r\n     \r\n<div id="content">\r\n\t<div class="left_menu">\r\n\t\t<ul id="nav_dot">\r\n\t\t\t\r\n\t\t\t<li>\r\n\t\t\t\t  <h4 class="M10"><span></span>用户管理</h4>\r\n\t\t\t\t  <div class="list-item none">\r\n\t\t\t\t  <a href=\'/users/userlist\' target="iframe1">用户列表</a></div>\r\n\t\t\t</li>\r\n            <li>\r\n\t\t\t\t <h4 class="M4"><span></span>食品订单</h4>\r\n\t\t\t\t <div class="list-item none">\r\n\t\t\t\t <a href=\'/allfoods/allfoodlist\' target="iframe1">食品清单</a>\r\n\t\t\t\t <a href=\'/foods/foodlist\' target="iframe1">订单详情</a>\r\n\t\t\t\t <a href=\'/foods/finish\' target="iframe1">取货订单</a></div>\r\n\t        </li>\r\n\t        <li>\r\n\t\t\t\t <h4 class="M9" ><span></span>黑名单</h4>\r\n\t\t\t\t <div class="list-item none">\r\n\t\t\t\t <a href=\'/foods/hei\' target="iframe1">黑名单</a></div>\r\n\t        </li>\r\n        </ul>\r\n</div>\r\n\t<div class="m-right">\r\n\t\t\t  <div class="main">\r\n\t\t\t\t  <iframe frameborder="0" name="iframe1"  width="100%" height="100%">\r\n\t\t\t\t\t 您的浏览器不支持嵌入式框架，或者当前配置为不显示嵌入式框架。\r\n\t\t\t\t  </iframe>\r\n\t\t\t  </div>\r\n\t</div>\r\n</div>\r\n\r\n<script>navList(12);</script>\r\n</body>\r\n</html>\r\n' } }
[2020-05-14T11:16:25.023] [INFO] response - { method: 'GET',
  url: '/users/userlist',
  body: {},
  costTime: 43,
  response:
   { status: 200,
     message: 'OK',
     header:
      [Object: null prototype] {
        vary: 'Origin',
        'access-control-allow-origin': 'http://localhost:8080',
        'access-control-allow-credentials': 'true',
        'access-control-expose-headers': 'WWW-Authenticate,Server-Authorization',
        'content-type': 'text/html; charset=utf-8',
        'content-length': '5930' },
     body:
      '<!DOCTYPE html>\r\n<html lang="en">\r\n<head>\r\n    <meta charset="UTF-8">\r\n    <meta name="viewport" content="width=device-width, initial-scale=1.0">\r\n    <meta http-equiv="X-UA-Compatible" content="ie=edge">\r\n    <link type="text/css" rel="stylesheet" href="/stylesheets/bootstrap.min.css" />\r\n    <title>用户列表</title>\r\n</head>\r\n<body>\r\n\r\n\r\n<!-- 食品分页 -->\r\n<div class="pull-left" style="margin-left:105px">\r\n  <ul class="pagination" id="paginator-example">\r\n        <li><a href="/users/userlist">首页</a></li>\r\n        <!-- 使用parseInt()函数可解析一个字符串,并返回一个整数 -->\r\n        <li><a href="/users/userlist?page=1">上一页</a></li>\r\n        <!-- ?指的是分页链接 向action或者jsp传参 通过?前面链接来处理分页 并通过url传参的形式将page=多少传给链接 -->\r\n        <li><a href="/users/userlist?page=2">下一页</a></li>\r\n        <!-- 后面的?在这里指的是条件表达式，前面的成立就返回，否则就返回后面 -->\r\n        <li><a href="/users/userlist?page=2">尾页</a></li>\r\n        <li><a href="./zjia"><span style="color: rgb(67, 198, 250); font-weight: bolder;">增加用户</span></a></li>\r\n  </ul>\r\n</div>\r\n\r\n\r\n<!-- 搜索框 --> \r\n<div class="suo">\r\n   <form action="/users/suo" method="POST">\r\n        <div class="col-md-offset-2 col-md-3 " style="padding:20px 3px;">\r\n            <!-- from-control的效果 宽度为100% 边框为浅灰色 控件具有4px的圆角 阴影效果，元素得到焦点时，阴影和边框效果会发生变化设置 placeholder的颜色为#999 -->\r\n            <input type="text" class="form-control" name="chaxun" id="firstName" value="" placeholder="请输入ID或昵称">\r\n            <!-- col-md-offset-3（在左侧补充3列）col-md-push-8（从左侧往右侧推8列）col-md-pull-2（往左侧拉2列）  -->\r\n            </div>\r\n        <div class="col-md-2" style="padding:20px 3px;">\r\n            <!-- col-xs-6 col-md-3  在超小屏幕中占6列 在中单屏幕中占3列  bootstrap栅格系统中的列是通过指定1到12的值来表示其跨越的范围-->\r\n            <button type="submit" class="btn btn-info">查询</button>   \r\n            </div>  \r\n  </form>\r\n</div>\r\n   \r\n    \r\n<!--用户列表-->\r\n<div class="user">\r\n   <div class="col-md-10 col-md-offset-1">\r\n      <!-- table-hover：鼠标悬停高亮的表格 table-bordered：带边框的表格 table-striped：斑马线表格 -->\r\n      <table class="table table-striped table-hover table-bordered">\r\n            <thead>\r\n                <tr class="biao">\r\n                    <th style="text-align:center;">序号</th>\r\n                    <th style="text-align:center;">工号/帐号</th>\r\n                    <th style="text-align:center;">昵称</th>\r\n                    <th style="text-align:center;">角色</th>\r\n                    <th colspan="2" style="text-align:center;">操作</th>\r\n                </tr>\r\n            </thead>\r\n\r\n           <tbody>\r\n              \r\n                <tr style="text-align:center;">\r\n                    <td>1</td>  \r\n                    <td>1001</td>\r\n                      <td>childb</td>\r\n                      <td>\r\n                        普通用户</td>\r\n                      <td><a href="/users/edit/1001" class="btn btn-info">编辑</a></td>\r\n                      <td><a href="/users/delect/1001" class="btn btn-danger">删除</a></td>\r\n                      \r\n                <tr style="text-align:center;">\r\n                    <td>2</td>  \r\n                    <td>1002</td>\r\n                      <td>childb</td>\r\n                      <td>\r\n                          超市店员\r\n                          </td>\r\n                      <td><a href="/users/edit/1002" class="btn btn-info">编辑</a></td>\r\n                      <td><a href="/users/delect/1002" class="btn btn-danger">删除</a></td>\r\n                      \r\n                <tr style="text-align:center;">\r\n                    <td>3</td>  \r\n                    <td>1003</td>\r\n                      <td>cookie</td>\r\n                      <td>\r\n                           管理员\r\n                            </td>\r\n                      <td><a href="/users/edit/1003" class="btn btn-info">编辑</a></td>\r\n                      <td><a href="/users/delect/1003" class="btn btn-danger">删除</a></td>\r\n                      \r\n                <tr style="text-align:center;">\r\n                    <td>4</td>  \r\n                    <td>1004</td>\r\n                      <td>gigi</td>\r\n                      <td>\r\n                        普通用户</td>\r\n                      <td><a href="/users/edit/1004" class="btn btn-info">编辑</a></td>\r\n                      <td><a href="/users/delect/1004" class="btn btn-danger">删除</a></td>\r\n                      \r\n                <tr style="text-align:center;">\r\n                    <td>5</td>  \r\n                    <td>1006</td>\r\n                      <td>zixiong</td>\r\n                      <td>\r\n                        普通用户</td>\r\n                      <td><a href="/users/edit/1006" class="btn btn-info">编辑</a></td>\r\n                      <td><a href="/users/delect/1006" class="btn btn-danger">删除</a></td>\r\n                      \r\n                <tr style="text-align:center;">\r\n                    <td>6</td>  \r\n                    <td>2020</td>\r\n                      <td>gigi</td>\r\n                      <td>\r\n                        普通用户</td>\r\n                      <td><a href="/users/edit/2020" class="btn btn-info">编辑</a></td>\r\n                      <td><a href="/users/delect/2020" class="btn btn-danger">删除</a></td>\r\n                      \r\n                 </tr>\r\n             </tbody>\r\n        </table>\r\n  </div>\r\n    \r\n\r\n<!-- 分页记录 -->\r\n<div class="pull-right" style="margin-right:88px ;">  <!-- 整体右浮动  -->\r\n  当前1/2页 共8条记录\r\n</div>  \r\n  \r\n</body>\r\n\r\n</html>' } }
[2020-05-14T11:16:28.715] [INFO] response - { method: 'GET',
  url: '/allfoods/allfoodlist',
  body: {},
  costTime: 117,
  response:
   { status: 500,
     message: 'Internal Server Error',
     header:
      [Object: null prototype] {
        vary: 'Origin',
        'access-control-allow-origin': 'http://localhost:8080',
        'access-control-allow-credentials': 'true',
        'access-control-expose-headers': 'WWW-Authenticate,Server-Authorization',
        'content-type': 'text/html; charset=utf-8',
        'content-length': '462' },
     body:
      '<!DOCTYPE html>\n<html lang="en">\n<head>\n    <meta charset="UTF-8">\n    <meta name="viewport" content="width=device-width, initial-scale=1.0">\n    <meta http-equiv="X-UA-Compatible" content="ie=edge">\n    <link rel="stylesheet" href="/stylesheets/error.css">\n    <title>错误信息</title>\n</head>\n<body>\n    <div class="content">\n            <h1>抱歉，服务器神游去了！</h1>\n            \n            <h2></h2>\n            \n    </div>\n</body>\n</html>\n\n' } }
[2020-05-14T11:16:30.549] [INFO] response - { method: 'GET',
  url: '/foods/foodlist',
  body: {},
  costTime: 50,
  response:
   { status: 500,
     message: 'Internal Server Error',
     header:
      [Object: null prototype] {
        vary: 'Origin',
        'access-control-allow-origin': 'http://localhost:8080',
        'access-control-allow-credentials': 'true',
        'access-control-expose-headers': 'WWW-Authenticate,Server-Authorization',
        'content-type': 'text/html; charset=utf-8',
        'content-length': '462' },
     body:
      '<!DOCTYPE html>\n<html lang="en">\n<head>\n    <meta charset="UTF-8">\n    <meta name="viewport" content="width=device-width, initial-scale=1.0">\n    <meta http-equiv="X-UA-Compatible" content="ie=edge">\n    <link rel="stylesheet" href="/stylesheets/error.css">\n    <title>错误信息</title>\n</head>\n<body>\n    <div class="content">\n            <h1>抱歉，服务器神游去了！</h1>\n            \n            <h2></h2>\n            \n    </div>\n</body>\n</html>\n\n' } }
[2020-05-14T11:17:02.752] [INFO] response - { method: 'GET',
  url: '/users/userlist',
  body: {},
  costTime: 39,
  response:
   { status: 200,
     message: 'OK',
     header:
      [Object: null prototype] {
        vary: 'Origin',
        'access-control-allow-origin': 'http://localhost:8080',
        'access-control-allow-credentials': 'true',
        'access-control-expose-headers': 'WWW-Authenticate,Server-Authorization',
        'content-type': 'text/html; charset=utf-8',
        'content-length': '5930' },
     body:
      '<!DOCTYPE html>\r\n<html lang="en">\r\n<head>\r\n    <meta charset="UTF-8">\r\n    <meta name="viewport" content="width=device-width, initial-scale=1.0">\r\n    <meta http-equiv="X-UA-Compatible" content="ie=edge">\r\n    <link type="text/css" rel="stylesheet" href="/stylesheets/bootstrap.min.css" />\r\n    <title>用户列表</title>\r\n</head>\r\n<body>\r\n\r\n\r\n<!-- 食品分页 -->\r\n<div class="pull-left" style="margin-left:105px">\r\n  <ul class="pagination" id="paginator-example">\r\n        <li><a href="/users/userlist">首页</a></li>\r\n        <!-- 使用parseInt()函数可解析一个字符串,并返回一个整数 -->\r\n        <li><a href="/users/userlist?page=1">上一页</a></li>\r\n        <!-- ?指的是分页链接 向action或者jsp传参 通过?前面链接来处理分页 并通过url传参的形式将page=多少传给链接 -->\r\n        <li><a href="/users/userlist?page=2">下一页</a></li>\r\n        <!-- 后面的?在这里指的是条件表达式，前面的成立就返回，否则就返回后面 -->\r\n        <li><a href="/users/userlist?page=2">尾页</a></li>\r\n        <li><a href="./zjia"><span style="color: rgb(67, 198, 250); font-weight: bolder;">增加用户</span></a></li>\r\n  </ul>\r\n</div>\r\n\r\n\r\n<!-- 搜索框 --> \r\n<div class="suo">\r\n   <form action="/users/suo" method="POST">\r\n        <div class="col-md-offset-2 col-md-3 " style="padding:20px 3px;">\r\n            <!-- from-control的效果 宽度为100% 边框为浅灰色 控件具有4px的圆角 阴影效果，元素得到焦点时，阴影和边框效果会发生变化设置 placeholder的颜色为#999 -->\r\n            <input type="text" class="form-control" name="chaxun" id="firstName" value="" placeholder="请输入ID或昵称">\r\n            <!-- col-md-offset-3（在左侧补充3列）col-md-push-8（从左侧往右侧推8列）col-md-pull-2（往左侧拉2列）  -->\r\n            </div>\r\n        <div class="col-md-2" style="padding:20px 3px;">\r\n            <!-- col-xs-6 col-md-3  在超小屏幕中占6列 在中单屏幕中占3列  bootstrap栅格系统中的列是通过指定1到12的值来表示其跨越的范围-->\r\n            <button type="submit" class="btn btn-info">查询</button>   \r\n            </div>  \r\n  </form>\r\n</div>\r\n   \r\n    \r\n<!--用户列表-->\r\n<div class="user">\r\n   <div class="col-md-10 col-md-offset-1">\r\n      <!-- table-hover：鼠标悬停高亮的表格 table-bordered：带边框的表格 table-striped：斑马线表格 -->\r\n      <table class="table table-striped table-hover table-bordered">\r\n            <thead>\r\n                <tr class="biao">\r\n                    <th style="text-align:center;">序号</th>\r\n                    <th style="text-align:center;">工号/帐号</th>\r\n                    <th style="text-align:center;">昵称</th>\r\n                    <th style="text-align:center;">角色</th>\r\n                    <th colspan="2" style="text-align:center;">操作</th>\r\n                </tr>\r\n            </thead>\r\n\r\n           <tbody>\r\n              \r\n                <tr style="text-align:center;">\r\n                    <td>1</td>  \r\n                    <td>1001</td>\r\n                      <td>childb</td>\r\n                      <td>\r\n                        普通用户</td>\r\n                      <td><a href="/users/edit/1001" class="btn btn-info">编辑</a></td>\r\n                      <td><a href="/users/delect/1001" class="btn btn-danger">删除</a></td>\r\n                      \r\n                <tr style="text-align:center;">\r\n                    <td>2</td>  \r\n                    <td>1002</td>\r\n                      <td>childb</td>\r\n                      <td>\r\n                          超市店员\r\n                          </td>\r\n                      <td><a href="/users/edit/1002" class="btn btn-info">编辑</a></td>\r\n                      <td><a href="/users/delect/1002" class="btn btn-danger">删除</a></td>\r\n                      \r\n                <tr style="text-align:center;">\r\n                    <td>3</td>  \r\n                    <td>1003</td>\r\n                      <td>cookie</td>\r\n                      <td>\r\n                           管理员\r\n                            </td>\r\n                      <td><a href="/users/edit/1003" class="btn btn-info">编辑</a></td>\r\n                      <td><a href="/users/delect/1003" class="btn btn-danger">删除</a></td>\r\n                      \r\n                <tr style="text-align:center;">\r\n                    <td>4</td>  \r\n                    <td>1004</td>\r\n                      <td>gigi</td>\r\n                      <td>\r\n                        普通用户</td>\r\n                      <td><a href="/users/edit/1004" class="btn btn-info">编辑</a></td>\r\n                      <td><a href="/users/delect/1004" class="btn btn-danger">删除</a></td>\r\n                      \r\n                <tr style="text-align:center;">\r\n                    <td>5</td>  \r\n                    <td>1006</td>\r\n                      <td>zixiong</td>\r\n                      <td>\r\n                        普通用户</td>\r\n                      <td><a href="/users/edit/1006" class="btn btn-info">编辑</a></td>\r\n                      <td><a href="/users/delect/1006" class="btn btn-danger">删除</a></td>\r\n                      \r\n                <tr style="text-align:center;">\r\n                    <td>6</td>  \r\n                    <td>2020</td>\r\n                      <td>gigi</td>\r\n                      <td>\r\n                        普通用户</td>\r\n                      <td><a href="/users/edit/2020" class="btn btn-info">编辑</a></td>\r\n                      <td><a href="/users/delect/2020" class="btn btn-danger">删除</a></td>\r\n                      \r\n                 </tr>\r\n             </tbody>\r\n        </table>\r\n  </div>\r\n    \r\n\r\n<!-- 分页记录 -->\r\n<div class="pull-right" style="margin-right:88px ;">  <!-- 整体右浮动  -->\r\n  当前1/2页 共8条记录\r\n</div>  \r\n  \r\n</body>\r\n\r\n</html>' } }
[2020-05-14T11:17:06.609] [INFO] response - { method: 'GET',
  url: '/allfoods/allfoodlist',
  body: {},
  costTime: 25,
  response:
   { status: 500,
     message: 'Internal Server Error',
     header:
      [Object: null prototype] {
        vary: 'Origin',
        'access-control-allow-origin': 'http://localhost:8080',
        'access-control-allow-credentials': 'true',
        'access-control-expose-headers': 'WWW-Authenticate,Server-Authorization',
        'content-type': 'text/html; charset=utf-8',
        'content-length': '462' },
     body:
      '<!DOCTYPE html>\n<html lang="en">\n<head>\n    <meta charset="UTF-8">\n    <meta name="viewport" content="width=device-width, initial-scale=1.0">\n    <meta http-equiv="X-UA-Compatible" content="ie=edge">\n    <link rel="stylesheet" href="/stylesheets/error.css">\n    <title>错误信息</title>\n</head>\n<body>\n    <div class="content">\n            <h1>抱歉，服务器神游去了！</h1>\n            \n            <h2></h2>\n            \n    </div>\n</body>\n</html>\n\n' } }
[2020-05-14T11:17:07.081] [INFO] response - { method: 'GET',
  url: '/foods/foodlist',
  body: {},
  costTime: 26,
  response:
   { status: 500,
     message: 'Internal Server Error',
     header:
      [Object: null prototype] {
        vary: 'Origin',
        'access-control-allow-origin': 'http://localhost:8080',
        'access-control-allow-credentials': 'true',
        'access-control-expose-headers': 'WWW-Authenticate,Server-Authorization',
        'content-type': 'text/html; charset=utf-8',
        'content-length': '462' },
     body:
      '<!DOCTYPE html>\n<html lang="en">\n<head>\n    <meta charset="UTF-8">\n    <meta name="viewport" content="width=device-width, initial-scale=1.0">\n    <meta http-equiv="X-UA-Compatible" content="ie=edge">\n    <link rel="stylesheet" href="/stylesheets/error.css">\n    <title>错误信息</title>\n</head>\n<body>\n    <div class="content">\n            <h1>抱歉，服务器神游去了！</h1>\n            \n            <h2></h2>\n            \n    </div>\n</body>\n</html>\n\n' } }
[2020-05-14T11:17:07.611] [INFO] response - { method: 'GET',
  url: '/foods/finish',
  body: {},
  costTime: 25,
  response:
   { status: 500,
     message: 'Internal Server Error',
     header:
      [Object: null prototype] {
        vary: 'Origin',
        'access-control-allow-origin': 'http://localhost:8080',
        'access-control-allow-credentials': 'true',
        'access-control-expose-headers': 'WWW-Authenticate,Server-Authorization',
        'content-type': 'text/html; charset=utf-8',
        'content-length': '462' },
     body:
      '<!DOCTYPE html>\n<html lang="en">\n<head>\n    <meta charset="UTF-8">\n    <meta name="viewport" content="width=device-width, initial-scale=1.0">\n    <meta http-equiv="X-UA-Compatible" content="ie=edge">\n    <link rel="stylesheet" href="/stylesheets/error.css">\n    <title>错误信息</title>\n</head>\n<body>\n    <div class="content">\n            <h1>抱歉，服务器神游去了！</h1>\n            \n            <h2></h2>\n            \n    </div>\n</body>\n</html>\n\n' } }
[2020-05-14T11:17:08.443] [INFO] response - { method: 'GET',
  url: '/allfoods/allfoodlist',
  body: {},
  costTime: 18,
  response:
   { status: 500,
     message: 'Internal Server Error',
     header:
      [Object: null prototype] {
        vary: 'Origin',
        'access-control-allow-origin': 'http://localhost:8080',
        'access-control-allow-credentials': 'true',
        'access-control-expose-headers': 'WWW-Authenticate,Server-Authorization',
        'content-type': 'text/html; charset=utf-8',
        'content-length': '462' },
     body:
      '<!DOCTYPE html>\n<html lang="en">\n<head>\n    <meta charset="UTF-8">\n    <meta name="viewport" content="width=device-width, initial-scale=1.0">\n    <meta http-equiv="X-UA-Compatible" content="ie=edge">\n    <link rel="stylesheet" href="/stylesheets/error.css">\n    <title>错误信息</title>\n</head>\n<body>\n    <div class="content">\n            <h1>抱歉，服务器神游去了！</h1>\n            \n            <h2></h2>\n            \n    </div>\n</body>\n</html>\n\n' } }
[2020-05-14T11:17:08.814] [INFO] response - { method: 'GET',
  url: '/foods/foodlist',
  body: {},
  costTime: 24,
  response:
   { status: 500,
     message: 'Internal Server Error',
     header:
      [Object: null prototype] {
        vary: 'Origin',
        'access-control-allow-origin': 'http://localhost:8080',
        'access-control-allow-credentials': 'true',
        'access-control-expose-headers': 'WWW-Authenticate,Server-Authorization',
        'content-type': 'text/html; charset=utf-8',
        'content-length': '462' },
     body:
      '<!DOCTYPE html>\n<html lang="en">\n<head>\n    <meta charset="UTF-8">\n    <meta name="viewport" content="width=device-width, initial-scale=1.0">\n    <meta http-equiv="X-UA-Compatible" content="ie=edge">\n    <link rel="stylesheet" href="/stylesheets/error.css">\n    <title>错误信息</title>\n</head>\n<body>\n    <div class="content">\n            <h1>抱歉，服务器神游去了！</h1>\n            \n            <h2></h2>\n            \n    </div>\n</body>\n</html>\n\n' } }
[2020-05-14T11:17:39.483] [INFO] response - { method: 'GET',
  url: '/users/userlist',
  body: {},
  costTime: 23,
  response:
   { status: 200,
     message: 'OK',
     header:
      [Object: null prototype] {
        vary: 'Origin',
        'access-control-allow-origin': 'http://localhost:8080',
        'access-control-allow-credentials': 'true',
        'access-control-expose-headers': 'WWW-Authenticate,Server-Authorization',
        'content-type': 'text/html; charset=utf-8',
        'content-length': '5930' },
     body:
      '<!DOCTYPE html>\r\n<html lang="en">\r\n<head>\r\n    <meta charset="UTF-8">\r\n    <meta name="viewport" content="width=device-width, initial-scale=1.0">\r\n    <meta http-equiv="X-UA-Compatible" content="ie=edge">\r\n    <link type="text/css" rel="stylesheet" href="/stylesheets/bootstrap.min.css" />\r\n    <title>用户列表</title>\r\n</head>\r\n<body>\r\n\r\n\r\n<!-- 食品分页 -->\r\n<div class="pull-left" style="margin-left:105px">\r\n  <ul class="pagination" id="paginator-example">\r\n        <li><a href="/users/userlist">首页</a></li>\r\n        <!-- 使用parseInt()函数可解析一个字符串,并返回一个整数 -->\r\n        <li><a href="/users/userlist?page=1">上一页</a></li>\r\n        <!-- ?指的是分页链接 向action或者jsp传参 通过?前面链接来处理分页 并通过url传参的形式将page=多少传给链接 -->\r\n        <li><a href="/users/userlist?page=2">下一页</a></li>\r\n        <!-- 后面的?在这里指的是条件表达式，前面的成立就返回，否则就返回后面 -->\r\n        <li><a href="/users/userlist?page=2">尾页</a></li>\r\n        <li><a href="./zjia"><span style="color: rgb(67, 198, 250); font-weight: bolder;">增加用户</span></a></li>\r\n  </ul>\r\n</div>\r\n\r\n\r\n<!-- 搜索框 --> \r\n<div class="suo">\r\n   <form action="/users/suo" method="POST">\r\n        <div class="col-md-offset-2 col-md-3 " style="padding:20px 3px;">\r\n            <!-- from-control的效果 宽度为100% 边框为浅灰色 控件具有4px的圆角 阴影效果，元素得到焦点时，阴影和边框效果会发生变化设置 placeholder的颜色为#999 -->\r\n            <input type="text" class="form-control" name="chaxun" id="firstName" value="" placeholder="请输入ID或昵称">\r\n            <!-- col-md-offset-3（在左侧补充3列）col-md-push-8（从左侧往右侧推8列）col-md-pull-2（往左侧拉2列）  -->\r\n            </div>\r\n        <div class="col-md-2" style="padding:20px 3px;">\r\n            <!-- col-xs-6 col-md-3  在超小屏幕中占6列 在中单屏幕中占3列  bootstrap栅格系统中的列是通过指定1到12的值来表示其跨越的范围-->\r\n            <button type="submit" class="btn btn-info">查询</button>   \r\n            </div>  \r\n  </form>\r\n</div>\r\n   \r\n    \r\n<!--用户列表-->\r\n<div class="user">\r\n   <div class="col-md-10 col-md-offset-1">\r\n      <!-- table-hover：鼠标悬停高亮的表格 table-bordered：带边框的表格 table-striped：斑马线表格 -->\r\n      <table class="table table-striped table-hover table-bordered">\r\n            <thead>\r\n                <tr class="biao">\r\n                    <th style="text-align:center;">序号</th>\r\n                    <th style="text-align:center;">工号/帐号</th>\r\n                    <th style="text-align:center;">昵称</th>\r\n                    <th style="text-align:center;">角色</th>\r\n                    <th colspan="2" style="text-align:center;">操作</th>\r\n                </tr>\r\n            </thead>\r\n\r\n           <tbody>\r\n              \r\n                <tr style="text-align:center;">\r\n                    <td>1</td>  \r\n                    <td>1001</td>\r\n                      <td>childb</td>\r\n                      <td>\r\n                        普通用户</td>\r\n                      <td><a href="/users/edit/1001" class="btn btn-info">编辑</a></td>\r\n                      <td><a href="/users/delect/1001" class="btn btn-danger">删除</a></td>\r\n                      \r\n                <tr style="text-align:center;">\r\n                    <td>2</td>  \r\n                    <td>1002</td>\r\n                      <td>childb</td>\r\n                      <td>\r\n                          超市店员\r\n                          </td>\r\n                      <td><a href="/users/edit/1002" class="btn btn-info">编辑</a></td>\r\n                      <td><a href="/users/delect/1002" class="btn btn-danger">删除</a></td>\r\n                      \r\n                <tr style="text-align:center;">\r\n                    <td>3</td>  \r\n                    <td>1003</td>\r\n                      <td>cookie</td>\r\n                      <td>\r\n                           管理员\r\n                            </td>\r\n                      <td><a href="/users/edit/1003" class="btn btn-info">编辑</a></td>\r\n                      <td><a href="/users/delect/1003" class="btn btn-danger">删除</a></td>\r\n                      \r\n                <tr style="text-align:center;">\r\n                    <td>4</td>  \r\n                    <td>1004</td>\r\n                      <td>gigi</td>\r\n                      <td>\r\n                        普通用户</td>\r\n                      <td><a href="/users/edit/1004" class="btn btn-info">编辑</a></td>\r\n                      <td><a href="/users/delect/1004" class="btn btn-danger">删除</a></td>\r\n                      \r\n                <tr style="text-align:center;">\r\n                    <td>5</td>  \r\n                    <td>1006</td>\r\n                      <td>zixiong</td>\r\n                      <td>\r\n                        普通用户</td>\r\n                      <td><a href="/users/edit/1006" class="btn btn-info">编辑</a></td>\r\n                      <td><a href="/users/delect/1006" class="btn btn-danger">删除</a></td>\r\n                      \r\n                <tr style="text-align:center;">\r\n                    <td>6</td>  \r\n                    <td>2020</td>\r\n                      <td>gigi</td>\r\n                      <td>\r\n                        普通用户</td>\r\n                      <td><a href="/users/edit/2020" class="btn btn-info">编辑</a></td>\r\n                      <td><a href="/users/delect/2020" class="btn btn-danger">删除</a></td>\r\n                      \r\n                 </tr>\r\n             </tbody>\r\n        </table>\r\n  </div>\r\n    \r\n\r\n<!-- 分页记录 -->\r\n<div class="pull-right" style="margin-right:88px ;">  <!-- 整体右浮动  -->\r\n  当前1/2页 共8条记录\r\n</div>  \r\n  \r\n</body>\r\n\r\n</html>' } }
[2020-05-14T11:17:52.001] [INFO] response - { method: 'GET',
  url: '/users/userlist',
  body: {},
  costTime: 30,
  response:
   { status: 200,
     message: 'OK',
     header:
      [Object: null prototype] {
        vary: 'Origin',
        'access-control-allow-origin': 'http://localhost:8080',
        'access-control-allow-credentials': 'true',
        'access-control-expose-headers': 'WWW-Authenticate,Server-Authorization',
        'content-type': 'text/html; charset=utf-8',
        'content-length': '5930' },
     body:
      '<!DOCTYPE html>\r\n<html lang="en">\r\n<head>\r\n    <meta charset="UTF-8">\r\n    <meta name="viewport" content="width=device-width, initial-scale=1.0">\r\n    <meta http-equiv="X-UA-Compatible" content="ie=edge">\r\n    <link type="text/css" rel="stylesheet" href="/stylesheets/bootstrap.min.css" />\r\n    <title>用户列表</title>\r\n</head>\r\n<body>\r\n\r\n\r\n<!-- 食品分页 -->\r\n<div class="pull-left" style="margin-left:105px">\r\n  <ul class="pagination" id="paginator-example">\r\n        <li><a href="/users/userlist">首页</a></li>\r\n        <!-- 使用parseInt()函数可解析一个字符串,并返回一个整数 -->\r\n        <li><a href="/users/userlist?page=1">上一页</a></li>\r\n        <!-- ?指的是分页链接 向action或者jsp传参 通过?前面链接来处理分页 并通过url传参的形式将page=多少传给链接 -->\r\n        <li><a href="/users/userlist?page=2">下一页</a></li>\r\n        <!-- 后面的?在这里指的是条件表达式，前面的成立就返回，否则就返回后面 -->\r\n        <li><a href="/users/userlist?page=2">尾页</a></li>\r\n        <li><a href="./zjia"><span style="color: rgb(67, 198, 250); font-weight: bolder;">增加用户</span></a></li>\r\n  </ul>\r\n</div>\r\n\r\n\r\n<!-- 搜索框 --> \r\n<div class="suo">\r\n   <form action="/users/suo" method="POST">\r\n        <div class="col-md-offset-2 col-md-3 " style="padding:20px 3px;">\r\n            <!-- from-control的效果 宽度为100% 边框为浅灰色 控件具有4px的圆角 阴影效果，元素得到焦点时，阴影和边框效果会发生变化设置 placeholder的颜色为#999 -->\r\n            <input type="text" class="form-control" name="chaxun" id="firstName" value="" placeholder="请输入ID或昵称">\r\n            <!-- col-md-offset-3（在左侧补充3列）col-md-push-8（从左侧往右侧推8列）col-md-pull-2（往左侧拉2列）  -->\r\n            </div>\r\n        <div class="col-md-2" style="padding:20px 3px;">\r\n            <!-- col-xs-6 col-md-3  在超小屏幕中占6列 在中单屏幕中占3列  bootstrap栅格系统中的列是通过指定1到12的值来表示其跨越的范围-->\r\n            <button type="submit" class="btn btn-info">查询</button>   \r\n            </div>  \r\n  </form>\r\n</div>\r\n   \r\n    \r\n<!--用户列表-->\r\n<div class="user">\r\n   <div class="col-md-10 col-md-offset-1">\r\n      <!-- table-hover：鼠标悬停高亮的表格 table-bordered：带边框的表格 table-striped：斑马线表格 -->\r\n      <table class="table table-striped table-hover table-bordered">\r\n            <thead>\r\n                <tr class="biao">\r\n                    <th style="text-align:center;">序号</th>\r\n                    <th style="text-align:center;">工号/帐号</th>\r\n                    <th style="text-align:center;">昵称</th>\r\n                    <th style="text-align:center;">角色</th>\r\n                    <th colspan="2" style="text-align:center;">操作</th>\r\n                </tr>\r\n            </thead>\r\n\r\n           <tbody>\r\n              \r\n                <tr style="text-align:center;">\r\n                    <td>1</td>  \r\n                    <td>1001</td>\r\n                      <td>childb</td>\r\n                      <td>\r\n                        普通用户</td>\r\n                      <td><a href="/users/edit/1001" class="btn btn-info">编辑</a></td>\r\n                      <td><a href="/users/delect/1001" class="btn btn-danger">删除</a></td>\r\n                      \r\n                <tr style="text-align:center;">\r\n                    <td>2</td>  \r\n                    <td>1002</td>\r\n                      <td>childb</td>\r\n                      <td>\r\n                          超市店员\r\n                          </td>\r\n                      <td><a href="/users/edit/1002" class="btn btn-info">编辑</a></td>\r\n                      <td><a href="/users/delect/1002" class="btn btn-danger">删除</a></td>\r\n                      \r\n                <tr style="text-align:center;">\r\n                    <td>3</td>  \r\n                    <td>1003</td>\r\n                      <td>cookie</td>\r\n                      <td>\r\n                           管理员\r\n                            </td>\r\n                      <td><a href="/users/edit/1003" class="btn btn-info">编辑</a></td>\r\n                      <td><a href="/users/delect/1003" class="btn btn-danger">删除</a></td>\r\n                      \r\n                <tr style="text-align:center;">\r\n                    <td>4</td>  \r\n                    <td>1004</td>\r\n                      <td>gigi</td>\r\n                      <td>\r\n                        普通用户</td>\r\n                      <td><a href="/users/edit/1004" class="btn btn-info">编辑</a></td>\r\n                      <td><a href="/users/delect/1004" class="btn btn-danger">删除</a></td>\r\n                      \r\n                <tr style="text-align:center;">\r\n                    <td>5</td>  \r\n                    <td>1006</td>\r\n                      <td>zixiong</td>\r\n                      <td>\r\n                        普通用户</td>\r\n                      <td><a href="/users/edit/1006" class="btn btn-info">编辑</a></td>\r\n                      <td><a href="/users/delect/1006" class="btn btn-danger">删除</a></td>\r\n                      \r\n                <tr style="text-align:center;">\r\n                    <td>6</td>  \r\n                    <td>2020</td>\r\n                      <td>gigi</td>\r\n                      <td>\r\n                        普通用户</td>\r\n                      <td><a href="/users/edit/2020" class="btn btn-info">编辑</a></td>\r\n                      <td><a href="/users/delect/2020" class="btn btn-danger">删除</a></td>\r\n                      \r\n                 </tr>\r\n             </tbody>\r\n        </table>\r\n  </div>\r\n    \r\n\r\n<!-- 分页记录 -->\r\n<div class="pull-right" style="margin-right:88px ;">  <!-- 整体右浮动  -->\r\n  当前1/2页 共8条记录\r\n</div>  \r\n  \r\n</body>\r\n\r\n</html>' } }
[2020-05-14T11:17:53.245] [INFO] response - { method: 'GET',
  url: '/allfoods/allfoodlist',
  body: {},
  costTime: 75,
  response:
   { status: 500,
     message: 'Internal Server Error',
     header:
      [Object: null prototype] {
        vary: 'Origin',
        'access-control-allow-origin': 'http://localhost:8080',
        'access-control-allow-credentials': 'true',
        'access-control-expose-headers': 'WWW-Authenticate,Server-Authorization',
        'content-type': 'text/html; charset=utf-8',
        'content-length': '462' },
     body:
      '<!DOCTYPE html>\n<html lang="en">\n<head>\n    <meta charset="UTF-8">\n    <meta name="viewport" content="width=device-width, initial-scale=1.0">\n    <meta http-equiv="X-UA-Compatible" content="ie=edge">\n    <link rel="stylesheet" href="/stylesheets/error.css">\n    <title>错误信息</title>\n</head>\n<body>\n    <div class="content">\n            <h1>抱歉，服务器神游去了！</h1>\n            \n            <h2></h2>\n            \n    </div>\n</body>\n</html>\n\n' } }
[2020-05-14T11:17:53.583] [INFO] response - { method: 'GET',
  url: '/foods/foodlist',
  body: {},
  costTime: 26,
  response:
   { status: 500,
     message: 'Internal Server Error',
     header:
      [Object: null prototype] {
        vary: 'Origin',
        'access-control-allow-origin': 'http://localhost:8080',
        'access-control-allow-credentials': 'true',
        'access-control-expose-headers': 'WWW-Authenticate,Server-Authorization',
        'content-type': 'text/html; charset=utf-8',
        'content-length': '462' },
     body:
      '<!DOCTYPE html>\n<html lang="en">\n<head>\n    <meta charset="UTF-8">\n    <meta name="viewport" content="width=device-width, initial-scale=1.0">\n    <meta http-equiv="X-UA-Compatible" content="ie=edge">\n    <link rel="stylesheet" href="/stylesheets/error.css">\n    <title>错误信息</title>\n</head>\n<body>\n    <div class="content">\n            <h1>抱歉，服务器神游去了！</h1>\n            \n            <h2></h2>\n            \n    </div>\n</body>\n</html>\n\n' } }
[2020-05-14T11:17:53.984] [INFO] response - { method: 'GET',
  url: '/foods/finish',
  body: {},
  costTime: 36,
  response:
   { status: 500,
     message: 'Internal Server Error',
     header:
      [Object: null prototype] {
        vary: 'Origin',
        'access-control-allow-origin': 'http://localhost:8080',
        'access-control-allow-credentials': 'true',
        'access-control-expose-headers': 'WWW-Authenticate,Server-Authorization',
        'content-type': 'text/html; charset=utf-8',
        'content-length': '462' },
     body:
      '<!DOCTYPE html>\n<html lang="en">\n<head>\n    <meta charset="UTF-8">\n    <meta name="viewport" content="width=device-width, initial-scale=1.0">\n    <meta http-equiv="X-UA-Compatible" content="ie=edge">\n    <link rel="stylesheet" href="/stylesheets/error.css">\n    <title>错误信息</title>\n</head>\n<body>\n    <div class="content">\n            <h1>抱歉，服务器神游去了！</h1>\n            \n            <h2></h2>\n            \n    </div>\n</body>\n</html>\n\n' } }
[2020-05-14T11:18:21.213] [INFO] response - { method: 'GET',
  url: '/index',
  body: {},
  costTime: 2,
  response:
   { status: 200,
     message: 'OK',
     header:
      [Object: null prototype] {
        vary: 'Origin',
        'access-control-allow-origin': 'http://localhost:8080',
        'access-control-allow-credentials': 'true',
        'access-control-expose-headers': 'WWW-Authenticate,Server-Authorization',
        'content-type': 'text/html; charset=utf-8',
        'content-length': '1892' },
     body:
      '<!DOCTYPE html>\r\n<head>\r\n<meta http-equiv="Content-Type" content="text/html; charset=utf-8" />\r\n<title>PxShare server</title>\r\n<link type="text/css" rel="stylesheet" href="/stylesheets/style_index.css" />\r\n<script type="text/javascript" src="/javascripts/jquery-1.8.3.min.js"></script>\r\n<script type="text/javascript" src="/javascripts/menu.js"></script>\r\n</head>\r\n\r\n<body>\r\n<div class="top"></div>\r\n<div id="header">\r\n\t<div class="logo">\r\n\t\t<h4 class="M4"><span></span>PxShare</h4>\r\n\t</div>\r\n\t    <div class="navigation">\r\n\t\t    <ul>\r\n\t\t\t\t<li>Welcome to study PS</li>\r\n\t\t\t\t<li >cookie</li>\r\n\t\t\t\t<li><h4 class="M10"><span></span>\r\n\t\t\t\t\t\r\n\t\t\t\t\t Admin</h4>\r\n\t\t\t\t</li>\r\n\t\t\t\t<li><a href="/logout"><span style="color:#e65fcf">Logout</span></a></li>\r\n\t\t    </ul>\r\n\t    </div>\r\n</div>\r\n     \r\n<div id="content">\r\n\t<div class="left_menu">\r\n\t\t<ul id="nav_dot">\r\n\t\t\t\r\n\t\t\t<li>\r\n\t\t\t\t  <h4 class="M10"><span></span>用户管理</h4>\r\n\t\t\t\t  <div class="list-item none">\r\n\t\t\t\t  <a href=\'/users/userlist\' target="iframe1">用户列表</a></div>\r\n\t\t\t</li>\r\n            <li>\r\n\t\t\t\t <h4 class="M4"><span></span>食品订单</h4>\r\n\t\t\t\t <div class="list-item none">\r\n\t\t\t\t <a href=\'/allfoods/allfoodlist\' target="iframe1">食品清单</a>\r\n\t\t\t\t <a href=\'/foods/foodlist\' target="iframe1">订单详情</a>\r\n\t\t\t\t <a href=\'/foods/finish\' target="iframe1">取货订单</a></div>\r\n\t        </li>\r\n\t        <li>\r\n\t\t\t\t <h4 class="M9" ><span></span>黑名单</h4>\r\n\t\t\t\t <div class="list-item none">\r\n\t\t\t\t <a href=\'/foods/hei\' target="iframe1">黑名单</a></div>\r\n\t        </li>\r\n        </ul>\r\n</div>\r\n\t<div class="m-right">\r\n\t\t\t  <div class="main">\r\n\t\t\t\t  <iframe frameborder="0" name="iframe1"  width="100%" height="100%">\r\n\t\t\t\t\t 您的浏览器不支持嵌入式框架，或者当前配置为不显示嵌入式框架。\r\n\t\t\t\t  </iframe>\r\n\t\t\t  </div>\r\n\t</div>\r\n</div>\r\n\r\n<script>navList(12);</script>\r\n</body>\r\n</html>\r\n' } }
[2020-05-14T11:18:23.031] [INFO] response - { method: 'GET',
  url: '/users/userlist',
  body: {},
  costTime: 26,
  response:
   { status: 200,
     message: 'OK',
     header:
      [Object: null prototype] {
        vary: 'Origin',
        'access-control-allow-origin': 'http://localhost:8080',
        'access-control-allow-credentials': 'true',
        'access-control-expose-headers': 'WWW-Authenticate,Server-Authorization',
        'content-type': 'text/html; charset=utf-8',
        'content-length': '5930' },
     body:
      '<!DOCTYPE html>\r\n<html lang="en">\r\n<head>\r\n    <meta charset="UTF-8">\r\n    <meta name="viewport" content="width=device-width, initial-scale=1.0">\r\n    <meta http-equiv="X-UA-Compatible" content="ie=edge">\r\n    <link type="text/css" rel="stylesheet" href="/stylesheets/bootstrap.min.css" />\r\n    <title>用户列表</title>\r\n</head>\r\n<body>\r\n\r\n\r\n<!-- 食品分页 -->\r\n<div class="pull-left" style="margin-left:105px">\r\n  <ul class="pagination" id="paginator-example">\r\n        <li><a href="/users/userlist">首页</a></li>\r\n        <!-- 使用parseInt()函数可解析一个字符串,并返回一个整数 -->\r\n        <li><a href="/users/userlist?page=1">上一页</a></li>\r\n        <!-- ?指的是分页链接 向action或者jsp传参 通过?前面链接来处理分页 并通过url传参的形式将page=多少传给链接 -->\r\n        <li><a href="/users/userlist?page=2">下一页</a></li>\r\n        <!-- 后面的?在这里指的是条件表达式，前面的成立就返回，否则就返回后面 -->\r\n        <li><a href="/users/userlist?page=2">尾页</a></li>\r\n        <li><a href="./zjia"><span style="color: rgb(67, 198, 250); font-weight: bolder;">增加用户</span></a></li>\r\n  </ul>\r\n</div>\r\n\r\n\r\n<!-- 搜索框 --> \r\n<div class="suo">\r\n   <form action="/users/suo" method="POST">\r\n        <div class="col-md-offset-2 col-md-3 " style="padding:20px 3px;">\r\n            <!-- from-control的效果 宽度为100% 边框为浅灰色 控件具有4px的圆角 阴影效果，元素得到焦点时，阴影和边框效果会发生变化设置 placeholder的颜色为#999 -->\r\n            <input type="text" class="form-control" name="chaxun" id="firstName" value="" placeholder="请输入ID或昵称">\r\n            <!-- col-md-offset-3（在左侧补充3列）col-md-push-8（从左侧往右侧推8列）col-md-pull-2（往左侧拉2列）  -->\r\n            </div>\r\n        <div class="col-md-2" style="padding:20px 3px;">\r\n            <!-- col-xs-6 col-md-3  在超小屏幕中占6列 在中单屏幕中占3列  bootstrap栅格系统中的列是通过指定1到12的值来表示其跨越的范围-->\r\n            <button type="submit" class="btn btn-info">查询</button>   \r\n            </div>  \r\n  </form>\r\n</div>\r\n   \r\n    \r\n<!--用户列表-->\r\n<div class="user">\r\n   <div class="col-md-10 col-md-offset-1">\r\n      <!-- table-hover：鼠标悬停高亮的表格 table-bordered：带边框的表格 table-striped：斑马线表格 -->\r\n      <table class="table table-striped table-hover table-bordered">\r\n            <thead>\r\n                <tr class="biao">\r\n                    <th style="text-align:center;">序号</th>\r\n                    <th style="text-align:center;">工号/帐号</th>\r\n                    <th style="text-align:center;">昵称</th>\r\n                    <th style="text-align:center;">角色</th>\r\n                    <th colspan="2" style="text-align:center;">操作</th>\r\n                </tr>\r\n            </thead>\r\n\r\n           <tbody>\r\n              \r\n                <tr style="text-align:center;">\r\n                    <td>1</td>  \r\n                    <td>1001</td>\r\n                      <td>childb</td>\r\n                      <td>\r\n                        普通用户</td>\r\n                      <td><a href="/users/edit/1001" class="btn btn-info">编辑</a></td>\r\n                      <td><a href="/users/delect/1001" class="btn btn-danger">删除</a></td>\r\n                      \r\n                <tr style="text-align:center;">\r\n                    <td>2</td>  \r\n                    <td>1002</td>\r\n                      <td>childb</td>\r\n                      <td>\r\n                          超市店员\r\n                          </td>\r\n                      <td><a href="/users/edit/1002" class="btn btn-info">编辑</a></td>\r\n                      <td><a href="/users/delect/1002" class="btn btn-danger">删除</a></td>\r\n                      \r\n                <tr style="text-align:center;">\r\n                    <td>3</td>  \r\n                    <td>1003</td>\r\n                      <td>cookie</td>\r\n                      <td>\r\n                           管理员\r\n                            </td>\r\n                      <td><a href="/users/edit/1003" class="btn btn-info">编辑</a></td>\r\n                      <td><a href="/users/delect/1003" class="btn btn-danger">删除</a></td>\r\n                      \r\n                <tr style="text-align:center;">\r\n                    <td>4</td>  \r\n                    <td>1004</td>\r\n                      <td>gigi</td>\r\n                      <td>\r\n                        普通用户</td>\r\n                      <td><a href="/users/edit/1004" class="btn btn-info">编辑</a></td>\r\n                      <td><a href="/users/delect/1004" class="btn btn-danger">删除</a></td>\r\n                      \r\n                <tr style="text-align:center;">\r\n                    <td>5</td>  \r\n                    <td>1006</td>\r\n                      <td>zixiong</td>\r\n                      <td>\r\n                        普通用户</td>\r\n                      <td><a href="/users/edit/1006" class="btn btn-info">编辑</a></td>\r\n                      <td><a href="/users/delect/1006" class="btn btn-danger">删除</a></td>\r\n                      \r\n                <tr style="text-align:center;">\r\n                    <td>6</td>  \r\n                    <td>2020</td>\r\n                      <td>gigi</td>\r\n                      <td>\r\n                        普通用户</td>\r\n                      <td><a href="/users/edit/2020" class="btn btn-info">编辑</a></td>\r\n                      <td><a href="/users/delect/2020" class="btn btn-danger">删除</a></td>\r\n                      \r\n                 </tr>\r\n             </tbody>\r\n        </table>\r\n  </div>\r\n    \r\n\r\n<!-- 分页记录 -->\r\n<div class="pull-right" style="margin-right:88px ;">  <!-- 整体右浮动  -->\r\n  当前1/2页 共8条记录\r\n</div>  \r\n  \r\n</body>\r\n\r\n</html>' } }
[2020-05-14T11:20:48.350] [INFO] response - { method: 'GET',
  url: '/index',
  body: {},
  costTime: 21,
  response:
   { status: 200,
     message: 'OK',
     header:
      [Object: null prototype] {
        vary: 'Origin',
        'access-control-allow-origin': 'http://localhost:8080',
        'access-control-allow-credentials': 'true',
        'access-control-expose-headers': 'WWW-Authenticate,Server-Authorization',
        'content-type': 'text/html; charset=utf-8',
        'content-length': '1892' },
     body:
      '<!DOCTYPE html>\r\n<head>\r\n<meta http-equiv="Content-Type" content="text/html; charset=utf-8" />\r\n<title>PxShare server</title>\r\n<link type="text/css" rel="stylesheet" href="/stylesheets/style_index.css" />\r\n<script type="text/javascript" src="/javascripts/jquery-1.8.3.min.js"></script>\r\n<script type="text/javascript" src="/javascripts/menu.js"></script>\r\n</head>\r\n\r\n<body>\r\n<div class="top"></div>\r\n<div id="header">\r\n\t<div class="logo">\r\n\t\t<h4 class="M4"><span></span>PxShare</h4>\r\n\t</div>\r\n\t    <div class="navigation">\r\n\t\t    <ul>\r\n\t\t\t\t<li>Welcome to study PS</li>\r\n\t\t\t\t<li >cookie</li>\r\n\t\t\t\t<li><h4 class="M10"><span></span>\r\n\t\t\t\t\t\r\n\t\t\t\t\t Admin</h4>\r\n\t\t\t\t</li>\r\n\t\t\t\t<li><a href="/logout"><span style="color:#e65fcf">Logout</span></a></li>\r\n\t\t    </ul>\r\n\t    </div>\r\n</div>\r\n     \r\n<div id="content">\r\n\t<div class="left_menu">\r\n\t\t<ul id="nav_dot">\r\n\t\t\t\r\n\t\t\t<li>\r\n\t\t\t\t  <h4 class="M10"><span></span>用户管理</h4>\r\n\t\t\t\t  <div class="list-item none">\r\n\t\t\t\t  <a href=\'/users/userlist\' target="iframe1">用户列表</a></div>\r\n\t\t\t</li>\r\n            <li>\r\n\t\t\t\t <h4 class="M4"><span></span>食品订单</h4>\r\n\t\t\t\t <div class="list-item none">\r\n\t\t\t\t <a href=\'/allfoods/allfoodlist\' target="iframe1">食品清单</a>\r\n\t\t\t\t <a href=\'/foods/foodlist\' target="iframe1">订单详情</a>\r\n\t\t\t\t <a href=\'/foods/finish\' target="iframe1">取货订单</a></div>\r\n\t        </li>\r\n\t        <li>\r\n\t\t\t\t <h4 class="M9" ><span></span>黑名单</h4>\r\n\t\t\t\t <div class="list-item none">\r\n\t\t\t\t <a href=\'/foods/hei\' target="iframe1">黑名单</a></div>\r\n\t        </li>\r\n        </ul>\r\n</div>\r\n\t<div class="m-right">\r\n\t\t\t  <div class="main">\r\n\t\t\t\t  <iframe frameborder="0" name="iframe1"  width="100%" height="100%">\r\n\t\t\t\t\t 您的浏览器不支持嵌入式框架，或者当前配置为不显示嵌入式框架。\r\n\t\t\t\t  </iframe>\r\n\t\t\t  </div>\r\n\t</div>\r\n</div>\r\n\r\n<script>navList(12);</script>\r\n</body>\r\n</html>\r\n' } }
[2020-05-14T11:20:50.019] [INFO] response - { method: 'GET',
  url: '/allfoods/allfoodlist',
  body: {},
  costTime: 12,
  response:
   { status: 404,
     message: 'Not Found',
     header:
      [Object: null prototype] {
        vary: 'Origin',
        'access-control-allow-origin': 'http://localhost:8080',
        'access-control-allow-credentials': 'true',
        'access-control-expose-headers': 'WWW-Authenticate,Server-Authorization',
        'content-type': 'text/html; charset=utf-8',
        'content-length': '474' },
     body:
      '<!DOCTYPE html>\n<html lang="en">\n<head>\n    <meta charset="UTF-8">\n    <meta name="viewport" content="width=device-width, initial-scale=1.0">\n    <meta http-equiv="X-UA-Compatible" content="ie=edge">\n    <link rel="stylesheet" href="/stylesheets/error.css">\n    <title>错误信息</title>\n</head>\n<body>\n    <div class="content">\n            <h1>抱歉，找不到你的诗和远方了！</h1>\n            \n            <h2>404</h2>\n            \n    </div>\n</body>\n</html>\n\n' } }
[2020-05-14T11:20:50.686] [INFO] response - { method: 'GET',
  url: '/foods/foodlist',
  body: {},
  costTime: 13,
  response:
   { status: 404,
     message: 'Not Found',
     header:
      [Object: null prototype] {
        vary: 'Origin',
        'access-control-allow-origin': 'http://localhost:8080',
        'access-control-allow-credentials': 'true',
        'access-control-expose-headers': 'WWW-Authenticate,Server-Authorization',
        'content-type': 'text/html; charset=utf-8',
        'content-length': '474' },
     body:
      '<!DOCTYPE html>\n<html lang="en">\n<head>\n    <meta charset="UTF-8">\n    <meta name="viewport" content="width=device-width, initial-scale=1.0">\n    <meta http-equiv="X-UA-Compatible" content="ie=edge">\n    <link rel="stylesheet" href="/stylesheets/error.css">\n    <title>错误信息</title>\n</head>\n<body>\n    <div class="content">\n            <h1>抱歉，找不到你的诗和远方了！</h1>\n            \n            <h2>404</h2>\n            \n    </div>\n</body>\n</html>\n\n' } }
[2020-05-14T11:20:51.233] [INFO] response - { method: 'GET',
  url: '/foods/finish',
  body: {},
  costTime: 12,
  response:
   { status: 404,
     message: 'Not Found',
     header:
      [Object: null prototype] {
        vary: 'Origin',
        'access-control-allow-origin': 'http://localhost:8080',
        'access-control-allow-credentials': 'true',
        'access-control-expose-headers': 'WWW-Authenticate,Server-Authorization',
        'content-type': 'text/html; charset=utf-8',
        'content-length': '474' },
     body:
      '<!DOCTYPE html>\n<html lang="en">\n<head>\n    <meta charset="UTF-8">\n    <meta name="viewport" content="width=device-width, initial-scale=1.0">\n    <meta http-equiv="X-UA-Compatible" content="ie=edge">\n    <link rel="stylesheet" href="/stylesheets/error.css">\n    <title>错误信息</title>\n</head>\n<body>\n    <div class="content">\n            <h1>抱歉，找不到你的诗和远方了！</h1>\n            \n            <h2>404</h2>\n            \n    </div>\n</body>\n</html>\n\n' } }
[2020-05-14T11:21:06.704] [INFO] response - { method: 'GET',
  url: '/allfoods/allfoodlist',
  body: {},
  costTime: 13,
  response:
   { status: 404,
     message: 'Not Found',
     header:
      [Object: null prototype] {
        vary: 'Origin',
        'access-control-allow-origin': 'http://localhost:8080',
        'access-control-allow-credentials': 'true',
        'access-control-expose-headers': 'WWW-Authenticate,Server-Authorization',
        'content-type': 'text/html; charset=utf-8',
        'content-length': '474' },
     body:
      '<!DOCTYPE html>\n<html lang="en">\n<head>\n    <meta charset="UTF-8">\n    <meta name="viewport" content="width=device-width, initial-scale=1.0">\n    <meta http-equiv="X-UA-Compatible" content="ie=edge">\n    <link rel="stylesheet" href="/stylesheets/error.css">\n    <title>错误信息</title>\n</head>\n<body>\n    <div class="content">\n            <h1>抱歉，找不到你的诗和远方了！</h1>\n            \n            <h2>404</h2>\n            \n    </div>\n</body>\n</html>\n\n' } }
[2020-05-14T11:21:07.295] [INFO] response - { method: 'GET',
  url: '/foods/foodlist',
  body: {},
  costTime: 11,
  response:
   { status: 404,
     message: 'Not Found',
     header:
      [Object: null prototype] {
        vary: 'Origin',
        'access-control-allow-origin': 'http://localhost:8080',
        'access-control-allow-credentials': 'true',
        'access-control-expose-headers': 'WWW-Authenticate,Server-Authorization',
        'content-type': 'text/html; charset=utf-8',
        'content-length': '474' },
     body:
      '<!DOCTYPE html>\n<html lang="en">\n<head>\n    <meta charset="UTF-8">\n    <meta name="viewport" content="width=device-width, initial-scale=1.0">\n    <meta http-equiv="X-UA-Compatible" content="ie=edge">\n    <link rel="stylesheet" href="/stylesheets/error.css">\n    <title>错误信息</title>\n</head>\n<body>\n    <div class="content">\n            <h1>抱歉，找不到你的诗和远方了！</h1>\n            \n            <h2>404</h2>\n            \n    </div>\n</body>\n</html>\n\n' } }
[2020-05-14T11:21:38.935] [INFO] response - { method: 'GET',
  url: '/users/userlist',
  body: {},
  costTime: 49,
  response:
   { status: 200,
     message: 'OK',
     header:
      [Object: null prototype] {
        vary: 'Origin',
        'access-control-allow-origin': 'http://localhost:8080',
        'access-control-allow-credentials': 'true',
        'access-control-expose-headers': 'WWW-Authenticate,Server-Authorization',
        'content-type': 'text/html; charset=utf-8',
        'content-length': '5930' },
     body:
      '<!DOCTYPE html>\r\n<html lang="en">\r\n<head>\r\n    <meta charset="UTF-8">\r\n    <meta name="viewport" content="width=device-width, initial-scale=1.0">\r\n    <meta http-equiv="X-UA-Compatible" content="ie=edge">\r\n    <link type="text/css" rel="stylesheet" href="/stylesheets/bootstrap.min.css" />\r\n    <title>用户列表</title>\r\n</head>\r\n<body>\r\n\r\n\r\n<!-- 食品分页 -->\r\n<div class="pull-left" style="margin-left:105px">\r\n  <ul class="pagination" id="paginator-example">\r\n        <li><a href="/users/userlist">首页</a></li>\r\n        <!-- 使用parseInt()函数可解析一个字符串,并返回一个整数 -->\r\n        <li><a href="/users/userlist?page=1">上一页</a></li>\r\n        <!-- ?指的是分页链接 向action或者jsp传参 通过?前面链接来处理分页 并通过url传参的形式将page=多少传给链接 -->\r\n        <li><a href="/users/userlist?page=2">下一页</a></li>\r\n        <!-- 后面的?在这里指的是条件表达式，前面的成立就返回，否则就返回后面 -->\r\n        <li><a href="/users/userlist?page=2">尾页</a></li>\r\n        <li><a href="./zjia"><span style="color: rgb(67, 198, 250); font-weight: bolder;">增加用户</span></a></li>\r\n  </ul>\r\n</div>\r\n\r\n\r\n<!-- 搜索框 --> \r\n<div class="suo">\r\n   <form action="/users/suo" method="POST">\r\n        <div class="col-md-offset-2 col-md-3 " style="padding:20px 3px;">\r\n            <!-- from-control的效果 宽度为100% 边框为浅灰色 控件具有4px的圆角 阴影效果，元素得到焦点时，阴影和边框效果会发生变化设置 placeholder的颜色为#999 -->\r\n            <input type="text" class="form-control" name="chaxun" id="firstName" value="" placeholder="请输入ID或昵称">\r\n            <!-- col-md-offset-3（在左侧补充3列）col-md-push-8（从左侧往右侧推8列）col-md-pull-2（往左侧拉2列）  -->\r\n            </div>\r\n        <div class="col-md-2" style="padding:20px 3px;">\r\n            <!-- col-xs-6 col-md-3  在超小屏幕中占6列 在中单屏幕中占3列  bootstrap栅格系统中的列是通过指定1到12的值来表示其跨越的范围-->\r\n            <button type="submit" class="btn btn-info">查询</button>   \r\n            </div>  \r\n  </form>\r\n</div>\r\n   \r\n    \r\n<!--用户列表-->\r\n<div class="user">\r\n   <div class="col-md-10 col-md-offset-1">\r\n      <!-- table-hover：鼠标悬停高亮的表格 table-bordered：带边框的表格 table-striped：斑马线表格 -->\r\n      <table class="table table-striped table-hover table-bordered">\r\n            <thead>\r\n                <tr class="biao">\r\n                    <th style="text-align:center;">序号</th>\r\n                    <th style="text-align:center;">工号/帐号</th>\r\n                    <th style="text-align:center;">昵称</th>\r\n                    <th style="text-align:center;">角色</th>\r\n                    <th colspan="2" style="text-align:center;">操作</th>\r\n                </tr>\r\n            </thead>\r\n\r\n           <tbody>\r\n              \r\n                <tr style="text-align:center;">\r\n                    <td>1</td>  \r\n                    <td>1001</td>\r\n                      <td>childb</td>\r\n                      <td>\r\n                        普通用户</td>\r\n                      <td><a href="/users/edit/1001" class="btn btn-info">编辑</a></td>\r\n                      <td><a href="/users/delect/1001" class="btn btn-danger">删除</a></td>\r\n                      \r\n                <tr style="text-align:center;">\r\n                    <td>2</td>  \r\n                    <td>1002</td>\r\n                      <td>childb</td>\r\n                      <td>\r\n                          超市店员\r\n                          </td>\r\n                      <td><a href="/users/edit/1002" class="btn btn-info">编辑</a></td>\r\n                      <td><a href="/users/delect/1002" class="btn btn-danger">删除</a></td>\r\n                      \r\n                <tr style="text-align:center;">\r\n                    <td>3</td>  \r\n                    <td>1003</td>\r\n                      <td>cookie</td>\r\n                      <td>\r\n                           管理员\r\n                            </td>\r\n                      <td><a href="/users/edit/1003" class="btn btn-info">编辑</a></td>\r\n                      <td><a href="/users/delect/1003" class="btn btn-danger">删除</a></td>\r\n                      \r\n                <tr style="text-align:center;">\r\n                    <td>4</td>  \r\n                    <td>1004</td>\r\n                      <td>gigi</td>\r\n                      <td>\r\n                        普通用户</td>\r\n                      <td><a href="/users/edit/1004" class="btn btn-info">编辑</a></td>\r\n                      <td><a href="/users/delect/1004" class="btn btn-danger">删除</a></td>\r\n                      \r\n                <tr style="text-align:center;">\r\n                    <td>5</td>  \r\n                    <td>1006</td>\r\n                      <td>zixiong</td>\r\n                      <td>\r\n                        普通用户</td>\r\n                      <td><a href="/users/edit/1006" class="btn btn-info">编辑</a></td>\r\n                      <td><a href="/users/delect/1006" class="btn btn-danger">删除</a></td>\r\n                      \r\n                <tr style="text-align:center;">\r\n                    <td>6</td>  \r\n                    <td>2020</td>\r\n                      <td>gigi</td>\r\n                      <td>\r\n                        普通用户</td>\r\n                      <td><a href="/users/edit/2020" class="btn btn-info">编辑</a></td>\r\n                      <td><a href="/users/delect/2020" class="btn btn-danger">删除</a></td>\r\n                      \r\n                 </tr>\r\n             </tbody>\r\n        </table>\r\n  </div>\r\n    \r\n\r\n<!-- 分页记录 -->\r\n<div class="pull-right" style="margin-right:88px ;">  <!-- 整体右浮动  -->\r\n  当前1/2页 共8条记录\r\n</div>  \r\n  \r\n</body>\r\n\r\n</html>' } }
[2020-05-14T11:21:47.848] [INFO] response - { method: 'GET',
  url: '/users/userlist',
  body: {},
  costTime: 20,
  response:
   { status: 200,
     message: 'OK',
     header:
      [Object: null prototype] {
        vary: 'Origin',
        'access-control-allow-origin': 'http://localhost:8080',
        'access-control-allow-credentials': 'true',
        'access-control-expose-headers': 'WWW-Authenticate,Server-Authorization',
        'content-type': 'text/html; charset=utf-8',
        'content-length': '5930' },
     body:
      '<!DOCTYPE html>\r\n<html lang="en">\r\n<head>\r\n    <meta charset="UTF-8">\r\n    <meta name="viewport" content="width=device-width, initial-scale=1.0">\r\n    <meta http-equiv="X-UA-Compatible" content="ie=edge">\r\n    <link type="text/css" rel="stylesheet" href="/stylesheets/bootstrap.min.css" />\r\n    <title>用户列表</title>\r\n</head>\r\n<body>\r\n\r\n\r\n<!-- 食品分页 -->\r\n<div class="pull-left" style="margin-left:105px">\r\n  <ul class="pagination" id="paginator-example">\r\n        <li><a href="/users/userlist">首页</a></li>\r\n        <!-- 使用parseInt()函数可解析一个字符串,并返回一个整数 -->\r\n        <li><a href="/users/userlist?page=1">上一页</a></li>\r\n        <!-- ?指的是分页链接 向action或者jsp传参 通过?前面链接来处理分页 并通过url传参的形式将page=多少传给链接 -->\r\n        <li><a href="/users/userlist?page=2">下一页</a></li>\r\n        <!-- 后面的?在这里指的是条件表达式，前面的成立就返回，否则就返回后面 -->\r\n        <li><a href="/users/userlist?page=2">尾页</a></li>\r\n        <li><a href="./zjia"><span style="color: rgb(67, 198, 250); font-weight: bolder;">增加用户</span></a></li>\r\n  </ul>\r\n</div>\r\n\r\n\r\n<!-- 搜索框 --> \r\n<div class="suo">\r\n   <form action="/users/suo" method="POST">\r\n        <div class="col-md-offset-2 col-md-3 " style="padding:20px 3px;">\r\n            <!-- from-control的效果 宽度为100% 边框为浅灰色 控件具有4px的圆角 阴影效果，元素得到焦点时，阴影和边框效果会发生变化设置 placeholder的颜色为#999 -->\r\n            <input type="text" class="form-control" name="chaxun" id="firstName" value="" placeholder="请输入ID或昵称">\r\n            <!-- col-md-offset-3（在左侧补充3列）col-md-push-8（从左侧往右侧推8列）col-md-pull-2（往左侧拉2列）  -->\r\n            </div>\r\n        <div class="col-md-2" style="padding:20px 3px;">\r\n            <!-- col-xs-6 col-md-3  在超小屏幕中占6列 在中单屏幕中占3列  bootstrap栅格系统中的列是通过指定1到12的值来表示其跨越的范围-->\r\n            <button type="submit" class="btn btn-info">查询</button>   \r\n            </div>  \r\n  </form>\r\n</div>\r\n   \r\n    \r\n<!--用户列表-->\r\n<div class="user">\r\n   <div class="col-md-10 col-md-offset-1">\r\n      <!-- table-hover：鼠标悬停高亮的表格 table-bordered：带边框的表格 table-striped：斑马线表格 -->\r\n      <table class="table table-striped table-hover table-bordered">\r\n            <thead>\r\n                <tr class="biao">\r\n                    <th style="text-align:center;">序号</th>\r\n                    <th style="text-align:center;">工号/帐号</th>\r\n                    <th style="text-align:center;">昵称</th>\r\n                    <th style="text-align:center;">角色</th>\r\n                    <th colspan="2" style="text-align:center;">操作</th>\r\n                </tr>\r\n            </thead>\r\n\r\n           <tbody>\r\n              \r\n                <tr style="text-align:center;">\r\n                    <td>1</td>  \r\n                    <td>1001</td>\r\n                      <td>childb</td>\r\n                      <td>\r\n                        普通用户</td>\r\n                      <td><a href="/users/edit/1001" class="btn btn-info">编辑</a></td>\r\n                      <td><a href="/users/delect/1001" class="btn btn-danger">删除</a></td>\r\n                      \r\n                <tr style="text-align:center;">\r\n                    <td>2</td>  \r\n                    <td>1002</td>\r\n                      <td>childb</td>\r\n                      <td>\r\n                          超市店员\r\n                          </td>\r\n                      <td><a href="/users/edit/1002" class="btn btn-info">编辑</a></td>\r\n                      <td><a href="/users/delect/1002" class="btn btn-danger">删除</a></td>\r\n                      \r\n                <tr style="text-align:center;">\r\n                    <td>3</td>  \r\n                    <td>1003</td>\r\n                      <td>cookie</td>\r\n                      <td>\r\n                           管理员\r\n                            </td>\r\n                      <td><a href="/users/edit/1003" class="btn btn-info">编辑</a></td>\r\n                      <td><a href="/users/delect/1003" class="btn btn-danger">删除</a></td>\r\n                      \r\n                <tr style="text-align:center;">\r\n                    <td>4</td>  \r\n                    <td>1004</td>\r\n                      <td>gigi</td>\r\n                      <td>\r\n                        普通用户</td>\r\n                      <td><a href="/users/edit/1004" class="btn btn-info">编辑</a></td>\r\n                      <td><a href="/users/delect/1004" class="btn btn-danger">删除</a></td>\r\n                      \r\n                <tr style="text-align:center;">\r\n                    <td>5</td>  \r\n                    <td>1006</td>\r\n                      <td>zixiong</td>\r\n                      <td>\r\n                        普通用户</td>\r\n                      <td><a href="/users/edit/1006" class="btn btn-info">编辑</a></td>\r\n                      <td><a href="/users/delect/1006" class="btn btn-danger">删除</a></td>\r\n                      \r\n                <tr style="text-align:center;">\r\n                    <td>6</td>  \r\n                    <td>2020</td>\r\n                      <td>gigi</td>\r\n                      <td>\r\n                        普通用户</td>\r\n                      <td><a href="/users/edit/2020" class="btn btn-info">编辑</a></td>\r\n                      <td><a href="/users/delect/2020" class="btn btn-danger">删除</a></td>\r\n                      \r\n                 </tr>\r\n             </tbody>\r\n        </table>\r\n  </div>\r\n    \r\n\r\n<!-- 分页记录 -->\r\n<div class="pull-right" style="margin-right:88px ;">  <!-- 整体右浮动  -->\r\n  当前1/2页 共8条记录\r\n</div>  \r\n  \r\n</body>\r\n\r\n</html>' } }
[2020-05-14T11:22:13.960] [INFO] response - { method: 'GET',
  url: '/logout',
  body: {},
  costTime: 12,
  response:
   { status: 200,
     message: 'OK',
     header:
      [Object: null prototype] {
        vary: 'Origin',
        'access-control-allow-origin': 'http://localhost:8080',
        'access-control-allow-credentials': 'true',
        'access-control-expose-headers': 'WWW-Authenticate,Server-Authorization',
        'content-type': 'text/html; charset=utf-8',
        'content-length': '941' },
     body:
      '<!DOCTYPE html>\r\n<head>\r\n\t<meta http-equiv="Content-Type" content="text/html; charset=utf-8" />\r\n\t<title>登录</title>\r\n\t<link rel="stylesheet" type="text/css" href="/stylesheets/style.css" />\r\n\t<link rel="stylesheet" type="text/css" href="/stylesheets/body.css"/> \r\n</head>\r\n<body>\r\n<div class="container">\r\n\t<section id="content">\r\n\t\t<form action="/checkLogin" method="post">\r\n\t\t\t\t     <h1>Px Share</h1>\r\n\t\t\t\t<div>\r\n\t\t\t\t\t <input type="text" placeholder="工号/帐号" required="" id="username" name="user_id"/>\r\n\t\t\t\t</div>\r\n\t\t\t\t<div>\r\n\t\t\t\t\t <input type="password" placeholder="密码" required="" id="password" name="password"/>\r\n\t\t\t\t</div>\r\n\t\t\t\t<!-- <div class="">\r\n\t\t\t\t\t <span class="help-block u-errormessage" id="js-server-helpinfo">&nbsp;</span>\t\t\t\r\n\t\t\t\t</div>  -->\r\n\t\t\t\t<div>\r\n\t\t\t\t\t <input type="submit" value="登录" class="btn btn-primary" id="js-btn-login"/>\r\n\t\t\t\t</div>\r\n\t\t</form>\r\n\t\t\t\r\n\t\t</section>\r\n\t</div>\r\n</body>\r\n</html>' } }
[2020-05-14T11:22:17.216] [INFO] response - { method: 'GET',
  url: '/logout',
  body: {},
  costTime: 2,
  response:
   { status: 200,
     message: 'OK',
     header:
      [Object: null prototype] {
        vary: 'Origin',
        'access-control-allow-origin': 'http://localhost:8080',
        'access-control-allow-credentials': 'true',
        'access-control-expose-headers': 'WWW-Authenticate,Server-Authorization',
        'content-type': 'text/html; charset=utf-8',
        'content-length': '941' },
     body:
      '<!DOCTYPE html>\r\n<head>\r\n\t<meta http-equiv="Content-Type" content="text/html; charset=utf-8" />\r\n\t<title>登录</title>\r\n\t<link rel="stylesheet" type="text/css" href="/stylesheets/style.css" />\r\n\t<link rel="stylesheet" type="text/css" href="/stylesheets/body.css"/> \r\n</head>\r\n<body>\r\n<div class="container">\r\n\t<section id="content">\r\n\t\t<form action="/checkLogin" method="post">\r\n\t\t\t\t     <h1>Px Share</h1>\r\n\t\t\t\t<div>\r\n\t\t\t\t\t <input type="text" placeholder="工号/帐号" required="" id="username" name="user_id"/>\r\n\t\t\t\t</div>\r\n\t\t\t\t<div>\r\n\t\t\t\t\t <input type="password" placeholder="密码" required="" id="password" name="password"/>\r\n\t\t\t\t</div>\r\n\t\t\t\t<!-- <div class="">\r\n\t\t\t\t\t <span class="help-block u-errormessage" id="js-server-helpinfo">&nbsp;</span>\t\t\t\r\n\t\t\t\t</div>  -->\r\n\t\t\t\t<div>\r\n\t\t\t\t\t <input type="submit" value="登录" class="btn btn-primary" id="js-btn-login"/>\r\n\t\t\t\t</div>\r\n\t\t</form>\r\n\t\t\t\r\n\t\t</section>\r\n\t</div>\r\n</body>\r\n</html>' } }
[2020-05-14T11:22:23.748] [INFO] response - { method: 'POST',
  url: '/checkLogin',
  body: { user_id: '1003', password: '10' },
  costTime: 163,
  response:
   { status: 302,
     message: 'Found',
     header:
      [Object: null prototype] {
        vary: 'Origin',
        'access-control-allow-origin': 'http://localhost:8080',
        'access-control-allow-credentials': 'true',
        'access-control-expose-headers': 'WWW-Authenticate,Server-Authorization',
        location: '/index',
        'content-type': 'text/html; charset=utf-8',
        'content-length': '43' },
     body: 'Redirecting to <a href="/index">/index</a>.' } }
[2020-05-14T11:22:23.798] [INFO] response - { method: 'GET',
  url: '/index',
  body: {},
  costTime: 2,
  response:
   { status: 200,
     message: 'OK',
     header:
      [Object: null prototype] {
        vary: 'Origin',
        'access-control-allow-origin': 'http://localhost:8080',
        'access-control-allow-credentials': 'true',
        'access-control-expose-headers': 'WWW-Authenticate,Server-Authorization',
        'content-type': 'text/html; charset=utf-8',
        'content-length': '1892' },
     body:
      '<!DOCTYPE html>\r\n<head>\r\n<meta http-equiv="Content-Type" content="text/html; charset=utf-8" />\r\n<title>PxShare server</title>\r\n<link type="text/css" rel="stylesheet" href="/stylesheets/style_index.css" />\r\n<script type="text/javascript" src="/javascripts/jquery-1.8.3.min.js"></script>\r\n<script type="text/javascript" src="/javascripts/menu.js"></script>\r\n</head>\r\n\r\n<body>\r\n<div class="top"></div>\r\n<div id="header">\r\n\t<div class="logo">\r\n\t\t<h4 class="M4"><span></span>PxShare</h4>\r\n\t</div>\r\n\t    <div class="navigation">\r\n\t\t    <ul>\r\n\t\t\t\t<li>Welcome to study PS</li>\r\n\t\t\t\t<li >cookie</li>\r\n\t\t\t\t<li><h4 class="M10"><span></span>\r\n\t\t\t\t\t\r\n\t\t\t\t\t Admin</h4>\r\n\t\t\t\t</li>\r\n\t\t\t\t<li><a href="/logout"><span style="color:#e65fcf">Logout</span></a></li>\r\n\t\t    </ul>\r\n\t    </div>\r\n</div>\r\n     \r\n<div id="content">\r\n\t<div class="left_menu">\r\n\t\t<ul id="nav_dot">\r\n\t\t\t\r\n\t\t\t<li>\r\n\t\t\t\t  <h4 class="M10"><span></span>用户管理</h4>\r\n\t\t\t\t  <div class="list-item none">\r\n\t\t\t\t  <a href=\'/users/userlist\' target="iframe1">用户列表</a></div>\r\n\t\t\t</li>\r\n            <li>\r\n\t\t\t\t <h4 class="M4"><span></span>食品订单</h4>\r\n\t\t\t\t <div class="list-item none">\r\n\t\t\t\t <a href=\'/allfoods/allfoodlist\' target="iframe1">食品清单</a>\r\n\t\t\t\t <a href=\'/foods/foodlist\' target="iframe1">订单详情</a>\r\n\t\t\t\t <a href=\'/foods/finish\' target="iframe1">取货订单</a></div>\r\n\t        </li>\r\n\t        <li>\r\n\t\t\t\t <h4 class="M9" ><span></span>黑名单</h4>\r\n\t\t\t\t <div class="list-item none">\r\n\t\t\t\t <a href=\'/foods/hei\' target="iframe1">黑名单</a></div>\r\n\t        </li>\r\n        </ul>\r\n</div>\r\n\t<div class="m-right">\r\n\t\t\t  <div class="main">\r\n\t\t\t\t  <iframe frameborder="0" name="iframe1"  width="100%" height="100%">\r\n\t\t\t\t\t 您的浏览器不支持嵌入式框架，或者当前配置为不显示嵌入式框架。\r\n\t\t\t\t  </iframe>\r\n\t\t\t  </div>\r\n\t</div>\r\n</div>\r\n\r\n<script>navList(12);</script>\r\n</body>\r\n</html>\r\n' } }
[2020-05-14T11:22:28.361] [INFO] response - { method: 'GET',
  url: '/users/userlist',
  body: {},
  costTime: 18,
  response:
   { status: 200,
     message: 'OK',
     header:
      [Object: null prototype] {
        vary: 'Origin',
        'access-control-allow-origin': 'http://localhost:8080',
        'access-control-allow-credentials': 'true',
        'access-control-expose-headers': 'WWW-Authenticate,Server-Authorization',
        'content-type': 'text/html; charset=utf-8',
        'content-length': '5930' },
     body:
      '<!DOCTYPE html>\r\n<html lang="en">\r\n<head>\r\n    <meta charset="UTF-8">\r\n    <meta name="viewport" content="width=device-width, initial-scale=1.0">\r\n    <meta http-equiv="X-UA-Compatible" content="ie=edge">\r\n    <link type="text/css" rel="stylesheet" href="/stylesheets/bootstrap.min.css" />\r\n    <title>用户列表</title>\r\n</head>\r\n<body>\r\n\r\n\r\n<!-- 食品分页 -->\r\n<div class="pull-left" style="margin-left:105px">\r\n  <ul class="pagination" id="paginator-example">\r\n        <li><a href="/users/userlist">首页</a></li>\r\n        <!-- 使用parseInt()函数可解析一个字符串,并返回一个整数 -->\r\n        <li><a href="/users/userlist?page=1">上一页</a></li>\r\n        <!-- ?指的是分页链接 向action或者jsp传参 通过?前面链接来处理分页 并通过url传参的形式将page=多少传给链接 -->\r\n        <li><a href="/users/userlist?page=2">下一页</a></li>\r\n        <!-- 后面的?在这里指的是条件表达式，前面的成立就返回，否则就返回后面 -->\r\n        <li><a href="/users/userlist?page=2">尾页</a></li>\r\n        <li><a href="./zjia"><span style="color: rgb(67, 198, 250); font-weight: bolder;">增加用户</span></a></li>\r\n  </ul>\r\n</div>\r\n\r\n\r\n<!-- 搜索框 --> \r\n<div class="suo">\r\n   <form action="/users/suo" method="POST">\r\n        <div class="col-md-offset-2 col-md-3 " style="padding:20px 3px;">\r\n            <!-- from-control的效果 宽度为100% 边框为浅灰色 控件具有4px的圆角 阴影效果，元素得到焦点时，阴影和边框效果会发生变化设置 placeholder的颜色为#999 -->\r\n            <input type="text" class="form-control" name="chaxun" id="firstName" value="" placeholder="请输入ID或昵称">\r\n            <!-- col-md-offset-3（在左侧补充3列）col-md-push-8（从左侧往右侧推8列）col-md-pull-2（往左侧拉2列）  -->\r\n            </div>\r\n        <div class="col-md-2" style="padding:20px 3px;">\r\n            <!-- col-xs-6 col-md-3  在超小屏幕中占6列 在中单屏幕中占3列  bootstrap栅格系统中的列是通过指定1到12的值来表示其跨越的范围-->\r\n            <button type="submit" class="btn btn-info">查询</button>   \r\n            </div>  \r\n  </form>\r\n</div>\r\n   \r\n    \r\n<!--用户列表-->\r\n<div class="user">\r\n   <div class="col-md-10 col-md-offset-1">\r\n      <!-- table-hover：鼠标悬停高亮的表格 table-bordered：带边框的表格 table-striped：斑马线表格 -->\r\n      <table class="table table-striped table-hover table-bordered">\r\n            <thead>\r\n                <tr class="biao">\r\n                    <th style="text-align:center;">序号</th>\r\n                    <th style="text-align:center;">工号/帐号</th>\r\n                    <th style="text-align:center;">昵称</th>\r\n                    <th style="text-align:center;">角色</th>\r\n                    <th colspan="2" style="text-align:center;">操作</th>\r\n                </tr>\r\n            </thead>\r\n\r\n           <tbody>\r\n              \r\n                <tr style="text-align:center;">\r\n                    <td>1</td>  \r\n                    <td>1001</td>\r\n                      <td>childb</td>\r\n                      <td>\r\n                        普通用户</td>\r\n                      <td><a href="/users/edit/1001" class="btn btn-info">编辑</a></td>\r\n                      <td><a href="/users/delect/1001" class="btn btn-danger">删除</a></td>\r\n                      \r\n                <tr style="text-align:center;">\r\n                    <td>2</td>  \r\n                    <td>1002</td>\r\n                      <td>childb</td>\r\n                      <td>\r\n                          超市店员\r\n                          </td>\r\n                      <td><a href="/users/edit/1002" class="btn btn-info">编辑</a></td>\r\n                      <td><a href="/users/delect/1002" class="btn btn-danger">删除</a></td>\r\n                      \r\n                <tr style="text-align:center;">\r\n                    <td>3</td>  \r\n                    <td>1003</td>\r\n                      <td>cookie</td>\r\n                      <td>\r\n                           管理员\r\n                            </td>\r\n                      <td><a href="/users/edit/1003" class="btn btn-info">编辑</a></td>\r\n                      <td><a href="/users/delect/1003" class="btn btn-danger">删除</a></td>\r\n                      \r\n                <tr style="text-align:center;">\r\n                    <td>4</td>  \r\n                    <td>1004</td>\r\n                      <td>gigi</td>\r\n                      <td>\r\n                        普通用户</td>\r\n                      <td><a href="/users/edit/1004" class="btn btn-info">编辑</a></td>\r\n                      <td><a href="/users/delect/1004" class="btn btn-danger">删除</a></td>\r\n                      \r\n                <tr style="text-align:center;">\r\n                    <td>5</td>  \r\n                    <td>1006</td>\r\n                      <td>zixiong</td>\r\n                      <td>\r\n                        普通用户</td>\r\n                      <td><a href="/users/edit/1006" class="btn btn-info">编辑</a></td>\r\n                      <td><a href="/users/delect/1006" class="btn btn-danger">删除</a></td>\r\n                      \r\n                <tr style="text-align:center;">\r\n                    <td>6</td>  \r\n                    <td>2020</td>\r\n                      <td>gigi</td>\r\n                      <td>\r\n                        普通用户</td>\r\n                      <td><a href="/users/edit/2020" class="btn btn-info">编辑</a></td>\r\n                      <td><a href="/users/delect/2020" class="btn btn-danger">删除</a></td>\r\n                      \r\n                 </tr>\r\n             </tbody>\r\n        </table>\r\n  </div>\r\n    \r\n\r\n<!-- 分页记录 -->\r\n<div class="pull-right" style="margin-right:88px ;">  <!-- 整体右浮动  -->\r\n  当前1/2页 共8条记录\r\n</div>  \r\n  \r\n</body>\r\n\r\n</html>' } }
[2020-05-14T11:22:29.701] [INFO] response - { method: 'GET',
  url: '/allfoods/allfoodlist',
  body: {},
  costTime: 11,
  response:
   { status: 404,
     message: 'Not Found',
     header:
      [Object: null prototype] {
        vary: 'Origin',
        'access-control-allow-origin': 'http://localhost:8080',
        'access-control-allow-credentials': 'true',
        'access-control-expose-headers': 'WWW-Authenticate,Server-Authorization',
        'content-type': 'text/html; charset=utf-8',
        'content-length': '474' },
     body:
      '<!DOCTYPE html>\n<html lang="en">\n<head>\n    <meta charset="UTF-8">\n    <meta name="viewport" content="width=device-width, initial-scale=1.0">\n    <meta http-equiv="X-UA-Compatible" content="ie=edge">\n    <link rel="stylesheet" href="/stylesheets/error.css">\n    <title>错误信息</title>\n</head>\n<body>\n    <div class="content">\n            <h1>抱歉，找不到你的诗和远方了！</h1>\n            \n            <h2>404</h2>\n            \n    </div>\n</body>\n</html>\n\n' } }
[2020-05-14T11:22:30.104] [INFO] response - { method: 'GET',
  url: '/foods/foodlist',
  body: {},
  costTime: 12,
  response:
   { status: 404,
     message: 'Not Found',
     header:
      [Object: null prototype] {
        vary: 'Origin',
        'access-control-allow-origin': 'http://localhost:8080',
        'access-control-allow-credentials': 'true',
        'access-control-expose-headers': 'WWW-Authenticate,Server-Authorization',
        'content-type': 'text/html; charset=utf-8',
        'content-length': '474' },
     body:
      '<!DOCTYPE html>\n<html lang="en">\n<head>\n    <meta charset="UTF-8">\n    <meta name="viewport" content="width=device-width, initial-scale=1.0">\n    <meta http-equiv="X-UA-Compatible" content="ie=edge">\n    <link rel="stylesheet" href="/stylesheets/error.css">\n    <title>错误信息</title>\n</head>\n<body>\n    <div class="content">\n            <h1>抱歉，找不到你的诗和远方了！</h1>\n            \n            <h2>404</h2>\n            \n    </div>\n</body>\n</html>\n\n' } }
[2020-05-14T11:22:30.599] [INFO] response - { method: 'GET',
  url: '/foods/finish',
  body: {},
  costTime: 12,
  response:
   { status: 404,
     message: 'Not Found',
     header:
      [Object: null prototype] {
        vary: 'Origin',
        'access-control-allow-origin': 'http://localhost:8080',
        'access-control-allow-credentials': 'true',
        'access-control-expose-headers': 'WWW-Authenticate,Server-Authorization',
        'content-type': 'text/html; charset=utf-8',
        'content-length': '474' },
     body:
      '<!DOCTYPE html>\n<html lang="en">\n<head>\n    <meta charset="UTF-8">\n    <meta name="viewport" content="width=device-width, initial-scale=1.0">\n    <meta http-equiv="X-UA-Compatible" content="ie=edge">\n    <link rel="stylesheet" href="/stylesheets/error.css">\n    <title>错误信息</title>\n</head>\n<body>\n    <div class="content">\n            <h1>抱歉，找不到你的诗和远方了！</h1>\n            \n            <h2>404</h2>\n            \n    </div>\n</body>\n</html>\n\n' } }
[2020-05-14T11:24:44.762] [INFO] response - { method: 'GET',
  url: '/index',
  body: {},
  costTime: 2,
  response:
   { status: 200,
     message: 'OK',
     header:
      [Object: null prototype] {
        vary: 'Origin',
        'access-control-allow-origin': 'http://localhost:8080',
        'access-control-allow-credentials': 'true',
        'access-control-expose-headers': 'WWW-Authenticate,Server-Authorization',
        'content-type': 'text/html; charset=utf-8',
        'content-length': '1892' },
     body:
      '<!DOCTYPE html>\r\n<head>\r\n<meta http-equiv="Content-Type" content="text/html; charset=utf-8" />\r\n<title>PxShare server</title>\r\n<link type="text/css" rel="stylesheet" href="/stylesheets/style_index.css" />\r\n<script type="text/javascript" src="/javascripts/jquery-1.8.3.min.js"></script>\r\n<script type="text/javascript" src="/javascripts/menu.js"></script>\r\n</head>\r\n\r\n<body>\r\n<div class="top"></div>\r\n<div id="header">\r\n\t<div class="logo">\r\n\t\t<h4 class="M4"><span></span>PxShare</h4>\r\n\t</div>\r\n\t    <div class="navigation">\r\n\t\t    <ul>\r\n\t\t\t\t<li>Welcome to study PS</li>\r\n\t\t\t\t<li >cookie</li>\r\n\t\t\t\t<li><h4 class="M10"><span></span>\r\n\t\t\t\t\t\r\n\t\t\t\t\t Admin</h4>\r\n\t\t\t\t</li>\r\n\t\t\t\t<li><a href="/logout"><span style="color:#e65fcf">Logout</span></a></li>\r\n\t\t    </ul>\r\n\t    </div>\r\n</div>\r\n     \r\n<div id="content">\r\n\t<div class="left_menu">\r\n\t\t<ul id="nav_dot">\r\n\t\t\t\r\n\t\t\t<li>\r\n\t\t\t\t  <h4 class="M10"><span></span>用户管理</h4>\r\n\t\t\t\t  <div class="list-item none">\r\n\t\t\t\t  <a href=\'/users/userlist\' target="iframe1">用户列表</a></div>\r\n\t\t\t</li>\r\n            <li>\r\n\t\t\t\t <h4 class="M4"><span></span>食品订单</h4>\r\n\t\t\t\t <div class="list-item none">\r\n\t\t\t\t <a href=\'/allfoods/allfoodlist\' target="iframe1">食品清单</a>\r\n\t\t\t\t <a href=\'/foods/foodlist\' target="iframe1">订单详情</a>\r\n\t\t\t\t <a href=\'/foods/finish\' target="iframe1">取货订单</a></div>\r\n\t        </li>\r\n\t        <li>\r\n\t\t\t\t <h4 class="M9" ><span></span>黑名单</h4>\r\n\t\t\t\t <div class="list-item none">\r\n\t\t\t\t <a href=\'/foods/hei\' target="iframe1">黑名单</a></div>\r\n\t        </li>\r\n        </ul>\r\n</div>\r\n\t<div class="m-right">\r\n\t\t\t  <div class="main">\r\n\t\t\t\t  <iframe frameborder="0" name="iframe1"  width="100%" height="100%">\r\n\t\t\t\t\t 您的浏览器不支持嵌入式框架，或者当前配置为不显示嵌入式框架。\r\n\t\t\t\t  </iframe>\r\n\t\t\t  </div>\r\n\t</div>\r\n</div>\r\n\r\n<script>navList(12);</script>\r\n</body>\r\n</html>\r\n' } }
