[2020-05-28T23:37:43.007] [INFO] response - { method: 'GET',
  url: '/api/users/userinfo',
  body: {},
  costTime: 17,
  response:
   { status: 200,
     message: 'OK',
     header:
      [Object: null prototype] {
        vary: 'Origin',
        'access-control-allow-origin': 'http://localhost:8080',
        'access-control-allow-credentials': 'true',
        'access-control-expose-headers': 'WWW-Authenticate,Server-Authorization',
        'content-type': 'application/json; charset=utf-8' },
     body: { data: [Object] } } }
[2020-05-28T23:37:44.725] [INFO] response - { method: 'GET',
  url: '/api/users/userinfo',
  body: {},
  costTime: 25,
  response:
   { status: 200,
     message: 'OK',
     header:
      [Object: null prototype] {
        vary: 'Origin',
        'access-control-allow-origin': 'http://localhost:8080',
        'access-control-allow-credentials': 'true',
        'access-control-expose-headers': 'WWW-Authenticate,Server-Authorization',
        'content-type': 'application/json; charset=utf-8' },
     body: { data: [Object] } } }
[2020-05-28T23:37:46.095] [INFO] response - { method: 'GET',
  url: '/api/users/userinfo',
  body: {},
  costTime: 21,
  response:
   { status: 200,
     message: 'OK',
     header:
      [Object: null prototype] {
        vary: 'Origin',
        'access-control-allow-origin': 'http://localhost:8080',
        'access-control-allow-credentials': 'true',
        'access-control-expose-headers': 'WWW-Authenticate,Server-Authorization',
        'content-type': 'application/json; charset=utf-8' },
     body: { data: [Object] } } }
[2020-05-28T23:37:46.811] [INFO] response - { method: 'GET',
  url: '/api/users/userinfo',
  body: {},
  costTime: 17,
  response:
   { status: 200,
     message: 'OK',
     header:
      [Object: null prototype] {
        vary: 'Origin',
        'access-control-allow-origin': 'http://localhost:8080',
        'access-control-allow-credentials': 'true',
        'access-control-expose-headers': 'WWW-Authenticate,Server-Authorization',
        'content-type': 'application/json; charset=utf-8' },
     body: { data: [Object] } } }
[2020-05-28T23:37:49.242] [INFO] response - { method: 'GET',
  url: '/api/users/userinfo',
  body: {},
  costTime: 25,
  response:
   { status: 200,
     message: 'OK',
     header:
      [Object: null prototype] {
        vary: 'Origin',
        'access-control-allow-origin': 'http://localhost:8080',
        'access-control-allow-credentials': 'true',
        'access-control-expose-headers': 'WWW-Authenticate,Server-Authorization',
        'content-type': 'application/json; charset=utf-8' },
     body: { data: [Object] } } }
[2020-05-28T23:37:57.559] [INFO] response - { method: 'GET',
  url: '/api/users/userinfo',
  body: {},
  costTime: 16,
  response:
   { status: 200,
     message: 'OK',
     header:
      [Object: null prototype] {
        vary: 'Origin',
        'access-control-allow-origin': 'http://localhost:8080',
        'access-control-allow-credentials': 'true',
        'access-control-expose-headers': 'WWW-Authenticate,Server-Authorization',
        'content-type': 'application/json; charset=utf-8' },
     body: { data: [Object] } } }
[2020-05-28T23:37:59.225] [INFO] response - { method: 'GET',
  url: '/api/users/userinfo',
  body: {},
  costTime: 25,
  response:
   { status: 200,
     message: 'OK',
     header:
      [Object: null prototype] {
        vary: 'Origin',
        'access-control-allow-origin': 'http://localhost:8080',
        'access-control-allow-credentials': 'true',
        'access-control-expose-headers': 'WWW-Authenticate,Server-Authorization',
        'content-type': 'application/json; charset=utf-8' },
     body: { data: [Object] } } }
[2020-05-28T23:38:01.252] [INFO] response - { method: 'GET',
  url: '/api/users/userinfo',
  body: {},
  costTime: 22,
  response:
   { status: 200,
     message: 'OK',
     header:
      [Object: null prototype] {
        vary: 'Origin',
        'access-control-allow-origin': 'http://localhost:8080',
        'access-control-allow-credentials': 'true',
        'access-control-expose-headers': 'WWW-Authenticate,Server-Authorization',
        'content-type': 'application/json; charset=utf-8' },
     body: { data: [Object] } } }
[2020-05-28T23:38:02.275] [INFO] response - { method: 'GET',
  url: '/api/users/userinfo',
  body: {},
  costTime: 24,
  response:
   { status: 200,
     message: 'OK',
     header:
      [Object: null prototype] {
        vary: 'Origin',
        'access-control-allow-origin': 'http://localhost:8080',
        'access-control-allow-credentials': 'true',
        'access-control-expose-headers': 'WWW-Authenticate,Server-Authorization',
        'content-type': 'application/json; charset=utf-8' },
     body: { data: [Object] } } }
[2020-05-28T23:38:05.941] [INFO] response - { method: 'GET',
  url: '/api/users/userinfo',
  body: {},
  costTime: 17,
  response:
   { status: 200,
     message: 'OK',
     header:
      [Object: null prototype] {
        vary: 'Origin',
        'access-control-allow-origin': 'http://localhost:8080',
        'access-control-allow-credentials': 'true',
        'access-control-expose-headers': 'WWW-Authenticate,Server-Authorization',
        'content-type': 'application/json; charset=utf-8' },
     body: { data: [Object] } } }
[2020-05-28T23:38:10.736] [INFO] response - { method: 'GET',
  url: '/api/users/userinfo',
  body: {},
  costTime: 27,
  response:
   { status: 200,
     message: 'OK',
     header:
      [Object: null prototype] {
        vary: 'Origin',
        'access-control-allow-origin': 'http://localhost:8080',
        'access-control-allow-credentials': 'true',
        'access-control-expose-headers': 'WWW-Authenticate,Server-Authorization',
        'content-type': 'application/json; charset=utf-8' },
     body: { data: [Object] } } }
[2020-05-28T23:38:12.107] [INFO] response - { method: 'GET',
  url: '/api/users/userinfo',
  body: {},
  costTime: 18,
  response:
   { status: 200,
     message: 'OK',
     header:
      [Object: null prototype] {
        vary: 'Origin',
        'access-control-allow-origin': 'http://localhost:8080',
        'access-control-allow-credentials': 'true',
        'access-control-expose-headers': 'WWW-Authenticate,Server-Authorization',
        'content-type': 'application/json; charset=utf-8' },
     body: { data: [Object] } } }
[2020-05-28T23:38:14.016] [INFO] response - { method: 'GET',
  url: '/api/users/userinfo',
  body: {},
  costTime: 20,
  response:
   { status: 200,
     message: 'OK',
     header:
      [Object: null prototype] {
        vary: 'Origin',
        'access-control-allow-origin': 'http://localhost:8080',
        'access-control-allow-credentials': 'true',
        'access-control-expose-headers': 'WWW-Authenticate,Server-Authorization',
        'content-type': 'application/json; charset=utf-8' },
     body: { data: [Object] } } }
[2020-05-28T23:38:14.538] [INFO] response - { method: 'GET',
  url: '/api/users/userinfo',
  body: {},
  costTime: 16,
  response:
   { status: 200,
     message: 'OK',
     header:
      [Object: null prototype] {
        vary: 'Origin',
        'access-control-allow-origin': 'http://localhost:8080',
        'access-control-allow-credentials': 'true',
        'access-control-expose-headers': 'WWW-Authenticate,Server-Authorization',
        'content-type': 'application/json; charset=utf-8' },
     body: { data: [Object] } } }
[2020-05-28T23:38:15.121] [INFO] response - { method: 'GET',
  url: '/api/users/userinfo',
  body: {},
  costTime: 15,
  response:
   { status: 200,
     message: 'OK',
     header:
      [Object: null prototype] {
        vary: 'Origin',
        'access-control-allow-origin': 'http://localhost:8080',
        'access-control-allow-credentials': 'true',
        'access-control-expose-headers': 'WWW-Authenticate,Server-Authorization',
        'content-type': 'application/json; charset=utf-8' },
     body: { data: [Object] } } }
[2020-05-28T23:38:15.175] [INFO] response - { method: 'GET',
  url: '/images/upload/',
  body: {},
  costTime: 24,
  response:
   { status: 404,
     message: 'Not Found',
     header:
      [Object: null prototype] {
        vary: 'Origin',
        'access-control-allow-origin': 'http://localhost:8080',
        'access-control-allow-credentials': 'true',
        'access-control-expose-headers': 'WWW-Authenticate,Server-Authorization',
        'content-type': 'text/html; charset=utf-8',
        'content-length': '474' },
     body:
      '<!DOCTYPE html>\n<html lang="en">\n<head>\n    <meta charset="UTF-8">\n    <meta name="viewport" content="width=device-width, initial-scale=1.0">\n    <meta http-equiv="X-UA-Compatible" content="ie=edge">\n    <link rel="stylesheet" href="/stylesheets/error.css">\n    <title>错误信息</title>\n</head>\n<body>\n    <div class="content">\n            <h1>抱歉，找不到你的诗和远方了！</h1>\n            \n            <h2>404</h2>\n            \n    </div>\n</body>\n</html>\n\n' } }
[2020-05-28T23:38:15.202] [INFO] response - { method: 'GET',
  url: '/api/users/userinfo',
  body: {},
  costTime: 30,
  response:
   { status: 200,
     message: 'OK',
     header:
      [Object: null prototype] {
        vary: 'Origin',
        'access-control-allow-origin': 'http://localhost:8080',
        'access-control-allow-credentials': 'true',
        'access-control-expose-headers': 'WWW-Authenticate,Server-Authorization',
        'content-type': 'application/json; charset=utf-8' },
     body: { data: [Object] } } }
[2020-05-28T23:38:16.577] [INFO] response - { method: 'GET',
  url: '/api/users/userinfo',
  body: {},
  costTime: 20,
  response:
   { status: 200,
     message: 'OK',
     header:
      [Object: null prototype] {
        vary: 'Origin',
        'access-control-allow-origin': 'http://localhost:8080',
        'access-control-allow-credentials': 'true',
        'access-control-expose-headers': 'WWW-Authenticate,Server-Authorization',
        'content-type': 'application/json; charset=utf-8' },
     body: { data: [Object] } } }
