[2020-05-12T17:19:32.363] [INFO] response - { method: 'GET',
  url: '/index',
  body: {},
  costTime: 3,
  response:
   { status: 200,
     message: 'OK',
     header:
      [Object: null prototype] {
        vary: 'Origin',
        'access-control-allow-origin': 'http://localhost:8080',
        'access-control-allow-credentials': 'true',
        'access-control-expose-headers': 'WWW-Authenticate,Server-Authorization',
        'content-type': 'text/html; charset=utf-8',
        'content-length': '1777' },
     body:
      '<!DOCTYPE html>\r\n<head>\r\n<meta http-equiv="Content-Type" content="text/html; charset=utf-8" />\r\n<title>后台管理系统</title>\r\n<link type="text/css" rel="stylesheet" href="/stylesheets/style_index.css" />\r\n<script type="text/javascript" src="/javascripts/jquery-1.8.3.min.js"></script>\r\n<script type="text/javascript" src="/javascripts/menu.js"></script>\r\n</head>\r\n\r\n<body>\r\n<div class="top"></div>\r\n<div id="header">\r\n\t<div class="logo">PxShare</div>\r\n\t    <div class="navigation">\r\n\t\t    <ul>\r\n\t\t\t\t<li>欢迎您！</li>\r\n\t\t\t\t<li >cookie</li>\r\n\t\t\t\t<li>\r\n\t\t\t\t\t 管理员\r\n\t\t\t\t</li>\r\n\t\t\t\t<li><a href="/logout">注销</a></li>\r\n\t\t    </ul>\r\n\t    </div>\r\n</div>\r\n     \r\n<div id="content">\r\n\t<div class="left_menu">\r\n\t\t<ul id="nav_dot">\r\n\t\t\t\r\n\t\t\t<li>\r\n\t\t\t\t  <h4 class="M10"><span></span>用户管理</h4>\r\n\t\t\t\t  <div class="list-item none">\r\n\t\t\t\t  <a href=\'/users/userlist\' target="iframe1">用户列表</a></div>\r\n\t\t\t</li>\r\n            <li>\r\n\t\t\t\t <h4 class="M4"><span></span>食品订单</h4>\r\n\t\t\t\t <div class="list-item none">\r\n\t\t\t\t <a href=\'/allfoods/allfoodlist\' target="iframe1">食品清单</a>\r\n\t\t\t\t <a href=\'/foods/foodlist\' target="iframe1">订单详情</a>\r\n\t\t\t\t <a href=\'/foods/finish\' target="iframe1">取货订单</a></div>\r\n\t        </li>\r\n\t        <li>\r\n\t\t\t\t <h4 class="M9" ><span></span>黑名单</h4>\r\n\t\t\t\t <div class="list-item none">\r\n\t\t\t\t <a href=\'/foods/hei\' target="iframe1">黑名单</a></div>\r\n\t        </li>\r\n        </ul>\r\n</div>\r\n\t<div class="m-right">\r\n\t\t\t  <div class="main">\r\n\t\t\t\t  <iframe frameborder="0" name="iframe1"  width="100%" height="100%">\r\n\t\t\t\t\t 您的浏览器不支持嵌入式框架，或者当前配置为不显示嵌入式框架。\r\n\t\t\t\t  </iframe>\r\n\t\t\t  </div>\r\n\t</div>\r\n</div>\r\n\r\n<script>navList(12);</script>\r\n</body>\r\n</html>\r\n' } }
[2020-05-12T17:20:38.538] [INFO] response - { method: 'GET',
  url: '/index',
  body: {},
  costTime: 2,
  response:
   { status: 200,
     message: 'OK',
     header:
      [Object: null prototype] {
        vary: 'Origin',
        'access-control-allow-origin': 'http://localhost:8080',
        'access-control-allow-credentials': 'true',
        'access-control-expose-headers': 'WWW-Authenticate,Server-Authorization',
        'content-type': 'text/html; charset=utf-8',
        'content-length': '1777' },
     body:
      '<!DOCTYPE html>\r\n<head>\r\n<meta http-equiv="Content-Type" content="text/html; charset=utf-8" />\r\n<title>后台管理系统</title>\r\n<link type="text/css" rel="stylesheet" href="/stylesheets/style_index.css" />\r\n<script type="text/javascript" src="/javascripts/jquery-1.8.3.min.js"></script>\r\n<script type="text/javascript" src="/javascripts/menu.js"></script>\r\n</head>\r\n\r\n<body>\r\n<div class="top"></div>\r\n<div id="header">\r\n\t<div class="logo">PxShare</div>\r\n\t    <div class="navigation">\r\n\t\t    <ul>\r\n\t\t\t\t<li>欢迎您！</li>\r\n\t\t\t\t<li >cookie</li>\r\n\t\t\t\t<li>\r\n\t\t\t\t\t 管理员\r\n\t\t\t\t</li>\r\n\t\t\t\t<li><a href="/logout">注销</a></li>\r\n\t\t    </ul>\r\n\t    </div>\r\n</div>\r\n     \r\n<div id="content">\r\n\t<div class="left_menu">\r\n\t\t<ul id="nav_dot">\r\n\t\t\t\r\n\t\t\t<li>\r\n\t\t\t\t  <h4 class="M10"><span></span>用户管理</h4>\r\n\t\t\t\t  <div class="list-item none">\r\n\t\t\t\t  <a href=\'/users/userlist\' target="iframe1">用户列表</a></div>\r\n\t\t\t</li>\r\n            <li>\r\n\t\t\t\t <h4 class="M4"><span></span>食品订单</h4>\r\n\t\t\t\t <div class="list-item none">\r\n\t\t\t\t <a href=\'/allfoods/allfoodlist\' target="iframe1">食品清单</a>\r\n\t\t\t\t <a href=\'/foods/foodlist\' target="iframe1">订单详情</a>\r\n\t\t\t\t <a href=\'/foods/finish\' target="iframe1">取货订单</a></div>\r\n\t        </li>\r\n\t        <li>\r\n\t\t\t\t <h4 class="M9" ><span></span>黑名单</h4>\r\n\t\t\t\t <div class="list-item none">\r\n\t\t\t\t <a href=\'/foods/hei\' target="iframe1">黑名单</a></div>\r\n\t        </li>\r\n        </ul>\r\n</div>\r\n\t<div class="m-right">\r\n\t\t\t  <div class="main">\r\n\t\t\t\t  <iframe frameborder="0" name="iframe1"  width="100%" height="100%">\r\n\t\t\t\t\t 您的浏览器不支持嵌入式框架，或者当前配置为不显示嵌入式框架。\r\n\t\t\t\t  </iframe>\r\n\t\t\t  </div>\r\n\t</div>\r\n</div>\r\n\r\n<script>navList(12);</script>\r\n</body>\r\n</html>\r\n' } }
[2020-05-12T17:21:14.842] [INFO] response - { method: 'GET',
  url: '/index',
  body: {},
  costTime: 2,
  response:
   { status: 200,
     message: 'OK',
     header:
      [Object: null prototype] {
        vary: 'Origin',
        'access-control-allow-origin': 'http://localhost:8080',
        'access-control-allow-credentials': 'true',
        'access-control-expose-headers': 'WWW-Authenticate,Server-Authorization',
        'content-type': 'text/html; charset=utf-8',
        'content-length': '1777' },
     body:
      '<!DOCTYPE html>\r\n<head>\r\n<meta http-equiv="Content-Type" content="text/html; charset=utf-8" />\r\n<title>后台管理系统</title>\r\n<link type="text/css" rel="stylesheet" href="/stylesheets/style_index.css" />\r\n<script type="text/javascript" src="/javascripts/jquery-1.8.3.min.js"></script>\r\n<script type="text/javascript" src="/javascripts/menu.js"></script>\r\n</head>\r\n\r\n<body>\r\n<div class="top"></div>\r\n<div id="header">\r\n\t<div class="logo">PxShare</div>\r\n\t    <div class="navigation">\r\n\t\t    <ul>\r\n\t\t\t\t<li>欢迎您！</li>\r\n\t\t\t\t<li >cookie</li>\r\n\t\t\t\t<li>\r\n\t\t\t\t\t 管理员\r\n\t\t\t\t</li>\r\n\t\t\t\t<li><a href="/logout">注销</a></li>\r\n\t\t    </ul>\r\n\t    </div>\r\n</div>\r\n     \r\n<div id="content">\r\n\t<div class="left_menu">\r\n\t\t<ul id="nav_dot">\r\n\t\t\t\r\n\t\t\t<li>\r\n\t\t\t\t  <h4 class="M10"><span></span>用户管理</h4>\r\n\t\t\t\t  <div class="list-item none">\r\n\t\t\t\t  <a href=\'/users/userlist\' target="iframe1">用户列表</a></div>\r\n\t\t\t</li>\r\n            <li>\r\n\t\t\t\t <h4 class="M4"><span></span>食品订单</h4>\r\n\t\t\t\t <div class="list-item none">\r\n\t\t\t\t <a href=\'/allfoods/allfoodlist\' target="iframe1">食品清单</a>\r\n\t\t\t\t <a href=\'/foods/foodlist\' target="iframe1">订单详情</a>\r\n\t\t\t\t <a href=\'/foods/finish\' target="iframe1">取货订单</a></div>\r\n\t        </li>\r\n\t        <li>\r\n\t\t\t\t <h4 class="M9" ><span></span>黑名单</h4>\r\n\t\t\t\t <div class="list-item none">\r\n\t\t\t\t <a href=\'/foods/hei\' target="iframe1">黑名单</a></div>\r\n\t        </li>\r\n        </ul>\r\n</div>\r\n\t<div class="m-right">\r\n\t\t\t  <div class="main">\r\n\t\t\t\t  <iframe frameborder="0" name="iframe1"  width="100%" height="100%">\r\n\t\t\t\t\t 您的浏览器不支持嵌入式框架，或者当前配置为不显示嵌入式框架。\r\n\t\t\t\t  </iframe>\r\n\t\t\t  </div>\r\n\t</div>\r\n</div>\r\n\r\n<script>navList(12);</script>\r\n</body>\r\n</html>\r\n' } }
[2020-05-12T17:21:29.873] [INFO] response - { method: 'GET',
  url: '/index',
  body: {},
  costTime: 2,
  response:
   { status: 200,
     message: 'OK',
     header:
      [Object: null prototype] {
        vary: 'Origin',
        'access-control-allow-origin': 'http://localhost:8080',
        'access-control-allow-credentials': 'true',
        'access-control-expose-headers': 'WWW-Authenticate,Server-Authorization',
        'content-type': 'text/html; charset=utf-8',
        'content-length': '1777' },
     body:
      '<!DOCTYPE html>\r\n<head>\r\n<meta http-equiv="Content-Type" content="text/html; charset=utf-8" />\r\n<title>后台管理系统</title>\r\n<link type="text/css" rel="stylesheet" href="/stylesheets/style_index.css" />\r\n<script type="text/javascript" src="/javascripts/jquery-1.8.3.min.js"></script>\r\n<script type="text/javascript" src="/javascripts/menu.js"></script>\r\n</head>\r\n\r\n<body>\r\n<div class="top"></div>\r\n<div id="header">\r\n\t<div class="logo">PxShare</div>\r\n\t    <div class="navigation">\r\n\t\t    <ul>\r\n\t\t\t\t<li>欢迎您！</li>\r\n\t\t\t\t<li >cookie</li>\r\n\t\t\t\t<li>\r\n\t\t\t\t\t 管理员\r\n\t\t\t\t</li>\r\n\t\t\t\t<li><a href="/logout">注销</a></li>\r\n\t\t    </ul>\r\n\t    </div>\r\n</div>\r\n     \r\n<div id="content">\r\n\t<div class="left_menu">\r\n\t\t<ul id="nav_dot">\r\n\t\t\t\r\n\t\t\t<li>\r\n\t\t\t\t  <h4 class="M10"><span></span>用户管理</h4>\r\n\t\t\t\t  <div class="list-item none">\r\n\t\t\t\t  <a href=\'/users/userlist\' target="iframe1">用户列表</a></div>\r\n\t\t\t</li>\r\n            <li>\r\n\t\t\t\t <h4 class="M4"><span></span>食品订单</h4>\r\n\t\t\t\t <div class="list-item none">\r\n\t\t\t\t <a href=\'/allfoods/allfoodlist\' target="iframe1">食品清单</a>\r\n\t\t\t\t <a href=\'/foods/foodlist\' target="iframe1">订单详情</a>\r\n\t\t\t\t <a href=\'/foods/finish\' target="iframe1">取货订单</a></div>\r\n\t        </li>\r\n\t        <li>\r\n\t\t\t\t <h4 class="M9" ><span></span>黑名单</h4>\r\n\t\t\t\t <div class="list-item none">\r\n\t\t\t\t <a href=\'/foods/hei\' target="iframe1">黑名单</a></div>\r\n\t        </li>\r\n        </ul>\r\n</div>\r\n\t<div class="m-right">\r\n\t\t\t  <div class="main">\r\n\t\t\t\t  <iframe frameborder="0" name="iframe1"  width="100%" height="100%">\r\n\t\t\t\t\t 您的浏览器不支持嵌入式框架，或者当前配置为不显示嵌入式框架。\r\n\t\t\t\t  </iframe>\r\n\t\t\t  </div>\r\n\t</div>\r\n</div>\r\n\r\n<script>navList(12);</script>\r\n</body>\r\n</html>\r\n' } }
[2020-05-12T17:21:43.929] [INFO] response - { method: 'GET',
  url: '/index',
  body: {},
  costTime: 3,
  response:
   { status: 200,
     message: 'OK',
     header:
      [Object: null prototype] {
        vary: 'Origin',
        'access-control-allow-origin': 'http://localhost:8080',
        'access-control-allow-credentials': 'true',
        'access-control-expose-headers': 'WWW-Authenticate,Server-Authorization',
        'content-type': 'text/html; charset=utf-8',
        'content-length': '1777' },
     body:
      '<!DOCTYPE html>\r\n<head>\r\n<meta http-equiv="Content-Type" content="text/html; charset=utf-8" />\r\n<title>后台管理系统</title>\r\n<link type="text/css" rel="stylesheet" href="/stylesheets/style_index.css" />\r\n<script type="text/javascript" src="/javascripts/jquery-1.8.3.min.js"></script>\r\n<script type="text/javascript" src="/javascripts/menu.js"></script>\r\n</head>\r\n\r\n<body>\r\n<div class="top"></div>\r\n<div id="header">\r\n\t<div class="logo">PxShare</div>\r\n\t    <div class="navigation">\r\n\t\t    <ul>\r\n\t\t\t\t<li>欢迎您！</li>\r\n\t\t\t\t<li >cookie</li>\r\n\t\t\t\t<li>\r\n\t\t\t\t\t 管理员\r\n\t\t\t\t</li>\r\n\t\t\t\t<li><a href="/logout">注销</a></li>\r\n\t\t    </ul>\r\n\t    </div>\r\n</div>\r\n     \r\n<div id="content">\r\n\t<div class="left_menu">\r\n\t\t<ul id="nav_dot">\r\n\t\t\t\r\n\t\t\t<li>\r\n\t\t\t\t  <h4 class="M10"><span></span>用户管理</h4>\r\n\t\t\t\t  <div class="list-item none">\r\n\t\t\t\t  <a href=\'/users/userlist\' target="iframe1">用户列表</a></div>\r\n\t\t\t</li>\r\n            <li>\r\n\t\t\t\t <h4 class="M4"><span></span>食品订单</h4>\r\n\t\t\t\t <div class="list-item none">\r\n\t\t\t\t <a href=\'/allfoods/allfoodlist\' target="iframe1">食品清单</a>\r\n\t\t\t\t <a href=\'/foods/foodlist\' target="iframe1">订单详情</a>\r\n\t\t\t\t <a href=\'/foods/finish\' target="iframe1">取货订单</a></div>\r\n\t        </li>\r\n\t        <li>\r\n\t\t\t\t <h4 class="M9" ><span></span>黑名单</h4>\r\n\t\t\t\t <div class="list-item none">\r\n\t\t\t\t <a href=\'/foods/hei\' target="iframe1">黑名单</a></div>\r\n\t        </li>\r\n        </ul>\r\n</div>\r\n\t<div class="m-right">\r\n\t\t\t  <div class="main">\r\n\t\t\t\t  <iframe frameborder="0" name="iframe1"  width="100%" height="100%">\r\n\t\t\t\t\t 您的浏览器不支持嵌入式框架，或者当前配置为不显示嵌入式框架。\r\n\t\t\t\t  </iframe>\r\n\t\t\t  </div>\r\n\t</div>\r\n</div>\r\n\r\n<script>navList(12);</script>\r\n</body>\r\n</html>\r\n' } }
[2020-05-12T17:21:54.000] [INFO] response - { method: 'GET',
  url: '/index',
  body: {},
  costTime: 2,
  response:
   { status: 200,
     message: 'OK',
     header:
      [Object: null prototype] {
        vary: 'Origin',
        'access-control-allow-origin': 'http://localhost:8080',
        'access-control-allow-credentials': 'true',
        'access-control-expose-headers': 'WWW-Authenticate,Server-Authorization',
        'content-type': 'text/html; charset=utf-8',
        'content-length': '1777' },
     body:
      '<!DOCTYPE html>\r\n<head>\r\n<meta http-equiv="Content-Type" content="text/html; charset=utf-8" />\r\n<title>后台管理系统</title>\r\n<link type="text/css" rel="stylesheet" href="/stylesheets/style_index.css" />\r\n<script type="text/javascript" src="/javascripts/jquery-1.8.3.min.js"></script>\r\n<script type="text/javascript" src="/javascripts/menu.js"></script>\r\n</head>\r\n\r\n<body>\r\n<div class="top"></div>\r\n<div id="header">\r\n\t<div class="logo">PxShare</div>\r\n\t    <div class="navigation">\r\n\t\t    <ul>\r\n\t\t\t\t<li>欢迎您！</li>\r\n\t\t\t\t<li >cookie</li>\r\n\t\t\t\t<li>\r\n\t\t\t\t\t 管理员\r\n\t\t\t\t</li>\r\n\t\t\t\t<li><a href="/logout">注销</a></li>\r\n\t\t    </ul>\r\n\t    </div>\r\n</div>\r\n     \r\n<div id="content">\r\n\t<div class="left_menu">\r\n\t\t<ul id="nav_dot">\r\n\t\t\t\r\n\t\t\t<li>\r\n\t\t\t\t  <h4 class="M10"><span></span>用户管理</h4>\r\n\t\t\t\t  <div class="list-item none">\r\n\t\t\t\t  <a href=\'/users/userlist\' target="iframe1">用户列表</a></div>\r\n\t\t\t</li>\r\n            <li>\r\n\t\t\t\t <h4 class="M4"><span></span>食品订单</h4>\r\n\t\t\t\t <div class="list-item none">\r\n\t\t\t\t <a href=\'/allfoods/allfoodlist\' target="iframe1">食品清单</a>\r\n\t\t\t\t <a href=\'/foods/foodlist\' target="iframe1">订单详情</a>\r\n\t\t\t\t <a href=\'/foods/finish\' target="iframe1">取货订单</a></div>\r\n\t        </li>\r\n\t        <li>\r\n\t\t\t\t <h4 class="M9" ><span></span>黑名单</h4>\r\n\t\t\t\t <div class="list-item none">\r\n\t\t\t\t <a href=\'/foods/hei\' target="iframe1">黑名单</a></div>\r\n\t        </li>\r\n        </ul>\r\n</div>\r\n\t<div class="m-right">\r\n\t\t\t  <div class="main">\r\n\t\t\t\t  <iframe frameborder="0" name="iframe1"  width="100%" height="100%">\r\n\t\t\t\t\t 您的浏览器不支持嵌入式框架，或者当前配置为不显示嵌入式框架。\r\n\t\t\t\t  </iframe>\r\n\t\t\t  </div>\r\n\t</div>\r\n</div>\r\n\r\n<script>navList(12);</script>\r\n</body>\r\n</html>\r\n' } }
[2020-05-12T17:22:02.659] [INFO] response - { method: 'GET',
  url: '/index',
  body: {},
  costTime: 3,
  response:
   { status: 200,
     message: 'OK',
     header:
      [Object: null prototype] {
        vary: 'Origin',
        'access-control-allow-origin': 'http://localhost:8080',
        'access-control-allow-credentials': 'true',
        'access-control-expose-headers': 'WWW-Authenticate,Server-Authorization',
        'content-type': 'text/html; charset=utf-8',
        'content-length': '1777' },
     body:
      '<!DOCTYPE html>\r\n<head>\r\n<meta http-equiv="Content-Type" content="text/html; charset=utf-8" />\r\n<title>后台管理系统</title>\r\n<link type="text/css" rel="stylesheet" href="/stylesheets/style_index.css" />\r\n<script type="text/javascript" src="/javascripts/jquery-1.8.3.min.js"></script>\r\n<script type="text/javascript" src="/javascripts/menu.js"></script>\r\n</head>\r\n\r\n<body>\r\n<div class="top"></div>\r\n<div id="header">\r\n\t<div class="logo">PxShare</div>\r\n\t    <div class="navigation">\r\n\t\t    <ul>\r\n\t\t\t\t<li>欢迎您！</li>\r\n\t\t\t\t<li >cookie</li>\r\n\t\t\t\t<li>\r\n\t\t\t\t\t 管理员\r\n\t\t\t\t</li>\r\n\t\t\t\t<li><a href="/logout">注销</a></li>\r\n\t\t    </ul>\r\n\t    </div>\r\n</div>\r\n     \r\n<div id="content">\r\n\t<div class="left_menu">\r\n\t\t<ul id="nav_dot">\r\n\t\t\t\r\n\t\t\t<li>\r\n\t\t\t\t  <h4 class="M10"><span></span>用户管理</h4>\r\n\t\t\t\t  <div class="list-item none">\r\n\t\t\t\t  <a href=\'/users/userlist\' target="iframe1">用户列表</a></div>\r\n\t\t\t</li>\r\n            <li>\r\n\t\t\t\t <h4 class="M4"><span></span>食品订单</h4>\r\n\t\t\t\t <div class="list-item none">\r\n\t\t\t\t <a href=\'/allfoods/allfoodlist\' target="iframe1">食品清单</a>\r\n\t\t\t\t <a href=\'/foods/foodlist\' target="iframe1">订单详情</a>\r\n\t\t\t\t <a href=\'/foods/finish\' target="iframe1">取货订单</a></div>\r\n\t        </li>\r\n\t        <li>\r\n\t\t\t\t <h4 class="M9" ><span></span>黑名单</h4>\r\n\t\t\t\t <div class="list-item none">\r\n\t\t\t\t <a href=\'/foods/hei\' target="iframe1">黑名单</a></div>\r\n\t        </li>\r\n        </ul>\r\n</div>\r\n\t<div class="m-right">\r\n\t\t\t  <div class="main">\r\n\t\t\t\t  <iframe frameborder="0" name="iframe1"  width="100%" height="100%">\r\n\t\t\t\t\t 您的浏览器不支持嵌入式框架，或者当前配置为不显示嵌入式框架。\r\n\t\t\t\t  </iframe>\r\n\t\t\t  </div>\r\n\t</div>\r\n</div>\r\n\r\n<script>navList(12);</script>\r\n</body>\r\n</html>\r\n' } }
