[2020-03-29T23:52:24.330] [INFO] response - { method: 'GET',
  url: '/foods/edit/2024',
  body: {},
  costTime: 12,
  response:
   { status: 200,
     message: 'OK',
     header:
      [Object: null prototype] {
        vary: 'Origin',
        'access-control-allow-origin': 'http://localhost:8080',
        'access-control-allow-credentials': 'true',
        'access-control-expose-headers': 'WWW-Authenticate,Server-Authorization',
        'content-type': 'text/html; charset=utf-8',
        'content-length': '1813' },
     body:
      '<!DOCTYPE html>\r\n<html lang="en">\r\n<head>\r\n    <meta charset="UTF-8">\r\n    <meta name="viewport" content="width=device-width, initial-scale=1.0">\r\n    <meta http-equiv="X-UA-Compatible" content="ie=edge">\r\n    <link type="text/css" rel="stylesheet" href="/stylesheets/bootstrap.min.css" />\r\n    <title>食品订单</title>\r\n</head>\r\n<body>\r\n    <div class="clearfix" style="margin-bottom: 10px;"></div>\r\n    <div class="row">\r\n        <div class="col-md-10 col-md-offset-1">\r\n        <div class="table-responsive"><br>\r\n            <a href="/foods/foodlist" >返回</a><br><br>\r\n        <table class="table table-striped table-hover table-bordered">\r\n            <thead>\r\n              <tr class="biao">\r\n                <th>订单号</th>\r\n                <th>审核中</th>\r\n                <th>审核人</th>\r\n                <th colspan="2">操作</th>\r\n              </tr>\r\n            </thead>\r\n            <tbody>\r\n                \r\n                    <form action="/foods/doedit/2024" method="POST">\r\n                <tr>\r\n                  <td>2024</td>  \r\n                <td>\r\n                    <select name="status" value="">\r\n                        <option value="0">未审核</option>\r\n                      <option value="1">审核成功</option>\r\n                      <option value="2">审核失败</option>\r\n                  </select>\r\n                </td>\r\n                    <td><input type="text" name="food_role" value="" required></td>\r\n                    <td><button type="submit" class="btn btn-success" >完成</button></td>\r\n                    <td><button type="reset" class="btn btn-warning">重置</button></td>\r\n                    \r\n                </tr>\r\n            </tbody>\r\n        </table>\r\n    </form>\r\n        </div>\r\n  \r\n        </div>\r\n    </div>\r\n</body>\r\n</html>' } }
[2020-03-29T23:52:28.433] [INFO] response - { method: 'POST',
  url: '/foods/doedit/2024',
  body: { status: '1', food_role: '科比' },
  costTime: 1,
  response:
   { status: 302,
     message: 'Found',
     header:
      [Object: null prototype] {
        vary: 'Origin',
        'access-control-allow-origin': 'http://localhost:8080',
        'access-control-allow-credentials': 'true',
        'access-control-expose-headers': 'WWW-Authenticate,Server-Authorization',
        location: '/foods/foodlist',
        'content-type': 'text/html; charset=utf-8',
        'content-length': '61' },
     body:
      'Redirecting to <a href="/foods/foodlist">/foods/foodlist</a>.' } }
[2020-03-29T23:52:28.462] [INFO] response - { method: 'GET',
  url: '/foods/foodlist',
  body: {},
  costTime: 18,
  response:
   { status: 200,
     message: 'OK',
     header:
      [Object: null prototype] {
        vary: 'Origin',
        'access-control-allow-origin': 'http://localhost:8080',
        'access-control-allow-credentials': 'true',
        'access-control-expose-headers': 'WWW-Authenticate,Server-Authorization',
        'content-type': 'text/html; charset=utf-8',
        'content-length': '5988' },
     body:
      '<!DOCTYPE html>\r\n<html lang="en">\r\n<head>\r\n    <meta charset="UTF-8">\r\n    <meta name="viewport" content="width=device-width, initial-scale=1.0">\r\n    <meta http-equiv="X-UA-Compatible" content="ie=edge">\r\n    <link type="text/css" rel="stylesheet" href="/stylesheets/bootstrap.min.css" />\r\n    <title>食品订单</title>\r\n</head>\r\n<body>\r\n    <div class="clearfix" style="margin-bottom: 10px;"></div>\r\n    <div class="row">\r\n        <form>\r\n        <div class="col-md-offset-1 col-md-2 margin-bottom-15">\r\n          <label for="firstName" class="control-label">订单号</label>\r\n          <input type="text" class="form-control" id="firstName" value="">                  \r\n        </div>\r\n        <div class="col-md-2 margin-bottom-15">\r\n          <label for="lastName" class="control-label">姓名</label>\r\n          <input type="text" class="form-control" id="lastName" value="">                 \r\n        </div>\r\n        <div class="row templatemo-form-buttons">\r\n                <div class="col-md-2"><br>\r\n                  <button type="submit" class="btn btn-info">查询</button>\r\n                  <button type="reset" class="btn btn-default">重置</button>    \r\n                </div>\r\n        </div>\r\n        </form>\r\n    </div>\r\n    <br>\r\n    <div class="clearfix" style="margin-bottom: 10px;"></div>\r\n    <div class="row">\r\n        <div class="col-md-10 col-md-offset-1">\r\n        <div class="table-responsive">\r\n        <table class="table table-striped table-hover table-bordered">\r\n            <thead>\r\n              <tr class="biao">\r\n                <th>序号</th>\r\n                <th>订单号</th>\r\n                <th>姓名</th>\r\n                <th>联系方式</th>\r\n                <th>审核状态</th>\r\n                <th>审核人</th>\r\n                <th>订单进展</th>\r\n                <th colspan="3">操作</th>\r\n              </tr>\r\n            </thead>\r\n            <tbody>\r\n              \r\n                <tr>\r\n                    \r\n                    <td>1</td>  \r\n                    <td>2020</td>\r\n                    <td>child</td>\r\n                    <td>18826744722</td>\r\n                    <td>\r\n                      审核成功</td>\r\n                        <td>科比</td>\r\n                        <td>\r\n                              成功</td>\r\n                    <td><a href="/foods/edit/2020" class="btn btn-info">审核</a></td>\r\n                    <td><a href="/foods/jing/2020" class="btn btn-success">进展</a></td>\r\n                    <td><a href="/foods/delect/2020" class="btn btn-danger">删除</a></td>\r\n                    \r\n                    \r\n                <tr>\r\n                    \r\n                    <td>2</td>  \r\n                    <td>2021</td>\r\n                    <td>乔丹</td>\r\n                    <td>1234567891</td>\r\n                    <td>\r\n                      审核成功</td>\r\n                        <td>科比</td>\r\n                        <td>\r\n                          等待</td>\r\n                    <td><a href="/foods/edit/2021" class="btn btn-info">审核</a></td>\r\n                    <td><a href="/foods/jing/2021" class="btn btn-success">进展</a></td>\r\n                    <td><a href="/foods/delect/2021" class="btn btn-danger">删除</a></td>\r\n                    \r\n                    \r\n                <tr>\r\n                    \r\n                    <td>3</td>  \r\n                    <td>2022</td>\r\n                    <td>球哥</td>\r\n                    <td>1234567892</td>\r\n                    <td></td>\r\n                        <td></td>\r\n                        <td></td>\r\n                    <td><a href="/foods/edit/2022" class="btn btn-info">审核</a></td>\r\n                    <td><a href="/foods/jing/2022" class="btn btn-success">进展</a></td>\r\n                    <td><a href="/foods/delect/2022" class="btn btn-danger">删除</a></td>\r\n                    \r\n                    \r\n                <tr>\r\n                    \r\n                    <td>4</td>  \r\n                    <td>2023</td>\r\n                    <td>飞人</td>\r\n                    <td>1234567893</td>\r\n                    <td></td>\r\n                        <td></td>\r\n                        <td></td>\r\n                    <td><a href="/foods/edit/2023" class="btn btn-info">审核</a></td>\r\n                    <td><a href="/foods/jing/2023" class="btn btn-success">进展</a></td>\r\n                    <td><a href="/foods/delect/2023" class="btn btn-danger">删除</a></td>\r\n                    \r\n                    \r\n                <tr>\r\n                    \r\n                    <td>5</td>  \r\n                    <td>2024</td>\r\n                    <td>子雄</td>\r\n                    <td>1234567894</td>\r\n                    <td>\r\n                      审核成功</td>\r\n                        <td>科比</td>\r\n                        <td></td>\r\n                    <td><a href="/foods/edit/2024" class="btn btn-info">审核</a></td>\r\n                    <td><a href="/foods/jing/2024" class="btn btn-success">进展</a></td>\r\n                    <td><a href="/foods/delect/2024" class="btn btn-danger">删除</a></td>\r\n                    \r\n                    \r\n                </tr>\r\n            </tbody>\r\n        </table>\r\n        </div>\r\n        <div>\r\n          <a href="./zhenjia" class="btn btn-info">增加订单</a>\r\n        </div> \r\n        <ul class="pagination pull-right">\r\n            <li class="disabled"><a href="#">&laquo;</a></li>\r\n            <li class="active"><a href="#">1 <span class="sr-only">(current)</span></a></li>\r\n            <li><a href="#">2 <span class="sr-only">(current)</span></a></li>\r\n            <li><a href="#">3 <span class="sr-only">(current)</span></a></li>\r\n            <li><a href="#">4 <span class="sr-only">(current)</span></a></li>\r\n            <li><a href="#">5 <span class="sr-only">(current)</span></a></li>\r\n            <li><a href="#">&raquo;</a></li>\r\n          </ul>\r\n        </div>\r\n    </div>\r\n</body>\r\n</html>' } }
[2020-03-29T23:52:29.757] [INFO] response - { method: 'GET',
  url: '/foods/jing/2024',
  body: {},
  costTime: 13,
  response:
   { status: 200,
     message: 'OK',
     header:
      [Object: null prototype] {
        vary: 'Origin',
        'access-control-allow-origin': 'http://localhost:8080',
        'access-control-allow-credentials': 'true',
        'access-control-expose-headers': 'WWW-Authenticate,Server-Authorization',
        'content-type': 'text/html; charset=utf-8',
        'content-length': '1884' },
     body:
      '<!DOCTYPE html>\r\n<html lang="en">\r\n<head>\r\n    <meta charset="UTF-8">\r\n    <meta name="viewport" content="width=device-width, initial-scale=1.0">\r\n    <meta http-equiv="X-UA-Compatible" content="ie=edge">\r\n    <link type="text/css" rel="stylesheet" href="/stylesheets/bootstrap.min.css" />\r\n    <title>食品订单</title>\r\n</head>\r\n<body>\r\n    <div class="clearfix" style="margin-bottom: 10px;"></div>\r\n    <div class="row">\r\n        <div class="col-md-10 col-md-offset-1">\r\n        <div class="table-responsive"><br>\r\n            <a href="/foods/foodlist" >返回</a><br><br>\r\n        <table class="table table-striped table-hover table-bordered">\r\n            <thead>\r\n              <tr class="biao">\r\n                <th>订单号</th>\r\n                <th>已审核</th>\r\n                <th>订单状态</th>\r\n                <th>审核人</th>\r\n                <th colspan="2">操作</th>\r\n              </tr>\r\n            </thead>\r\n            <tbody>\r\n                \r\n                    <form action="/foods/doedit/2024" method="POST">\r\n                <tr>\r\n                  <td>2024</td>\r\n                  <td>\r\n                        审核成功\r\n                        </td></td> \r\n                <td>\r\n                    <select name="buy" value="">\r\n                        <option value="1">等待</option>\r\n                      <option value="2">成功</option>\r\n                      <option value="3">超时</option>\r\n                  </select>\r\n                </td>\r\n                    <td>科比</td>\r\n                    <td><button type="submit" class="btn btn-success">完成</button></td>\r\n                    <td><a href="/foods/delect/2024" class="btn btn-danger">删除</a></td>\r\n                    \r\n                </tr>\r\n            </tbody>\r\n        </table>\r\n    </form>\r\n        </div>\r\n  \r\n        </div>\r\n    </div>\r\n</body>\r\n</html>' } }
[2020-03-29T23:52:32.725] [INFO] response - { method: 'POST',
  url: '/foods/doedit/2024',
  body: { buy: '3' },
  costTime: 2,
  response:
   { status: 302,
     message: 'Found',
     header:
      [Object: null prototype] {
        vary: 'Origin',
        'access-control-allow-origin': 'http://localhost:8080',
        'access-control-allow-credentials': 'true',
        'access-control-expose-headers': 'WWW-Authenticate,Server-Authorization',
        location: '/foods/foodlist',
        'content-type': 'text/html; charset=utf-8',
        'content-length': '61' },
     body:
      'Redirecting to <a href="/foods/foodlist">/foods/foodlist</a>.' } }
[2020-03-29T23:52:32.751] [INFO] response - { method: 'GET',
  url: '/foods/foodlist',
  body: {},
  costTime: 10,
  response:
   { status: 200,
     message: 'OK',
     header:
      [Object: null prototype] {
        vary: 'Origin',
        'access-control-allow-origin': 'http://localhost:8080',
        'access-control-allow-credentials': 'true',
        'access-control-expose-headers': 'WWW-Authenticate,Server-Authorization',
        'content-type': 'text/html; charset=utf-8',
        'content-length': '6028' },
     body:
      '<!DOCTYPE html>\r\n<html lang="en">\r\n<head>\r\n    <meta charset="UTF-8">\r\n    <meta name="viewport" content="width=device-width, initial-scale=1.0">\r\n    <meta http-equiv="X-UA-Compatible" content="ie=edge">\r\n    <link type="text/css" rel="stylesheet" href="/stylesheets/bootstrap.min.css" />\r\n    <title>食品订单</title>\r\n</head>\r\n<body>\r\n    <div class="clearfix" style="margin-bottom: 10px;"></div>\r\n    <div class="row">\r\n        <form>\r\n        <div class="col-md-offset-1 col-md-2 margin-bottom-15">\r\n          <label for="firstName" class="control-label">订单号</label>\r\n          <input type="text" class="form-control" id="firstName" value="">                  \r\n        </div>\r\n        <div class="col-md-2 margin-bottom-15">\r\n          <label for="lastName" class="control-label">姓名</label>\r\n          <input type="text" class="form-control" id="lastName" value="">                 \r\n        </div>\r\n        <div class="row templatemo-form-buttons">\r\n                <div class="col-md-2"><br>\r\n                  <button type="submit" class="btn btn-info">查询</button>\r\n                  <button type="reset" class="btn btn-default">重置</button>    \r\n                </div>\r\n        </div>\r\n        </form>\r\n    </div>\r\n    <br>\r\n    <div class="clearfix" style="margin-bottom: 10px;"></div>\r\n    <div class="row">\r\n        <div class="col-md-10 col-md-offset-1">\r\n        <div class="table-responsive">\r\n        <table class="table table-striped table-hover table-bordered">\r\n            <thead>\r\n              <tr class="biao">\r\n                <th>序号</th>\r\n                <th>订单号</th>\r\n                <th>姓名</th>\r\n                <th>联系方式</th>\r\n                <th>审核状态</th>\r\n                <th>审核人</th>\r\n                <th>订单进展</th>\r\n                <th colspan="3">操作</th>\r\n              </tr>\r\n            </thead>\r\n            <tbody>\r\n              \r\n                <tr>\r\n                    \r\n                    <td>1</td>  \r\n                    <td>2020</td>\r\n                    <td>child</td>\r\n                    <td>18826744722</td>\r\n                    <td>\r\n                      审核成功</td>\r\n                        <td>科比</td>\r\n                        <td>\r\n                              成功</td>\r\n                    <td><a href="/foods/edit/2020" class="btn btn-info">审核</a></td>\r\n                    <td><a href="/foods/jing/2020" class="btn btn-success">进展</a></td>\r\n                    <td><a href="/foods/delect/2020" class="btn btn-danger">删除</a></td>\r\n                    \r\n                    \r\n                <tr>\r\n                    \r\n                    <td>2</td>  \r\n                    <td>2021</td>\r\n                    <td>乔丹</td>\r\n                    <td>1234567891</td>\r\n                    <td>\r\n                      审核成功</td>\r\n                        <td>科比</td>\r\n                        <td>\r\n                          等待</td>\r\n                    <td><a href="/foods/edit/2021" class="btn btn-info">审核</a></td>\r\n                    <td><a href="/foods/jing/2021" class="btn btn-success">进展</a></td>\r\n                    <td><a href="/foods/delect/2021" class="btn btn-danger">删除</a></td>\r\n                    \r\n                    \r\n                <tr>\r\n                    \r\n                    <td>3</td>  \r\n                    <td>2022</td>\r\n                    <td>球哥</td>\r\n                    <td>1234567892</td>\r\n                    <td></td>\r\n                        <td></td>\r\n                        <td></td>\r\n                    <td><a href="/foods/edit/2022" class="btn btn-info">审核</a></td>\r\n                    <td><a href="/foods/jing/2022" class="btn btn-success">进展</a></td>\r\n                    <td><a href="/foods/delect/2022" class="btn btn-danger">删除</a></td>\r\n                    \r\n                    \r\n                <tr>\r\n                    \r\n                    <td>4</td>  \r\n                    <td>2023</td>\r\n                    <td>飞人</td>\r\n                    <td>1234567893</td>\r\n                    <td></td>\r\n                        <td></td>\r\n                        <td></td>\r\n                    <td><a href="/foods/edit/2023" class="btn btn-info">审核</a></td>\r\n                    <td><a href="/foods/jing/2023" class="btn btn-success">进展</a></td>\r\n                    <td><a href="/foods/delect/2023" class="btn btn-danger">删除</a></td>\r\n                    \r\n                    \r\n                <tr>\r\n                    \r\n                    <td>5</td>  \r\n                    <td>2024</td>\r\n                    <td>子雄</td>\r\n                    <td>1234567894</td>\r\n                    <td>\r\n                      审核成功</td>\r\n                        <td>科比</td>\r\n                        <td>\r\n                                超时</td>\r\n                    <td><a href="/foods/edit/2024" class="btn btn-info">审核</a></td>\r\n                    <td><a href="/foods/jing/2024" class="btn btn-success">进展</a></td>\r\n                    <td><a href="/foods/delect/2024" class="btn btn-danger">删除</a></td>\r\n                    \r\n                    \r\n                </tr>\r\n            </tbody>\r\n        </table>\r\n        </div>\r\n        <div>\r\n          <a href="./zhenjia" class="btn btn-info">增加订单</a>\r\n        </div> \r\n        <ul class="pagination pull-right">\r\n            <li class="disabled"><a href="#">&laquo;</a></li>\r\n            <li class="active"><a href="#">1 <span class="sr-only">(current)</span></a></li>\r\n            <li><a href="#">2 <span class="sr-only">(current)</span></a></li>\r\n            <li><a href="#">3 <span class="sr-only">(current)</span></a></li>\r\n            <li><a href="#">4 <span class="sr-only">(current)</span></a></li>\r\n            <li><a href="#">5 <span class="sr-only">(current)</span></a></li>\r\n            <li><a href="#">&raquo;</a></li>\r\n          </ul>\r\n        </div>\r\n    </div>\r\n</body>\r\n</html>' } }
[2020-03-29T23:52:39.160] [INFO] response - { method: 'GET',
  url: '/foods/hei',
  body: {},
  costTime: 13,
  response:
   { status: 200,
     message: 'OK',
     header:
      [Object: null prototype] {
        vary: 'Origin',
        'access-control-allow-origin': 'http://localhost:8080',
        'access-control-allow-credentials': 'true',
        'access-control-expose-headers': 'WWW-Authenticate,Server-Authorization',
        'content-type': 'text/html; charset=utf-8',
        'content-length': '1796' },
     body:
      '<!DOCTYPE html>\r\n<html lang="en">\r\n<head>\r\n    <meta charset="UTF-8">\r\n    <meta name="viewport" content="width=device-width, initial-scale=1.0">\r\n    <meta http-equiv="X-UA-Compatible" content="ie=edge">\r\n    <link type="text/css" rel="stylesheet" href="/stylesheets/bootstrap.min.css" />\r\n    <title>食品订单</title>\r\n    <style type="text/css">\r\n        caption{\r\n            font-size: 30px;\r\n            color: red;\r\n        }\r\n</style>        \r\n</head>\r\n<body>\r\n    <div class="clearfix" style="margin-bottom: 10px;"></div>\r\n        \r\n        <div class="col-md-10 col-md-offset-1">\r\n        <div class="table-responsive"><br>\r\n            <table class="table table-striped table-hover table-bordered">\r\n            <thead>\r\n              \r\n                <caption>黑名单</caption>\r\n              <tr class="biao">\r\n                <th>工号/帐号</th>\r\n                <th>名称</th>\r\n                <th>拉黑理由</th>\r\n                <th>联系方式</th>\r\n                <th>操作</th>\r\n              </tr>\r\n            </thead>\r\n            <tbody>\r\n                \r\n                    <form action="/foods/doedit/2020" method="POST">\r\n                <tr>\r\n                    \r\n                    <form action="/foods/doedit/2021" method="POST">\r\n                <tr>\r\n                    \r\n                    <form action="/foods/doedit/2022" method="POST">\r\n                <tr>\r\n                    \r\n                    <form action="/foods/doedit/2023" method="POST">\r\n                <tr>\r\n                    \r\n                    <form action="/foods/doedit/2024" method="POST">\r\n                <tr>\r\n                    \r\n                </tr>\r\n            </tbody>\r\n        </table> \r\n\r\n        </div>\r\n  \r\n        </div>\r\n    </div>\r\n</body>\r\n</html>' } }
[2020-03-29T23:52:41.347] [INFO] response - { method: 'GET',
  url: '/foods/foodlist',
  body: {},
  costTime: 17,
  response:
   { status: 200,
     message: 'OK',
     header:
      [Object: null prototype] {
        vary: 'Origin',
        'access-control-allow-origin': 'http://localhost:8080',
        'access-control-allow-credentials': 'true',
        'access-control-expose-headers': 'WWW-Authenticate,Server-Authorization',
        'content-type': 'text/html; charset=utf-8',
        'content-length': '6028' },
     body:
      '<!DOCTYPE html>\r\n<html lang="en">\r\n<head>\r\n    <meta charset="UTF-8">\r\n    <meta name="viewport" content="width=device-width, initial-scale=1.0">\r\n    <meta http-equiv="X-UA-Compatible" content="ie=edge">\r\n    <link type="text/css" rel="stylesheet" href="/stylesheets/bootstrap.min.css" />\r\n    <title>食品订单</title>\r\n</head>\r\n<body>\r\n    <div class="clearfix" style="margin-bottom: 10px;"></div>\r\n    <div class="row">\r\n        <form>\r\n        <div class="col-md-offset-1 col-md-2 margin-bottom-15">\r\n          <label for="firstName" class="control-label">订单号</label>\r\n          <input type="text" class="form-control" id="firstName" value="">                  \r\n        </div>\r\n        <div class="col-md-2 margin-bottom-15">\r\n          <label for="lastName" class="control-label">姓名</label>\r\n          <input type="text" class="form-control" id="lastName" value="">                 \r\n        </div>\r\n        <div class="row templatemo-form-buttons">\r\n                <div class="col-md-2"><br>\r\n                  <button type="submit" class="btn btn-info">查询</button>\r\n                  <button type="reset" class="btn btn-default">重置</button>    \r\n                </div>\r\n        </div>\r\n        </form>\r\n    </div>\r\n    <br>\r\n    <div class="clearfix" style="margin-bottom: 10px;"></div>\r\n    <div class="row">\r\n        <div class="col-md-10 col-md-offset-1">\r\n        <div class="table-responsive">\r\n        <table class="table table-striped table-hover table-bordered">\r\n            <thead>\r\n              <tr class="biao">\r\n                <th>序号</th>\r\n                <th>订单号</th>\r\n                <th>姓名</th>\r\n                <th>联系方式</th>\r\n                <th>审核状态</th>\r\n                <th>审核人</th>\r\n                <th>订单进展</th>\r\n                <th colspan="3">操作</th>\r\n              </tr>\r\n            </thead>\r\n            <tbody>\r\n              \r\n                <tr>\r\n                    \r\n                    <td>1</td>  \r\n                    <td>2020</td>\r\n                    <td>child</td>\r\n                    <td>18826744722</td>\r\n                    <td>\r\n                      审核成功</td>\r\n                        <td>科比</td>\r\n                        <td>\r\n                              成功</td>\r\n                    <td><a href="/foods/edit/2020" class="btn btn-info">审核</a></td>\r\n                    <td><a href="/foods/jing/2020" class="btn btn-success">进展</a></td>\r\n                    <td><a href="/foods/delect/2020" class="btn btn-danger">删除</a></td>\r\n                    \r\n                    \r\n                <tr>\r\n                    \r\n                    <td>2</td>  \r\n                    <td>2021</td>\r\n                    <td>乔丹</td>\r\n                    <td>1234567891</td>\r\n                    <td>\r\n                      审核成功</td>\r\n                        <td>科比</td>\r\n                        <td>\r\n                          等待</td>\r\n                    <td><a href="/foods/edit/2021" class="btn btn-info">审核</a></td>\r\n                    <td><a href="/foods/jing/2021" class="btn btn-success">进展</a></td>\r\n                    <td><a href="/foods/delect/2021" class="btn btn-danger">删除</a></td>\r\n                    \r\n                    \r\n                <tr>\r\n                    \r\n                    <td>3</td>  \r\n                    <td>2022</td>\r\n                    <td>球哥</td>\r\n                    <td>1234567892</td>\r\n                    <td></td>\r\n                        <td></td>\r\n                        <td></td>\r\n                    <td><a href="/foods/edit/2022" class="btn btn-info">审核</a></td>\r\n                    <td><a href="/foods/jing/2022" class="btn btn-success">进展</a></td>\r\n                    <td><a href="/foods/delect/2022" class="btn btn-danger">删除</a></td>\r\n                    \r\n                    \r\n                <tr>\r\n                    \r\n                    <td>4</td>  \r\n                    <td>2023</td>\r\n                    <td>飞人</td>\r\n                    <td>1234567893</td>\r\n                    <td></td>\r\n                        <td></td>\r\n                        <td></td>\r\n                    <td><a href="/foods/edit/2023" class="btn btn-info">审核</a></td>\r\n                    <td><a href="/foods/jing/2023" class="btn btn-success">进展</a></td>\r\n                    <td><a href="/foods/delect/2023" class="btn btn-danger">删除</a></td>\r\n                    \r\n                    \r\n                <tr>\r\n                    \r\n                    <td>5</td>  \r\n                    <td>2024</td>\r\n                    <td>子雄</td>\r\n                    <td>1234567894</td>\r\n                    <td>\r\n                      审核成功</td>\r\n                        <td>科比</td>\r\n                        <td>\r\n                                超时</td>\r\n                    <td><a href="/foods/edit/2024" class="btn btn-info">审核</a></td>\r\n                    <td><a href="/foods/jing/2024" class="btn btn-success">进展</a></td>\r\n                    <td><a href="/foods/delect/2024" class="btn btn-danger">删除</a></td>\r\n                    \r\n                    \r\n                </tr>\r\n            </tbody>\r\n        </table>\r\n        </div>\r\n        <div>\r\n          <a href="./zhenjia" class="btn btn-info">增加订单</a>\r\n        </div> \r\n        <ul class="pagination pull-right">\r\n            <li class="disabled"><a href="#">&laquo;</a></li>\r\n            <li class="active"><a href="#">1 <span class="sr-only">(current)</span></a></li>\r\n            <li><a href="#">2 <span class="sr-only">(current)</span></a></li>\r\n            <li><a href="#">3 <span class="sr-only">(current)</span></a></li>\r\n            <li><a href="#">4 <span class="sr-only">(current)</span></a></li>\r\n            <li><a href="#">5 <span class="sr-only">(current)</span></a></li>\r\n            <li><a href="#">&raquo;</a></li>\r\n          </ul>\r\n        </div>\r\n    </div>\r\n</body>\r\n</html>' } }
[2020-03-29T23:52:41.839] [INFO] response - { method: 'GET',
  url: '/foods/finish',
  body: {},
  costTime: 13,
  response:
   { status: 200,
     message: 'OK',
     header:
      [Object: null prototype] {
        vary: 'Origin',
        'access-control-allow-origin': 'http://localhost:8080',
        'access-control-allow-credentials': 'true',
        'access-control-expose-headers': 'WWW-Authenticate,Server-Authorization',
        'content-type': 'text/html; charset=utf-8',
        'content-length': '4708' },
     body:
      '<!DOCTYPE html>\r\n<html lang="en">\r\n<head>\r\n    <meta charset="UTF-8">\r\n    <meta name="viewport" content="width=device-width, initial-scale=1.0">\r\n    <meta http-equiv="X-UA-Compatible" content="ie=edge">\r\n    <link type="text/css" rel="stylesheet" href="/stylesheets/bootstrap.min.css" />\r\n    <title>食品订单</title>\r\n</head>\r\n<body>\r\n    <div class="clearfix" style="margin-bottom: 10px;"></div>\r\n    <div class="row">\r\n        <div class="col-md-10 col-md-offset-1">\r\n        <div class="table-responsive">\r\n            <a href="/foods/foodlist" >返回</a><br><br>\r\n        <table class="table table-striped table-hover table-bordered">\r\n            <thead>\r\n              <tr class="biao">\r\n                <th>订单号</th>\r\n                <th>审核状态</th>\r\n                <th>审核人</th>\r\n                <th>取货进展</th>\r\n                <th colspan="2">操作</th>\r\n              </tr>\r\n            </thead>\r\n            <tbody>\r\n                \r\n                    \r\n                    <form action="/foods/doedit/2020" method="POST">\r\n                <tr>\r\n                    \r\n                    \r\n                  <td>2020</td>  \r\n                <td>\r\n                   \r\n                        审核成功\r\n                        </td>\r\n                    <td>科比</td>\r\n                    <td>\r\n                            成功</td>\r\n                    <td><a href="/foods/lahei/2020" class="btn btn-danger">拉黑</a></td>\r\n                    <td><a href="/foods/delect/2020" class="btn btn-danger">删除</a></td>\r\n                    \r\n                \r\n                    \r\n                    <form action="/foods/doedit/2021" method="POST">\r\n                <tr>\r\n                    \r\n                    \r\n                  <td>2021</td>  \r\n                <td>\r\n                   \r\n                        审核成功\r\n                        </td>\r\n                    <td>科比</td>\r\n                    <td>\r\n                        等待</td>\r\n                    <td><a href="/foods/lahei/2021" class="btn btn-danger">拉黑</a></td>\r\n                    <td><a href="/foods/delect/2021" class="btn btn-danger">删除</a></td>\r\n                    \r\n                \r\n                    \r\n                    <form action="/foods/doedit/2022" method="POST">\r\n                <tr>\r\n                    \r\n                    \r\n                  <td>2022</td>  \r\n                <td>\r\n                   \r\n                        </td>\r\n                    <td></td>\r\n                    <td></td>\r\n                    <td><a href="/foods/lahei/2022" class="btn btn-danger">拉黑</a></td>\r\n                    <td><a href="/foods/delect/2022" class="btn btn-danger">删除</a></td>\r\n                    \r\n                \r\n                    \r\n                    <form action="/foods/doedit/2023" method="POST">\r\n                <tr>\r\n                    \r\n                    \r\n                  <td>2023</td>  \r\n                <td>\r\n                   \r\n                        </td>\r\n                    <td></td>\r\n                    <td></td>\r\n                    <td><a href="/foods/lahei/2023" class="btn btn-danger">拉黑</a></td>\r\n                    <td><a href="/foods/delect/2023" class="btn btn-danger">删除</a></td>\r\n                    \r\n                \r\n                    \r\n                    <form action="/foods/doedit/2024" method="POST">\r\n                <tr>\r\n                    \r\n                    \r\n                  <td>2024</td>  \r\n                <td>\r\n                   \r\n                        审核成功\r\n                        </td>\r\n                    <td>科比</td>\r\n                    <td>\r\n                                超时</td>\r\n                    <td><a href="/foods/lahei/2024" class="btn btn-danger">拉黑</a></td>\r\n                    <td><a href="/foods/delect/2024" class="btn btn-danger">删除</a></td>\r\n                    \r\n                \r\n                </tr>\r\n            </tbody>\r\n        </table>\r\n    </form>\r\n        </div>\r\n  \r\n        <ul class="pagination pull-right">\r\n            <li class="disabled"><a href="#">&laquo;</a></li>\r\n            <li class="active"><a href="#">1 <span class="sr-only">(current)</span></a></li>\r\n            <li><a href="#">2 <span class="sr-only">(current)</span></a></li>\r\n            <li><a href="#">3 <span class="sr-only">(current)</span></a></li>\r\n            <li><a href="#">4 <span class="sr-only">(current)</span></a></li>\r\n            <li><a href="#">5 <span class="sr-only">(current)</span></a></li>\r\n            <li><a href="#">&raquo;</a></li>\r\n          </ul>\r\n        </div>\r\n    </div>\r\n</body>\r\n</html>' } }
[2020-03-29T23:52:43.829] [INFO] response - { method: 'GET',
  url: '/foods/foodlist',
  body: {},
  costTime: 16,
  response:
   { status: 200,
     message: 'OK',
     header:
      [Object: null prototype] {
        vary: 'Origin',
        'access-control-allow-origin': 'http://localhost:8080',
        'access-control-allow-credentials': 'true',
        'access-control-expose-headers': 'WWW-Authenticate,Server-Authorization',
        'content-type': 'text/html; charset=utf-8',
        'content-length': '6028' },
     body:
      '<!DOCTYPE html>\r\n<html lang="en">\r\n<head>\r\n    <meta charset="UTF-8">\r\n    <meta name="viewport" content="width=device-width, initial-scale=1.0">\r\n    <meta http-equiv="X-UA-Compatible" content="ie=edge">\r\n    <link type="text/css" rel="stylesheet" href="/stylesheets/bootstrap.min.css" />\r\n    <title>食品订单</title>\r\n</head>\r\n<body>\r\n    <div class="clearfix" style="margin-bottom: 10px;"></div>\r\n    <div class="row">\r\n        <form>\r\n        <div class="col-md-offset-1 col-md-2 margin-bottom-15">\r\n          <label for="firstName" class="control-label">订单号</label>\r\n          <input type="text" class="form-control" id="firstName" value="">                  \r\n        </div>\r\n        <div class="col-md-2 margin-bottom-15">\r\n          <label for="lastName" class="control-label">姓名</label>\r\n          <input type="text" class="form-control" id="lastName" value="">                 \r\n        </div>\r\n        <div class="row templatemo-form-buttons">\r\n                <div class="col-md-2"><br>\r\n                  <button type="submit" class="btn btn-info">查询</button>\r\n                  <button type="reset" class="btn btn-default">重置</button>    \r\n                </div>\r\n        </div>\r\n        </form>\r\n    </div>\r\n    <br>\r\n    <div class="clearfix" style="margin-bottom: 10px;"></div>\r\n    <div class="row">\r\n        <div class="col-md-10 col-md-offset-1">\r\n        <div class="table-responsive">\r\n        <table class="table table-striped table-hover table-bordered">\r\n            <thead>\r\n              <tr class="biao">\r\n                <th>序号</th>\r\n                <th>订单号</th>\r\n                <th>姓名</th>\r\n                <th>联系方式</th>\r\n                <th>审核状态</th>\r\n                <th>审核人</th>\r\n                <th>订单进展</th>\r\n                <th colspan="3">操作</th>\r\n              </tr>\r\n            </thead>\r\n            <tbody>\r\n              \r\n                <tr>\r\n                    \r\n                    <td>1</td>  \r\n                    <td>2020</td>\r\n                    <td>child</td>\r\n                    <td>18826744722</td>\r\n                    <td>\r\n                      审核成功</td>\r\n                        <td>科比</td>\r\n                        <td>\r\n                              成功</td>\r\n                    <td><a href="/foods/edit/2020" class="btn btn-info">审核</a></td>\r\n                    <td><a href="/foods/jing/2020" class="btn btn-success">进展</a></td>\r\n                    <td><a href="/foods/delect/2020" class="btn btn-danger">删除</a></td>\r\n                    \r\n                    \r\n                <tr>\r\n                    \r\n                    <td>2</td>  \r\n                    <td>2021</td>\r\n                    <td>乔丹</td>\r\n                    <td>1234567891</td>\r\n                    <td>\r\n                      审核成功</td>\r\n                        <td>科比</td>\r\n                        <td>\r\n                          等待</td>\r\n                    <td><a href="/foods/edit/2021" class="btn btn-info">审核</a></td>\r\n                    <td><a href="/foods/jing/2021" class="btn btn-success">进展</a></td>\r\n                    <td><a href="/foods/delect/2021" class="btn btn-danger">删除</a></td>\r\n                    \r\n                    \r\n                <tr>\r\n                    \r\n                    <td>3</td>  \r\n                    <td>2022</td>\r\n                    <td>球哥</td>\r\n                    <td>1234567892</td>\r\n                    <td></td>\r\n                        <td></td>\r\n                        <td></td>\r\n                    <td><a href="/foods/edit/2022" class="btn btn-info">审核</a></td>\r\n                    <td><a href="/foods/jing/2022" class="btn btn-success">进展</a></td>\r\n                    <td><a href="/foods/delect/2022" class="btn btn-danger">删除</a></td>\r\n                    \r\n                    \r\n                <tr>\r\n                    \r\n                    <td>4</td>  \r\n                    <td>2023</td>\r\n                    <td>飞人</td>\r\n                    <td>1234567893</td>\r\n                    <td></td>\r\n                        <td></td>\r\n                        <td></td>\r\n                    <td><a href="/foods/edit/2023" class="btn btn-info">审核</a></td>\r\n                    <td><a href="/foods/jing/2023" class="btn btn-success">进展</a></td>\r\n                    <td><a href="/foods/delect/2023" class="btn btn-danger">删除</a></td>\r\n                    \r\n                    \r\n                <tr>\r\n                    \r\n                    <td>5</td>  \r\n                    <td>2024</td>\r\n                    <td>子雄</td>\r\n                    <td>1234567894</td>\r\n                    <td>\r\n                      审核成功</td>\r\n                        <td>科比</td>\r\n                        <td>\r\n                                超时</td>\r\n                    <td><a href="/foods/edit/2024" class="btn btn-info">审核</a></td>\r\n                    <td><a href="/foods/jing/2024" class="btn btn-success">进展</a></td>\r\n                    <td><a href="/foods/delect/2024" class="btn btn-danger">删除</a></td>\r\n                    \r\n                    \r\n                </tr>\r\n            </tbody>\r\n        </table>\r\n        </div>\r\n        <div>\r\n          <a href="./zhenjia" class="btn btn-info">增加订单</a>\r\n        </div> \r\n        <ul class="pagination pull-right">\r\n            <li class="disabled"><a href="#">&laquo;</a></li>\r\n            <li class="active"><a href="#">1 <span class="sr-only">(current)</span></a></li>\r\n            <li><a href="#">2 <span class="sr-only">(current)</span></a></li>\r\n            <li><a href="#">3 <span class="sr-only">(current)</span></a></li>\r\n            <li><a href="#">4 <span class="sr-only">(current)</span></a></li>\r\n            <li><a href="#">5 <span class="sr-only">(current)</span></a></li>\r\n            <li><a href="#">&raquo;</a></li>\r\n          </ul>\r\n        </div>\r\n    </div>\r\n</body>\r\n</html>' } }
[2020-03-29T23:52:49.755] [INFO] response - { method: 'GET',
  url: '/foods/jing/2024',
  body: {},
  costTime: 11,
  response:
   { status: 200,
     message: 'OK',
     header:
      [Object: null prototype] {
        vary: 'Origin',
        'access-control-allow-origin': 'http://localhost:8080',
        'access-control-allow-credentials': 'true',
        'access-control-expose-headers': 'WWW-Authenticate,Server-Authorization',
        'content-type': 'text/html; charset=utf-8',
        'content-length': '1885' },
     body:
      '<!DOCTYPE html>\r\n<html lang="en">\r\n<head>\r\n    <meta charset="UTF-8">\r\n    <meta name="viewport" content="width=device-width, initial-scale=1.0">\r\n    <meta http-equiv="X-UA-Compatible" content="ie=edge">\r\n    <link type="text/css" rel="stylesheet" href="/stylesheets/bootstrap.min.css" />\r\n    <title>食品订单</title>\r\n</head>\r\n<body>\r\n    <div class="clearfix" style="margin-bottom: 10px;"></div>\r\n    <div class="row">\r\n        <div class="col-md-10 col-md-offset-1">\r\n        <div class="table-responsive"><br>\r\n            <a href="/foods/foodlist" >返回</a><br><br>\r\n        <table class="table table-striped table-hover table-bordered">\r\n            <thead>\r\n              <tr class="biao">\r\n                <th>订单号</th>\r\n                <th>已审核</th>\r\n                <th>订单状态</th>\r\n                <th>审核人</th>\r\n                <th colspan="2">操作</th>\r\n              </tr>\r\n            </thead>\r\n            <tbody>\r\n                \r\n                    <form action="/foods/doedit/2024" method="POST">\r\n                <tr>\r\n                  <td>2024</td>\r\n                  <td>\r\n                        审核成功\r\n                        </td></td> \r\n                <td>\r\n                    <select name="buy" value="3">\r\n                        <option value="1">等待</option>\r\n                      <option value="2">成功</option>\r\n                      <option value="3">超时</option>\r\n                  </select>\r\n                </td>\r\n                    <td>科比</td>\r\n                    <td><button type="submit" class="btn btn-success">完成</button></td>\r\n                    <td><a href="/foods/delect/2024" class="btn btn-danger">删除</a></td>\r\n                    \r\n                </tr>\r\n            </tbody>\r\n        </table>\r\n    </form>\r\n        </div>\r\n  \r\n        </div>\r\n    </div>\r\n</body>\r\n</html>' } }
[2020-03-29T23:52:55.692] [INFO] response - { method: 'POST',
  url: '/foods/doedit/2024',
  body: { buy: '3' },
  costTime: 1,
  response:
   { status: 302,
     message: 'Found',
     header:
      [Object: null prototype] {
        vary: 'Origin',
        'access-control-allow-origin': 'http://localhost:8080',
        'access-control-allow-credentials': 'true',
        'access-control-expose-headers': 'WWW-Authenticate,Server-Authorization',
        location: '/foods/foodlist',
        'content-type': 'text/html; charset=utf-8',
        'content-length': '61' },
     body:
      'Redirecting to <a href="/foods/foodlist">/foods/foodlist</a>.' } }
[2020-03-29T23:52:55.718] [INFO] response - { method: 'GET',
  url: '/foods/foodlist',
  body: {},
  costTime: 14,
  response:
   { status: 200,
     message: 'OK',
     header:
      [Object: null prototype] {
        vary: 'Origin',
        'access-control-allow-origin': 'http://localhost:8080',
        'access-control-allow-credentials': 'true',
        'access-control-expose-headers': 'WWW-Authenticate,Server-Authorization',
        'content-type': 'text/html; charset=utf-8',
        'content-length': '6028' },
     body:
      '<!DOCTYPE html>\r\n<html lang="en">\r\n<head>\r\n    <meta charset="UTF-8">\r\n    <meta name="viewport" content="width=device-width, initial-scale=1.0">\r\n    <meta http-equiv="X-UA-Compatible" content="ie=edge">\r\n    <link type="text/css" rel="stylesheet" href="/stylesheets/bootstrap.min.css" />\r\n    <title>食品订单</title>\r\n</head>\r\n<body>\r\n    <div class="clearfix" style="margin-bottom: 10px;"></div>\r\n    <div class="row">\r\n        <form>\r\n        <div class="col-md-offset-1 col-md-2 margin-bottom-15">\r\n          <label for="firstName" class="control-label">订单号</label>\r\n          <input type="text" class="form-control" id="firstName" value="">                  \r\n        </div>\r\n        <div class="col-md-2 margin-bottom-15">\r\n          <label for="lastName" class="control-label">姓名</label>\r\n          <input type="text" class="form-control" id="lastName" value="">                 \r\n        </div>\r\n        <div class="row templatemo-form-buttons">\r\n                <div class="col-md-2"><br>\r\n                  <button type="submit" class="btn btn-info">查询</button>\r\n                  <button type="reset" class="btn btn-default">重置</button>    \r\n                </div>\r\n        </div>\r\n        </form>\r\n    </div>\r\n    <br>\r\n    <div class="clearfix" style="margin-bottom: 10px;"></div>\r\n    <div class="row">\r\n        <div class="col-md-10 col-md-offset-1">\r\n        <div class="table-responsive">\r\n        <table class="table table-striped table-hover table-bordered">\r\n            <thead>\r\n              <tr class="biao">\r\n                <th>序号</th>\r\n                <th>订单号</th>\r\n                <th>姓名</th>\r\n                <th>联系方式</th>\r\n                <th>审核状态</th>\r\n                <th>审核人</th>\r\n                <th>订单进展</th>\r\n                <th colspan="3">操作</th>\r\n              </tr>\r\n            </thead>\r\n            <tbody>\r\n              \r\n                <tr>\r\n                    \r\n                    <td>1</td>  \r\n                    <td>2020</td>\r\n                    <td>child</td>\r\n                    <td>18826744722</td>\r\n                    <td>\r\n                      审核成功</td>\r\n                        <td>科比</td>\r\n                        <td>\r\n                              成功</td>\r\n                    <td><a href="/foods/edit/2020" class="btn btn-info">审核</a></td>\r\n                    <td><a href="/foods/jing/2020" class="btn btn-success">进展</a></td>\r\n                    <td><a href="/foods/delect/2020" class="btn btn-danger">删除</a></td>\r\n                    \r\n                    \r\n                <tr>\r\n                    \r\n                    <td>2</td>  \r\n                    <td>2021</td>\r\n                    <td>乔丹</td>\r\n                    <td>1234567891</td>\r\n                    <td>\r\n                      审核成功</td>\r\n                        <td>科比</td>\r\n                        <td>\r\n                          等待</td>\r\n                    <td><a href="/foods/edit/2021" class="btn btn-info">审核</a></td>\r\n                    <td><a href="/foods/jing/2021" class="btn btn-success">进展</a></td>\r\n                    <td><a href="/foods/delect/2021" class="btn btn-danger">删除</a></td>\r\n                    \r\n                    \r\n                <tr>\r\n                    \r\n                    <td>3</td>  \r\n                    <td>2022</td>\r\n                    <td>球哥</td>\r\n                    <td>1234567892</td>\r\n                    <td></td>\r\n                        <td></td>\r\n                        <td></td>\r\n                    <td><a href="/foods/edit/2022" class="btn btn-info">审核</a></td>\r\n                    <td><a href="/foods/jing/2022" class="btn btn-success">进展</a></td>\r\n                    <td><a href="/foods/delect/2022" class="btn btn-danger">删除</a></td>\r\n                    \r\n                    \r\n                <tr>\r\n                    \r\n                    <td>4</td>  \r\n                    <td>2023</td>\r\n                    <td>飞人</td>\r\n                    <td>1234567893</td>\r\n                    <td></td>\r\n                        <td></td>\r\n                        <td></td>\r\n                    <td><a href="/foods/edit/2023" class="btn btn-info">审核</a></td>\r\n                    <td><a href="/foods/jing/2023" class="btn btn-success">进展</a></td>\r\n                    <td><a href="/foods/delect/2023" class="btn btn-danger">删除</a></td>\r\n                    \r\n                    \r\n                <tr>\r\n                    \r\n                    <td>5</td>  \r\n                    <td>2024</td>\r\n                    <td>子雄</td>\r\n                    <td>1234567894</td>\r\n                    <td>\r\n                      审核成功</td>\r\n                        <td>科比</td>\r\n                        <td>\r\n                                超时</td>\r\n                    <td><a href="/foods/edit/2024" class="btn btn-info">审核</a></td>\r\n                    <td><a href="/foods/jing/2024" class="btn btn-success">进展</a></td>\r\n                    <td><a href="/foods/delect/2024" class="btn btn-danger">删除</a></td>\r\n                    \r\n                    \r\n                </tr>\r\n            </tbody>\r\n        </table>\r\n        </div>\r\n        <div>\r\n          <a href="./zhenjia" class="btn btn-info">增加订单</a>\r\n        </div> \r\n        <ul class="pagination pull-right">\r\n            <li class="disabled"><a href="#">&laquo;</a></li>\r\n            <li class="active"><a href="#">1 <span class="sr-only">(current)</span></a></li>\r\n            <li><a href="#">2 <span class="sr-only">(current)</span></a></li>\r\n            <li><a href="#">3 <span class="sr-only">(current)</span></a></li>\r\n            <li><a href="#">4 <span class="sr-only">(current)</span></a></li>\r\n            <li><a href="#">5 <span class="sr-only">(current)</span></a></li>\r\n            <li><a href="#">&raquo;</a></li>\r\n          </ul>\r\n        </div>\r\n    </div>\r\n</body>\r\n</html>' } }
[2020-03-29T23:52:57.898] [INFO] response - { method: 'GET',
  url: '/foods/finish',
  body: {},
  costTime: 12,
  response:
   { status: 200,
     message: 'OK',
     header:
      [Object: null prototype] {
        vary: 'Origin',
        'access-control-allow-origin': 'http://localhost:8080',
        'access-control-allow-credentials': 'true',
        'access-control-expose-headers': 'WWW-Authenticate,Server-Authorization',
        'content-type': 'text/html; charset=utf-8',
        'content-length': '4708' },
     body:
      '<!DOCTYPE html>\r\n<html lang="en">\r\n<head>\r\n    <meta charset="UTF-8">\r\n    <meta name="viewport" content="width=device-width, initial-scale=1.0">\r\n    <meta http-equiv="X-UA-Compatible" content="ie=edge">\r\n    <link type="text/css" rel="stylesheet" href="/stylesheets/bootstrap.min.css" />\r\n    <title>食品订单</title>\r\n</head>\r\n<body>\r\n    <div class="clearfix" style="margin-bottom: 10px;"></div>\r\n    <div class="row">\r\n        <div class="col-md-10 col-md-offset-1">\r\n        <div class="table-responsive">\r\n            <a href="/foods/foodlist" >返回</a><br><br>\r\n        <table class="table table-striped table-hover table-bordered">\r\n            <thead>\r\n              <tr class="biao">\r\n                <th>订单号</th>\r\n                <th>审核状态</th>\r\n                <th>审核人</th>\r\n                <th>取货进展</th>\r\n                <th colspan="2">操作</th>\r\n              </tr>\r\n            </thead>\r\n            <tbody>\r\n                \r\n                    \r\n                    <form action="/foods/doedit/2020" method="POST">\r\n                <tr>\r\n                    \r\n                    \r\n                  <td>2020</td>  \r\n                <td>\r\n                   \r\n                        审核成功\r\n                        </td>\r\n                    <td>科比</td>\r\n                    <td>\r\n                            成功</td>\r\n                    <td><a href="/foods/lahei/2020" class="btn btn-danger">拉黑</a></td>\r\n                    <td><a href="/foods/delect/2020" class="btn btn-danger">删除</a></td>\r\n                    \r\n                \r\n                    \r\n                    <form action="/foods/doedit/2021" method="POST">\r\n                <tr>\r\n                    \r\n                    \r\n                  <td>2021</td>  \r\n                <td>\r\n                   \r\n                        审核成功\r\n                        </td>\r\n                    <td>科比</td>\r\n                    <td>\r\n                        等待</td>\r\n                    <td><a href="/foods/lahei/2021" class="btn btn-danger">拉黑</a></td>\r\n                    <td><a href="/foods/delect/2021" class="btn btn-danger">删除</a></td>\r\n                    \r\n                \r\n                    \r\n                    <form action="/foods/doedit/2022" method="POST">\r\n                <tr>\r\n                    \r\n                    \r\n                  <td>2022</td>  \r\n                <td>\r\n                   \r\n                        </td>\r\n                    <td></td>\r\n                    <td></td>\r\n                    <td><a href="/foods/lahei/2022" class="btn btn-danger">拉黑</a></td>\r\n                    <td><a href="/foods/delect/2022" class="btn btn-danger">删除</a></td>\r\n                    \r\n                \r\n                    \r\n                    <form action="/foods/doedit/2023" method="POST">\r\n                <tr>\r\n                    \r\n                    \r\n                  <td>2023</td>  \r\n                <td>\r\n                   \r\n                        </td>\r\n                    <td></td>\r\n                    <td></td>\r\n                    <td><a href="/foods/lahei/2023" class="btn btn-danger">拉黑</a></td>\r\n                    <td><a href="/foods/delect/2023" class="btn btn-danger">删除</a></td>\r\n                    \r\n                \r\n                    \r\n                    <form action="/foods/doedit/2024" method="POST">\r\n                <tr>\r\n                    \r\n                    \r\n                  <td>2024</td>  \r\n                <td>\r\n                   \r\n                        审核成功\r\n                        </td>\r\n                    <td>科比</td>\r\n                    <td>\r\n                                超时</td>\r\n                    <td><a href="/foods/lahei/2024" class="btn btn-danger">拉黑</a></td>\r\n                    <td><a href="/foods/delect/2024" class="btn btn-danger">删除</a></td>\r\n                    \r\n                \r\n                </tr>\r\n            </tbody>\r\n        </table>\r\n    </form>\r\n        </div>\r\n  \r\n        <ul class="pagination pull-right">\r\n            <li class="disabled"><a href="#">&laquo;</a></li>\r\n            <li class="active"><a href="#">1 <span class="sr-only">(current)</span></a></li>\r\n            <li><a href="#">2 <span class="sr-only">(current)</span></a></li>\r\n            <li><a href="#">3 <span class="sr-only">(current)</span></a></li>\r\n            <li><a href="#">4 <span class="sr-only">(current)</span></a></li>\r\n            <li><a href="#">5 <span class="sr-only">(current)</span></a></li>\r\n            <li><a href="#">&raquo;</a></li>\r\n          </ul>\r\n        </div>\r\n    </div>\r\n</body>\r\n</html>' } }
[2020-03-29T23:53:01.178] [INFO] response - { method: 'GET',
  url: '/foods/foodlist',
  body: {},
  costTime: 18,
  response:
   { status: 200,
     message: 'OK',
     header:
      [Object: null prototype] {
        vary: 'Origin',
        'access-control-allow-origin': 'http://localhost:8080',
        'access-control-allow-credentials': 'true',
        'access-control-expose-headers': 'WWW-Authenticate,Server-Authorization',
        'content-type': 'text/html; charset=utf-8',
        'content-length': '6028' },
     body:
      '<!DOCTYPE html>\r\n<html lang="en">\r\n<head>\r\n    <meta charset="UTF-8">\r\n    <meta name="viewport" content="width=device-width, initial-scale=1.0">\r\n    <meta http-equiv="X-UA-Compatible" content="ie=edge">\r\n    <link type="text/css" rel="stylesheet" href="/stylesheets/bootstrap.min.css" />\r\n    <title>食品订单</title>\r\n</head>\r\n<body>\r\n    <div class="clearfix" style="margin-bottom: 10px;"></div>\r\n    <div class="row">\r\n        <form>\r\n        <div class="col-md-offset-1 col-md-2 margin-bottom-15">\r\n          <label for="firstName" class="control-label">订单号</label>\r\n          <input type="text" class="form-control" id="firstName" value="">                  \r\n        </div>\r\n        <div class="col-md-2 margin-bottom-15">\r\n          <label for="lastName" class="control-label">姓名</label>\r\n          <input type="text" class="form-control" id="lastName" value="">                 \r\n        </div>\r\n        <div class="row templatemo-form-buttons">\r\n                <div class="col-md-2"><br>\r\n                  <button type="submit" class="btn btn-info">查询</button>\r\n                  <button type="reset" class="btn btn-default">重置</button>    \r\n                </div>\r\n        </div>\r\n        </form>\r\n    </div>\r\n    <br>\r\n    <div class="clearfix" style="margin-bottom: 10px;"></div>\r\n    <div class="row">\r\n        <div class="col-md-10 col-md-offset-1">\r\n        <div class="table-responsive">\r\n        <table class="table table-striped table-hover table-bordered">\r\n            <thead>\r\n              <tr class="biao">\r\n                <th>序号</th>\r\n                <th>订单号</th>\r\n                <th>姓名</th>\r\n                <th>联系方式</th>\r\n                <th>审核状态</th>\r\n                <th>审核人</th>\r\n                <th>订单进展</th>\r\n                <th colspan="3">操作</th>\r\n              </tr>\r\n            </thead>\r\n            <tbody>\r\n              \r\n                <tr>\r\n                    \r\n                    <td>1</td>  \r\n                    <td>2020</td>\r\n                    <td>child</td>\r\n                    <td>18826744722</td>\r\n                    <td>\r\n                      审核成功</td>\r\n                        <td>科比</td>\r\n                        <td>\r\n                              成功</td>\r\n                    <td><a href="/foods/edit/2020" class="btn btn-info">审核</a></td>\r\n                    <td><a href="/foods/jing/2020" class="btn btn-success">进展</a></td>\r\n                    <td><a href="/foods/delect/2020" class="btn btn-danger">删除</a></td>\r\n                    \r\n                    \r\n                <tr>\r\n                    \r\n                    <td>2</td>  \r\n                    <td>2021</td>\r\n                    <td>乔丹</td>\r\n                    <td>1234567891</td>\r\n                    <td>\r\n                      审核成功</td>\r\n                        <td>科比</td>\r\n                        <td>\r\n                          等待</td>\r\n                    <td><a href="/foods/edit/2021" class="btn btn-info">审核</a></td>\r\n                    <td><a href="/foods/jing/2021" class="btn btn-success">进展</a></td>\r\n                    <td><a href="/foods/delect/2021" class="btn btn-danger">删除</a></td>\r\n                    \r\n                    \r\n                <tr>\r\n                    \r\n                    <td>3</td>  \r\n                    <td>2022</td>\r\n                    <td>球哥</td>\r\n                    <td>1234567892</td>\r\n                    <td></td>\r\n                        <td></td>\r\n                        <td></td>\r\n                    <td><a href="/foods/edit/2022" class="btn btn-info">审核</a></td>\r\n                    <td><a href="/foods/jing/2022" class="btn btn-success">进展</a></td>\r\n                    <td><a href="/foods/delect/2022" class="btn btn-danger">删除</a></td>\r\n                    \r\n                    \r\n                <tr>\r\n                    \r\n                    <td>4</td>  \r\n                    <td>2023</td>\r\n                    <td>飞人</td>\r\n                    <td>1234567893</td>\r\n                    <td></td>\r\n                        <td></td>\r\n                        <td></td>\r\n                    <td><a href="/foods/edit/2023" class="btn btn-info">审核</a></td>\r\n                    <td><a href="/foods/jing/2023" class="btn btn-success">进展</a></td>\r\n                    <td><a href="/foods/delect/2023" class="btn btn-danger">删除</a></td>\r\n                    \r\n                    \r\n                <tr>\r\n                    \r\n                    <td>5</td>  \r\n                    <td>2024</td>\r\n                    <td>子雄</td>\r\n                    <td>1234567894</td>\r\n                    <td>\r\n                      审核成功</td>\r\n                        <td>科比</td>\r\n                        <td>\r\n                                超时</td>\r\n                    <td><a href="/foods/edit/2024" class="btn btn-info">审核</a></td>\r\n                    <td><a href="/foods/jing/2024" class="btn btn-success">进展</a></td>\r\n                    <td><a href="/foods/delect/2024" class="btn btn-danger">删除</a></td>\r\n                    \r\n                    \r\n                </tr>\r\n            </tbody>\r\n        </table>\r\n        </div>\r\n        <div>\r\n          <a href="./zhenjia" class="btn btn-info">增加订单</a>\r\n        </div> \r\n        <ul class="pagination pull-right">\r\n            <li class="disabled"><a href="#">&laquo;</a></li>\r\n            <li class="active"><a href="#">1 <span class="sr-only">(current)</span></a></li>\r\n            <li><a href="#">2 <span class="sr-only">(current)</span></a></li>\r\n            <li><a href="#">3 <span class="sr-only">(current)</span></a></li>\r\n            <li><a href="#">4 <span class="sr-only">(current)</span></a></li>\r\n            <li><a href="#">5 <span class="sr-only">(current)</span></a></li>\r\n            <li><a href="#">&raquo;</a></li>\r\n          </ul>\r\n        </div>\r\n    </div>\r\n</body>\r\n</html>' } }
[2020-03-29T23:53:33.260] [INFO] response - { method: 'GET',
  url: '/foods/jing/2023',
  body: {},
  costTime: 28,
  response:
   { status: 200,
     message: 'OK',
     header:
      [Object: null prototype] {
        vary: 'Origin',
        'access-control-allow-origin': 'http://localhost:8080',
        'access-control-allow-credentials': 'true',
        'access-control-expose-headers': 'WWW-Authenticate,Server-Authorization',
        'content-type': 'text/html; charset=utf-8',
        'content-length': '1840' },
     body:
      '<!DOCTYPE html>\r\n<html lang="en">\r\n<head>\r\n    <meta charset="UTF-8">\r\n    <meta name="viewport" content="width=device-width, initial-scale=1.0">\r\n    <meta http-equiv="X-UA-Compatible" content="ie=edge">\r\n    <link type="text/css" rel="stylesheet" href="/stylesheets/bootstrap.min.css" />\r\n    <title>食品订单</title>\r\n</head>\r\n<body>\r\n    <div class="clearfix" style="margin-bottom: 10px;"></div>\r\n    <div class="row">\r\n        <div class="col-md-10 col-md-offset-1">\r\n        <div class="table-responsive"><br>\r\n            <a href="/foods/foodlist" >返回</a><br><br>\r\n        <table class="table table-striped table-hover table-bordered">\r\n            <thead>\r\n              <tr class="biao">\r\n                <th>订单号</th>\r\n                <th>已审核</th>\r\n                <th>订单状态</th>\r\n                <th>审核人</th>\r\n                <th colspan="2">操作</th>\r\n              </tr>\r\n            </thead>\r\n            <tbody>\r\n                \r\n                    <form action="/foods/doedit/2023" method="POST">\r\n                <tr>\r\n                  <td>2023</td>\r\n                  <td>\r\n                        </td></td> \r\n                <td>\r\n                    <select name="buy" value="">\r\n                        <option value="1">等待</option>\r\n                      <option value="2">成功</option>\r\n                      <option value="3">超时</option>\r\n                  </select>\r\n                </td>\r\n                    <td></td>\r\n                    <td><button type="submit" class="btn btn-success">完成</button></td>\r\n                    <td><a href="/foods/delect/2023" class="btn btn-danger">删除</a></td>\r\n                    \r\n                </tr>\r\n            </tbody>\r\n        </table>\r\n    </form>\r\n        </div>\r\n  \r\n        </div>\r\n    </div>\r\n</body>\r\n</html>' } }
[2020-03-29T23:54:18.675] [INFO] response - { method: 'GET',
  url: '/foods/finish',
  body: {},
  costTime: 19,
  response:
   { status: 200,
     message: 'OK',
     header:
      [Object: null prototype] {
        vary: 'Origin',
        'access-control-allow-origin': 'http://localhost:8080',
        'access-control-allow-credentials': 'true',
        'access-control-expose-headers': 'WWW-Authenticate,Server-Authorization',
        'content-type': 'text/html; charset=utf-8',
        'content-length': '4708' },
     body:
      '<!DOCTYPE html>\r\n<html lang="en">\r\n<head>\r\n    <meta charset="UTF-8">\r\n    <meta name="viewport" content="width=device-width, initial-scale=1.0">\r\n    <meta http-equiv="X-UA-Compatible" content="ie=edge">\r\n    <link type="text/css" rel="stylesheet" href="/stylesheets/bootstrap.min.css" />\r\n    <title>食品订单</title>\r\n</head>\r\n<body>\r\n    <div class="clearfix" style="margin-bottom: 10px;"></div>\r\n    <div class="row">\r\n        <div class="col-md-10 col-md-offset-1">\r\n        <div class="table-responsive">\r\n            <a href="/foods/foodlist" >返回</a><br><br>\r\n        <table class="table table-striped table-hover table-bordered">\r\n            <thead>\r\n              <tr class="biao">\r\n                <th>订单号</th>\r\n                <th>审核状态</th>\r\n                <th>审核人</th>\r\n                <th>取货进展</th>\r\n                <th colspan="2">操作</th>\r\n              </tr>\r\n            </thead>\r\n            <tbody>\r\n                \r\n                    \r\n                    <form action="/foods/doedit/2020" method="POST">\r\n                <tr>\r\n                    \r\n                    \r\n                  <td>2020</td>  \r\n                <td>\r\n                   \r\n                        审核成功\r\n                        </td>\r\n                    <td>科比</td>\r\n                    <td>\r\n                            成功</td>\r\n                    <td><a href="/foods/lahei/2020" class="btn btn-danger">拉黑</a></td>\r\n                    <td><a href="/foods/delect/2020" class="btn btn-danger">删除</a></td>\r\n                    \r\n                \r\n                    \r\n                    <form action="/foods/doedit/2021" method="POST">\r\n                <tr>\r\n                    \r\n                    \r\n                  <td>2021</td>  \r\n                <td>\r\n                   \r\n                        审核成功\r\n                        </td>\r\n                    <td>科比</td>\r\n                    <td>\r\n                        等待</td>\r\n                    <td><a href="/foods/lahei/2021" class="btn btn-danger">拉黑</a></td>\r\n                    <td><a href="/foods/delect/2021" class="btn btn-danger">删除</a></td>\r\n                    \r\n                \r\n                    \r\n                    <form action="/foods/doedit/2022" method="POST">\r\n                <tr>\r\n                    \r\n                    \r\n                  <td>2022</td>  \r\n                <td>\r\n                   \r\n                        </td>\r\n                    <td></td>\r\n                    <td></td>\r\n                    <td><a href="/foods/lahei/2022" class="btn btn-danger">拉黑</a></td>\r\n                    <td><a href="/foods/delect/2022" class="btn btn-danger">删除</a></td>\r\n                    \r\n                \r\n                    \r\n                    <form action="/foods/doedit/2023" method="POST">\r\n                <tr>\r\n                    \r\n                    \r\n                  <td>2023</td>  \r\n                <td>\r\n                   \r\n                        </td>\r\n                    <td></td>\r\n                    <td></td>\r\n                    <td><a href="/foods/lahei/2023" class="btn btn-danger">拉黑</a></td>\r\n                    <td><a href="/foods/delect/2023" class="btn btn-danger">删除</a></td>\r\n                    \r\n                \r\n                    \r\n                    <form action="/foods/doedit/2024" method="POST">\r\n                <tr>\r\n                    \r\n                    \r\n                  <td>2024</td>  \r\n                <td>\r\n                   \r\n                        审核成功\r\n                        </td>\r\n                    <td>科比</td>\r\n                    <td>\r\n                                超时</td>\r\n                    <td><a href="/foods/lahei/2024" class="btn btn-danger">拉黑</a></td>\r\n                    <td><a href="/foods/delect/2024" class="btn btn-danger">删除</a></td>\r\n                    \r\n                \r\n                </tr>\r\n            </tbody>\r\n        </table>\r\n    </form>\r\n        </div>\r\n  \r\n        <ul class="pagination pull-right">\r\n            <li class="disabled"><a href="#">&laquo;</a></li>\r\n            <li class="active"><a href="#">1 <span class="sr-only">(current)</span></a></li>\r\n            <li><a href="#">2 <span class="sr-only">(current)</span></a></li>\r\n            <li><a href="#">3 <span class="sr-only">(current)</span></a></li>\r\n            <li><a href="#">4 <span class="sr-only">(current)</span></a></li>\r\n            <li><a href="#">5 <span class="sr-only">(current)</span></a></li>\r\n            <li><a href="#">&raquo;</a></li>\r\n          </ul>\r\n        </div>\r\n    </div>\r\n</body>\r\n</html>' } }
[2020-03-29T23:54:20.633] [INFO] response - { method: 'GET',
  url: '/foods/finish',
  body: {},
  costTime: 14,
  response:
   { status: 200,
     message: 'OK',
     header:
      [Object: null prototype] {
        vary: 'Origin',
        'access-control-allow-origin': 'http://localhost:8080',
        'access-control-allow-credentials': 'true',
        'access-control-expose-headers': 'WWW-Authenticate,Server-Authorization',
        'content-type': 'text/html; charset=utf-8',
        'content-length': '4708' },
     body:
      '<!DOCTYPE html>\r\n<html lang="en">\r\n<head>\r\n    <meta charset="UTF-8">\r\n    <meta name="viewport" content="width=device-width, initial-scale=1.0">\r\n    <meta http-equiv="X-UA-Compatible" content="ie=edge">\r\n    <link type="text/css" rel="stylesheet" href="/stylesheets/bootstrap.min.css" />\r\n    <title>食品订单</title>\r\n</head>\r\n<body>\r\n    <div class="clearfix" style="margin-bottom: 10px;"></div>\r\n    <div class="row">\r\n        <div class="col-md-10 col-md-offset-1">\r\n        <div class="table-responsive">\r\n            <a href="/foods/foodlist" >返回</a><br><br>\r\n        <table class="table table-striped table-hover table-bordered">\r\n            <thead>\r\n              <tr class="biao">\r\n                <th>订单号</th>\r\n                <th>审核状态</th>\r\n                <th>审核人</th>\r\n                <th>取货进展</th>\r\n                <th colspan="2">操作</th>\r\n              </tr>\r\n            </thead>\r\n            <tbody>\r\n                \r\n                    \r\n                    <form action="/foods/doedit/2020" method="POST">\r\n                <tr>\r\n                    \r\n                    \r\n                  <td>2020</td>  \r\n                <td>\r\n                   \r\n                        审核成功\r\n                        </td>\r\n                    <td>科比</td>\r\n                    <td>\r\n                            成功</td>\r\n                    <td><a href="/foods/lahei/2020" class="btn btn-danger">拉黑</a></td>\r\n                    <td><a href="/foods/delect/2020" class="btn btn-danger">删除</a></td>\r\n                    \r\n                \r\n                    \r\n                    <form action="/foods/doedit/2021" method="POST">\r\n                <tr>\r\n                    \r\n                    \r\n                  <td>2021</td>  \r\n                <td>\r\n                   \r\n                        审核成功\r\n                        </td>\r\n                    <td>科比</td>\r\n                    <td>\r\n                        等待</td>\r\n                    <td><a href="/foods/lahei/2021" class="btn btn-danger">拉黑</a></td>\r\n                    <td><a href="/foods/delect/2021" class="btn btn-danger">删除</a></td>\r\n                    \r\n                \r\n                    \r\n                    <form action="/foods/doedit/2022" method="POST">\r\n                <tr>\r\n                    \r\n                    \r\n                  <td>2022</td>  \r\n                <td>\r\n                   \r\n                        </td>\r\n                    <td></td>\r\n                    <td></td>\r\n                    <td><a href="/foods/lahei/2022" class="btn btn-danger">拉黑</a></td>\r\n                    <td><a href="/foods/delect/2022" class="btn btn-danger">删除</a></td>\r\n                    \r\n                \r\n                    \r\n                    <form action="/foods/doedit/2023" method="POST">\r\n                <tr>\r\n                    \r\n                    \r\n                  <td>2023</td>  \r\n                <td>\r\n                   \r\n                        </td>\r\n                    <td></td>\r\n                    <td></td>\r\n                    <td><a href="/foods/lahei/2023" class="btn btn-danger">拉黑</a></td>\r\n                    <td><a href="/foods/delect/2023" class="btn btn-danger">删除</a></td>\r\n                    \r\n                \r\n                    \r\n                    <form action="/foods/doedit/2024" method="POST">\r\n                <tr>\r\n                    \r\n                    \r\n                  <td>2024</td>  \r\n                <td>\r\n                   \r\n                        审核成功\r\n                        </td>\r\n                    <td>科比</td>\r\n                    <td>\r\n                                超时</td>\r\n                    <td><a href="/foods/lahei/2024" class="btn btn-danger">拉黑</a></td>\r\n                    <td><a href="/foods/delect/2024" class="btn btn-danger">删除</a></td>\r\n                    \r\n                \r\n                </tr>\r\n            </tbody>\r\n        </table>\r\n    </form>\r\n        </div>\r\n  \r\n        <ul class="pagination pull-right">\r\n            <li class="disabled"><a href="#">&laquo;</a></li>\r\n            <li class="active"><a href="#">1 <span class="sr-only">(current)</span></a></li>\r\n            <li><a href="#">2 <span class="sr-only">(current)</span></a></li>\r\n            <li><a href="#">3 <span class="sr-only">(current)</span></a></li>\r\n            <li><a href="#">4 <span class="sr-only">(current)</span></a></li>\r\n            <li><a href="#">5 <span class="sr-only">(current)</span></a></li>\r\n            <li><a href="#">&raquo;</a></li>\r\n          </ul>\r\n        </div>\r\n    </div>\r\n</body>\r\n</html>' } }
[2020-03-29T23:54:36.082] [INFO] response - { method: 'GET',
  url: '/foods/lahei/2024',
  body: {},
  costTime: 57,
  response:
   { status: 200,
     message: 'OK',
     header:
      [Object: null prototype] {
        vary: 'Origin',
        'access-control-allow-origin': 'http://localhost:8080',
        'access-control-allow-credentials': 'true',
        'access-control-expose-headers': 'WWW-Authenticate,Server-Authorization',
        'content-type': 'text/html; charset=utf-8',
        'content-length': '1489' },
     body:
      '<!DOCTYPE html>\r\n<html lang="en">\r\n<head>\r\n    <meta charset="UTF-8">\r\n    <meta name="viewport" content="width=device-width, initial-scale=1.0">\r\n    <meta http-equiv="X-UA-Compatible" content="ie=edge">\r\n    <link type="text/css" rel="stylesheet" href="/stylesheets/bootstrap.min.css" />\r\n    <title>食品订单</title>\r\n</head>\r\n<body>\r\n    <div class="clearfix" style="margin-bottom: 10px;"></div>\r\n        \r\n        <div class="col-md-10 col-md-offset-1">\r\n        <div class="table-responsive"><br>\r\n            <a href="/foods/foodlist" >返回</a><br><br>\r\n        \r\n            <table class="table table-striped table-hover table-bordered">\r\n            <thead>\r\n              <tr class="biao">\r\n                <th>工号/帐号</th>\r\n                <th>名称</th>\r\n                <th>拉黑理由</th>\r\n                <th>联系方式</th>\r\n                <th>操作</th>\r\n              </tr>\r\n            </thead>\r\n            <tbody>\r\n                \r\n                    <form action="/foods/doedit/2024" method="POST">\r\n                <tr>\r\n                  <td>1005</td> \r\n                  <td>子雄</td>\r\n                  <td><input type="text" name="reason" required></td>  \r\n                  <td>1234567894</td>\r\n                    <td><button type="submit" class="btn btn-warning">上传</button></td>\r\n                    \r\n                </tr>\r\n            </tbody>\r\n        </table> \r\n\r\n        </div>\r\n  \r\n        </div>\r\n    </div>\r\n</body>\r\n</html>' } }
[2020-03-29T23:54:39.544] [INFO] response - { method: 'POST',
  url: '/foods/doedit/2024',
  body: { reason: '不想给' },
  costTime: 1,
  response:
   { status: 302,
     message: 'Found',
     header:
      [Object: null prototype] {
        vary: 'Origin',
        'access-control-allow-origin': 'http://localhost:8080',
        'access-control-allow-credentials': 'true',
        'access-control-expose-headers': 'WWW-Authenticate,Server-Authorization',
        location: '/foods/foodlist',
        'content-type': 'text/html; charset=utf-8',
        'content-length': '61' },
     body:
      'Redirecting to <a href="/foods/foodlist">/foods/foodlist</a>.' } }
[2020-03-29T23:54:39.609] [INFO] response - { method: 'GET',
  url: '/foods/foodlist',
  body: {},
  costTime: 54,
  response:
   { status: 200,
     message: 'OK',
     header:
      [Object: null prototype] {
        vary: 'Origin',
        'access-control-allow-origin': 'http://localhost:8080',
        'access-control-allow-credentials': 'true',
        'access-control-expose-headers': 'WWW-Authenticate,Server-Authorization',
        'content-type': 'text/html; charset=utf-8',
        'content-length': '6028' },
     body:
      '<!DOCTYPE html>\r\n<html lang="en">\r\n<head>\r\n    <meta charset="UTF-8">\r\n    <meta name="viewport" content="width=device-width, initial-scale=1.0">\r\n    <meta http-equiv="X-UA-Compatible" content="ie=edge">\r\n    <link type="text/css" rel="stylesheet" href="/stylesheets/bootstrap.min.css" />\r\n    <title>食品订单</title>\r\n</head>\r\n<body>\r\n    <div class="clearfix" style="margin-bottom: 10px;"></div>\r\n    <div class="row">\r\n        <form>\r\n        <div class="col-md-offset-1 col-md-2 margin-bottom-15">\r\n          <label for="firstName" class="control-label">订单号</label>\r\n          <input type="text" class="form-control" id="firstName" value="">                  \r\n        </div>\r\n        <div class="col-md-2 margin-bottom-15">\r\n          <label for="lastName" class="control-label">姓名</label>\r\n          <input type="text" class="form-control" id="lastName" value="">                 \r\n        </div>\r\n        <div class="row templatemo-form-buttons">\r\n                <div class="col-md-2"><br>\r\n                  <button type="submit" class="btn btn-info">查询</button>\r\n                  <button type="reset" class="btn btn-default">重置</button>    \r\n                </div>\r\n        </div>\r\n        </form>\r\n    </div>\r\n    <br>\r\n    <div class="clearfix" style="margin-bottom: 10px;"></div>\r\n    <div class="row">\r\n        <div class="col-md-10 col-md-offset-1">\r\n        <div class="table-responsive">\r\n        <table class="table table-striped table-hover table-bordered">\r\n            <thead>\r\n              <tr class="biao">\r\n                <th>序号</th>\r\n                <th>订单号</th>\r\n                <th>姓名</th>\r\n                <th>联系方式</th>\r\n                <th>审核状态</th>\r\n                <th>审核人</th>\r\n                <th>订单进展</th>\r\n                <th colspan="3">操作</th>\r\n              </tr>\r\n            </thead>\r\n            <tbody>\r\n              \r\n                <tr>\r\n                    \r\n                    <td>1</td>  \r\n                    <td>2020</td>\r\n                    <td>child</td>\r\n                    <td>18826744722</td>\r\n                    <td>\r\n                      审核成功</td>\r\n                        <td>科比</td>\r\n                        <td>\r\n                              成功</td>\r\n                    <td><a href="/foods/edit/2020" class="btn btn-info">审核</a></td>\r\n                    <td><a href="/foods/jing/2020" class="btn btn-success">进展</a></td>\r\n                    <td><a href="/foods/delect/2020" class="btn btn-danger">删除</a></td>\r\n                    \r\n                    \r\n                <tr>\r\n                    \r\n                    <td>2</td>  \r\n                    <td>2021</td>\r\n                    <td>乔丹</td>\r\n                    <td>1234567891</td>\r\n                    <td>\r\n                      审核成功</td>\r\n                        <td>科比</td>\r\n                        <td>\r\n                          等待</td>\r\n                    <td><a href="/foods/edit/2021" class="btn btn-info">审核</a></td>\r\n                    <td><a href="/foods/jing/2021" class="btn btn-success">进展</a></td>\r\n                    <td><a href="/foods/delect/2021" class="btn btn-danger">删除</a></td>\r\n                    \r\n                    \r\n                <tr>\r\n                    \r\n                    <td>3</td>  \r\n                    <td>2022</td>\r\n                    <td>球哥</td>\r\n                    <td>1234567892</td>\r\n                    <td></td>\r\n                        <td></td>\r\n                        <td></td>\r\n                    <td><a href="/foods/edit/2022" class="btn btn-info">审核</a></td>\r\n                    <td><a href="/foods/jing/2022" class="btn btn-success">进展</a></td>\r\n                    <td><a href="/foods/delect/2022" class="btn btn-danger">删除</a></td>\r\n                    \r\n                    \r\n                <tr>\r\n                    \r\n                    <td>4</td>  \r\n                    <td>2023</td>\r\n                    <td>飞人</td>\r\n                    <td>1234567893</td>\r\n                    <td></td>\r\n                        <td></td>\r\n                        <td></td>\r\n                    <td><a href="/foods/edit/2023" class="btn btn-info">审核</a></td>\r\n                    <td><a href="/foods/jing/2023" class="btn btn-success">进展</a></td>\r\n                    <td><a href="/foods/delect/2023" class="btn btn-danger">删除</a></td>\r\n                    \r\n                    \r\n                <tr>\r\n                    \r\n                    <td>5</td>  \r\n                    <td>2024</td>\r\n                    <td>子雄</td>\r\n                    <td>1234567894</td>\r\n                    <td>\r\n                      审核成功</td>\r\n                        <td>科比</td>\r\n                        <td>\r\n                                超时</td>\r\n                    <td><a href="/foods/edit/2024" class="btn btn-info">审核</a></td>\r\n                    <td><a href="/foods/jing/2024" class="btn btn-success">进展</a></td>\r\n                    <td><a href="/foods/delect/2024" class="btn btn-danger">删除</a></td>\r\n                    \r\n                    \r\n                </tr>\r\n            </tbody>\r\n        </table>\r\n        </div>\r\n        <div>\r\n          <a href="./zhenjia" class="btn btn-info">增加订单</a>\r\n        </div> \r\n        <ul class="pagination pull-right">\r\n            <li class="disabled"><a href="#">&laquo;</a></li>\r\n            <li class="active"><a href="#">1 <span class="sr-only">(current)</span></a></li>\r\n            <li><a href="#">2 <span class="sr-only">(current)</span></a></li>\r\n            <li><a href="#">3 <span class="sr-only">(current)</span></a></li>\r\n            <li><a href="#">4 <span class="sr-only">(current)</span></a></li>\r\n            <li><a href="#">5 <span class="sr-only">(current)</span></a></li>\r\n            <li><a href="#">&raquo;</a></li>\r\n          </ul>\r\n        </div>\r\n    </div>\r\n</body>\r\n</html>' } }
[2020-03-29T23:54:47.114] [INFO] response - { method: 'GET',
  url: '/foods/hei',
  body: {},
  costTime: 12,
  response:
   { status: 200,
     message: 'OK',
     header:
      [Object: null prototype] {
        vary: 'Origin',
        'access-control-allow-origin': 'http://localhost:8080',
        'access-control-allow-credentials': 'true',
        'access-control-expose-headers': 'WWW-Authenticate,Server-Authorization',
        'content-type': 'text/html; charset=utf-8',
        'content-length': '2060' },
     body:
      '<!DOCTYPE html>\r\n<html lang="en">\r\n<head>\r\n    <meta charset="UTF-8">\r\n    <meta name="viewport" content="width=device-width, initial-scale=1.0">\r\n    <meta http-equiv="X-UA-Compatible" content="ie=edge">\r\n    <link type="text/css" rel="stylesheet" href="/stylesheets/bootstrap.min.css" />\r\n    <title>食品订单</title>\r\n    <style type="text/css">\r\n        caption{\r\n            font-size: 30px;\r\n            color: red;\r\n        }\r\n</style>        \r\n</head>\r\n<body>\r\n    <div class="clearfix" style="margin-bottom: 10px;"></div>\r\n        \r\n        <div class="col-md-10 col-md-offset-1">\r\n        <div class="table-responsive"><br>\r\n            <table class="table table-striped table-hover table-bordered">\r\n            <thead>\r\n              \r\n                <caption>黑名单</caption>\r\n              <tr class="biao">\r\n                <th>工号/帐号</th>\r\n                <th>名称</th>\r\n                <th>拉黑理由</th>\r\n                <th>联系方式</th>\r\n                <th>操作</th>\r\n              </tr>\r\n            </thead>\r\n            <tbody>\r\n                \r\n                    <form action="/foods/doedit/2020" method="POST">\r\n                <tr>\r\n                    \r\n                    <form action="/foods/doedit/2021" method="POST">\r\n                <tr>\r\n                    \r\n                    <form action="/foods/doedit/2022" method="POST">\r\n                <tr>\r\n                    \r\n                    <form action="/foods/doedit/2023" method="POST">\r\n                <tr>\r\n                    \r\n                    <form action="/foods/doedit/2024" method="POST">\r\n                <tr>\r\n                  <td>1005</td> \r\n                  <td>子雄</td>\r\n                  <td>不想给</td></td>  \r\n                  <td>1234567894</td>\r\n                    <td><a href="/foods/delect/2024" class="btn btn-danger">删除</a></td>\r\n                \r\n                    \r\n                </tr>\r\n            </tbody>\r\n        </table> \r\n\r\n        </div>\r\n  \r\n        </div>\r\n    </div>\r\n</body>\r\n</html>' } }
[2020-03-29T23:54:53.760] [INFO] response - { method: 'GET',
  url: '/foods/finish',
  body: {},
  costTime: 12,
  response:
   { status: 200,
     message: 'OK',
     header:
      [Object: null prototype] {
        vary: 'Origin',
        'access-control-allow-origin': 'http://localhost:8080',
        'access-control-allow-credentials': 'true',
        'access-control-expose-headers': 'WWW-Authenticate,Server-Authorization',
        'content-type': 'text/html; charset=utf-8',
        'content-length': '4224' },
     body:
      '<!DOCTYPE html>\r\n<html lang="en">\r\n<head>\r\n    <meta charset="UTF-8">\r\n    <meta name="viewport" content="width=device-width, initial-scale=1.0">\r\n    <meta http-equiv="X-UA-Compatible" content="ie=edge">\r\n    <link type="text/css" rel="stylesheet" href="/stylesheets/bootstrap.min.css" />\r\n    <title>食品订单</title>\r\n</head>\r\n<body>\r\n    <div class="clearfix" style="margin-bottom: 10px;"></div>\r\n    <div class="row">\r\n        <div class="col-md-10 col-md-offset-1">\r\n        <div class="table-responsive">\r\n            <a href="/foods/foodlist" >返回</a><br><br>\r\n        <table class="table table-striped table-hover table-bordered">\r\n            <thead>\r\n              <tr class="biao">\r\n                <th>订单号</th>\r\n                <th>审核状态</th>\r\n                <th>审核人</th>\r\n                <th>取货进展</th>\r\n                <th colspan="2">操作</th>\r\n              </tr>\r\n            </thead>\r\n            <tbody>\r\n                \r\n                    \r\n                    <form action="/foods/doedit/2020" method="POST">\r\n                <tr>\r\n                    \r\n                    \r\n                  <td>2020</td>  \r\n                <td>\r\n                   \r\n                        审核成功\r\n                        </td>\r\n                    <td>科比</td>\r\n                    <td>\r\n                            成功</td>\r\n                    <td><a href="/foods/lahei/2020" class="btn btn-danger">拉黑</a></td>\r\n                    <td><a href="/foods/delect/2020" class="btn btn-danger">删除</a></td>\r\n                    \r\n                \r\n                    \r\n                    <form action="/foods/doedit/2021" method="POST">\r\n                <tr>\r\n                    \r\n                    \r\n                  <td>2021</td>  \r\n                <td>\r\n                   \r\n                        审核成功\r\n                        </td>\r\n                    <td>科比</td>\r\n                    <td>\r\n                        等待</td>\r\n                    <td><a href="/foods/lahei/2021" class="btn btn-danger">拉黑</a></td>\r\n                    <td><a href="/foods/delect/2021" class="btn btn-danger">删除</a></td>\r\n                    \r\n                \r\n                    \r\n                    <form action="/foods/doedit/2022" method="POST">\r\n                <tr>\r\n                    \r\n                    \r\n                  <td>2022</td>  \r\n                <td>\r\n                   \r\n                        </td>\r\n                    <td></td>\r\n                    <td></td>\r\n                    <td><a href="/foods/lahei/2022" class="btn btn-danger">拉黑</a></td>\r\n                    <td><a href="/foods/delect/2022" class="btn btn-danger">删除</a></td>\r\n                    \r\n                \r\n                    \r\n                    <form action="/foods/doedit/2023" method="POST">\r\n                <tr>\r\n                    \r\n                    \r\n                  <td>2023</td>  \r\n                <td>\r\n                   \r\n                        </td>\r\n                    <td></td>\r\n                    <td></td>\r\n                    <td><a href="/foods/lahei/2023" class="btn btn-danger">拉黑</a></td>\r\n                    <td><a href="/foods/delect/2023" class="btn btn-danger">删除</a></td>\r\n                    \r\n                \r\n                    \r\n                    <form action="/foods/doedit/2024" method="POST">\r\n                <tr>\r\n                    \r\n                \r\n                </tr>\r\n            </tbody>\r\n        </table>\r\n    </form>\r\n        </div>\r\n  \r\n        <ul class="pagination pull-right">\r\n            <li class="disabled"><a href="#">&laquo;</a></li>\r\n            <li class="active"><a href="#">1 <span class="sr-only">(current)</span></a></li>\r\n            <li><a href="#">2 <span class="sr-only">(current)</span></a></li>\r\n            <li><a href="#">3 <span class="sr-only">(current)</span></a></li>\r\n            <li><a href="#">4 <span class="sr-only">(current)</span></a></li>\r\n            <li><a href="#">5 <span class="sr-only">(current)</span></a></li>\r\n            <li><a href="#">&raquo;</a></li>\r\n          </ul>\r\n        </div>\r\n    </div>\r\n</body>\r\n</html>' } }
