[2020-04-07T00:38:47.572] [INFO] response - { method: 'POST',
  url: '/api/users/postlogin',
  body: { user_id: '1001', password: '10' },
  costTime: 98,
  response:
   { status: 200,
     message: 'OK',
     header:
      [Object: null prototype] {
        vary: 'Origin',
        'access-control-allow-origin': 'http://localhost:8080',
        'access-control-allow-credentials': 'true',
        'access-control-expose-headers': 'WWW-Authenticate,Server-Authorization',
        'content-type': 'application/json; charset=utf-8' },
     body: { code: 1, data: [Object] } } }
[2020-04-07T00:38:47.907] [INFO] response - { method: 'GET',
  url: '/api/users/userinfo',
  body: {},
  costTime: 99,
  response:
   { status: 200,
     message: 'OK',
     header:
      [Object: null prototype] {
        vary: 'Origin',
        'access-control-allow-origin': 'http://localhost:8080',
        'access-control-allow-credentials': 'true',
        'access-control-expose-headers': 'WWW-Authenticate,Server-Authorization',
        'content-type': 'application/json; charset=utf-8' },
     body: { data: [Object] } } }
[2020-04-07T00:38:56.990] [INFO] response - { method: 'GET',
  url: '/api/users/userinfo',
  body: {},
  costTime: 57,
  response:
   { status: 200,
     message: 'OK',
     header:
      [Object: null prototype] {
        vary: 'Origin',
        'access-control-allow-origin': 'http://localhost:8080',
        'access-control-allow-credentials': 'true',
        'access-control-expose-headers': 'WWW-Authenticate,Server-Authorization',
        'content-type': 'application/json; charset=utf-8' },
     body: { data: [Object] } } }
[2020-04-07T00:38:58.472] [INFO] response - { method: 'GET',
  url: '/api/users/userinfo',
  body: {},
  costTime: 67,
  response:
   { status: 200,
     message: 'OK',
     header:
      [Object: null prototype] {
        vary: 'Origin',
        'access-control-allow-origin': 'http://localhost:8080',
        'access-control-allow-credentials': 'true',
        'access-control-expose-headers': 'WWW-Authenticate,Server-Authorization',
        'content-type': 'application/json; charset=utf-8' },
     body: { data: [Object] } } }
[2020-04-07T00:39:00.324] [INFO] response - { method: 'GET',
  url: '/api/users/userinfo',
  body: {},
  costTime: 71,
  response:
   { status: 200,
     message: 'OK',
     header:
      [Object: null prototype] {
        vary: 'Origin',
        'access-control-allow-origin': 'http://localhost:8080',
        'access-control-allow-credentials': 'true',
        'access-control-expose-headers': 'WWW-Authenticate,Server-Authorization',
        'content-type': 'application/json; charset=utf-8' },
     body: { data: [Object] } } }
[2020-04-07T00:39:01.227] [INFO] response - { method: 'GET',
  url: '/api/users/userinfo',
  body: {},
  costTime: 58,
  response:
   { status: 200,
     message: 'OK',
     header:
      [Object: null prototype] {
        vary: 'Origin',
        'access-control-allow-origin': 'http://localhost:8080',
        'access-control-allow-credentials': 'true',
        'access-control-expose-headers': 'WWW-Authenticate,Server-Authorization',
        'content-type': 'application/json; charset=utf-8' },
     body: { data: [Object] } } }
[2020-04-07T00:39:02.957] [INFO] response - { method: 'GET',
  url: '/api/users/userinfo',
  body: {},
  costTime: 59,
  response:
   { status: 200,
     message: 'OK',
     header:
      [Object: null prototype] {
        vary: 'Origin',
        'access-control-allow-origin': 'http://localhost:8080',
        'access-control-allow-credentials': 'true',
        'access-control-expose-headers': 'WWW-Authenticate,Server-Authorization',
        'content-type': 'application/json; charset=utf-8' },
     body: { data: [Object] } } }
[2020-04-07T00:39:03.950] [INFO] response - { method: 'GET',
  url: '/api/users/userinfo',
  body: {},
  costTime: 66,
  response:
   { status: 200,
     message: 'OK',
     header:
      [Object: null prototype] {
        vary: 'Origin',
        'access-control-allow-origin': 'http://localhost:8080',
        'access-control-allow-credentials': 'true',
        'access-control-expose-headers': 'WWW-Authenticate,Server-Authorization',
        'content-type': 'application/json; charset=utf-8' },
     body: { data: [Object] } } }
[2020-04-07T00:39:05.001] [INFO] response - { method: 'GET',
  url: '/api/users/userinfo',
  body: {},
  costTime: 58,
  response:
   { status: 200,
     message: 'OK',
     header:
      [Object: null prototype] {
        vary: 'Origin',
        'access-control-allow-origin': 'http://localhost:8080',
        'access-control-allow-credentials': 'true',
        'access-control-expose-headers': 'WWW-Authenticate,Server-Authorization',
        'content-type': 'application/json; charset=utf-8' },
     body: { data: [Object] } } }
[2020-04-07T10:30:27.135] [INFO] response - { method: 'POST',
  url: '/api/users/postlogin',
  body: { user_id: '1001', password: '10' },
  costTime: 450,
  response:
   { status: 200,
     message: 'OK',
     header:
      [Object: null prototype] {
        vary: 'Origin',
        'access-control-allow-origin': 'http://localhost:8080',
        'access-control-allow-credentials': 'true',
        'access-control-expose-headers': 'WWW-Authenticate,Server-Authorization',
        'content-type': 'application/json; charset=utf-8' },
     body: { code: 1, data: [Object] } } }
[2020-04-07T10:30:28.477] [INFO] response - { method: 'GET',
  url: '/api/users/userinfo',
  body: {},
  costTime: 142,
  response:
   { status: 200,
     message: 'OK',
     header:
      [Object: null prototype] {
        vary: 'Origin',
        'access-control-allow-origin': 'http://localhost:8080',
        'access-control-allow-credentials': 'true',
        'access-control-expose-headers': 'WWW-Authenticate,Server-Authorization',
        'content-type': 'application/json; charset=utf-8' },
     body: { data: [Object] } } }
[2020-04-07T10:30:49.343] [INFO] response - { method: 'POST',
  url: '/api/users/postlogin',
  body: { user_id: '1001', password: '10' },
  costTime: 51,
  response:
   { status: 200,
     message: 'OK',
     header:
      [Object: null prototype] {
        vary: 'Origin',
        'access-control-allow-origin': 'http://localhost:8080',
        'access-control-allow-credentials': 'true',
        'access-control-expose-headers': 'WWW-Authenticate,Server-Authorization',
        'content-type': 'application/json; charset=utf-8' },
     body: { code: 1, data: [Object] } } }
[2020-04-07T10:30:49.650] [INFO] response - { method: 'GET',
  url: '/api/users/userinfo',
  body: {},
  costTime: 78,
  response:
   { status: 200,
     message: 'OK',
     header:
      [Object: null prototype] {
        vary: 'Origin',
        'access-control-allow-origin': 'http://localhost:8080',
        'access-control-allow-credentials': 'true',
        'access-control-expose-headers': 'WWW-Authenticate,Server-Authorization',
        'content-type': 'application/json; charset=utf-8' },
     body: { data: [Object] } } }
[2020-04-07T10:30:52.096] [INFO] response - { method: 'GET',
  url: '/api/users/userinfo',
  body: {},
  costTime: 53,
  response:
   { status: 200,
     message: 'OK',
     header:
      [Object: null prototype] {
        vary: 'Origin',
        'access-control-allow-origin': 'http://localhost:8080',
        'access-control-allow-credentials': 'true',
        'access-control-expose-headers': 'WWW-Authenticate,Server-Authorization',
        'content-type': 'application/json; charset=utf-8' },
     body: { data: [Object] } } }
[2020-04-07T10:30:54.278] [INFO] response - { method: 'GET',
  url: '/api/users/userinfo',
  body: {},
  costTime: 72,
  response:
   { status: 200,
     message: 'OK',
     header:
      [Object: null prototype] {
        vary: 'Origin',
        'access-control-allow-origin': 'http://localhost:8080',
        'access-control-allow-credentials': 'true',
        'access-control-expose-headers': 'WWW-Authenticate,Server-Authorization',
        'content-type': 'application/json; charset=utf-8' },
     body: { data: [Object] } } }
[2020-04-07T10:30:55.646] [INFO] response - { method: 'GET',
  url: '/api/users/userinfo',
  body: {},
  costTime: 58,
  response:
   { status: 200,
     message: 'OK',
     header:
      [Object: null prototype] {
        vary: 'Origin',
        'access-control-allow-origin': 'http://localhost:8080',
        'access-control-allow-credentials': 'true',
        'access-control-expose-headers': 'WWW-Authenticate,Server-Authorization',
        'content-type': 'application/json; charset=utf-8' },
     body: { data: [Object] } } }
[2020-04-07T10:30:57.030] [INFO] response - { method: 'GET',
  url: '/api/users/userinfo',
  body: {},
  costTime: 58,
  response:
   { status: 200,
     message: 'OK',
     header:
      [Object: null prototype] {
        vary: 'Origin',
        'access-control-allow-origin': 'http://localhost:8080',
        'access-control-allow-credentials': 'true',
        'access-control-expose-headers': 'WWW-Authenticate,Server-Authorization',
        'content-type': 'application/json; charset=utf-8' },
     body: { data: [Object] } } }
[2020-04-07T10:46:40.606] [INFO] response - { method: 'GET',
  url: '/api/users/userinfo',
  body: {},
  costTime: 598,
  response:
   { status: 200,
     message: 'OK',
     header:
      [Object: null prototype] {
        vary: 'Origin',
        'access-control-allow-origin': 'http://localhost:8080',
        'access-control-allow-credentials': 'true',
        'access-control-expose-headers': 'WWW-Authenticate,Server-Authorization',
        'content-type': 'application/json; charset=utf-8' },
     body: { data: [Object] } } }
[2020-04-07T10:48:34.887] [INFO] response - { method: 'GET',
  url: '/api/users/userinfo',
  body: {},
  costTime: 256,
  response:
   { status: 200,
     message: 'OK',
     header:
      [Object: null prototype] {
        vary: 'Origin',
        'access-control-allow-origin': 'http://localhost:8080',
        'access-control-allow-credentials': 'true',
        'access-control-expose-headers': 'WWW-Authenticate,Server-Authorization',
        'content-type': 'application/json; charset=utf-8' },
     body: { data: [Object] } } }
[2020-04-07T10:49:13.927] [INFO] response - { method: 'GET',
  url: '/api/users/userinfo',
  body: {},
  costTime: 69,
  response:
   { status: 200,
     message: 'OK',
     header:
      [Object: null prototype] {
        vary: 'Origin',
        'access-control-allow-origin': 'http://localhost:8080',
        'access-control-allow-credentials': 'true',
        'access-control-expose-headers': 'WWW-Authenticate,Server-Authorization',
        'content-type': 'application/json; charset=utf-8' },
     body: { data: [Object] } } }
[2020-04-07T10:49:20.551] [INFO] response - { method: 'GET',
  url: '/api/users/userinfo',
  body: {},
  costTime: 84,
  response:
   { status: 200,
     message: 'OK',
     header:
      [Object: null prototype] {
        vary: 'Origin',
        'access-control-allow-origin': 'http://localhost:8080',
        'access-control-allow-credentials': 'true',
        'access-control-expose-headers': 'WWW-Authenticate,Server-Authorization',
        'content-type': 'application/json; charset=utf-8' },
     body: { data: [Object] } } }
[2020-04-07T10:49:29.681] [INFO] response - { method: 'GET',
  url: '/api/users/userinfo',
  body: {},
  costTime: 68,
  response:
   { status: 200,
     message: 'OK',
     header:
      [Object: null prototype] {
        vary: 'Origin',
        'access-control-allow-origin': 'http://localhost:8080',
        'access-control-allow-credentials': 'true',
        'access-control-expose-headers': 'WWW-Authenticate,Server-Authorization',
        'content-type': 'application/json; charset=utf-8' },
     body: { data: [Object] } } }
[2020-04-07T10:49:39.891] [INFO] response - { method: 'GET',
  url: '/api/users/userinfo',
  body: {},
  costTime: 128,
  response:
   { status: 200,
     message: 'OK',
     header:
      [Object: null prototype] {
        vary: 'Origin',
        'access-control-allow-origin': 'http://localhost:8080',
        'access-control-allow-credentials': 'true',
        'access-control-expose-headers': 'WWW-Authenticate,Server-Authorization',
        'content-type': 'application/json; charset=utf-8' },
     body: { data: [Object] } } }
[2020-04-07T10:52:06.919] [INFO] response - { method: 'GET',
  url: '/api/users/userinfo',
  body: {},
  costTime: 288,
  response:
   { status: 200,
     message: 'OK',
     header:
      [Object: null prototype] {
        vary: 'Origin',
        'access-control-allow-origin': 'http://localhost:8080',
        'access-control-allow-credentials': 'true',
        'access-control-expose-headers': 'WWW-Authenticate,Server-Authorization',
        'content-type': 'application/json; charset=utf-8' },
     body: { data: [Object] } } }
[2020-04-07T10:55:48.524] [INFO] response - { method: 'GET',
  url: '/api/users/userinfo',
  body: {},
  costTime: 123,
  response:
   { status: 200,
     message: 'OK',
     header:
      [Object: null prototype] {
        vary: 'Origin',
        'access-control-allow-origin': 'http://localhost:8080',
        'access-control-allow-credentials': 'true',
        'access-control-expose-headers': 'WWW-Authenticate,Server-Authorization',
        'content-type': 'application/json; charset=utf-8' },
     body: { data: [Object] } } }
[2020-04-07T10:58:17.063] [INFO] response - { method: 'GET',
  url: '/api/users/userinfo',
  body: {},
  costTime: 50,
  response:
   { status: 200,
     message: 'OK',
     header:
      [Object: null prototype] {
        vary: 'Origin',
        'access-control-allow-origin': 'http://localhost:8080',
        'access-control-allow-credentials': 'true',
        'access-control-expose-headers': 'WWW-Authenticate,Server-Authorization',
        'content-type': 'application/json; charset=utf-8' },
     body: { data: [Object] } } }
[2020-04-07T11:07:06.139] [INFO] response - { method: 'GET',
  url: '/api/users/userinfo',
  body: {},
  costTime: 296,
  response:
   { status: 200,
     message: 'OK',
     header:
      [Object: null prototype] {
        vary: 'Origin',
        'access-control-allow-origin': 'http://localhost:8080',
        'access-control-allow-credentials': 'true',
        'access-control-expose-headers': 'WWW-Authenticate,Server-Authorization',
        'content-type': 'application/json; charset=utf-8' },
     body: { data: [Object] } } }
[2020-04-07T13:21:55.369] [INFO] response - { method: 'GET',
  url: '/api/users/userinfo',
  body: {},
  costTime: 772,
  response:
   { status: 401,
     message: 'Unauthorized',
     header:
      [Object: null prototype] {
        vary: 'Origin',
        'access-control-allow-origin': 'http://localhost:8080',
        'access-control-allow-credentials': 'true',
        'access-control-expose-headers': 'WWW-Authenticate,Server-Authorization',
        'content-type': 'text/plain; charset=utf-8',
        'content-length': '12' },
     body: 'Unauthorized' } }
[2020-04-07T13:21:55.788] [INFO] response - { method: 'GET',
  url: '/api/users/userinfo',
  body: {},
  costTime: 52,
  response:
   { status: 401,
     message: 'Unauthorized',
     header:
      [Object: null prototype] {
        vary: 'Origin',
        'access-control-allow-origin': 'http://localhost:8080',
        'access-control-allow-credentials': 'true',
        'access-control-expose-headers': 'WWW-Authenticate,Server-Authorization',
        'content-type': 'text/plain; charset=utf-8',
        'content-length': '12' },
     body: 'Unauthorized' } }
[2020-04-07T13:22:08.587] [INFO] response - { method: 'POST',
  url: '/api/users/postlogin',
  body: { user_id: '1001', password: '10' },
  costTime: 857,
  response:
   { status: 200,
     message: 'OK',
     header:
      [Object: null prototype] {
        vary: 'Origin',
        'access-control-allow-origin': 'http://localhost:8080',
        'access-control-allow-credentials': 'true',
        'access-control-expose-headers': 'WWW-Authenticate,Server-Authorization',
        'content-type': 'application/json; charset=utf-8' },
     body: { code: 1, data: [Object] } } }
[2020-04-07T13:22:08.816] [INFO] response - { method: 'GET',
  url: '/api/users/userinfo',
  body: {},
  costTime: 179,
  response:
   { status: 200,
     message: 'OK',
     header:
      [Object: null prototype] {
        vary: 'Origin',
        'access-control-allow-origin': 'http://localhost:8080',
        'access-control-allow-credentials': 'true',
        'access-control-expose-headers': 'WWW-Authenticate,Server-Authorization',
        'content-type': 'application/json; charset=utf-8' },
     body: { data: [Object] } } }
[2020-04-07T13:22:10.903] [INFO] response - { method: 'GET',
  url: '/api/users/userinfo',
  body: {},
  costTime: 169,
  response:
   { status: 200,
     message: 'OK',
     header:
      [Object: null prototype] {
        vary: 'Origin',
        'access-control-allow-origin': 'http://localhost:8080',
        'access-control-allow-credentials': 'true',
        'access-control-expose-headers': 'WWW-Authenticate,Server-Authorization',
        'content-type': 'application/json; charset=utf-8' },
     body: { data: [Object] } } }
[2020-04-07T13:24:31.238] [INFO] response - { method: 'GET',
  url: '/api/users/userinfo',
  body: {},
  costTime: 189,
  response:
   { status: 200,
     message: 'OK',
     header:
      [Object: null prototype] {
        vary: 'Origin',
        'access-control-allow-origin': 'http://localhost:8080',
        'access-control-allow-credentials': 'true',
        'access-control-expose-headers': 'WWW-Authenticate,Server-Authorization',
        'content-type': 'application/json; charset=utf-8' },
     body: { data: [Object] } } }
[2020-04-07T13:52:42.094] [INFO] response - { method: 'GET',
  url: '/api/users/userinfo',
  body: {},
  costTime: 1328,
  response:
   { status: 200,
     message: 'OK',
     header:
      [Object: null prototype] {
        vary: 'Origin',
        'access-control-allow-origin': 'http://localhost:8080',
        'access-control-allow-credentials': 'true',
        'access-control-expose-headers': 'WWW-Authenticate,Server-Authorization',
        'content-type': 'application/json; charset=utf-8' },
     body: { data: [Object] } } }
[2020-04-07T14:02:10.002] [INFO] response - { method: 'GET',
  url: '/api/users/userinfo',
  body: {},
  costTime: 90,
  response:
   { status: 200,
     message: 'OK',
     header:
      [Object: null prototype] {
        vary: 'Origin',
        'access-control-allow-origin': 'http://localhost:8080',
        'access-control-allow-credentials': 'true',
        'access-control-expose-headers': 'WWW-Authenticate,Server-Authorization',
        'content-type': 'application/json; charset=utf-8' },
     body: { data: [Object] } } }
[2020-04-07T14:02:11.816] [INFO] response - { method: 'GET',
  url: '/api/users/userinfo',
  body: {},
  costTime: 150,
  response:
   { status: 200,
     message: 'OK',
     header:
      [Object: null prototype] {
        vary: 'Origin',
        'access-control-allow-origin': 'http://localhost:8080',
        'access-control-allow-credentials': 'true',
        'access-control-expose-headers': 'WWW-Authenticate,Server-Authorization',
        'content-type': 'application/json; charset=utf-8' },
     body: { data: [Object] } } }
[2020-04-07T14:12:07.644] [INFO] response - { method: 'GET',
  url: '/api/users/userinfo',
  body: {},
  costTime: 120,
  response:
   { status: 200,
     message: 'OK',
     header:
      [Object: null prototype] {
        vary: 'Origin',
        'access-control-allow-origin': 'http://localhost:8080',
        'access-control-allow-credentials': 'true',
        'access-control-expose-headers': 'WWW-Authenticate,Server-Authorization',
        'content-type': 'application/json; charset=utf-8' },
     body: { data: [Object] } } }
[2020-04-07T14:12:51.040] [INFO] response - { method: 'GET',
  url: '/api/users/userinfo',
  body: {},
  costTime: 206,
  response:
   { status: 200,
     message: 'OK',
     header:
      [Object: null prototype] {
        vary: 'Origin',
        'access-control-allow-origin': 'http://localhost:8080',
        'access-control-allow-credentials': 'true',
        'access-control-expose-headers': 'WWW-Authenticate,Server-Authorization',
        'content-type': 'application/json; charset=utf-8' },
     body: { data: [Object] } } }
[2020-04-07T14:16:11.714] [INFO] response - { method: 'GET',
  url: '/api/users/userinfo',
  body: {},
  costTime: 115,
  response:
   { status: 200,
     message: 'OK',
     header:
      [Object: null prototype] {
        vary: 'Origin',
        'access-control-allow-origin': 'http://localhost:8080',
        'access-control-allow-credentials': 'true',
        'access-control-expose-headers': 'WWW-Authenticate,Server-Authorization',
        'content-type': 'application/json; charset=utf-8' },
     body: { data: [Object] } } }
[2020-04-07T14:54:31.232] [INFO] response - { method: 'GET',
  url: '/api/users/userinfo',
  body: {},
  costTime: 362,
  response:
   { status: 401,
     message: 'Unauthorized',
     header:
      [Object: null prototype] {
        vary: 'Origin',
        'access-control-allow-origin': 'http://localhost:8080',
        'access-control-allow-credentials': 'true',
        'access-control-expose-headers': 'WWW-Authenticate,Server-Authorization',
        'content-type': 'text/plain; charset=utf-8',
        'content-length': '12' },
     body: 'Unauthorized' } }
[2020-04-07T14:55:09.921] [INFO] response - { method: 'POST',
  url: '/api/users/postlogin',
  body: { user_id: '1001', password: '10' },
  costTime: 650,
  response:
   { status: 200,
     message: 'OK',
     header:
      [Object: null prototype] {
        vary: 'Origin',
        'access-control-allow-origin': 'http://localhost:8080',
        'access-control-allow-credentials': 'true',
        'access-control-expose-headers': 'WWW-Authenticate,Server-Authorization',
        'content-type': 'application/json; charset=utf-8' },
     body: { code: 1, data: [Object] } } }
[2020-04-07T14:55:10.134] [INFO] response - { method: 'GET',
  url: '/api/users/userinfo',
  body: {},
  costTime: 114,
  response:
   { status: 200,
     message: 'OK',
     header:
      [Object: null prototype] {
        vary: 'Origin',
        'access-control-allow-origin': 'http://localhost:8080',
        'access-control-allow-credentials': 'true',
        'access-control-expose-headers': 'WWW-Authenticate,Server-Authorization',
        'content-type': 'application/json; charset=utf-8' },
     body: { data: [Object] } } }
[2020-04-07T14:55:19.840] [INFO] response - { method: 'GET',
  url: '/api/users/userinfo',
  body: {},
  costTime: 197,
  response:
   { status: 200,
     message: 'OK',
     header:
      [Object: null prototype] {
        vary: 'Origin',
        'access-control-allow-origin': 'http://localhost:8080',
        'access-control-allow-credentials': 'true',
        'access-control-expose-headers': 'WWW-Authenticate,Server-Authorization',
        'content-type': 'application/json; charset=utf-8' },
     body: { data: [Object] } } }
[2020-04-07T14:55:24.007] [INFO] response - { method: 'GET',
  url: '/api/users/userinfo',
  body: {},
  costTime: 174,
  response:
   { status: 200,
     message: 'OK',
     header:
      [Object: null prototype] {
        vary: 'Origin',
        'access-control-allow-origin': 'http://localhost:8080',
        'access-control-allow-credentials': 'true',
        'access-control-expose-headers': 'WWW-Authenticate,Server-Authorization',
        'content-type': 'application/json; charset=utf-8' },
     body: { data: [Object] } } }
[2020-04-07T14:55:58.546] [INFO] response - { method: 'GET',
  url: '/api/users/userinfo',
  body: {},
  costTime: 151,
  response:
   { status: 200,
     message: 'OK',
     header:
      [Object: null prototype] {
        vary: 'Origin',
        'access-control-allow-origin': 'http://localhost:8080',
        'access-control-allow-credentials': 'true',
        'access-control-expose-headers': 'WWW-Authenticate,Server-Authorization',
        'content-type': 'application/json; charset=utf-8' },
     body: { data: [Object] } } }
[2020-04-07T14:57:28.825] [INFO] response - { method: 'GET',
  url: '/api/users/userinfo',
  body: {},
  costTime: 177,
  response:
   { status: 200,
     message: 'OK',
     header:
      [Object: null prototype] {
        vary: 'Origin',
        'access-control-allow-origin': 'http://localhost:8080',
        'access-control-allow-credentials': 'true',
        'access-control-expose-headers': 'WWW-Authenticate,Server-Authorization',
        'content-type': 'application/json; charset=utf-8' },
     body: { data: [Object] } } }
[2020-04-07T14:57:43.891] [INFO] response - { method: 'GET',
  url: '/api/users/userinfo',
  body: {},
  costTime: 145,
  response:
   { status: 200,
     message: 'OK',
     header:
      [Object: null prototype] {
        vary: 'Origin',
        'access-control-allow-origin': 'http://localhost:8080',
        'access-control-allow-credentials': 'true',
        'access-control-expose-headers': 'WWW-Authenticate,Server-Authorization',
        'content-type': 'application/json; charset=utf-8' },
     body: { data: [Object] } } }
[2020-04-07T15:23:23.229] [INFO] response - { method: 'GET',
  url: '/api/users/userinfo',
  body: {},
  costTime: 2196,
  response:
   { status: 200,
     message: 'OK',
     header:
      [Object: null prototype] {
        vary: 'Origin',
        'access-control-allow-origin': 'http://localhost:8080',
        'access-control-allow-credentials': 'true',
        'access-control-expose-headers': 'WWW-Authenticate,Server-Authorization',
        'content-type': 'application/json; charset=utf-8' },
     body: { data: [Object] } } }
[2020-04-07T15:23:36.756] [INFO] response - { method: 'GET',
  url: '/api/users/userinfo',
  body: {},
  costTime: 650,
  response:
   { status: 200,
     message: 'OK',
     header:
      [Object: null prototype] {
        vary: 'Origin',
        'access-control-allow-origin': 'http://localhost:8080',
        'access-control-allow-credentials': 'true',
        'access-control-expose-headers': 'WWW-Authenticate,Server-Authorization',
        'content-type': 'application/json; charset=utf-8' },
     body: { data: [Object] } } }
[2020-04-07T15:49:46.588] [INFO] response - { method: 'POST',
  url: '/api/users/postlogin',
  body: { user_id: '1001', password: '10' },
  costTime: 137,
  response:
   { status: 200,
     message: 'OK',
     header:
      [Object: null prototype] {
        vary: 'Origin',
        'access-control-allow-origin': 'http://localhost:8080',
        'access-control-allow-credentials': 'true',
        'access-control-expose-headers': 'WWW-Authenticate,Server-Authorization',
        'content-type': 'application/json; charset=utf-8' },
     body: { code: 1, data: [Object] } } }
[2020-04-07T15:49:46.876] [INFO] response - { method: 'GET',
  url: '/api/users/userinfo',
  body: {},
  costTime: 77,
  response:
   { status: 200,
     message: 'OK',
     header:
      [Object: null prototype] {
        vary: 'Origin',
        'access-control-allow-origin': 'http://localhost:8080',
        'access-control-allow-credentials': 'true',
        'access-control-expose-headers': 'WWW-Authenticate,Server-Authorization',
        'content-type': 'application/json; charset=utf-8' },
     body: { data: [Object] } } }
[2020-04-07T15:49:49.768] [INFO] response - { method: 'GET',
  url: '/api/users/userinfo',
  body: {},
  costTime: 58,
  response:
   { status: 200,
     message: 'OK',
     header:
      [Object: null prototype] {
        vary: 'Origin',
        'access-control-allow-origin': 'http://localhost:8080',
        'access-control-allow-credentials': 'true',
        'access-control-expose-headers': 'WWW-Authenticate,Server-Authorization',
        'content-type': 'application/json; charset=utf-8' },
     body: { data: [Object] } } }
[2020-04-07T15:50:12.580] [INFO] response - { method: 'GET',
  url: '/api/users/userinfo',
  body: {},
  costTime: 752,
  response:
   { status: 200,
     message: 'OK',
     header:
      [Object: null prototype] {
        vary: 'Origin',
        'access-control-allow-origin': 'http://localhost:8080',
        'access-control-allow-credentials': 'true',
        'access-control-expose-headers': 'WWW-Authenticate,Server-Authorization',
        'content-type': 'application/json; charset=utf-8' },
     body: { data: [Object] } } }
[2020-04-07T15:51:50.300] [INFO] response - { method: 'GET',
  url: '/api/users/userinfo',
  body: {},
  costTime: 213,
  response:
   { status: 200,
     message: 'OK',
     header:
      [Object: null prototype] {
        vary: 'Origin',
        'access-control-allow-origin': 'http://localhost:8080',
        'access-control-allow-credentials': 'true',
        'access-control-expose-headers': 'WWW-Authenticate,Server-Authorization',
        'content-type': 'application/json; charset=utf-8' },
     body: { data: [Object] } } }
[2020-04-07T15:52:28.908] [INFO] response - { method: 'GET',
  url: '/api/users/userinfo',
  body: {},
  costTime: 138,
  response:
   { status: 200,
     message: 'OK',
     header:
      [Object: null prototype] {
        vary: 'Origin',
        'access-control-allow-origin': 'http://localhost:8080',
        'access-control-allow-credentials': 'true',
        'access-control-expose-headers': 'WWW-Authenticate,Server-Authorization',
        'content-type': 'application/json; charset=utf-8' },
     body: { data: [Object] } } }
[2020-04-07T15:53:16.014] [INFO] response - { method: 'GET',
  url: '/api/users/userinfo',
  body: {},
  costTime: 107,
  response:
   { status: 200,
     message: 'OK',
     header:
      [Object: null prototype] {
        vary: 'Origin',
        'access-control-allow-origin': 'http://localhost:8080',
        'access-control-allow-credentials': 'true',
        'access-control-expose-headers': 'WWW-Authenticate,Server-Authorization',
        'content-type': 'application/json; charset=utf-8' },
     body: { data: [Object] } } }
[2020-04-07T15:54:35.490] [INFO] response - { method: 'GET',
  url: '/api/users/userinfo',
  body: {},
  costTime: 117,
  response:
   { status: 200,
     message: 'OK',
     header:
      [Object: null prototype] {
        vary: 'Origin',
        'access-control-allow-origin': 'http://localhost:8080',
        'access-control-allow-credentials': 'true',
        'access-control-expose-headers': 'WWW-Authenticate,Server-Authorization',
        'content-type': 'application/json; charset=utf-8' },
     body: { data: [Object] } } }
[2020-04-07T15:55:26.778] [INFO] response - { method: 'GET',
  url: '/api/users/userinfo',
  body: {},
  costTime: 131,
  response:
   { status: 200,
     message: 'OK',
     header:
      [Object: null prototype] {
        vary: 'Origin',
        'access-control-allow-origin': 'http://localhost:8080',
        'access-control-allow-credentials': 'true',
        'access-control-expose-headers': 'WWW-Authenticate,Server-Authorization',
        'content-type': 'application/json; charset=utf-8' },
     body: { data: [Object] } } }
[2020-04-07T15:56:18.595] [INFO] response - { method: 'GET',
  url: '/api/users/userinfo',
  body: {},
  costTime: 138,
  response:
   { status: 200,
     message: 'OK',
     header:
      [Object: null prototype] {
        vary: 'Origin',
        'access-control-allow-origin': 'http://localhost:8080',
        'access-control-allow-credentials': 'true',
        'access-control-expose-headers': 'WWW-Authenticate,Server-Authorization',
        'content-type': 'application/json; charset=utf-8' },
     body: { data: [Object] } } }
[2020-04-07T15:57:06.823] [INFO] response - { method: 'GET',
  url: '/api/users/userinfo',
  body: {},
  costTime: 130,
  response:
   { status: 200,
     message: 'OK',
     header:
      [Object: null prototype] {
        vary: 'Origin',
        'access-control-allow-origin': 'http://localhost:8080',
        'access-control-allow-credentials': 'true',
        'access-control-expose-headers': 'WWW-Authenticate,Server-Authorization',
        'content-type': 'application/json; charset=utf-8' },
     body: { data: [Object] } } }
[2020-04-07T15:57:36.090] [INFO] response - { method: 'GET',
  url: '/api/users/userinfo',
  body: {},
  costTime: 92,
  response:
   { status: 200,
     message: 'OK',
     header:
      [Object: null prototype] {
        vary: 'Origin',
        'access-control-allow-origin': 'http://localhost:8080',
        'access-control-allow-credentials': 'true',
        'access-control-expose-headers': 'WWW-Authenticate,Server-Authorization',
        'content-type': 'application/json; charset=utf-8' },
     body: { data: [Object] } } }
[2020-04-07T15:57:56.041] [INFO] response - { method: 'GET',
  url: '/api/users/userinfo',
  body: {},
  costTime: 87,
  response:
   { status: 200,
     message: 'OK',
     header:
      [Object: null prototype] {
        vary: 'Origin',
        'access-control-allow-origin': 'http://localhost:8080',
        'access-control-allow-credentials': 'true',
        'access-control-expose-headers': 'WWW-Authenticate,Server-Authorization',
        'content-type': 'application/json; charset=utf-8' },
     body: { data: [Object] } } }
[2020-04-07T15:58:23.865] [INFO] response - { method: 'GET',
  url: '/api/users/userinfo',
  body: {},
  costTime: 95,
  response:
   { status: 200,
     message: 'OK',
     header:
      [Object: null prototype] {
        vary: 'Origin',
        'access-control-allow-origin': 'http://localhost:8080',
        'access-control-allow-credentials': 'true',
        'access-control-expose-headers': 'WWW-Authenticate,Server-Authorization',
        'content-type': 'application/json; charset=utf-8' },
     body: { data: [Object] } } }
[2020-04-07T15:59:01.621] [INFO] response - { method: 'GET',
  url: '/api/users/userinfo',
  body: {},
  costTime: 91,
  response:
   { status: 200,
     message: 'OK',
     header:
      [Object: null prototype] {
        vary: 'Origin',
        'access-control-allow-origin': 'http://localhost:8080',
        'access-control-allow-credentials': 'true',
        'access-control-expose-headers': 'WWW-Authenticate,Server-Authorization',
        'content-type': 'application/json; charset=utf-8' },
     body: { data: [Object] } } }
[2020-04-07T16:00:34.098] [INFO] response - { method: 'GET',
  url: '/api/users/userinfo',
  body: {},
  costTime: 90,
  response:
   { status: 200,
     message: 'OK',
     header:
      [Object: null prototype] {
        vary: 'Origin',
        'access-control-allow-origin': 'http://localhost:8080',
        'access-control-allow-credentials': 'true',
        'access-control-expose-headers': 'WWW-Authenticate,Server-Authorization',
        'content-type': 'application/json; charset=utf-8' },
     body: { data: [Object] } } }
[2020-04-07T16:00:49.504] [INFO] response - { method: 'GET',
  url: '/api/users/userinfo',
  body: {},
  costTime: 77,
  response:
   { status: 200,
     message: 'OK',
     header:
      [Object: null prototype] {
        vary: 'Origin',
        'access-control-allow-origin': 'http://localhost:8080',
        'access-control-allow-credentials': 'true',
        'access-control-expose-headers': 'WWW-Authenticate,Server-Authorization',
        'content-type': 'application/json; charset=utf-8' },
     body: { data: [Object] } } }
[2020-04-07T16:01:07.100] [INFO] response - { method: 'GET',
  url: '/api/users/userinfo',
  body: {},
  costTime: 77,
  response:
   { status: 200,
     message: 'OK',
     header:
      [Object: null prototype] {
        vary: 'Origin',
        'access-control-allow-origin': 'http://localhost:8080',
        'access-control-allow-credentials': 'true',
        'access-control-expose-headers': 'WWW-Authenticate,Server-Authorization',
        'content-type': 'application/json; charset=utf-8' },
     body: { data: [Object] } } }
[2020-04-07T16:07:39.621] [INFO] response - { method: 'GET',
  url: '/api/users/userinfo',
  body: {},
  costTime: 79,
  response:
   { status: 200,
     message: 'OK',
     header:
      [Object: null prototype] {
        vary: 'Origin',
        'access-control-allow-origin': 'http://localhost:8080',
        'access-control-allow-credentials': 'true',
        'access-control-expose-headers': 'WWW-Authenticate,Server-Authorization',
        'content-type': 'application/json; charset=utf-8' },
     body: { data: [Object] } } }
[2020-04-07T16:09:14.106] [INFO] response - { method: 'GET',
  url: '/api/users/userinfo',
  body: {},
  costTime: 71,
  response:
   { status: 200,
     message: 'OK',
     header:
      [Object: null prototype] {
        vary: 'Origin',
        'access-control-allow-origin': 'http://localhost:8080',
        'access-control-allow-credentials': 'true',
        'access-control-expose-headers': 'WWW-Authenticate,Server-Authorization',
        'content-type': 'application/json; charset=utf-8' },
     body: { data: [Object] } } }
[2020-04-07T16:09:41.110] [INFO] response - { method: 'GET',
  url: '/api/users/userinfo',
  body: {},
  costTime: 58,
  response:
   { status: 200,
     message: 'OK',
     header:
      [Object: null prototype] {
        vary: 'Origin',
        'access-control-allow-origin': 'http://localhost:8080',
        'access-control-allow-credentials': 'true',
        'access-control-expose-headers': 'WWW-Authenticate,Server-Authorization',
        'content-type': 'application/json; charset=utf-8' },
     body: { data: [Object] } } }
[2020-04-07T16:09:47.533] [INFO] response - { method: 'GET',
  url: '/api/users/userinfo',
  body: {},
  costTime: 83,
  response:
   { status: 200,
     message: 'OK',
     header:
      [Object: null prototype] {
        vary: 'Origin',
        'access-control-allow-origin': 'http://localhost:8080',
        'access-control-allow-credentials': 'true',
        'access-control-expose-headers': 'WWW-Authenticate,Server-Authorization',
        'content-type': 'application/json; charset=utf-8' },
     body: { data: [Object] } } }
[2020-04-07T16:10:06.250] [INFO] response - { method: 'GET',
  url: '/api/users/userinfo',
  body: {},
  costTime: 78,
  response:
   { status: 200,
     message: 'OK',
     header:
      [Object: null prototype] {
        vary: 'Origin',
        'access-control-allow-origin': 'http://localhost:8080',
        'access-control-allow-credentials': 'true',
        'access-control-expose-headers': 'WWW-Authenticate,Server-Authorization',
        'content-type': 'application/json; charset=utf-8' },
     body: { data: [Object] } } }
[2020-04-07T16:11:00.887] [INFO] response - { method: 'GET',
  url: '/api/users/userinfo',
  body: {},
  costTime: 58,
  response:
   { status: 200,
     message: 'OK',
     header:
      [Object: null prototype] {
        vary: 'Origin',
        'access-control-allow-origin': 'http://localhost:8080',
        'access-control-allow-credentials': 'true',
        'access-control-expose-headers': 'WWW-Authenticate,Server-Authorization',
        'content-type': 'application/json; charset=utf-8' },
     body: { data: [Object] } } }
[2020-04-07T16:11:43.050] [INFO] response - { method: 'GET',
  url: '/api/users/userinfo',
  body: {},
  costTime: 47,
  response:
   { status: 200,
     message: 'OK',
     header:
      [Object: null prototype] {
        vary: 'Origin',
        'access-control-allow-origin': 'http://localhost:8080',
        'access-control-allow-credentials': 'true',
        'access-control-expose-headers': 'WWW-Authenticate,Server-Authorization',
        'content-type': 'application/json; charset=utf-8' },
     body: { data: [Object] } } }
[2020-04-07T16:12:06.661] [INFO] response - { method: 'GET',
  url: '/api/users/userinfo',
  body: {},
  costTime: 124,
  response:
   { status: 200,
     message: 'OK',
     header:
      [Object: null prototype] {
        vary: 'Origin',
        'access-control-allow-origin': 'http://localhost:8080',
        'access-control-allow-credentials': 'true',
        'access-control-expose-headers': 'WWW-Authenticate,Server-Authorization',
        'content-type': 'application/json; charset=utf-8' },
     body: { data: [Object] } } }
[2020-04-07T16:12:22.134] [INFO] response - { method: 'GET',
  url: '/api/users/userinfo',
  body: {},
  costTime: 83,
  response:
   { status: 200,
     message: 'OK',
     header:
      [Object: null prototype] {
        vary: 'Origin',
        'access-control-allow-origin': 'http://localhost:8080',
        'access-control-allow-credentials': 'true',
        'access-control-expose-headers': 'WWW-Authenticate,Server-Authorization',
        'content-type': 'application/json; charset=utf-8' },
     body: { data: [Object] } } }
[2020-04-07T16:12:38.186] [INFO] response - { method: 'GET',
  url: '/api/users/userinfo',
  body: {},
  costTime: 88,
  response:
   { status: 200,
     message: 'OK',
     header:
      [Object: null prototype] {
        vary: 'Origin',
        'access-control-allow-origin': 'http://localhost:8080',
        'access-control-allow-credentials': 'true',
        'access-control-expose-headers': 'WWW-Authenticate,Server-Authorization',
        'content-type': 'application/json; charset=utf-8' },
     body: { data: [Object] } } }
[2020-04-07T16:12:47.868] [INFO] response - { method: 'GET',
  url: '/api/users/userinfo',
  body: {},
  costTime: 88,
  response:
   { status: 200,
     message: 'OK',
     header:
      [Object: null prototype] {
        vary: 'Origin',
        'access-control-allow-origin': 'http://localhost:8080',
        'access-control-allow-credentials': 'true',
        'access-control-expose-headers': 'WWW-Authenticate,Server-Authorization',
        'content-type': 'application/json; charset=utf-8' },
     body: { data: [Object] } } }
[2020-04-07T16:13:08.209] [INFO] response - { method: 'GET',
  url: '/api/users/userinfo',
  body: {},
  costTime: 91,
  response:
   { status: 200,
     message: 'OK',
     header:
      [Object: null prototype] {
        vary: 'Origin',
        'access-control-allow-origin': 'http://localhost:8080',
        'access-control-allow-credentials': 'true',
        'access-control-expose-headers': 'WWW-Authenticate,Server-Authorization',
        'content-type': 'application/json; charset=utf-8' },
     body: { data: [Object] } } }
[2020-04-07T16:13:23.385] [INFO] response - { method: 'GET',
  url: '/api/users/userinfo',
  body: {},
  costTime: 110,
  response:
   { status: 200,
     message: 'OK',
     header:
      [Object: null prototype] {
        vary: 'Origin',
        'access-control-allow-origin': 'http://localhost:8080',
        'access-control-allow-credentials': 'true',
        'access-control-expose-headers': 'WWW-Authenticate,Server-Authorization',
        'content-type': 'application/json; charset=utf-8' },
     body: { data: [Object] } } }
[2020-04-07T16:14:11.046] [INFO] response - { method: 'GET',
  url: '/api/users/userinfo',
  body: {},
  costTime: 92,
  response:
   { status: 200,
     message: 'OK',
     header:
      [Object: null prototype] {
        vary: 'Origin',
        'access-control-allow-origin': 'http://localhost:8080',
        'access-control-allow-credentials': 'true',
        'access-control-expose-headers': 'WWW-Authenticate,Server-Authorization',
        'content-type': 'application/json; charset=utf-8' },
     body: { data: [Object] } } }
[2020-04-07T16:14:46.429] [INFO] response - { method: 'GET',
  url: '/api/users/userinfo',
  body: {},
  costTime: 73,
  response:
   { status: 200,
     message: 'OK',
     header:
      [Object: null prototype] {
        vary: 'Origin',
        'access-control-allow-origin': 'http://localhost:8080',
        'access-control-allow-credentials': 'true',
        'access-control-expose-headers': 'WWW-Authenticate,Server-Authorization',
        'content-type': 'application/json; charset=utf-8' },
     body: { data: [Object] } } }
[2020-04-07T16:14:54.902] [INFO] response - { method: 'GET',
  url: '/api/users/userinfo',
  body: {},
  costTime: 81,
  response:
   { status: 200,
     message: 'OK',
     header:
      [Object: null prototype] {
        vary: 'Origin',
        'access-control-allow-origin': 'http://localhost:8080',
        'access-control-allow-credentials': 'true',
        'access-control-expose-headers': 'WWW-Authenticate,Server-Authorization',
        'content-type': 'application/json; charset=utf-8' },
     body: { data: [Object] } } }
[2020-04-07T16:16:05.060] [INFO] response - { method: 'GET',
  url: '/api/users/userinfo',
  body: {},
  costTime: 74,
  response:
   { status: 200,
     message: 'OK',
     header:
      [Object: null prototype] {
        vary: 'Origin',
        'access-control-allow-origin': 'http://localhost:8080',
        'access-control-allow-credentials': 'true',
        'access-control-expose-headers': 'WWW-Authenticate,Server-Authorization',
        'content-type': 'application/json; charset=utf-8' },
     body: { data: [Object] } } }
[2020-04-07T16:17:08.569] [INFO] response - { method: 'GET',
  url: '/api/users/userinfo',
  body: {},
  costTime: 36,
  response:
   { status: 200,
     message: 'OK',
     header:
      [Object: null prototype] {
        vary: 'Origin',
        'access-control-allow-origin': 'http://localhost:8080',
        'access-control-allow-credentials': 'true',
        'access-control-expose-headers': 'WWW-Authenticate,Server-Authorization',
        'content-type': 'application/json; charset=utf-8' },
     body: { data: [Object] } } }
[2020-04-07T16:17:40.114] [INFO] response - { method: 'GET',
  url: '/api/users/userinfo',
  body: {},
  costTime: 93,
  response:
   { status: 200,
     message: 'OK',
     header:
      [Object: null prototype] {
        vary: 'Origin',
        'access-control-allow-origin': 'http://localhost:8080',
        'access-control-allow-credentials': 'true',
        'access-control-expose-headers': 'WWW-Authenticate,Server-Authorization',
        'content-type': 'application/json; charset=utf-8' },
     body: { data: [Object] } } }
[2020-04-07T16:18:05.734] [INFO] response - { method: 'GET',
  url: '/api/users/userinfo',
  body: {},
  costTime: 86,
  response:
   { status: 200,
     message: 'OK',
     header:
      [Object: null prototype] {
        vary: 'Origin',
        'access-control-allow-origin': 'http://localhost:8080',
        'access-control-allow-credentials': 'true',
        'access-control-expose-headers': 'WWW-Authenticate,Server-Authorization',
        'content-type': 'application/json; charset=utf-8' },
     body: { data: [Object] } } }
[2020-04-07T16:18:33.671] [INFO] response - { method: 'GET',
  url: '/api/users/userinfo',
  body: {},
  costTime: 95,
  response:
   { status: 200,
     message: 'OK',
     header:
      [Object: null prototype] {
        vary: 'Origin',
        'access-control-allow-origin': 'http://localhost:8080',
        'access-control-allow-credentials': 'true',
        'access-control-expose-headers': 'WWW-Authenticate,Server-Authorization',
        'content-type': 'application/json; charset=utf-8' },
     body: { data: [Object] } } }
[2020-04-07T16:21:41.737] [INFO] response - { method: 'GET',
  url: '/api/users/userinfo',
  body: {},
  costTime: 44,
  response:
   { status: 200,
     message: 'OK',
     header:
      [Object: null prototype] {
        vary: 'Origin',
        'access-control-allow-origin': 'http://localhost:8080',
        'access-control-allow-credentials': 'true',
        'access-control-expose-headers': 'WWW-Authenticate,Server-Authorization',
        'content-type': 'application/json; charset=utf-8' },
     body: { data: [Object] } } }
[2020-04-07T16:24:00.218] [INFO] response - { method: 'GET',
  url: '/api/users/userinfo',
  body: {},
  costTime: 44,
  response:
   { status: 200,
     message: 'OK',
     header:
      [Object: null prototype] {
        vary: 'Origin',
        'access-control-allow-origin': 'http://localhost:8080',
        'access-control-allow-credentials': 'true',
        'access-control-expose-headers': 'WWW-Authenticate,Server-Authorization',
        'content-type': 'application/json; charset=utf-8' },
     body: { data: [Object] } } }
[2020-04-07T16:24:00.902] [INFO] response - { method: 'GET',
  url: '/api/users/userinfo',
  body: {},
  costTime: 39,
  response:
   { status: 200,
     message: 'OK',
     header:
      [Object: null prototype] {
        vary: 'Origin',
        'access-control-allow-origin': 'http://localhost:8080',
        'access-control-allow-credentials': 'true',
        'access-control-expose-headers': 'WWW-Authenticate,Server-Authorization',
        'content-type': 'application/json; charset=utf-8' },
     body: { data: [Object] } } }
[2020-04-07T16:24:02.569] [INFO] response - { method: 'GET',
  url: '/api/users/userinfo',
  body: {},
  costTime: 60,
  response:
   { status: 200,
     message: 'OK',
     header:
      [Object: null prototype] {
        vary: 'Origin',
        'access-control-allow-origin': 'http://localhost:8080',
        'access-control-allow-credentials': 'true',
        'access-control-expose-headers': 'WWW-Authenticate,Server-Authorization',
        'content-type': 'application/json; charset=utf-8' },
     body: { data: [Object] } } }
[2020-04-07T16:24:08.082] [INFO] response - { method: 'GET',
  url: '/api/users/userinfo',
  body: {},
  costTime: 35,
  response:
   { status: 200,
     message: 'OK',
     header:
      [Object: null prototype] {
        vary: 'Origin',
        'access-control-allow-origin': 'http://localhost:8080',
        'access-control-allow-credentials': 'true',
        'access-control-expose-headers': 'WWW-Authenticate,Server-Authorization',
        'content-type': 'application/json; charset=utf-8' },
     body: { data: [Object] } } }
[2020-04-07T16:24:10.644] [INFO] response - { method: 'GET',
  url: '/api/users/userinfo',
  body: {},
  costTime: 34,
  response:
   { status: 200,
     message: 'OK',
     header:
      [Object: null prototype] {
        vary: 'Origin',
        'access-control-allow-origin': 'http://localhost:8080',
        'access-control-allow-credentials': 'true',
        'access-control-expose-headers': 'WWW-Authenticate,Server-Authorization',
        'content-type': 'application/json; charset=utf-8' },
     body: { data: [Object] } } }
[2020-04-07T16:24:13.409] [INFO] response - { method: 'GET',
  url: '/api/users/userinfo',
  body: {},
  costTime: 35,
  response:
   { status: 200,
     message: 'OK',
     header:
      [Object: null prototype] {
        vary: 'Origin',
        'access-control-allow-origin': 'http://localhost:8080',
        'access-control-allow-credentials': 'true',
        'access-control-expose-headers': 'WWW-Authenticate,Server-Authorization',
        'content-type': 'application/json; charset=utf-8' },
     body: { data: [Object] } } }
[2020-04-07T16:28:50.230] [INFO] response - { method: 'GET',
  url: '/api/users/userinfo',
  body: {},
  costTime: 98,
  response:
   { status: 200,
     message: 'OK',
     header:
      [Object: null prototype] {
        vary: 'Origin',
        'access-control-allow-origin': 'http://localhost:8080',
        'access-control-allow-credentials': 'true',
        'access-control-expose-headers': 'WWW-Authenticate,Server-Authorization',
        'content-type': 'application/json; charset=utf-8' },
     body: { data: [Object] } } }
[2020-04-07T16:29:11.311] [INFO] response - { method: 'GET',
  url: '/api/users/userinfo',
  body: {},
  costTime: 93,
  response:
   { status: 200,
     message: 'OK',
     header:
      [Object: null prototype] {
        vary: 'Origin',
        'access-control-allow-origin': 'http://localhost:8080',
        'access-control-allow-credentials': 'true',
        'access-control-expose-headers': 'WWW-Authenticate,Server-Authorization',
        'content-type': 'application/json; charset=utf-8' },
     body: { data: [Object] } } }
[2020-04-07T16:29:22.645] [INFO] response - { method: 'GET',
  url: '/api/users/userinfo',
  body: {},
  costTime: 68,
  response:
   { status: 200,
     message: 'OK',
     header:
      [Object: null prototype] {
        vary: 'Origin',
        'access-control-allow-origin': 'http://localhost:8080',
        'access-control-allow-credentials': 'true',
        'access-control-expose-headers': 'WWW-Authenticate,Server-Authorization',
        'content-type': 'application/json; charset=utf-8' },
     body: { data: [Object] } } }
[2020-04-07T16:29:33.088] [INFO] response - { method: 'GET',
  url: '/api/users/userinfo',
  body: {},
  costTime: 247,
  response:
   { status: 200,
     message: 'OK',
     header:
      [Object: null prototype] {
        vary: 'Origin',
        'access-control-allow-origin': 'http://localhost:8080',
        'access-control-allow-credentials': 'true',
        'access-control-expose-headers': 'WWW-Authenticate,Server-Authorization',
        'content-type': 'application/json; charset=utf-8' },
     body: { data: [Object] } } }
[2020-04-07T16:30:36.577] [INFO] response - { method: 'GET',
  url: '/api/users/userinfo',
  body: {},
  costTime: 120,
  response:
   { status: 200,
     message: 'OK',
     header:
      [Object: null prototype] {
        vary: 'Origin',
        'access-control-allow-origin': 'http://localhost:8080',
        'access-control-allow-credentials': 'true',
        'access-control-expose-headers': 'WWW-Authenticate,Server-Authorization',
        'content-type': 'application/json; charset=utf-8' },
     body: { data: [Object] } } }
[2020-04-07T16:30:38.212] [INFO] response - { method: 'GET',
  url: '/api/users/userinfo',
  body: {},
  costTime: 59,
  response:
   { status: 200,
     message: 'OK',
     header:
      [Object: null prototype] {
        vary: 'Origin',
        'access-control-allow-origin': 'http://localhost:8080',
        'access-control-allow-credentials': 'true',
        'access-control-expose-headers': 'WWW-Authenticate,Server-Authorization',
        'content-type': 'application/json; charset=utf-8' },
     body: { data: [Object] } } }
[2020-04-07T16:31:06.063] [INFO] response - { method: 'GET',
  url: '/api/users/userinfo',
  body: {},
  costTime: 78,
  response:
   { status: 200,
     message: 'OK',
     header:
      [Object: null prototype] {
        vary: 'Origin',
        'access-control-allow-origin': 'http://localhost:8080',
        'access-control-allow-credentials': 'true',
        'access-control-expose-headers': 'WWW-Authenticate,Server-Authorization',
        'content-type': 'application/json; charset=utf-8' },
     body: { data: [Object] } } }
[2020-04-07T16:31:22.036] [INFO] response - { method: 'GET',
  url: '/api/users/userinfo',
  body: {},
  costTime: 83,
  response:
   { status: 200,
     message: 'OK',
     header:
      [Object: null prototype] {
        vary: 'Origin',
        'access-control-allow-origin': 'http://localhost:8080',
        'access-control-allow-credentials': 'true',
        'access-control-expose-headers': 'WWW-Authenticate,Server-Authorization',
        'content-type': 'application/json; charset=utf-8' },
     body: { data: [Object] } } }
[2020-04-07T16:31:52.291] [INFO] response - { method: 'GET',
  url: '/api/users/userinfo',
  body: {},
  costTime: 101,
  response:
   { status: 200,
     message: 'OK',
     header:
      [Object: null prototype] {
        vary: 'Origin',
        'access-control-allow-origin': 'http://localhost:8080',
        'access-control-allow-credentials': 'true',
        'access-control-expose-headers': 'WWW-Authenticate,Server-Authorization',
        'content-type': 'application/json; charset=utf-8' },
     body: { data: [Object] } } }
[2020-04-07T16:32:01.978] [INFO] response - { method: 'GET',
  url: '/api/users/userinfo',
  body: {},
  costTime: 86,
  response:
   { status: 200,
     message: 'OK',
     header:
      [Object: null prototype] {
        vary: 'Origin',
        'access-control-allow-origin': 'http://localhost:8080',
        'access-control-allow-credentials': 'true',
        'access-control-expose-headers': 'WWW-Authenticate,Server-Authorization',
        'content-type': 'application/json; charset=utf-8' },
     body: { data: [Object] } } }
[2020-04-07T16:32:38.654] [INFO] response - { method: 'GET',
  url: '/api/users/userinfo',
  body: {},
  costTime: 89,
  response:
   { status: 200,
     message: 'OK',
     header:
      [Object: null prototype] {
        vary: 'Origin',
        'access-control-allow-origin': 'http://localhost:8080',
        'access-control-allow-credentials': 'true',
        'access-control-expose-headers': 'WWW-Authenticate,Server-Authorization',
        'content-type': 'application/json; charset=utf-8' },
     body: { data: [Object] } } }
[2020-04-07T16:32:57.305] [INFO] response - { method: 'GET',
  url: '/api/users/userinfo',
  body: {},
  costTime: 54,
  response:
   { status: 200,
     message: 'OK',
     header:
      [Object: null prototype] {
        vary: 'Origin',
        'access-control-allow-origin': 'http://localhost:8080',
        'access-control-allow-credentials': 'true',
        'access-control-expose-headers': 'WWW-Authenticate,Server-Authorization',
        'content-type': 'application/json; charset=utf-8' },
     body: { data: [Object] } } }
[2020-04-07T16:33:09.122] [INFO] response - { method: 'GET',
  url: '/api/users/userinfo',
  body: {},
  costTime: 103,
  response:
   { status: 200,
     message: 'OK',
     header:
      [Object: null prototype] {
        vary: 'Origin',
        'access-control-allow-origin': 'http://localhost:8080',
        'access-control-allow-credentials': 'true',
        'access-control-expose-headers': 'WWW-Authenticate,Server-Authorization',
        'content-type': 'application/json; charset=utf-8' },
     body: { data: [Object] } } }
[2020-04-07T16:33:12.012] [INFO] response - { method: 'GET',
  url: '/api/users/userinfo',
  body: {},
  costTime: 49,
  response:
   { status: 200,
     message: 'OK',
     header:
      [Object: null prototype] {
        vary: 'Origin',
        'access-control-allow-origin': 'http://localhost:8080',
        'access-control-allow-credentials': 'true',
        'access-control-expose-headers': 'WWW-Authenticate,Server-Authorization',
        'content-type': 'application/json; charset=utf-8' },
     body: { data: [Object] } } }
[2020-04-07T16:33:12.940] [INFO] response - { method: 'GET',
  url: '/api/users/userinfo',
  body: {},
  costTime: 125,
  response:
   { status: 200,
     message: 'OK',
     header:
      [Object: null prototype] {
        vary: 'Origin',
        'access-control-allow-origin': 'http://localhost:8080',
        'access-control-allow-credentials': 'true',
        'access-control-expose-headers': 'WWW-Authenticate,Server-Authorization',
        'content-type': 'application/json; charset=utf-8' },
     body: { data: [Object] } } }
[2020-04-07T16:33:15.706] [INFO] response - { method: 'GET',
  url: '/api/users/userinfo',
  body: {},
  costTime: 176,
  response:
   { status: 200,
     message: 'OK',
     header:
      [Object: null prototype] {
        vary: 'Origin',
        'access-control-allow-origin': 'http://localhost:8080',
        'access-control-allow-credentials': 'true',
        'access-control-expose-headers': 'WWW-Authenticate,Server-Authorization',
        'content-type': 'application/json; charset=utf-8' },
     body: { data: [Object] } } }
