[2019-11-24T00:00:33.135] [INFO] response - { method: 'POST',
  url: '/checkLogin',
  body: undefined,
  costTime: 184,
  response: { status: 200,
     message: 'OK',
     header: 
      { 'content-type': 'text/html; charset=utf-8',
        'content-length': '1086' },
     body: '<!DOCTYPE html>\r\n<head>\r\n\t<meta http-equiv="Content-Type" content="text/html; charset=utf-8" />\r\n\t<title>登录</title>\r\n\t<link rel="stylesheet" type="text/css" href="/stylesheets/style.css" />\r\n\t<link rel="stylesheet" type="text/css" href="/stylesheets/body.css"/> \r\n</head>\r\n<body>\r\n\t<div class="container">\r\n\t\t<section id="content">\r\n\t\t\t<form action="/checkLogin" method="post">\r\n\t\t\t\t<h1>登录</h1>\r\n\t\t\t\t<div>\r\n\t\t\t\t\t<input type="text" placeholder="工号/学号" required="" id="username" name="user_id"/>\r\n\t\t\t\t</div>\r\n\t\t\t\t<div>\r\n\t\t\t\t\t<input type="password" placeholder="密码" required="" id="password" name="password"/>\r\n\t\t\t\t</div>\r\n\t\t\t\t<div class="">\r\n\t\t\t\t\t<span class="help-block u-errormessage" id="js-server-helpinfo">&nbsp;</span>\t\t\t\r\n\t\t\t\t</div> \r\n\t\t\t\t<div>\r\n\t\t\t\t\t<!-- <input type="submit" value="Log in" /> -->\r\n\t\t\t\t\t<input type="submit" value="登录" class="btn btn-primary" id="js-btn-login"/>\r\n\t\t\t\t</div>\r\n\t\t\t</form><!-- form -->\r\n\t\t\t\r\n\t\t\t\t<div style="color: red;">[object Object]</div>\r\n\t\t\t\r\n\t\t</section><!-- content -->\r\n\t</div>\r\n\t<!-- container -->\r\n</body>\r\n</html>' } }
[2019-11-24T00:00:40.810] [INFO] response - { method: 'POST',
  url: '/checkLogin',
  body: undefined,
  costTime: 3,
  response: { status: 200,
     message: 'OK',
     header: 
      { 'content-type': 'text/html; charset=utf-8',
        'content-length': '1086' },
     body: '<!DOCTYPE html>\r\n<head>\r\n\t<meta http-equiv="Content-Type" content="text/html; charset=utf-8" />\r\n\t<title>登录</title>\r\n\t<link rel="stylesheet" type="text/css" href="/stylesheets/style.css" />\r\n\t<link rel="stylesheet" type="text/css" href="/stylesheets/body.css"/> \r\n</head>\r\n<body>\r\n\t<div class="container">\r\n\t\t<section id="content">\r\n\t\t\t<form action="/checkLogin" method="post">\r\n\t\t\t\t<h1>登录</h1>\r\n\t\t\t\t<div>\r\n\t\t\t\t\t<input type="text" placeholder="工号/学号" required="" id="username" name="user_id"/>\r\n\t\t\t\t</div>\r\n\t\t\t\t<div>\r\n\t\t\t\t\t<input type="password" placeholder="密码" required="" id="password" name="password"/>\r\n\t\t\t\t</div>\r\n\t\t\t\t<div class="">\r\n\t\t\t\t\t<span class="help-block u-errormessage" id="js-server-helpinfo">&nbsp;</span>\t\t\t\r\n\t\t\t\t</div> \r\n\t\t\t\t<div>\r\n\t\t\t\t\t<!-- <input type="submit" value="Log in" /> -->\r\n\t\t\t\t\t<input type="submit" value="登录" class="btn btn-primary" id="js-btn-login"/>\r\n\t\t\t\t</div>\r\n\t\t\t</form><!-- form -->\r\n\t\t\t\r\n\t\t\t\t<div style="color: red;">[object Object]</div>\r\n\t\t\t\r\n\t\t</section><!-- content -->\r\n\t</div>\r\n\t<!-- container -->\r\n</body>\r\n</html>' } }
[2019-11-24T00:00:47.574] [INFO] response - { method: 'GET',
  url: '/',
  body: undefined,
  costTime: 2,
  response: { status: 200,
     message: 'OK',
     header: 
      { 'content-type': 'text/html; charset=utf-8',
        'content-length': '1029' },
     body: '<!DOCTYPE html>\r\n<head>\r\n\t<meta http-equiv="Content-Type" content="text/html; charset=utf-8" />\r\n\t<title>登录</title>\r\n\t<link rel="stylesheet" type="text/css" href="/stylesheets/style.css" />\r\n\t<link rel="stylesheet" type="text/css" href="/stylesheets/body.css"/> \r\n</head>\r\n<body>\r\n\t<div class="container">\r\n\t\t<section id="content">\r\n\t\t\t<form action="/checkLogin" method="post">\r\n\t\t\t\t<h1>登录</h1>\r\n\t\t\t\t<div>\r\n\t\t\t\t\t<input type="text" placeholder="工号/学号" required="" id="username" name="user_id"/>\r\n\t\t\t\t</div>\r\n\t\t\t\t<div>\r\n\t\t\t\t\t<input type="password" placeholder="密码" required="" id="password" name="password"/>\r\n\t\t\t\t</div>\r\n\t\t\t\t<div class="">\r\n\t\t\t\t\t<span class="help-block u-errormessage" id="js-server-helpinfo">&nbsp;</span>\t\t\t\r\n\t\t\t\t</div> \r\n\t\t\t\t<div>\r\n\t\t\t\t\t<!-- <input type="submit" value="Log in" /> -->\r\n\t\t\t\t\t<input type="submit" value="登录" class="btn btn-primary" id="js-btn-login"/>\r\n\t\t\t\t</div>\r\n\t\t\t</form><!-- form -->\r\n\t\t\t\r\n\t\t</section><!-- content -->\r\n\t</div>\r\n\t<!-- container -->\r\n</body>\r\n</html>' } }
[2019-11-24T00:00:56.147] [INFO] response - { method: 'POST',
  url: '/checkLogin',
  body: undefined,
  costTime: 3,
  response: { status: 200,
     message: 'OK',
     header: 
      { 'content-type': 'text/html; charset=utf-8',
        'content-length': '1086' },
     body: '<!DOCTYPE html>\r\n<head>\r\n\t<meta http-equiv="Content-Type" content="text/html; charset=utf-8" />\r\n\t<title>登录</title>\r\n\t<link rel="stylesheet" type="text/css" href="/stylesheets/style.css" />\r\n\t<link rel="stylesheet" type="text/css" href="/stylesheets/body.css"/> \r\n</head>\r\n<body>\r\n\t<div class="container">\r\n\t\t<section id="content">\r\n\t\t\t<form action="/checkLogin" method="post">\r\n\t\t\t\t<h1>登录</h1>\r\n\t\t\t\t<div>\r\n\t\t\t\t\t<input type="text" placeholder="工号/学号" required="" id="username" name="user_id"/>\r\n\t\t\t\t</div>\r\n\t\t\t\t<div>\r\n\t\t\t\t\t<input type="password" placeholder="密码" required="" id="password" name="password"/>\r\n\t\t\t\t</div>\r\n\t\t\t\t<div class="">\r\n\t\t\t\t\t<span class="help-block u-errormessage" id="js-server-helpinfo">&nbsp;</span>\t\t\t\r\n\t\t\t\t</div> \r\n\t\t\t\t<div>\r\n\t\t\t\t\t<!-- <input type="submit" value="Log in" /> -->\r\n\t\t\t\t\t<input type="submit" value="登录" class="btn btn-primary" id="js-btn-login"/>\r\n\t\t\t\t</div>\r\n\t\t\t</form><!-- form -->\r\n\t\t\t\r\n\t\t\t\t<div style="color: red;">[object Object]</div>\r\n\t\t\t\r\n\t\t</section><!-- content -->\r\n\t</div>\r\n\t<!-- container -->\r\n</body>\r\n</html>' } }
[2019-11-24T00:01:27.921] [INFO] response - { method: 'GET',
  url: '/',
  body: undefined,
  costTime: 37,
  response: { status: 200,
     message: 'OK',
     header: 
      { 'content-type': 'text/html; charset=utf-8',
        'content-length': '1029' },
     body: '<!DOCTYPE html>\r\n<head>\r\n\t<meta http-equiv="Content-Type" content="text/html; charset=utf-8" />\r\n\t<title>登录</title>\r\n\t<link rel="stylesheet" type="text/css" href="/stylesheets/style.css" />\r\n\t<link rel="stylesheet" type="text/css" href="/stylesheets/body.css"/> \r\n</head>\r\n<body>\r\n\t<div class="container">\r\n\t\t<section id="content">\r\n\t\t\t<form action="/checkLogin" method="post">\r\n\t\t\t\t<h1>登录</h1>\r\n\t\t\t\t<div>\r\n\t\t\t\t\t<input type="text" placeholder="工号/学号" required="" id="username" name="user_id"/>\r\n\t\t\t\t</div>\r\n\t\t\t\t<div>\r\n\t\t\t\t\t<input type="password" placeholder="密码" required="" id="password" name="password"/>\r\n\t\t\t\t</div>\r\n\t\t\t\t<div class="">\r\n\t\t\t\t\t<span class="help-block u-errormessage" id="js-server-helpinfo">&nbsp;</span>\t\t\t\r\n\t\t\t\t</div> \r\n\t\t\t\t<div>\r\n\t\t\t\t\t<!-- <input type="submit" value="Log in" /> -->\r\n\t\t\t\t\t<input type="submit" value="登录" class="btn btn-primary" id="js-btn-login"/>\r\n\t\t\t\t</div>\r\n\t\t\t</form><!-- form -->\r\n\t\t\t\r\n\t\t</section><!-- content -->\r\n\t</div>\r\n\t<!-- container -->\r\n</body>\r\n</html>' } }
[2019-11-24T00:01:33.842] [INFO] response - { method: 'POST',
  url: '/checkLogin',
  body: undefined,
  costTime: 5,
  response: { status: 200,
     message: 'OK',
     header: 
      { 'content-type': 'text/html; charset=utf-8',
        'content-length': '1086' },
     body: '<!DOCTYPE html>\r\n<head>\r\n\t<meta http-equiv="Content-Type" content="text/html; charset=utf-8" />\r\n\t<title>登录</title>\r\n\t<link rel="stylesheet" type="text/css" href="/stylesheets/style.css" />\r\n\t<link rel="stylesheet" type="text/css" href="/stylesheets/body.css"/> \r\n</head>\r\n<body>\r\n\t<div class="container">\r\n\t\t<section id="content">\r\n\t\t\t<form action="/checkLogin" method="post">\r\n\t\t\t\t<h1>登录</h1>\r\n\t\t\t\t<div>\r\n\t\t\t\t\t<input type="text" placeholder="工号/学号" required="" id="username" name="user_id"/>\r\n\t\t\t\t</div>\r\n\t\t\t\t<div>\r\n\t\t\t\t\t<input type="password" placeholder="密码" required="" id="password" name="password"/>\r\n\t\t\t\t</div>\r\n\t\t\t\t<div class="">\r\n\t\t\t\t\t<span class="help-block u-errormessage" id="js-server-helpinfo">&nbsp;</span>\t\t\t\r\n\t\t\t\t</div> \r\n\t\t\t\t<div>\r\n\t\t\t\t\t<!-- <input type="submit" value="Log in" /> -->\r\n\t\t\t\t\t<input type="submit" value="登录" class="btn btn-primary" id="js-btn-login"/>\r\n\t\t\t\t</div>\r\n\t\t\t</form><!-- form -->\r\n\t\t\t\r\n\t\t\t\t<div style="color: red;">[object Object]</div>\r\n\t\t\t\r\n\t\t</section><!-- content -->\r\n\t</div>\r\n\t<!-- container -->\r\n</body>\r\n</html>' } }
[2019-11-24T00:05:29.236] [INFO] response - { method: 'POST',
  url: '/checkLogin',
  body: { user_id: '1001', password: '123456' },
  costTime: 94,
  response: { status: 302,
     message: 'Found',
     header: 
      { location: '/index',
        'content-type': 'text/html; charset=utf-8',
        'content-length': '43' },
     body: 'Redirecting to <a href="/index">/index</a>.' } }
[2019-11-24T00:05:29.400] [INFO] response - { method: 'GET',
  url: '/index',
  body: {},
  costTime: 60,
  response: { status: 200,
     message: 'OK',
     header: 
      { 'content-type': 'text/html; charset=utf-8',
        'content-length': '1392' },
     body: '<!DOCTYPE html>\r\n<head>\r\n<meta http-equiv="Content-Type" content="text/html; charset=utf-8" />\r\n<title>后台管理系统</title>\r\n<link type="text/css" rel="stylesheet" href="/stylesheets/style_index.css" />\r\n<script type="text/javascript" src="/javascripts/jquery-1.8.3.min.js"></script>\r\n<script type="text/javascript" src="/javascripts/menu.js"></script>\r\n</head>\r\n\r\n<body>\r\n<div class="top"></div>\r\n<div id="header">\r\n\t<div class="logo">后台管理</div>\r\n\t<div class="navigation">\r\n\t\t<ul>\r\n\t\t \t<li>欢迎您！</li>\r\n\t\t\t<li>张三</li>\r\n\t\t\t<li><a href="/logout">退出</a></li>\r\n\t\t</ul>\r\n\t</div>\r\n</div>\r\n<div id="content">\r\n\t<div class="left_menu">\r\n\t\t<ul id="nav_dot">\r\n      <li>\r\n        <h4 class="M1"><span></span>科研资料管理</h4>\r\n        <div class="list-item none">\r\n          <a href=\'\'>资料查询</a>\r\n        </div>\r\n      </li>\r\n\t\t\t<li>\r\n        <h4   class="M10"><span></span>用户管理</h4>\r\n        <div class="list-item none">\r\n          <a href=\'/users/userlist\' target="iframe1">用户列表</a>\r\n        </div>\r\n      </li>\r\n    </ul>\r\n\t</div>\r\n\t<div class="m-right">\r\n\t\t\t<div class="main">\r\n\t\t\t\t<iframe frameborder="0" name="iframe1"  width="100%" height="100%">\r\n\t\t\t\t\t您的浏览器不支持嵌入式框架，或者当前配置为不显示嵌入式框架。\r\n\t\t\t\t</iframe>\r\n\t\t\t</div>\r\n\t</div>\r\n</div>\r\n<script>navList(12);</script>\r\n</body>\r\n</html>\r\n' } }
[2019-11-24T00:08:08.371] [INFO] response - { method: 'GET',
  url: '/logout',
  body: {},
  costTime: 21,
  response: { status: 200,
     message: 'OK',
     header: 
      { vary: 'Origin',
        'access-control-allow-origin': 'http://localhost::8080',
        'access-control-allow-credentials': 'true',
        'access-control-expose-headers': 'WWW-Authenticate,Server-Authorization',
        'content-type': 'text/html; charset=utf-8',
        'content-length': '1029' },
     body: '<!DOCTYPE html>\r\n<head>\r\n\t<meta http-equiv="Content-Type" content="text/html; charset=utf-8" />\r\n\t<title>登录</title>\r\n\t<link rel="stylesheet" type="text/css" href="/stylesheets/style.css" />\r\n\t<link rel="stylesheet" type="text/css" href="/stylesheets/body.css"/> \r\n</head>\r\n<body>\r\n\t<div class="container">\r\n\t\t<section id="content">\r\n\t\t\t<form action="/checkLogin" method="post">\r\n\t\t\t\t<h1>登录</h1>\r\n\t\t\t\t<div>\r\n\t\t\t\t\t<input type="text" placeholder="工号/学号" required="" id="username" name="user_id"/>\r\n\t\t\t\t</div>\r\n\t\t\t\t<div>\r\n\t\t\t\t\t<input type="password" placeholder="密码" required="" id="password" name="password"/>\r\n\t\t\t\t</div>\r\n\t\t\t\t<div class="">\r\n\t\t\t\t\t<span class="help-block u-errormessage" id="js-server-helpinfo">&nbsp;</span>\t\t\t\r\n\t\t\t\t</div> \r\n\t\t\t\t<div>\r\n\t\t\t\t\t<!-- <input type="submit" value="Log in" /> -->\r\n\t\t\t\t\t<input type="submit" value="登录" class="btn btn-primary" id="js-btn-login"/>\r\n\t\t\t\t</div>\r\n\t\t\t</form><!-- form -->\r\n\t\t\t\r\n\t\t</section><!-- content -->\r\n\t</div>\r\n\t<!-- container -->\r\n</body>\r\n</html>' } }
[2019-11-24T00:08:16.133] [INFO] response - { method: 'POST',
  url: '/checkLogin',
  body: { user_id: '1001', password: '123456' },
  costTime: 55,
  response: { status: 302,
     message: 'Found',
     header: 
      { vary: 'Origin',
        'access-control-allow-origin': 'http://localhost::8080',
        'access-control-allow-credentials': 'true',
        'access-control-expose-headers': 'WWW-Authenticate,Server-Authorization',
        location: '/index',
        'content-type': 'text/html; charset=utf-8',
        'content-length': '43' },
     body: 'Redirecting to <a href="/index">/index</a>.' } }
[2019-11-24T00:08:16.154] [INFO] response - { method: 'GET',
  url: '/index',
  body: {},
  costTime: 3,
  response: { status: 200,
     message: 'OK',
     header: 
      { vary: 'Origin',
        'access-control-allow-origin': 'http://localhost::8080',
        'access-control-allow-credentials': 'true',
        'access-control-expose-headers': 'WWW-Authenticate,Server-Authorization',
        'content-type': 'text/html; charset=utf-8',
        'content-length': '1392' },
     body: '<!DOCTYPE html>\r\n<head>\r\n<meta http-equiv="Content-Type" content="text/html; charset=utf-8" />\r\n<title>后台管理系统</title>\r\n<link type="text/css" rel="stylesheet" href="/stylesheets/style_index.css" />\r\n<script type="text/javascript" src="/javascripts/jquery-1.8.3.min.js"></script>\r\n<script type="text/javascript" src="/javascripts/menu.js"></script>\r\n</head>\r\n\r\n<body>\r\n<div class="top"></div>\r\n<div id="header">\r\n\t<div class="logo">后台管理</div>\r\n\t<div class="navigation">\r\n\t\t<ul>\r\n\t\t \t<li>欢迎您！</li>\r\n\t\t\t<li>张三</li>\r\n\t\t\t<li><a href="/logout">退出</a></li>\r\n\t\t</ul>\r\n\t</div>\r\n</div>\r\n<div id="content">\r\n\t<div class="left_menu">\r\n\t\t<ul id="nav_dot">\r\n      <li>\r\n        <h4 class="M1"><span></span>科研资料管理</h4>\r\n        <div class="list-item none">\r\n          <a href=\'\'>资料查询</a>\r\n        </div>\r\n      </li>\r\n\t\t\t<li>\r\n        <h4   class="M10"><span></span>用户管理</h4>\r\n        <div class="list-item none">\r\n          <a href=\'/users/userlist\' target="iframe1">用户列表</a>\r\n        </div>\r\n      </li>\r\n    </ul>\r\n\t</div>\r\n\t<div class="m-right">\r\n\t\t\t<div class="main">\r\n\t\t\t\t<iframe frameborder="0" name="iframe1"  width="100%" height="100%">\r\n\t\t\t\t\t您的浏览器不支持嵌入式框架，或者当前配置为不显示嵌入式框架。\r\n\t\t\t\t</iframe>\r\n\t\t\t</div>\r\n\t</div>\r\n</div>\r\n<script>navList(12);</script>\r\n</body>\r\n</html>\r\n' } }
[2019-11-24T00:10:00.656] [INFO] response - { method: 'POST',
  url: '/api/users/postlogin',
  body: {},
  costTime: 14,
  response: { status: 404,
     message: 'Not Found',
     header: 
      { vary: 'Origin',
        'access-control-allow-origin': 'http://localhost::8080',
        'access-control-allow-credentials': 'true',
        'access-control-expose-headers': 'WWW-Authenticate,Server-Authorization' },
     body: undefined } }
[2019-11-24T00:10:19.576] [INFO] response - { method: 'POST',
  url: '/api/users/postlogin',
  body: {},
  costTime: 16,
  response: { status: 404,
     message: 'Not Found',
     header: 
      { vary: 'Origin',
        'access-control-allow-origin': 'http://localhost::8080',
        'access-control-allow-credentials': 'true',
        'access-control-expose-headers': 'WWW-Authenticate,Server-Authorization' },
     body: undefined } }
[2019-11-24T00:10:32.773] [INFO] response - { method: 'POST',
  url: '/api/users/postlogin',
  body: {},
  costTime: 18,
  response: { status: 404,
     message: 'Not Found',
     header: 
      { vary: 'Origin',
        'access-control-allow-origin': 'http://localhost::8080',
        'access-control-allow-credentials': 'true',
        'access-control-expose-headers': 'WWW-Authenticate,Server-Authorization' },
     body: undefined } }
[2019-11-24T00:11:07.378] [INFO] response - { method: 'POST',
  url: '/api/users/postlogin',
  body: {},
  costTime: 13,
  response: { status: 404,
     message: 'Not Found',
     header: 
      { vary: 'Origin',
        'access-control-allow-origin': 'http://localhost::8080',
        'access-control-allow-credentials': 'true',
        'access-control-expose-headers': 'WWW-Authenticate,Server-Authorization' },
     body: undefined } }
[2019-11-24T00:13:04.912] [INFO] response - { method: 'POST',
  url: '/api/users/postlogin',
  body: {},
  costTime: 11,
  response: { status: 404, message: 'Not Found', header: {}, body: undefined } }
[2019-11-24T00:13:08.322] [INFO] response - { method: 'POST',
  url: '/api/users/postlogin',
  body: {},
  costTime: 2,
  response: { status: 404, message: 'Not Found', header: {}, body: undefined } }
[2019-11-24T00:13:10.118] [INFO] response - { method: 'POST',
  url: '/api/users/postlogin',
  body: {},
  costTime: 0,
  response: { status: 404, message: 'Not Found', header: {}, body: undefined } }
[2019-11-24T00:13:10.467] [INFO] response - { method: 'POST',
  url: '/api/users/postlogin',
  body: {},
  costTime: 0,
  response: { status: 404, message: 'Not Found', header: {}, body: undefined } }
[2019-11-24T00:13:11.591] [INFO] response - { method: 'POST',
  url: '/api/users/postlogin',
  body: {},
  costTime: 2,
  response: { status: 404, message: 'Not Found', header: {}, body: undefined } }
[2019-11-24T00:13:15.127] [INFO] response - { method: 'GET',
  url: '/index',
  body: {},
  costTime: 0,
  response: { status: 404, message: 'Not Found', header: {}, body: undefined } }
[2019-11-24T00:18:40.531] [INFO] response - { method: 'GET',
  url: '/index',
  body: {},
  costTime: 21,
  response: { status: 200,
     message: 'OK',
     header: 
      { vary: 'Origin',
        'access-control-allow-origin': 'http://localhost::8080',
        'access-control-allow-credentials': 'true',
        'access-control-expose-headers': 'WWW-Authenticate,Server-Authorization',
        'content-type': 'text/html; charset=utf-8',
        'content-length': '1392' },
     body: '<!DOCTYPE html>\r\n<head>\r\n<meta http-equiv="Content-Type" content="text/html; charset=utf-8" />\r\n<title>后台管理系统</title>\r\n<link type="text/css" rel="stylesheet" href="/stylesheets/style_index.css" />\r\n<script type="text/javascript" src="/javascripts/jquery-1.8.3.min.js"></script>\r\n<script type="text/javascript" src="/javascripts/menu.js"></script>\r\n</head>\r\n\r\n<body>\r\n<div class="top"></div>\r\n<div id="header">\r\n\t<div class="logo">后台管理</div>\r\n\t<div class="navigation">\r\n\t\t<ul>\r\n\t\t \t<li>欢迎您！</li>\r\n\t\t\t<li>张三</li>\r\n\t\t\t<li><a href="/logout">退出</a></li>\r\n\t\t</ul>\r\n\t</div>\r\n</div>\r\n<div id="content">\r\n\t<div class="left_menu">\r\n\t\t<ul id="nav_dot">\r\n      <li>\r\n        <h4 class="M1"><span></span>科研资料管理</h4>\r\n        <div class="list-item none">\r\n          <a href=\'\'>资料查询</a>\r\n        </div>\r\n      </li>\r\n\t\t\t<li>\r\n        <h4   class="M10"><span></span>用户管理</h4>\r\n        <div class="list-item none">\r\n          <a href=\'/users/userlist\' target="iframe1">用户列表</a>\r\n        </div>\r\n      </li>\r\n    </ul>\r\n\t</div>\r\n\t<div class="m-right">\r\n\t\t\t<div class="main">\r\n\t\t\t\t<iframe frameborder="0" name="iframe1"  width="100%" height="100%">\r\n\t\t\t\t\t您的浏览器不支持嵌入式框架，或者当前配置为不显示嵌入式框架。\r\n\t\t\t\t</iframe>\r\n\t\t\t</div>\r\n\t</div>\r\n</div>\r\n<script>navList(12);</script>\r\n</body>\r\n</html>\r\n' } }
[2019-11-24T00:18:46.928] [INFO] response - { method: 'POST',
  url: '/api/users/postlogin',
  body: {},
  costTime: 16,
  response: { status: 404,
     message: 'Not Found',
     header: 
      { vary: 'Origin',
        'access-control-allow-origin': 'http://localhost::8080',
        'access-control-allow-credentials': 'true',
        'access-control-expose-headers': 'WWW-Authenticate,Server-Authorization' },
     body: undefined } }
[2019-11-24T00:24:06.733] [INFO] response - { method: 'GET',
  url: '/logout',
  body: {},
  costTime: 16,
  response: { status: 200,
     message: 'OK',
     header: 
      { vary: 'Origin',
        'access-control-allow-origin': 'http://localhost::8080',
        'access-control-allow-credentials': 'true',
        'access-control-expose-headers': 'WWW-Authenticate,Server-Authorization',
        'content-type': 'text/html; charset=utf-8',
        'content-length': '1029' },
     body: '<!DOCTYPE html>\r\n<head>\r\n\t<meta http-equiv="Content-Type" content="text/html; charset=utf-8" />\r\n\t<title>登录</title>\r\n\t<link rel="stylesheet" type="text/css" href="/stylesheets/style.css" />\r\n\t<link rel="stylesheet" type="text/css" href="/stylesheets/body.css"/> \r\n</head>\r\n<body>\r\n\t<div class="container">\r\n\t\t<section id="content">\r\n\t\t\t<form action="/checkLogin" method="post">\r\n\t\t\t\t<h1>登录</h1>\r\n\t\t\t\t<div>\r\n\t\t\t\t\t<input type="text" placeholder="工号/学号" required="" id="username" name="user_id"/>\r\n\t\t\t\t</div>\r\n\t\t\t\t<div>\r\n\t\t\t\t\t<input type="password" placeholder="密码" required="" id="password" name="password"/>\r\n\t\t\t\t</div>\r\n\t\t\t\t<div class="">\r\n\t\t\t\t\t<span class="help-block u-errormessage" id="js-server-helpinfo">&nbsp;</span>\t\t\t\r\n\t\t\t\t</div> \r\n\t\t\t\t<div>\r\n\t\t\t\t\t<!-- <input type="submit" value="Log in" /> -->\r\n\t\t\t\t\t<input type="submit" value="登录" class="btn btn-primary" id="js-btn-login"/>\r\n\t\t\t\t</div>\r\n\t\t\t</form><!-- form -->\r\n\t\t\t\r\n\t\t</section><!-- content -->\r\n\t</div>\r\n\t<!-- container -->\r\n</body>\r\n</html>' } }
[2019-11-24T00:24:12.128] [INFO] response - { method: 'POST',
  url: '/checkLogin',
  body: { user_id: '1001', password: '123456' },
  costTime: 61,
  response: { status: 302,
     message: 'Found',
     header: 
      { vary: 'Origin',
        'access-control-allow-origin': 'http://localhost::8080',
        'access-control-allow-credentials': 'true',
        'access-control-expose-headers': 'WWW-Authenticate,Server-Authorization',
        location: '/index',
        'content-type': 'text/html; charset=utf-8',
        'content-length': '43' },
     body: 'Redirecting to <a href="/index">/index</a>.' } }
[2019-11-24T00:24:12.163] [INFO] response - { method: 'GET',
  url: '/index',
  body: {},
  costTime: 8,
  response: { status: 200,
     message: 'OK',
     header: 
      { vary: 'Origin',
        'access-control-allow-origin': 'http://localhost::8080',
        'access-control-allow-credentials': 'true',
        'access-control-expose-headers': 'WWW-Authenticate,Server-Authorization',
        'content-type': 'text/html; charset=utf-8',
        'content-length': '1392' },
     body: '<!DOCTYPE html>\r\n<head>\r\n<meta http-equiv="Content-Type" content="text/html; charset=utf-8" />\r\n<title>后台管理系统</title>\r\n<link type="text/css" rel="stylesheet" href="/stylesheets/style_index.css" />\r\n<script type="text/javascript" src="/javascripts/jquery-1.8.3.min.js"></script>\r\n<script type="text/javascript" src="/javascripts/menu.js"></script>\r\n</head>\r\n\r\n<body>\r\n<div class="top"></div>\r\n<div id="header">\r\n\t<div class="logo">后台管理</div>\r\n\t<div class="navigation">\r\n\t\t<ul>\r\n\t\t \t<li>欢迎您！</li>\r\n\t\t\t<li>张三</li>\r\n\t\t\t<li><a href="/logout">退出</a></li>\r\n\t\t</ul>\r\n\t</div>\r\n</div>\r\n<div id="content">\r\n\t<div class="left_menu">\r\n\t\t<ul id="nav_dot">\r\n      <li>\r\n        <h4 class="M1"><span></span>科研资料管理</h4>\r\n        <div class="list-item none">\r\n          <a href=\'\'>资料查询</a>\r\n        </div>\r\n      </li>\r\n\t\t\t<li>\r\n        <h4   class="M10"><span></span>用户管理</h4>\r\n        <div class="list-item none">\r\n          <a href=\'/users/userlist\' target="iframe1">用户列表</a>\r\n        </div>\r\n      </li>\r\n    </ul>\r\n\t</div>\r\n\t<div class="m-right">\r\n\t\t\t<div class="main">\r\n\t\t\t\t<iframe frameborder="0" name="iframe1"  width="100%" height="100%">\r\n\t\t\t\t\t您的浏览器不支持嵌入式框架，或者当前配置为不显示嵌入式框架。\r\n\t\t\t\t</iframe>\r\n\t\t\t</div>\r\n\t</div>\r\n</div>\r\n<script>navList(12);</script>\r\n</body>\r\n</html>\r\n' } }
[2019-11-24T00:24:19.847] [INFO] response - { method: 'POST',
  url: '/api/users/postlogin',
  body: {},
  costTime: 16,
  response: { status: 404,
     message: 'Not Found',
     header: 
      { vary: 'Origin',
        'access-control-allow-origin': 'http://localhost::8080',
        'access-control-allow-credentials': 'true',
        'access-control-expose-headers': 'WWW-Authenticate,Server-Authorization' },
     body: undefined } }
[2019-11-24T00:25:18.174] [INFO] response - { method: 'POST',
  url: '/api/users/postlogin',
  body: {},
  costTime: 13,
  response: { status: 404,
     message: 'Not Found',
     header: 
      { vary: 'Origin',
        'access-control-allow-origin': 'http://localhost::8080',
        'access-control-allow-credentials': 'true',
        'access-control-expose-headers': 'WWW-Authenticate,Server-Authorization' },
     body: undefined } }
[2019-11-24T00:47:41.081] [INFO] response - { method: 'POST',
  url: '/api/users/postlogin',
  body: {},
  costTime: 2,
  response: { status: 404,
     message: 'Not Found',
     header: 
      { vary: 'Origin',
        'access-control-allow-origin': 'http://localhost::8080',
        'access-control-allow-credentials': 'true',
        'access-control-expose-headers': 'WWW-Authenticate,Server-Authorization' },
     body: undefined } }
[2019-11-24T00:47:42.328] [INFO] response - { method: 'POST',
  url: '/api/users/postlogin',
  body: {},
  costTime: 2,
  response: { status: 404,
     message: 'Not Found',
     header: 
      { vary: 'Origin',
        'access-control-allow-origin': 'http://localhost::8080',
        'access-control-allow-credentials': 'true',
        'access-control-expose-headers': 'WWW-Authenticate,Server-Authorization' },
     body: undefined } }
[2019-11-24T00:47:42.648] [INFO] response - { method: 'POST',
  url: '/api/users/postlogin',
  body: {},
  costTime: 2,
  response: { status: 404,
     message: 'Not Found',
     header: 
      { vary: 'Origin',
        'access-control-allow-origin': 'http://localhost::8080',
        'access-control-allow-credentials': 'true',
        'access-control-expose-headers': 'WWW-Authenticate,Server-Authorization' },
     body: undefined } }
[2019-11-24T00:47:42.864] [INFO] response - { method: 'POST',
  url: '/api/users/postlogin',
  body: {},
  costTime: 4,
  response: { status: 404,
     message: 'Not Found',
     header: 
      { vary: 'Origin',
        'access-control-allow-origin': 'http://localhost::8080',
        'access-control-allow-credentials': 'true',
        'access-control-expose-headers': 'WWW-Authenticate,Server-Authorization' },
     body: undefined } }
[2019-11-24T00:47:43.087] [INFO] response - { method: 'POST',
  url: '/api/users/postlogin',
  body: {},
  costTime: 2,
  response: { status: 404,
     message: 'Not Found',
     header: 
      { vary: 'Origin',
        'access-control-allow-origin': 'http://localhost::8080',
        'access-control-allow-credentials': 'true',
        'access-control-expose-headers': 'WWW-Authenticate,Server-Authorization' },
     body: undefined } }
[2019-11-24T00:47:43.604] [INFO] response - { method: 'POST',
  url: '/api/users/postlogin',
  body: {},
  costTime: 9,
  response: { status: 404,
     message: 'Not Found',
     header: 
      { vary: 'Origin',
        'access-control-allow-origin': 'http://localhost::8080',
        'access-control-allow-credentials': 'true',
        'access-control-expose-headers': 'WWW-Authenticate,Server-Authorization' },
     body: undefined } }
[2019-11-24T00:47:43.818] [INFO] response - { method: 'POST',
  url: '/api/users/postlogin',
  body: {},
  costTime: 3,
  response: { status: 404,
     message: 'Not Found',
     header: 
      { vary: 'Origin',
        'access-control-allow-origin': 'http://localhost::8080',
        'access-control-allow-credentials': 'true',
        'access-control-expose-headers': 'WWW-Authenticate,Server-Authorization' },
     body: undefined } }
[2019-11-24T00:47:43.853] [INFO] response - { method: 'POST',
  url: '/api/users/postlogin',
  body: {},
  costTime: 3,
  response: { status: 404,
     message: 'Not Found',
     header: 
      { vary: 'Origin',
        'access-control-allow-origin': 'http://localhost::8080',
        'access-control-allow-credentials': 'true',
        'access-control-expose-headers': 'WWW-Authenticate,Server-Authorization' },
     body: undefined } }
[2019-11-24T00:47:44.035] [INFO] response - { method: 'POST',
  url: '/api/users/postlogin',
  body: {},
  costTime: 8,
  response: { status: 404,
     message: 'Not Found',
     header: 
      { vary: 'Origin',
        'access-control-allow-origin': 'http://localhost::8080',
        'access-control-allow-credentials': 'true',
        'access-control-expose-headers': 'WWW-Authenticate,Server-Authorization' },
     body: undefined } }
[2019-11-24T00:47:44.259] [INFO] response - { method: 'POST',
  url: '/api/users/postlogin',
  body: {},
  costTime: 13,
  response: { status: 404,
     message: 'Not Found',
     header: 
      { vary: 'Origin',
        'access-control-allow-origin': 'http://localhost::8080',
        'access-control-allow-credentials': 'true',
        'access-control-expose-headers': 'WWW-Authenticate,Server-Authorization' },
     body: undefined } }
[2019-11-24T00:47:45.338] [INFO] response - { method: 'POST',
  url: '/api/users/postlogin',
  body: {},
  costTime: 2,
  response: { status: 404,
     message: 'Not Found',
     header: 
      { vary: 'Origin',
        'access-control-allow-origin': 'http://localhost::8080',
        'access-control-allow-credentials': 'true',
        'access-control-expose-headers': 'WWW-Authenticate,Server-Authorization' },
     body: undefined } }
[2019-11-24T00:47:45.963] [INFO] response - { method: 'POST',
  url: '/api/users/postlogin',
  body: {},
  costTime: 13,
  response: { status: 404,
     message: 'Not Found',
     header: 
      { vary: 'Origin',
        'access-control-allow-origin': 'http://localhost::8080',
        'access-control-allow-credentials': 'true',
        'access-control-expose-headers': 'WWW-Authenticate,Server-Authorization' },
     body: undefined } }
[2019-11-24T00:48:41.485] [INFO] response - { method: 'POST',
  url: '/api/users/postlogin',
  body: {},
  costTime: 1,
  response: { status: 404,
     message: 'Not Found',
     header: 
      { vary: 'Origin',
        'access-control-allow-origin': 'http://localhost::8080',
        'access-control-allow-credentials': 'true',
        'access-control-expose-headers': 'WWW-Authenticate,Server-Authorization' },
     body: undefined } }
[2019-11-24T00:48:42.535] [INFO] response - { method: 'POST',
  url: '/api/users/postlogin',
  body: {},
  costTime: 1,
  response: { status: 404,
     message: 'Not Found',
     header: 
      { vary: 'Origin',
        'access-control-allow-origin': 'http://localhost::8080',
        'access-control-allow-credentials': 'true',
        'access-control-expose-headers': 'WWW-Authenticate,Server-Authorization' },
     body: undefined } }
[2019-11-24T00:48:43.381] [INFO] response - { method: 'POST',
  url: '/api/users/postlogin',
  body: {},
  costTime: 11,
  response: { status: 404,
     message: 'Not Found',
     header: 
      { vary: 'Origin',
        'access-control-allow-origin': 'http://localhost::8080',
        'access-control-allow-credentials': 'true',
        'access-control-expose-headers': 'WWW-Authenticate,Server-Authorization' },
     body: undefined } }
[2019-11-24T00:48:43.601] [INFO] response - { method: 'POST',
  url: '/api/users/postlogin',
  body: {},
  costTime: 12,
  response: { status: 404,
     message: 'Not Found',
     header: 
      { vary: 'Origin',
        'access-control-allow-origin': 'http://localhost::8080',
        'access-control-allow-credentials': 'true',
        'access-control-expose-headers': 'WWW-Authenticate,Server-Authorization' },
     body: undefined } }
[2019-11-24T00:48:43.632] [INFO] response - { method: 'POST',
  url: '/api/users/postlogin',
  body: {},
  costTime: 2,
  response: { status: 404,
     message: 'Not Found',
     header: 
      { vary: 'Origin',
        'access-control-allow-origin': 'http://localhost::8080',
        'access-control-allow-credentials': 'true',
        'access-control-expose-headers': 'WWW-Authenticate,Server-Authorization' },
     body: undefined } }
[2019-11-24T00:48:43.797] [INFO] response - { method: 'POST',
  url: '/api/users/postlogin',
  body: {},
  costTime: 12,
  response: { status: 404,
     message: 'Not Found',
     header: 
      { vary: 'Origin',
        'access-control-allow-origin': 'http://localhost::8080',
        'access-control-allow-credentials': 'true',
        'access-control-expose-headers': 'WWW-Authenticate,Server-Authorization' },
     body: undefined } }
[2019-11-24T00:48:43.984] [INFO] response - { method: 'POST',
  url: '/api/users/postlogin',
  body: {},
  costTime: 2,
  response: { status: 404,
     message: 'Not Found',
     header: 
      { vary: 'Origin',
        'access-control-allow-origin': 'http://localhost::8080',
        'access-control-allow-credentials': 'true',
        'access-control-expose-headers': 'WWW-Authenticate,Server-Authorization' },
     body: undefined } }
[2019-11-24T00:49:32.006] [INFO] response - { method: 'POST',
  url: '/api/users/postlogin?user_id=1001&password=qqqqqqqq',
  body: {},
  costTime: 16,
  response: { status: 404,
     message: 'Not Found',
     header: 
      { vary: 'Origin',
        'access-control-allow-origin': 'http://localhost::8080',
        'access-control-allow-credentials': 'true',
        'access-control-expose-headers': 'WWW-Authenticate,Server-Authorization' },
     body: undefined } }
[2019-11-24T00:49:33.880] [INFO] response - { method: 'POST',
  url: '/api/users/postlogin?user_id=1001&password=qqqqqqqq',
  body: {},
  costTime: 4,
  response: { status: 404,
     message: 'Not Found',
     header: 
      { vary: 'Origin',
        'access-control-allow-origin': 'http://localhost::8080',
        'access-control-allow-credentials': 'true',
        'access-control-expose-headers': 'WWW-Authenticate,Server-Authorization' },
     body: undefined } }
[2019-11-24T00:50:32.244] [INFO] response - { method: 'POST',
  url: '/api/users/postlogin',
  body: {},
  costTime: 10,
  response: { status: 404,
     message: 'Not Found',
     header: 
      { vary: 'Origin',
        'access-control-allow-origin': 'http://localhost::8080',
        'access-control-allow-credentials': 'true',
        'access-control-expose-headers': 'WWW-Authenticate,Server-Authorization' },
     body: undefined } }
[2019-11-24T00:55:11.704] [INFO] response - { method: 'POST',
  url: '/api/users/postlogin',
  body: {},
  costTime: 20,
  response: { status: 404,
     message: 'Not Found',
     header: 
      { vary: 'Origin',
        'access-control-allow-origin': 'http://localhost::8080',
        'access-control-allow-credentials': 'true',
        'access-control-expose-headers': 'WWW-Authenticate,Server-Authorization' },
     body: undefined } }
[2019-11-24T00:55:12.025] [INFO] response - { method: 'POST',
  url: '/api/users/postlogin',
  body: {},
  costTime: 1,
  response: { status: 404,
     message: 'Not Found',
     header: 
      { vary: 'Origin',
        'access-control-allow-origin': 'http://localhost::8080',
        'access-control-allow-credentials': 'true',
        'access-control-expose-headers': 'WWW-Authenticate,Server-Authorization' },
     body: undefined } }
[2019-11-24T00:55:14.857] [INFO] response - { method: 'POST',
  url: '/api/users/postlogin',
  body: {},
  costTime: 17,
  response: { status: 404,
     message: 'Not Found',
     header: 
      { vary: 'Origin',
        'access-control-allow-origin': 'http://localhost::8080',
        'access-control-allow-credentials': 'true',
        'access-control-expose-headers': 'WWW-Authenticate,Server-Authorization' },
     body: undefined } }
[2019-11-24T00:55:33.564] [INFO] response - { method: 'POST',
  url: '/api/users/postlogin',
  body: {},
  costTime: 15,
  response: { status: 404,
     message: 'Not Found',
     header: 
      { vary: 'Origin',
        'access-control-allow-origin': 'http://localhost::8080',
        'access-control-allow-credentials': 'true',
        'access-control-expose-headers': 'WWW-Authenticate,Server-Authorization' },
     body: undefined } }
[2019-11-24T00:55:49.224] [INFO] response - { method: 'POST',
  url: '/api/users/postlogin',
  body: {},
  costTime: 16,
  response: { status: 404,
     message: 'Not Found',
     header: 
      { vary: 'Origin',
        'access-control-allow-origin': 'http://localhost::8080',
        'access-control-allow-credentials': 'true',
        'access-control-expose-headers': 'WWW-Authenticate,Server-Authorization' },
     body: undefined } }
[2019-11-24T00:55:54.961] [INFO] response - { method: 'POST',
  url: '/api/users/postlogin',
  body: {},
  costTime: 2,
  response: { status: 404,
     message: 'Not Found',
     header: 
      { vary: 'Origin',
        'access-control-allow-origin': 'http://localhost::8080',
        'access-control-allow-credentials': 'true',
        'access-control-expose-headers': 'WWW-Authenticate,Server-Authorization' },
     body: undefined } }
[2019-11-24T00:55:56.797] [INFO] response - { method: 'POST',
  url: '/api/users/postlogin',
  body: {},
  costTime: 17,
  response: { status: 404,
     message: 'Not Found',
     header: 
      { vary: 'Origin',
        'access-control-allow-origin': 'http://localhost::8080',
        'access-control-allow-credentials': 'true',
        'access-control-expose-headers': 'WWW-Authenticate,Server-Authorization' },
     body: undefined } }
[2019-11-24T00:55:57.099] [INFO] response - { method: 'POST',
  url: '/api/users/postlogin',
  body: {},
  costTime: 1,
  response: { status: 404,
     message: 'Not Found',
     header: 
      { vary: 'Origin',
        'access-control-allow-origin': 'http://localhost::8080',
        'access-control-allow-credentials': 'true',
        'access-control-expose-headers': 'WWW-Authenticate,Server-Authorization' },
     body: undefined } }
[2019-11-24T00:55:58.313] [INFO] response - { method: 'POST',
  url: '/api/users/postlogin',
  body: {},
  costTime: 1,
  response: { status: 404,
     message: 'Not Found',
     header: 
      { vary: 'Origin',
        'access-control-allow-origin': 'http://localhost::8080',
        'access-control-allow-credentials': 'true',
        'access-control-expose-headers': 'WWW-Authenticate,Server-Authorization' },
     body: undefined } }
[2019-11-24T00:56:13.004] [INFO] response - { method: 'POST',
  url: '/api/users/postlogin',
  body: {},
  costTime: 21,
  response: { status: 404,
     message: 'Not Found',
     header: 
      { vary: 'Origin',
        'access-control-allow-origin': 'http://localhost::8080',
        'access-control-allow-credentials': 'true',
        'access-control-expose-headers': 'WWW-Authenticate,Server-Authorization' },
     body: undefined } }
[2019-11-24T00:56:26.264] [INFO] response - { method: 'POST',
  url: '/api/users/postlogin',
  body: {},
  costTime: 18,
  response: { status: 404,
     message: 'Not Found',
     header: 
      { vary: 'Origin',
        'access-control-allow-origin': 'http://localhost::8080',
        'access-control-allow-credentials': 'true',
        'access-control-expose-headers': 'WWW-Authenticate,Server-Authorization' },
     body: undefined } }
[2019-11-24T00:56:36.943] [INFO] response - { method: 'POST',
  url: '/api/users/postlogin',
  body: {},
  costTime: 47,
  response: { status: 404,
     message: 'Not Found',
     header: 
      { vary: 'Origin',
        'access-control-allow-origin': 'http://localhost::8080',
        'access-control-allow-credentials': 'true',
        'access-control-expose-headers': 'WWW-Authenticate,Server-Authorization' },
     body: undefined } }
[2019-11-24T00:56:59.796] [INFO] response - { method: 'POST',
  url: '/api/users/postlogin',
  body: {},
  costTime: 35,
  response: { status: 404,
     message: 'Not Found',
     header: 
      { vary: 'Origin',
        'access-control-allow-origin': 'http://localhost::8080',
        'access-control-allow-credentials': 'true',
        'access-control-expose-headers': 'WWW-Authenticate,Server-Authorization' },
     body: undefined } }
[2019-11-24T00:57:27.229] [INFO] response - { method: 'POST',
  url: '/api/users/postlogin',
  body: {},
  costTime: 18,
  response: { status: 404,
     message: 'Not Found',
     header: 
      { vary: 'Origin',
        'access-control-allow-origin': 'http://localhost::8080',
        'access-control-allow-credentials': 'true',
        'access-control-expose-headers': 'WWW-Authenticate,Server-Authorization' },
     body: undefined } }
[2019-11-24T00:57:54.525] [INFO] response - { method: 'POST',
  url: '/api/users/postlogin',
  body: {},
  costTime: 14,
  response: { status: 404,
     message: 'Not Found',
     header: 
      { vary: 'Origin',
        'access-control-allow-origin': 'http://localhost::8080',
        'access-control-allow-credentials': 'true',
        'access-control-expose-headers': 'WWW-Authenticate,Server-Authorization' },
     body: undefined } }
[2019-11-24T10:01:44.583] [INFO] response - { method: 'POST',
  url: '/api/users/postlogin',
  body: {},
  costTime: 14,
  response: { status: 404,
     message: 'Not Found',
     header: 
      { vary: 'Origin',
        'access-control-allow-origin': 'http://localhost::8080',
        'access-control-allow-credentials': 'true',
        'access-control-expose-headers': 'WWW-Authenticate,Server-Authorization' },
     body: undefined } }
[2019-11-24T10:04:07.754] [INFO] response - { method: 'POST',
  url: '/api/users/postlogin',
  body: {},
  costTime: 11,
  response: { status: 404,
     message: 'Not Found',
     header: 
      { vary: 'Origin',
        'access-control-allow-origin': 'http://localhost::8080',
        'access-control-allow-credentials': 'true',
        'access-control-expose-headers': 'WWW-Authenticate,Server-Authorization' },
     body: undefined } }
[2019-11-24T10:05:02.738] [INFO] response - { method: 'POST',
  url: '/api/users/postlogin',
  body: {},
  costTime: 7,
  response: { status: 404,
     message: 'Not Found',
     header: 
      { vary: 'Origin',
        'access-control-allow-origin': 'http://localhost::8080',
        'access-control-allow-credentials': 'true',
        'access-control-expose-headers': 'WWW-Authenticate,Server-Authorization' },
     body: undefined } }
[2019-11-24T10:06:11.397] [INFO] response - { method: 'POST',
  url: '/api/users/postlogin',
  body: {},
  costTime: 2,
  response: { status: 404,
     message: 'Not Found',
     header: 
      { vary: 'Origin',
        'access-control-allow-origin': 'http://localhost::8080',
        'access-control-allow-credentials': 'true',
        'access-control-expose-headers': 'WWW-Authenticate,Server-Authorization' },
     body: undefined } }
[2019-11-24T10:07:55.231] [INFO] response - { method: 'POST',
  url: '/api/users/postlogin',
  body: {},
  costTime: 2,
  response: { status: 404,
     message: 'Not Found',
     header: 
      { vary: 'Origin',
        'access-control-allow-origin': 'http://localhost::8080',
        'access-control-allow-credentials': 'true',
        'access-control-expose-headers': 'WWW-Authenticate,Server-Authorization' },
     body: undefined } }
[2019-11-24T10:33:06.857] [INFO] response - { method: 'POST',
  url: '/api/users/postlogin',
  body: {},
  costTime: 1,
  response: { status: 404,
     message: 'Not Found',
     header: 
      { vary: 'Origin',
        'access-control-allow-origin': 'http://localhost::8080',
        'access-control-allow-credentials': 'true',
        'access-control-expose-headers': 'WWW-Authenticate,Server-Authorization' },
     body: undefined } }
[2019-11-24T10:34:44.301] [INFO] response - { method: 'POST',
  url: '/api/users/postlogin',
  body: { user_id: '1001', password: '11111' },
  costTime: 0,
  response: { status: 404,
     message: 'Not Found',
     header: 
      { vary: 'Origin',
        'access-control-allow-origin': 'http://localhost::8080',
        'access-control-allow-credentials': 'true',
        'access-control-expose-headers': 'WWW-Authenticate,Server-Authorization' },
     body: undefined } }
[2019-11-24T10:51:32.493] [INFO] response - { method: 'POST',
  url: '/api/users/postlogin',
  body: { user_id: '1001', password: '11111' },
  costTime: 17,
  response: { status: 404,
     message: 'Not Found',
     header: 
      { vary: 'Origin',
        'access-control-allow-origin': 'http://localhost::8080',
        'access-control-allow-credentials': 'true',
        'access-control-expose-headers': 'WWW-Authenticate,Server-Authorization' },
     body: undefined } }
[2019-11-24T10:52:02.146] [INFO] response - { method: 'POST',
  url: '/api/users/postlogin',
  body: { user_id: '1001', password: '11111' },
  costTime: 6,
  response: { status: 404,
     message: 'Not Found',
     header: 
      { vary: 'Origin',
        'access-control-allow-origin': 'http://localhost::8080',
        'access-control-allow-credentials': 'true',
        'access-control-expose-headers': 'WWW-Authenticate,Server-Authorization' },
     body: undefined } }
[2019-11-24T10:52:57.334] [INFO] response - { method: 'POST',
  url: '/api/users/postlogin',
  body: { user_id: '1001', password: '11111' },
  costTime: 6,
  response: { status: 404,
     message: 'Not Found',
     header: 
      { vary: 'Origin',
        'access-control-allow-origin': 'http://localhost::8080',
        'access-control-allow-credentials': 'true',
        'access-control-expose-headers': 'WWW-Authenticate,Server-Authorization' },
     body: undefined } }
[2019-11-24T11:05:06.781] [INFO] response - { method: 'POST',
  url: '/api/users/postlogin',
  body: { user_id: '1001', password: '11111' },
  costTime: 10,
  response: { status: 404,
     message: 'Not Found',
     header: 
      { vary: 'Origin',
        'access-control-allow-origin': 'http://localhost::8080',
        'access-control-allow-credentials': 'true',
        'access-control-expose-headers': 'WWW-Authenticate,Server-Authorization' },
     body: undefined } }
[2019-11-24T11:26:11.551] [INFO] response - { method: 'GET',
  url: '/',
  body: {},
  costTime: 99,
  response: { status: 200,
     message: 'OK',
     header: 
      { vary: 'Origin',
        'access-control-allow-origin': 'http://localhost::8080',
        'access-control-allow-credentials': 'true',
        'access-control-expose-headers': 'WWW-Authenticate,Server-Authorization',
        'content-type': 'text/html; charset=utf-8',
        'content-length': '1029' },
     body: '<!DOCTYPE html>\r\n<head>\r\n\t<meta http-equiv="Content-Type" content="text/html; charset=utf-8" />\r\n\t<title>登录</title>\r\n\t<link rel="stylesheet" type="text/css" href="/stylesheets/style.css" />\r\n\t<link rel="stylesheet" type="text/css" href="/stylesheets/body.css"/> \r\n</head>\r\n<body>\r\n\t<div class="container">\r\n\t\t<section id="content">\r\n\t\t\t<form action="/checkLogin" method="post">\r\n\t\t\t\t<h1>登录</h1>\r\n\t\t\t\t<div>\r\n\t\t\t\t\t<input type="text" placeholder="工号/学号" required="" id="username" name="user_id"/>\r\n\t\t\t\t</div>\r\n\t\t\t\t<div>\r\n\t\t\t\t\t<input type="password" placeholder="密码" required="" id="password" name="password"/>\r\n\t\t\t\t</div>\r\n\t\t\t\t<div class="">\r\n\t\t\t\t\t<span class="help-block u-errormessage" id="js-server-helpinfo">&nbsp;</span>\t\t\t\r\n\t\t\t\t</div> \r\n\t\t\t\t<div>\r\n\t\t\t\t\t<!-- <input type="submit" value="Log in" /> -->\r\n\t\t\t\t\t<input type="submit" value="登录" class="btn btn-primary" id="js-btn-login"/>\r\n\t\t\t\t</div>\r\n\t\t\t</form><!-- form -->\r\n\t\t\t\r\n\t\t</section><!-- content -->\r\n\t</div>\r\n\t<!-- container -->\r\n</body>\r\n</html>' } }
[2019-11-24T13:20:29.026] [INFO] response - { method: 'GET',
  url: '/favicon.ico',
  body: {},
  costTime: 45,
  response: { status: 404,
     message: 'Not Found',
     header: 
      { vary: 'Origin',
        'access-control-allow-origin': 'http://localhost::8080',
        'access-control-allow-credentials': 'true',
        'access-control-expose-headers': 'WWW-Authenticate,Server-Authorization',
        'content-type': 'text/html; charset=utf-8',
        'content-length': '474' },
     body: '<!DOCTYPE html>\n<html lang="en">\n<head>\n    <meta charset="UTF-8">\n    <meta name="viewport" content="width=device-width, initial-scale=1.0">\n    <meta http-equiv="X-UA-Compatible" content="ie=edge">\n    <link rel="stylesheet" href="/stylesheets/error.css">\n    <title>错误信息</title>\n</head>\n<body>\n    <div class="content">\n            <h1>抱歉，找不到你的诗和远方了！</h1>\n            \n            <h2>404</h2>\n            \n    </div>\n</body>\n</html>\n\n' } }
[2019-11-24T13:20:32.307] [INFO] response - { method: 'GET',
  url: '/',
  body: {},
  costTime: 4,
  response: { status: 200,
     message: 'OK',
     header: 
      { vary: 'Origin',
        'access-control-allow-origin': 'http://localhost::8080',
        'access-control-allow-credentials': 'true',
        'access-control-expose-headers': 'WWW-Authenticate,Server-Authorization',
        'content-type': 'text/html; charset=utf-8',
        'content-length': '1029' },
     body: '<!DOCTYPE html>\r\n<head>\r\n\t<meta http-equiv="Content-Type" content="text/html; charset=utf-8" />\r\n\t<title>登录</title>\r\n\t<link rel="stylesheet" type="text/css" href="/stylesheets/style.css" />\r\n\t<link rel="stylesheet" type="text/css" href="/stylesheets/body.css"/> \r\n</head>\r\n<body>\r\n\t<div class="container">\r\n\t\t<section id="content">\r\n\t\t\t<form action="/checkLogin" method="post">\r\n\t\t\t\t<h1>登录</h1>\r\n\t\t\t\t<div>\r\n\t\t\t\t\t<input type="text" placeholder="工号/学号" required="" id="username" name="user_id"/>\r\n\t\t\t\t</div>\r\n\t\t\t\t<div>\r\n\t\t\t\t\t<input type="password" placeholder="密码" required="" id="password" name="password"/>\r\n\t\t\t\t</div>\r\n\t\t\t\t<div class="">\r\n\t\t\t\t\t<span class="help-block u-errormessage" id="js-server-helpinfo">&nbsp;</span>\t\t\t\r\n\t\t\t\t</div> \r\n\t\t\t\t<div>\r\n\t\t\t\t\t<!-- <input type="submit" value="Log in" /> -->\r\n\t\t\t\t\t<input type="submit" value="登录" class="btn btn-primary" id="js-btn-login"/>\r\n\t\t\t\t</div>\r\n\t\t\t</form><!-- form -->\r\n\t\t\t\r\n\t\t</section><!-- content -->\r\n\t</div>\r\n\t<!-- container -->\r\n</body>\r\n</html>' } }
[2019-11-24T13:20:32.723] [INFO] response - { method: 'GET',
  url: '/favicon.ico',
  body: {},
  costTime: 15,
  response: { status: 404,
     message: 'Not Found',
     header: 
      { vary: 'Origin',
        'access-control-allow-origin': 'http://localhost::8080',
        'access-control-allow-credentials': 'true',
        'access-control-expose-headers': 'WWW-Authenticate,Server-Authorization',
        'content-type': 'text/html; charset=utf-8',
        'content-length': '474' },
     body: '<!DOCTYPE html>\n<html lang="en">\n<head>\n    <meta charset="UTF-8">\n    <meta name="viewport" content="width=device-width, initial-scale=1.0">\n    <meta http-equiv="X-UA-Compatible" content="ie=edge">\n    <link rel="stylesheet" href="/stylesheets/error.css">\n    <title>错误信息</title>\n</head>\n<body>\n    <div class="content">\n            <h1>抱歉，找不到你的诗和远方了！</h1>\n            \n            <h2>404</h2>\n            \n    </div>\n</body>\n</html>\n\n' } }
[2019-11-24T13:20:38.883] [INFO] response - { method: 'POST',
  url: '/checkLogin',
  body: { user_id: '1001', password: '123456' },
  costTime: 46,
  response: { status: 302,
     message: 'Found',
     header: 
      { vary: 'Origin',
        'access-control-allow-origin': 'http://localhost::8080',
        'access-control-allow-credentials': 'true',
        'access-control-expose-headers': 'WWW-Authenticate,Server-Authorization',
        location: '/index',
        'content-type': 'text/html; charset=utf-8',
        'content-length': '43' },
     body: 'Redirecting to <a href="/index">/index</a>.' } }
[2019-11-24T13:20:38.916] [INFO] response - { method: 'GET',
  url: '/index',
  body: {},
  costTime: 6,
  response: { status: 200,
     message: 'OK',
     header: 
      { vary: 'Origin',
        'access-control-allow-origin': 'http://localhost::8080',
        'access-control-allow-credentials': 'true',
        'access-control-expose-headers': 'WWW-Authenticate,Server-Authorization',
        'content-type': 'text/html; charset=utf-8',
        'content-length': '1392' },
     body: '<!DOCTYPE html>\r\n<head>\r\n<meta http-equiv="Content-Type" content="text/html; charset=utf-8" />\r\n<title>后台管理系统</title>\r\n<link type="text/css" rel="stylesheet" href="/stylesheets/style_index.css" />\r\n<script type="text/javascript" src="/javascripts/jquery-1.8.3.min.js"></script>\r\n<script type="text/javascript" src="/javascripts/menu.js"></script>\r\n</head>\r\n\r\n<body>\r\n<div class="top"></div>\r\n<div id="header">\r\n\t<div class="logo">后台管理</div>\r\n\t<div class="navigation">\r\n\t\t<ul>\r\n\t\t \t<li>欢迎您！</li>\r\n\t\t\t<li>张三</li>\r\n\t\t\t<li><a href="/logout">退出</a></li>\r\n\t\t</ul>\r\n\t</div>\r\n</div>\r\n<div id="content">\r\n\t<div class="left_menu">\r\n\t\t<ul id="nav_dot">\r\n      <li>\r\n        <h4 class="M1"><span></span>科研资料管理</h4>\r\n        <div class="list-item none">\r\n          <a href=\'\'>资料查询</a>\r\n        </div>\r\n      </li>\r\n\t\t\t<li>\r\n        <h4   class="M10"><span></span>用户管理</h4>\r\n        <div class="list-item none">\r\n          <a href=\'/users/userlist\' target="iframe1">用户列表</a>\r\n        </div>\r\n      </li>\r\n    </ul>\r\n\t</div>\r\n\t<div class="m-right">\r\n\t\t\t<div class="main">\r\n\t\t\t\t<iframe frameborder="0" name="iframe1"  width="100%" height="100%">\r\n\t\t\t\t\t您的浏览器不支持嵌入式框架，或者当前配置为不显示嵌入式框架。\r\n\t\t\t\t</iframe>\r\n\t\t\t</div>\r\n\t</div>\r\n</div>\r\n<script>navList(12);</script>\r\n</body>\r\n</html>\r\n' } }
[2019-11-24T13:21:55.850] [INFO] response - { method: 'POST',
  url: '/api/users/postlogin',
  body: { user_id: '1001', password: '1111' },
  costTime: 2,
  response: { status: 404,
     message: 'Not Found',
     header: 
      { vary: 'Origin',
        'access-control-allow-origin': 'http://localhost::8080',
        'access-control-allow-credentials': 'true',
        'access-control-expose-headers': 'WWW-Authenticate,Server-Authorization' },
     body: undefined } }
[2019-11-24T13:46:25.070] [INFO] response - { method: 'POST',
  url: '/api/users/postlogin',
  body: { user_id: '1001', password: '111' },
  costTime: 2,
  response: { status: 404,
     message: 'Not Found',
     header: 
      { vary: 'Origin',
        'access-control-allow-origin': 'http://localhost::8080',
        'access-control-allow-credentials': 'true',
        'access-control-expose-headers': 'WWW-Authenticate,Server-Authorization' },
     body: undefined } }
[2019-11-24T13:48:02.659] [INFO] response - { method: 'POST',
  url: '/api/users/postlogin',
  body: { user_id: '1001', password: '111' },
  costTime: 2,
  response: { status: 404,
     message: 'Not Found',
     header: 
      { vary: 'Origin',
        'access-control-allow-origin': 'http://localhost::8080',
        'access-control-allow-credentials': 'true',
        'access-control-expose-headers': 'WWW-Authenticate,Server-Authorization' },
     body: undefined } }
[2019-11-24T14:23:37.037] [INFO] response - { method: 'POST',
  url: '/api/users/postlogin',
  body: { user_id: '1001', password: '1111' },
  costTime: 1,
  response: { status: 404,
     message: 'Not Found',
     header: 
      { vary: 'Origin',
        'access-control-allow-origin': 'http://localhost::8080',
        'access-control-allow-credentials': 'true',
        'access-control-expose-headers': 'WWW-Authenticate,Server-Authorization' },
     body: undefined } }
[2019-11-24T14:25:28.709] [INFO] response - { method: 'POST',
  url: '/api/users/postlogin',
  body: { user_id: '1001', password: '111' },
  costTime: 2,
  response: { status: 404,
     message: 'Not Found',
     header: 
      { vary: 'Origin',
        'access-control-allow-origin': 'http://localhost::8080',
        'access-control-allow-credentials': 'true',
        'access-control-expose-headers': 'WWW-Authenticate,Server-Authorization' },
     body: undefined } }
[2019-11-24T14:32:34.104] [INFO] response - { method: 'POST',
  url: '/api/users/postlogin',
  body: { user_id: '1001', password: '1111' },
  costTime: 4,
  response: { status: 404,
     message: 'Not Found',
     header: 
      { vary: 'Origin',
        'access-control-allow-origin': 'http://localhost::8080',
        'access-control-allow-credentials': 'true',
        'access-control-expose-headers': 'WWW-Authenticate,Server-Authorization' },
     body: undefined } }
[2019-11-24T14:33:43.399] [INFO] response - { method: 'POST',
  url: '/api/users/postlogin',
  body: { user_id: '1001', password: '1111' },
  costTime: 2,
  response: { status: 404,
     message: 'Not Found',
     header: 
      { vary: 'Origin',
        'access-control-allow-origin': 'http://localhost::8080',
        'access-control-allow-credentials': 'true',
        'access-control-expose-headers': 'WWW-Authenticate,Server-Authorization' },
     body: undefined } }
[2019-11-24T14:34:36.093] [INFO] response - { method: 'POST',
  url: '/api/users/postlogin',
  body: { user_id: '1001', password: '1111' },
  costTime: 2,
  response: { status: 404,
     message: 'Not Found',
     header: 
      { vary: 'Origin',
        'access-control-allow-origin': 'http://localhost::8080',
        'access-control-allow-credentials': 'true',
        'access-control-expose-headers': 'WWW-Authenticate,Server-Authorization' },
     body: undefined } }
[2019-11-24T14:36:47.762] [INFO] response - { method: 'POST',
  url: '/api/users/postlogin',
  body: { user_id: '1001', password: '1111' },
  costTime: 19,
  response: { status: 404,
     message: 'Not Found',
     header: 
      { vary: 'Origin',
        'access-control-allow-origin': 'http://localhost::8080',
        'access-control-allow-credentials': 'true',
        'access-control-expose-headers': 'WWW-Authenticate,Server-Authorization' },
     body: undefined } }
[2019-11-24T14:37:27.363] [INFO] response - { method: 'POST',
  url: '/api/users/postlogin',
  body: { user_id: '1001', password: '1111' },
  costTime: 2,
  response: { status: 404,
     message: 'Not Found',
     header: 
      { vary: 'Origin',
        'access-control-allow-origin': 'http://localhost::8080',
        'access-control-allow-credentials': 'true',
        'access-control-expose-headers': 'WWW-Authenticate,Server-Authorization' },
     body: undefined } }
[2019-11-24T14:39:01.803] [INFO] response - { method: 'POST',
  url: '/api/users/postlogin',
  body: { user_id: '1001', password: '1111' },
  costTime: 18,
  response: { status: 404,
     message: 'Not Found',
     header: 
      { vary: 'Origin',
        'access-control-allow-origin': 'http://localhost::8080',
        'access-control-allow-credentials': 'true',
        'access-control-expose-headers': 'WWW-Authenticate,Server-Authorization' },
     body: undefined } }
[2019-11-24T16:15:58.072] [INFO] response - { method: 'POST',
  url: '/api/users/postlogin',
  body: { user_id: '1001', password: '123456' },
  costTime: 48,
  response: { status: 200,
     message: 'OK',
     header: 
      { vary: 'Origin',
        'access-control-allow-origin': 'http://localhost::8080',
        'access-control-allow-credentials': 'true',
        'access-control-expose-headers': 'WWW-Authenticate,Server-Authorization',
        'content-type': 'application/json; charset=utf-8' },
     body: 
      { message: '验证成功',
        token: 'Bearer eyJhbGciOiJIUzI1NiIsInR5cCI6IkpXVCJ9.eyJ1c2VyX2lkIjoiMTAwMSIsInVzZXJfbmFtZSI6IuW8oOS4iSIsImlhdCI6MTU3NDU4MzM1OCwiZXhwIjoxNTc0NTg2OTU4fQ.ui6s4KhhsMRuoIj1BmLRV2O25LZgSnkGZ8HlbH0EttM' } } }
[2019-11-24T16:19:54.039] [INFO] response - { method: 'POST',
  url: '/api/users/postlogin',
  body: { user_id: '1001', password: '123456' },
  costTime: 65,
  response: { status: 200,
     message: 'OK',
     header: 
      { vary: 'Origin',
        'access-control-allow-origin': 'http://localhost::8080',
        'access-control-allow-credentials': 'true',
        'access-control-expose-headers': 'WWW-Authenticate,Server-Authorization',
        'content-type': 'application/json; charset=utf-8' },
     body: 
      { message: '验证成功',
        token: 'Bearer eyJhbGciOiJIUzI1NiIsInR5cCI6IkpXVCJ9.eyJ1c2VyX2lkIjoiMTAwMSIsInVzZXJfbmFtZSI6IuW8oOS4iSIsImlhdCI6MTU3NDU4MzU5NCwiZXhwIjoxNTc0NTg3MTk0fQ.Fbj1h09tyga0YPOwmExaA7t7Mg5VSPUuM0f1k5p1-MI' } } }
[2019-11-24T16:21:46.699] [INFO] response - { method: 'POST',
  url: '/api/users/postlogin',
  body: { user_id: '1001', password: '123456' },
  costTime: 42,
  response: { status: 200,
     message: 'OK',
     header: 
      { vary: 'Origin',
        'access-control-allow-origin': 'http://localhost::8080',
        'access-control-allow-credentials': 'true',
        'access-control-expose-headers': 'WWW-Authenticate,Server-Authorization',
        'content-type': 'application/json; charset=utf-8' },
     body: 
      { message: '验证成功',
        token: 'Bearer eyJhbGciOiJIUzI1NiIsInR5cCI6IkpXVCJ9.eyJ1c2VyX2lkIjoiMTAwMSIsInVzZXJfbmFtZSI6IuW8oOS4iSIsImlhdCI6MTU3NDU4MzcwNiwiZXhwIjoxNTc0NTg3MzA2fQ.6_s3ecfYx6LeeDKZ3ufhsfUhqFD5HBx3d6teSrLVc9Q' } } }
[2019-11-24T16:24:44.000] [INFO] response - { method: 'POST',
  url: '/api/users/postlogin',
  body: { user_id: '1001', password: 'eeeee' },
  costTime: 30,
  response: { status: 500,
     message: 'Internal Server Error',
     header: 
      { vary: 'Origin',
        'access-control-allow-origin': 'http://localhost::8080',
        'access-control-allow-credentials': 'true',
        'access-control-expose-headers': 'WWW-Authenticate,Server-Authorization',
        'content-type': 'application/json; charset=utf-8' },
     body: { code: 0, message: '密码错误' } } }
[2019-11-24T16:25:51.820] [INFO] response - { method: 'POST',
  url: '/api/users/postlogin',
  body: { user_id: '1001', password: 'eeeee' },
  costTime: 42,
  response: { status: 200,
     message: 'OK',
     header: 
      { vary: 'Origin',
        'access-control-allow-origin': 'http://localhost::8080',
        'access-control-allow-credentials': 'true',
        'access-control-expose-headers': 'WWW-Authenticate,Server-Authorization',
        'content-type': 'application/json; charset=utf-8' },
     body: { code: 0, message: '密码错误' } } }
[2019-11-24T16:26:34.328] [INFO] response - { method: 'POST',
  url: '/api/users/postlogin',
  body: { user_id: '1001', password: 'eeeee' },
  costTime: 37,
  response: { status: 200,
     message: 'OK',
     header: 
      { vary: 'Origin',
        'access-control-allow-origin': 'http://localhost::8080',
        'access-control-allow-credentials': 'true',
        'access-control-expose-headers': 'WWW-Authenticate,Server-Authorization',
        'content-type': 'application/json; charset=utf-8' },
     body: { code: 0, message: '密码错误' } } }
[2019-11-24T16:31:15.991] [INFO] response - { method: 'POST',
  url: '/api/users/postlogin',
  body: { user_id: '1001', password: 'www11' },
  costTime: 28,
  response: { status: 200,
     message: 'OK',
     header: 
      { vary: 'Origin',
        'access-control-allow-origin': 'http://localhost::8080',
        'access-control-allow-credentials': 'true',
        'access-control-expose-headers': 'WWW-Authenticate,Server-Authorization',
        'content-type': 'application/json; charset=utf-8' },
     body: { code: 0, message: '密码错误' } } }
[2019-11-24T16:34:43.200] [INFO] response - { method: 'POST',
  url: '/api/users/postlogin',
  body: { user_id: '1001', password: '111111111' },
  costTime: 37,
  response: { status: 200,
     message: 'OK',
     header: 
      { vary: 'Origin',
        'access-control-allow-origin': 'http://localhost::8080',
        'access-control-allow-credentials': 'true',
        'access-control-expose-headers': 'WWW-Authenticate,Server-Authorization',
        'content-type': 'application/json; charset=utf-8' },
     body: { code: 0, message: '密码错误' } } }
[2019-11-24T16:37:44.936] [INFO] response - { method: 'POST',
  url: '/api/users/postlogin',
  body: { user_id: '1222', password: '123456' },
  costTime: 24,
  response: { status: 200,
     message: 'OK',
     header: 
      { vary: 'Origin',
        'access-control-allow-origin': 'http://localhost::8080',
        'access-control-allow-credentials': 'true',
        'access-control-expose-headers': 'WWW-Authenticate,Server-Authorization',
        'content-type': 'application/json; charset=utf-8' },
     body: { code: -1, message: '该用户不存在' } } }
[2019-11-24T16:38:59.472] [INFO] response - { method: 'POST',
  url: '/api/users/postlogin',
  body: { user_id: '1740624106', password: '1232132' },
  costTime: 55,
  response: { status: 200,
     message: 'OK',
     header: 
      { vary: 'Origin',
        'access-control-allow-origin': 'http://localhost::8080',
        'access-control-allow-credentials': 'true',
        'access-control-expose-headers': 'WWW-Authenticate,Server-Authorization',
        'content-type': 'application/json; charset=utf-8' },
     body: { code: -1, message: '该用户不存在' } } }
[2019-11-24T16:44:43.750] [INFO] response - { method: 'POST',
  url: '/api/users/postlogin',
  body: { user_id: '1001', password: '123456' },
  costTime: 34,
  response: { status: 200,
     message: 'OK',
     header: 
      { vary: 'Origin',
        'access-control-allow-origin': 'http://localhost::8080',
        'access-control-allow-credentials': 'true',
        'access-control-expose-headers': 'WWW-Authenticate,Server-Authorization',
        'content-type': 'application/json; charset=utf-8' },
     body: 
      { code: 1,
        message: '验证成功',
        token: 'Bearer eyJhbGciOiJIUzI1NiIsInR5cCI6IkpXVCJ9.eyJ1c2VyX2lkIjoiMTAwMSIsInVzZXJfbmFtZSI6IuW8oOS4iSIsImlhdCI6MTU3NDU4NTA4MywiZXhwIjoxNTc0NTg4NjgzfQ.vYCgPmF3fstaJbaoBH4e6TUHPh5zT0KaHcWWFBwQnXI' } } }
[2019-11-24T16:45:46.506] [INFO] response - { method: 'POST',
  url: '/api/users/postlogin',
  body: { user_id: '1001', password: '123456' },
  costTime: 43,
  response: { status: 200,
     message: 'OK',
     header: 
      { vary: 'Origin',
        'access-control-allow-origin': 'http://localhost::8080',
        'access-control-allow-credentials': 'true',
        'access-control-expose-headers': 'WWW-Authenticate,Server-Authorization',
        'content-type': 'application/json; charset=utf-8' },
     body: 
      { code: 1,
        message: '验证成功',
        token: 'Bearer eyJhbGciOiJIUzI1NiIsInR5cCI6IkpXVCJ9.eyJ1c2VyX2lkIjoiMTAwMSIsInVzZXJfbmFtZSI6IuW8oOS4iSIsImlhdCI6MTU3NDU4NTE0NiwiZXhwIjoxNTc0NTg4NzQ2fQ.4IyVw8cXwNpcAdsj_BhTAfl8rWMzM6eZ43_J_qhMkic' } } }
[2019-11-24T16:57:29.536] [INFO] response - { method: 'GET',
  url: '/favicon.ico',
  body: {},
  costTime: 40,
  response: { status: 404,
     message: 'Not Found',
     header: 
      { vary: 'Origin',
        'access-control-allow-origin': 'http://localhost::8080',
        'access-control-allow-credentials': 'true',
        'access-control-expose-headers': 'WWW-Authenticate,Server-Authorization',
        'content-type': 'text/html; charset=utf-8',
        'content-length': '474' },
     body: '<!DOCTYPE html>\n<html lang="en">\n<head>\n    <meta charset="UTF-8">\n    <meta name="viewport" content="width=device-width, initial-scale=1.0">\n    <meta http-equiv="X-UA-Compatible" content="ie=edge">\n    <link rel="stylesheet" href="/stylesheets/error.css">\n    <title>错误信息</title>\n</head>\n<body>\n    <div class="content">\n            <h1>抱歉，找不到你的诗和远方了！</h1>\n            \n            <h2>404</h2>\n            \n    </div>\n</body>\n</html>\n\n' } }
[2019-11-24T16:58:19.618] [INFO] response - { method: 'GET',
  url: '/favicon.ico',
  body: {},
  costTime: 11,
  response: { status: 404,
     message: 'Not Found',
     header: 
      { vary: 'Origin',
        'access-control-allow-origin': 'http://localhost::8080',
        'access-control-allow-credentials': 'true',
        'access-control-expose-headers': 'WWW-Authenticate,Server-Authorization',
        'content-type': 'text/html; charset=utf-8',
        'content-length': '474' },
     body: '<!DOCTYPE html>\n<html lang="en">\n<head>\n    <meta charset="UTF-8">\n    <meta name="viewport" content="width=device-width, initial-scale=1.0">\n    <meta http-equiv="X-UA-Compatible" content="ie=edge">\n    <link rel="stylesheet" href="/stylesheets/error.css">\n    <title>错误信息</title>\n</head>\n<body>\n    <div class="content">\n            <h1>抱歉，找不到你的诗和远方了！</h1>\n            \n            <h2>404</h2>\n            \n    </div>\n</body>\n</html>\n\n' } }
[2019-11-24T16:59:14.941] [INFO] response - { method: 'POST',
  url: '/api/users/postlogin',
  body: { user_id: '1002', password: '123456' },
  costTime: 25,
  response: { status: 200,
     message: 'OK',
     header: 
      { vary: 'Origin',
        'access-control-allow-origin': 'http://localhost::8080',
        'access-control-allow-credentials': 'true',
        'access-control-expose-headers': 'WWW-Authenticate,Server-Authorization',
        'content-type': 'application/json; charset=utf-8' },
     body: 
      { code: 1,
        message: '验证成功',
        token: 'Bearer eyJhbGciOiJIUzI1NiIsInR5cCI6IkpXVCJ9.eyJ1c2VyX2lkIjoiMTAwMiIsInVzZXJfbmFtZSI6IuadjuWbmyIsImlhdCI6MTU3NDU4NTk1NCwiZXhwIjoxNTc0NTg5NTU0fQ.ptnYNEfC2t1C24q_hkW64qQEXCJndrRKf96nzevfjUw' } } }
[2019-11-24T17:05:09.392] [INFO] response - { method: 'GET',
  url: '/logout',
  body: {},
  costTime: 95,
  response: { status: 200,
     message: 'OK',
     header: 
      { vary: 'Origin',
        'access-control-allow-origin': 'http://localhost::8080',
        'access-control-allow-credentials': 'true',
        'access-control-expose-headers': 'WWW-Authenticate,Server-Authorization',
        'content-type': 'text/html; charset=utf-8',
        'content-length': '1029' },
     body: '<!DOCTYPE html>\r\n<head>\r\n\t<meta http-equiv="Content-Type" content="text/html; charset=utf-8" />\r\n\t<title>登录</title>\r\n\t<link rel="stylesheet" type="text/css" href="/stylesheets/style.css" />\r\n\t<link rel="stylesheet" type="text/css" href="/stylesheets/body.css"/> \r\n</head>\r\n<body>\r\n\t<div class="container">\r\n\t\t<section id="content">\r\n\t\t\t<form action="/checkLogin" method="post">\r\n\t\t\t\t<h1>登录</h1>\r\n\t\t\t\t<div>\r\n\t\t\t\t\t<input type="text" placeholder="工号/学号" required="" id="username" name="user_id"/>\r\n\t\t\t\t</div>\r\n\t\t\t\t<div>\r\n\t\t\t\t\t<input type="password" placeholder="密码" required="" id="password" name="password"/>\r\n\t\t\t\t</div>\r\n\t\t\t\t<div class="">\r\n\t\t\t\t\t<span class="help-block u-errormessage" id="js-server-helpinfo">&nbsp;</span>\t\t\t\r\n\t\t\t\t</div> \r\n\t\t\t\t<div>\r\n\t\t\t\t\t<!-- <input type="submit" value="Log in" /> -->\r\n\t\t\t\t\t<input type="submit" value="登录" class="btn btn-primary" id="js-btn-login"/>\r\n\t\t\t\t</div>\r\n\t\t\t</form><!-- form -->\r\n\t\t\t\r\n\t\t</section><!-- content -->\r\n\t</div>\r\n\t<!-- container -->\r\n</body>\r\n</html>' } }
[2019-11-24T17:05:16.858] [INFO] response - { method: 'POST',
  url: '/checkLogin',
  body: { user_id: '1002', password: '123456' },
  costTime: 175,
  response: { status: 302,
     message: 'Found',
     header: 
      { vary: 'Origin',
        'access-control-allow-origin': 'http://localhost::8080',
        'access-control-allow-credentials': 'true',
        'access-control-expose-headers': 'WWW-Authenticate,Server-Authorization',
        location: '/index',
        'content-type': 'text/html; charset=utf-8',
        'content-length': '43' },
     body: 'Redirecting to <a href="/index">/index</a>.' } }
[2019-11-24T17:05:16.921] [INFO] response - { method: 'GET',
  url: '/index',
  body: {},
  costTime: 24,
  response: { status: 200,
     message: 'OK',
     header: 
      { vary: 'Origin',
        'access-control-allow-origin': 'http://localhost::8080',
        'access-control-allow-credentials': 'true',
        'access-control-expose-headers': 'WWW-Authenticate,Server-Authorization',
        'content-type': 'text/html; charset=utf-8',
        'content-length': '1392' },
     body: '<!DOCTYPE html>\r\n<head>\r\n<meta http-equiv="Content-Type" content="text/html; charset=utf-8" />\r\n<title>后台管理系统</title>\r\n<link type="text/css" rel="stylesheet" href="/stylesheets/style_index.css" />\r\n<script type="text/javascript" src="/javascripts/jquery-1.8.3.min.js"></script>\r\n<script type="text/javascript" src="/javascripts/menu.js"></script>\r\n</head>\r\n\r\n<body>\r\n<div class="top"></div>\r\n<div id="header">\r\n\t<div class="logo">后台管理</div>\r\n\t<div class="navigation">\r\n\t\t<ul>\r\n\t\t \t<li>欢迎您！</li>\r\n\t\t\t<li>李四</li>\r\n\t\t\t<li><a href="/logout">退出</a></li>\r\n\t\t</ul>\r\n\t</div>\r\n</div>\r\n<div id="content">\r\n\t<div class="left_menu">\r\n\t\t<ul id="nav_dot">\r\n      <li>\r\n        <h4 class="M1"><span></span>科研资料管理</h4>\r\n        <div class="list-item none">\r\n          <a href=\'\'>资料查询</a>\r\n        </div>\r\n      </li>\r\n\t\t\t<li>\r\n        <h4   class="M10"><span></span>用户管理</h4>\r\n        <div class="list-item none">\r\n          <a href=\'/users/userlist\' target="iframe1">用户列表</a>\r\n        </div>\r\n      </li>\r\n    </ul>\r\n\t</div>\r\n\t<div class="m-right">\r\n\t\t\t<div class="main">\r\n\t\t\t\t<iframe frameborder="0" name="iframe1"  width="100%" height="100%">\r\n\t\t\t\t\t您的浏览器不支持嵌入式框架，或者当前配置为不显示嵌入式框架。\r\n\t\t\t\t</iframe>\r\n\t\t\t</div>\r\n\t</div>\r\n</div>\r\n<script>navList(12);</script>\r\n</body>\r\n</html>\r\n' } }
[2019-11-24T17:05:46.241] [INFO] response - { method: 'GET',
  url: '/favicon.ico',
  body: {},
  costTime: 9,
  response: { status: 404,
     message: 'Not Found',
     header: 
      { vary: 'Origin',
        'access-control-allow-origin': 'http://localhost::8080',
        'access-control-allow-credentials': 'true',
        'access-control-expose-headers': 'WWW-Authenticate,Server-Authorization',
        'content-type': 'text/html; charset=utf-8',
        'content-length': '474' },
     body: '<!DOCTYPE html>\n<html lang="en">\n<head>\n    <meta charset="UTF-8">\n    <meta name="viewport" content="width=device-width, initial-scale=1.0">\n    <meta http-equiv="X-UA-Compatible" content="ie=edge">\n    <link rel="stylesheet" href="/stylesheets/error.css">\n    <title>错误信息</title>\n</head>\n<body>\n    <div class="content">\n            <h1>抱歉，找不到你的诗和远方了！</h1>\n            \n            <h2>404</h2>\n            \n    </div>\n</body>\n</html>\n\n' } }
[2019-11-24T17:32:50.904] [INFO] response - { method: 'POST',
  url: '/api/users/postlogin',
  body: { user_id: '1001', password: '123456' },
  costTime: 29,
  response: { status: 200,
     message: 'OK',
     header: 
      { vary: 'Origin',
        'access-control-allow-origin': 'http://localhost::8080',
        'access-control-allow-credentials': 'true',
        'access-control-expose-headers': 'WWW-Authenticate,Server-Authorization',
        'content-type': 'application/json; charset=utf-8' },
     body: 
      { code: 1,
        message: '验证成功',
        token: 'Bearer eyJhbGciOiJIUzI1NiIsInR5cCI6IkpXVCJ9.eyJ1c2VyX2lkIjoiMTAwMSIsInVzZXJfbmFtZSI6IuW8oOS4iSIsImlhdCI6MTU3NDU4Nzk3MCwiZXhwIjoxNTc0NTkxNTcwfQ.41pil3dDzZz2bO4YmBdLyIJMp_krVygw_49Ui0kpqbU' } } }
[2019-11-24T17:42:13.671] [INFO] response - { method: 'GET',
  url: '/favicon.ico',
  body: {},
  costTime: 99,
  response: { status: 404,
     message: 'Not Found',
     header: 
      { vary: 'Origin',
        'access-control-allow-origin': 'http://localhost::8080',
        'access-control-allow-credentials': 'true',
        'access-control-expose-headers': 'WWW-Authenticate,Server-Authorization',
        'content-type': 'text/html; charset=utf-8',
        'content-length': '474' },
     body: '<!DOCTYPE html>\n<html lang="en">\n<head>\n    <meta charset="UTF-8">\n    <meta name="viewport" content="width=device-width, initial-scale=1.0">\n    <meta http-equiv="X-UA-Compatible" content="ie=edge">\n    <link rel="stylesheet" href="/stylesheets/error.css">\n    <title>错误信息</title>\n</head>\n<body>\n    <div class="content">\n            <h1>抱歉，找不到你的诗和远方了！</h1>\n            \n            <h2>404</h2>\n            \n    </div>\n</body>\n</html>\n\n' } }
[2019-11-24T17:42:28.702] [INFO] response - { method: 'POST',
  url: '/api/users/postlogin',
  body: { user_id: '1001', password: '123456' },
  costTime: 94,
  response: { status: 200,
     message: 'OK',
     header: 
      { vary: 'Origin',
        'access-control-allow-origin': 'http://localhost::8080',
        'access-control-allow-credentials': 'true',
        'access-control-expose-headers': 'WWW-Authenticate,Server-Authorization',
        'content-type': 'application/json; charset=utf-8' },
     body: 
      { code: 1,
        message: '验证成功',
        token: 'Bearer eyJhbGciOiJIUzI1NiIsInR5cCI6IkpXVCJ9.eyJ1c2VyX2lkIjoiMTAwMSIsInVzZXJfbmFtZSI6IuW8oOS4iSIsImlhdCI6MTU3NDU4ODU0OCwiZXhwIjoxNTc0NTkyMTQ4fQ.nLaYit-x8mKSTAK71BrCeTqkIdA-qcunYkBFLy5fAWw' } } }
[2019-11-24T17:44:28.575] [INFO] response - { method: 'GET',
  url: '/favicon.ico',
  body: {},
  costTime: 19,
  response: { status: 404,
     message: 'Not Found',
     header: 
      { vary: 'Origin',
        'access-control-allow-origin': 'http://localhost::8080',
        'access-control-allow-credentials': 'true',
        'access-control-expose-headers': 'WWW-Authenticate,Server-Authorization',
        'content-type': 'text/html; charset=utf-8',
        'content-length': '474' },
     body: '<!DOCTYPE html>\n<html lang="en">\n<head>\n    <meta charset="UTF-8">\n    <meta name="viewport" content="width=device-width, initial-scale=1.0">\n    <meta http-equiv="X-UA-Compatible" content="ie=edge">\n    <link rel="stylesheet" href="/stylesheets/error.css">\n    <title>错误信息</title>\n</head>\n<body>\n    <div class="content">\n            <h1>抱歉，找不到你的诗和远方了！</h1>\n            \n            <h2>404</h2>\n            \n    </div>\n</body>\n</html>\n\n' } }
[2019-11-24T17:44:39.996] [INFO] response - { method: 'POST',
  url: '/api/users/postlogin',
  body: { user_id: '1001', password: '123456' },
  costTime: 44,
  response: { status: 200,
     message: 'OK',
     header: 
      { vary: 'Origin',
        'access-control-allow-origin': 'http://localhost::8080',
        'access-control-allow-credentials': 'true',
        'access-control-expose-headers': 'WWW-Authenticate,Server-Authorization',
        'content-type': 'application/json; charset=utf-8' },
     body: 
      { code: 1,
        message: '验证成功',
        token: 'Bearer eyJhbGciOiJIUzI1NiIsInR5cCI6IkpXVCJ9.eyJ1c2VyX2lkIjoiMTAwMSIsInVzZXJfbmFtZSI6IuW8oOS4iSIsImlhdCI6MTU3NDU4ODY3OSwiZXhwIjoxNTc0NTkyMjc5fQ.78y5lE_7XD0xEPHehnhQAgzRBA-wNn9syiX47AWwk4U' } } }
[2019-11-24T17:47:17.060] [INFO] response - { method: 'GET',
  url: '/favicon.ico',
  body: {},
  costTime: 12,
  response: { status: 404,
     message: 'Not Found',
     header: 
      { vary: 'Origin',
        'access-control-allow-origin': 'http://localhost::8080',
        'access-control-allow-credentials': 'true',
        'access-control-expose-headers': 'WWW-Authenticate,Server-Authorization',
        'content-type': 'text/html; charset=utf-8',
        'content-length': '474' },
     body: '<!DOCTYPE html>\n<html lang="en">\n<head>\n    <meta charset="UTF-8">\n    <meta name="viewport" content="width=device-width, initial-scale=1.0">\n    <meta http-equiv="X-UA-Compatible" content="ie=edge">\n    <link rel="stylesheet" href="/stylesheets/error.css">\n    <title>错误信息</title>\n</head>\n<body>\n    <div class="content">\n            <h1>抱歉，找不到你的诗和远方了！</h1>\n            \n            <h2>404</h2>\n            \n    </div>\n</body>\n</html>\n\n' } }
[2019-11-24T18:16:48.248] [INFO] response - { method: 'POST',
  url: '/api/users/postlogin',
  body: { user_id: '1001', password: '123456' },
  costTime: 35,
  response: { status: 200,
     message: 'OK',
     header: 
      { vary: 'Origin',
        'access-control-allow-origin': 'http://localhost::8080',
        'access-control-allow-credentials': 'true',
        'access-control-expose-headers': 'WWW-Authenticate,Server-Authorization',
        'content-type': 'application/json; charset=utf-8' },
     body: 
      { code: 1,
        message: '验证成功',
        token: 'Bearer eyJhbGciOiJIUzI1NiIsInR5cCI6IkpXVCJ9.eyJ1c2VyX2lkIjoiMTAwMSIsInVzZXJfbmFtZSI6IuW8oOS4iSIsImlhdCI6MTU3NDU5MDYwOCwiZXhwIjoxNTc0NTk0MjA4fQ.NY_Ctw9j_1DFj7RSNn9i6_fpAEosl5uC10S6d6y83LI' } } }
[2019-11-24T18:20:04.465] [INFO] response - { method: 'GET',
  url: '/favicon.ico',
  body: {},
  costTime: 19,
  response: { status: 404,
     message: 'Not Found',
     header: 
      { vary: 'Origin',
        'access-control-allow-origin': 'http://localhost::8080',
        'access-control-allow-credentials': 'true',
        'access-control-expose-headers': 'WWW-Authenticate,Server-Authorization',
        'content-type': 'text/html; charset=utf-8',
        'content-length': '474' },
     body: '<!DOCTYPE html>\n<html lang="en">\n<head>\n    <meta charset="UTF-8">\n    <meta name="viewport" content="width=device-width, initial-scale=1.0">\n    <meta http-equiv="X-UA-Compatible" content="ie=edge">\n    <link rel="stylesheet" href="/stylesheets/error.css">\n    <title>错误信息</title>\n</head>\n<body>\n    <div class="content">\n            <h1>抱歉，找不到你的诗和远方了！</h1>\n            \n            <h2>404</h2>\n            \n    </div>\n</body>\n</html>\n\n' } }
