[2020-04-27T00:22:47.798] [INFO] response - { method: 'GET',
  url: '/foods/edit/%E5%93%88%E5%93%88%E5%93%88%E5%93%88',
  body: {},
  costTime: 17,
  response:
   { status: 200,
     message: 'OK',
     header:
      [Object: null prototype] {
        vary: 'Origin',
        'access-control-allow-origin': 'http://localhost:8080',
        'access-control-allow-credentials': 'true',
        'access-control-expose-headers': 'WWW-Authenticate,Server-Authorization',
        'content-type': 'text/html; charset=utf-8',
        'content-length': '7768' },
     body:
      '<!DOCTYPE html>\r\n<html lang="en">\r\n<head>\r\n    <meta charset="UTF-8">\r\n    <meta name="viewport" content="width=device-width, initial-scale=1.0">\r\n    <meta http-equiv="X-UA-Compatible" content="ie=edge">\r\n    <link type="text/css" rel="stylesheet" href="/stylesheets/bootstrap.min.css" />\r\n    <title>审核订单</title>\r\n</head>\r\n<body>\r\n<div class="all">\r\n\r\n  <br><a href="/foods/foodlist" style="margin-left:24px ;" >返回</a>\r\n\r\n<!-- 审核表 -->\r\n\r\n<div class="row">\r\n  <div class="col-md-10 col-md-offset-1">\r\n      <table class="table table-striped table-hover table-bordered " style="box-shadow: 5px 5px 10px gray ;">\r\n      <!-- table-hover：鼠标悬停高亮的表格 table-bordered：带边框的表格 table-striped：斑马线表格 -->\r\n            <thead>\r\n                  <tr class="biao">\r\n                    <th style="text-align:center;">订单号</th>\r\n                    <th style="text-align:center;">审核内容</th>\r\n                    <th style="text-align:center;">反馈内容</th>\r\n                    <th style="text-align:center;">审核中</th>\r\n                    <th style="text-align:center;">审核人</th>\r\n                    <th style="text-align:center;">操作</th>\r\n                  </tr>\r\n            </thead>\r\n            <tbody >\r\n                  \r\n                      <form action="/foods/doedit/哈哈哈哈" method="POST">\r\n                          <tr style="text-align:center;">\r\n                              <td style="width:1px;">1001</td>   <!-- rows="行数" cols="列数"  cols=60，表示专一行中最多可容纳60个字节，也就是30个汉字 -->\r\n                              <td style="width:100px"><textarea style="border:none; "readonly   name="text" cols="16" rows="2"> 一杯奶茶</textarea></td>\r\n                              <td style="width:100px"><textarea style="border:none; "    name="back" cols="16" rows="2" placeholder="如果食品满足请求，则返回申请成功,如不满足则列出售空的食物"> </textarea></td>   \r\n                              <td style="width:10px">\r\n                                    <select name="status" value="">\r\n                                         \r\n                                            <option value="null">未审核</option>\r\n                                            <option value="2">审核成功</option>\r\n                                            <option value="3">审核失败</option>\r\n                                    </select>\r\n                              </td>\r\n                            <td style="width:10px ;">\r\n                                   <select name="food_role" value="">\r\n                                            <option value="kobe">  店员A</option>\r\n                                            <option value="jordan">店员B</option>\r\n                                            <option value="child"> 店员C</option>\r\n                                   </select>\r\n                              <td style="width:20px;"><input type="submit" class=" btn-danger"></td>\r\n                              <!-- <td><button type="reset" class="btn btn-warning">重置</button></td> -->\r\n                          </tr>\r\n                      </form>\r\n                    \r\n            </tbody>\r\n  </table>\r\n  </div>\r\n  </div>\r\n\r\n\r\n\r\n<!-- 食品分页 -->\r\n<div class="pull-left" style="margin-left:88px ; ">\r\n  <ul class="pagination" id="paginator-example">\r\n    \r\n    <li><a href="/foods/edit/哈哈哈哈">首页</a></li>\r\n    <!-- 使用parseInt()函数可解析一个字符串,并返回一个整数 -->\r\n    <li><a href="/foods/edit/哈哈哈哈?page=1">上一页</a></li>\r\n    <!-- ?指的是分页链接 向action或者jsp传参 通过?前面链接来处理分页 并通过url传参的形式将page=多少传给链接 -->\r\n    <li><a href="/foods/edit/哈哈哈哈?page=2">下一页</a></li>\r\n    <!-- 后面的?在这里指的是条件表达式，前面的成立就返回，否则就返回后面 -->\r\n    <li><a href="/foods/edit/哈哈哈哈?page=4">尾页</a></li>\r\n    \r\n  </ul>\r\n</div>\r\n\r\n\r\n<!-- 搜索框 --> \r\n<div class="suo"> \r\n  <form action="/foods/ha" method="POST">\r\n        <div class="col-xs-2" style="padding:20px 3px;">\r\n           <!-- from-control的效果 宽度为100% 边框为浅灰色 控件具有4px的圆角 阴影效果，元素得到焦点时，阴影和边框效果会发生变化设置 placeholder的颜色为#999 -->\r\n          <input type="text" class="form-control" name="chaxun" value="" placeholder="请输入单价/食品"></div>\r\n        <!-- col-md-offset-3（在左侧补充3列）col-md-push-8（从左侧往右侧推8列）col-md-pull-2（往左侧拉2列）  -->\r\n        <div class="col-md-1" style="padding:20px 2px;"><button type="submit" class="btn btn-info">查询</button>\r\n        </div>\r\n  </form>\r\n</div> \r\n\r\n\r\n<!-- 食品列表 -->\r\n<div class="row">\r\n<div class="col-md-10 col-md-offset-1" >\r\n  <!-- col-xs-6 col-md-3  在超小屏幕中占6列 在中单屏幕中占3列  bootstrap栅格系统中的列是通过指定1到12的值来表示其跨越的范围-->\r\n  <table class="table table-striped table-hover table-bordered">\r\n           <thead>\r\n                  <tr class="biao">\r\n                     <th>序号</th>\r\n                     <th>食品</th>\r\n                     <th>单价</th>\r\n                     <th>数量</th>\r\n                     <th colspan="2">操作</th>\r\n                  </tr>\r\n           </thead>\r\n        <tbody>  <!-- col-md-offset-3（在左侧补充3列）col-md-push-8（从左侧往右侧推8列）col-md-pull-2（往左侧拉2列）  -->\r\n              \r\n                <tr>\r\n                    <td>1</td>  \r\n                    <td>鸡肉</td>\r\n                    <td>20</td>\r\n                    <td><span style="color:rgb(250, 8, 8);font-weight: bolder; font-size: 16px;" >2</span></td>\r\n                    <td><a href="/allfoods/edit/鸡肉" class="btn btn-info">编辑</a></td>\r\n                    <td><a href="/allfoods/delect/鸡肉" class="btn btn-danger">售罄</a></td>\r\n                    \r\n                <tr>\r\n                    <td>2</td>  \r\n                    <td>五花肉</td>\r\n                    <td>35</td>\r\n                    <td><span style="color:rgb(250, 8, 8);font-weight: bolder; font-size: 16px;" >0</span></td>\r\n                    <td><a href="/allfoods/edit/五花肉" class="btn btn-info">编辑</a></td>\r\n                    <td><a href="/allfoods/delect/五花肉" class="btn btn-danger">售罄</a></td>\r\n                    \r\n                <tr>\r\n                    <td>3</td>  \r\n                    <td>牛肉</td>\r\n                    <td>55</td>\r\n                    <td><span style="color:rgb(250, 8, 8);font-weight: bolder; font-size: 16px;" >12</span></td>\r\n                    <td><a href="/allfoods/edit/牛肉" class="btn btn-info">编辑</a></td>\r\n                    <td><a href="/allfoods/delect/牛肉" class="btn btn-danger">售罄</a></td>\r\n                    \r\n                <tr>\r\n                    <td>4</td>  \r\n                    <td>大葱</td>\r\n                    <td>1.2</td>\r\n                    <td><span style="color:rgb(250, 8, 8);font-weight: bolder; font-size: 16px;" >5</span></td>\r\n                    <td><a href="/allfoods/edit/大葱" class="btn btn-info">编辑</a></td>\r\n                    <td><a href="/allfoods/delect/大葱" class="btn btn-danger">售罄</a></td>\r\n                    \r\n                </tr>\r\n        </tbody>\r\n </table>\r\n\r\n</div>\r\n</div>\r\n</div>\r\n\r\n<!-- 分页记录 -->\r\n        <div class="pull-right" style="margin-right:88px ;">  <!-- 整体右浮动  -->\r\n              当前1/4页 共16条记录\r\n        </div>\r\n\r\n\r\n</div>\r\n</body>\r\n<style>\r\n  \r\n</style>\r\n</html>' } }
[2020-04-27T00:23:11.089] [INFO] response - { method: 'POST',
  url: '/foods/doedit/%E5%93%88%E5%93%88%E5%93%88%E5%93%88',
  body:
   { text: ' 一杯奶茶',
     back: ' 你家超市卖奶茶啊???',
     status: '3',
     food_role: 'kobe' },
  costTime: 1,
  response:
   { status: 302,
     message: 'Found',
     header:
      [Object: null prototype] {
        vary: 'Origin',
        'access-control-allow-origin': 'http://localhost:8080',
        'access-control-allow-credentials': 'true',
        'access-control-expose-headers': 'WWW-Authenticate,Server-Authorization',
        location: '/foods/foodlist',
        'content-type': 'text/html; charset=utf-8',
        'content-length': '61' },
     body:
      'Redirecting to <a href="/foods/foodlist">/foods/foodlist</a>.' } }
[2020-04-27T00:23:11.125] [INFO] response - { method: 'GET',
  url: '/foods/foodlist',
  body: {},
  costTime: 30,
  response:
   { status: 200,
     message: 'OK',
     header:
      [Object: null prototype] {
        vary: 'Origin',
        'access-control-allow-origin': 'http://localhost:8080',
        'access-control-allow-credentials': 'true',
        'access-control-expose-headers': 'WWW-Authenticate,Server-Authorization',
        'content-type': 'text/html; charset=utf-8',
        'content-length': '8815' },
     body:
      '<!DOCTYPE html>\r\n<html lang="en">\r\n<head>\r\n    <meta charset="UTF-8">\r\n    <meta name="viewport" content="width=device-width, initial-scale=1.0">\r\n    <meta http-equiv="X-UA-Compatible" content="ie=edge">\r\n    <link type="text/css" rel="stylesheet" href="/stylesheets/bootstrap.min.css" />\r\n    <title>食品订单</title>\r\n</head>\r\n<body>\r\n\r\n\r\n<!-- 食品分页 -->\r\n<div class="pull-left" style="margin-left:88px">\r\n  <ul class="pagination" id="paginator-example">\r\n    <li><a href="/foods/foodlist">首页</a></li>\r\n     <!-- 使用parseInt()函数可解析一个字符串,并返回一个整数 -->\r\n    <li><a href="/foods/foodlist?page=1">上一页</a></li>\r\n    <!-- ?指的是分页链接 向action或者jsp传参 通过?前面链接来处理分页 并通过url传参的形式将page=多少传给链接 -->\r\n    <li><a href="/foods/foodlist?page=1">下一页</a></li>\r\n    <!-- 后面的?在这里指的是条件表达式，前面的成立就返回，否则就返回后面 -->\r\n    <li><a href="/foods/foodlist?page=1">尾页</a></li>\r\n    <li><a href="./zhenjia"><span style="color: rgb(67, 198, 250); font-weight: bolder;">增加订单</span></a></li>\r\n  </ul>\r\n</div>\r\n\r\n\r\n<!-- 搜索框 --> \r\n<div class="suo">\r\n   \r\n      <form action="/foods/foodlist" method="POST">\r\n            <div class="col-md-offset-2 col-md-3 " style="padding:20px 3px;">\r\n                    <!-- from-control的效果 宽度为100% 边框为浅灰色 控件具有4px的圆角 阴影效果，元素得到焦点时，阴影和边框效果会发生变化设置 placeholder的颜色为#999 -->\r\n                    <input type="text" class="form-control" name="chaxun" value="" placeholder="请输入订单号或昵称">\r\n                    <!-- col-md-offset-3（在左侧补充3列）col-md-push-8（从左侧往右侧推8列）col-md-pull-2（往左侧拉2列）  -->\r\n                    </div>\r\n            <div class="col-md-2" style="padding:20px 3px;">\r\n                    <!-- col-xs-6 col-md-3  在超小屏幕中占6列 在中单屏幕中占3列  bootstrap栅格系统中的列是通过指定1到12的值来表示其跨越的范围-->\r\n                    <button type="submit" class="btn btn-info">查询</button>   \r\n                    </div>  \r\n        </form>\r\n  </div>\r\n\r\n\r\n<!--所有订单列表-->\r\n    <div class="dingdan">\r\n        <div class="col-md-10 col-md-offset-1" style="padding: 0;">\r\n        <table class="table table-striped table-hover table-bordered">\r\n           <!-- table-hover：鼠标悬停高亮的表格 table-bordered：带边框的表格 table-striped：斑马线表格 -->\r\n            <thead >\r\n              <tr class="biao" >\r\n                <th >序号</th>\r\n                <th>订单号</th>\r\n                <th style="text-align:center;">昵称</th>\r\n                <th style="text-align:center;">联系方式</th>\r\n                <th style="text-align:center;">申请时间</th>\r\n                <th style="text-align:center;">审核状态</th>\r\n                <th style="text-align:center;">审核人</th>\r\n                <th style="text-align:center;">订单进展</th>\r\n                <th colspan="2" style="text-align:center;">操作</th>\r\n              </tr>\r\n            </thead>\r\n            <tbody>\r\n              \r\n                <tr style="text-align:center;">\r\n                    \r\n                    <td>1</td>  \r\n                    <td>1001</td>\r\n                    <td>吃东西</td>\r\n                    <td>12345678</td>\r\n                    <td>2020-04-25 </td>\r\n                    <td><span style="color:rgb(255, 25, 25);font-weight:bolder; font-size:14px;" >\r\n                      \r\n                        审核成功\r\n                        </span></td>\r\n                        <td>kobe</td>\r\n                        <td><span style="color:rgb(14, 211, 119);font-weight:bolder; font-size:14px;" >\r\n                          </span></td>\r\n                    <td><a href="/foods/edit/吃东西" class="btn btn-info">审核</a></td>\r\n                    <td><a href="/foods/delect/吃东西" class="btn btn-danger">删除</a></td>\r\n                    \r\n                    \r\n                <tr style="text-align:center;">\r\n                    \r\n                    <td>2</td>  \r\n                    <td>1001</td>\r\n                    <td>喝水</td>\r\n                    <td>123456789</td>\r\n                    <td>2020-04-25 </td>\r\n                    <td><span style="color:rgb(255, 25, 25);font-weight:bolder; font-size:14px;" >\r\n                      \r\n                        审核成功\r\n                        </span></td>\r\n                        <td>kobe</td>\r\n                        <td><span style="color:rgb(14, 211, 119);font-weight:bolder; font-size:14px;" >\r\n                          </span></td>\r\n                    <td><a href="/foods/edit/喝水" class="btn btn-info">审核</a></td>\r\n                    <td><a href="/foods/delect/喝水" class="btn btn-danger">删除</a></td>\r\n                    \r\n                    \r\n                <tr style="text-align:center;">\r\n                    \r\n                    <td>3</td>  \r\n                    <td>1004</td>\r\n                    <td>大米</td>\r\n                    <td>23232323</td>\r\n                    <td>2020-04-30 </td>\r\n                    <td><span style="color:rgb(255, 25, 25);font-weight:bolder; font-size:14px;" >\r\n                      \r\n                          审核失败\r\n                          </span></td>\r\n                        <td>kobe</td>\r\n                        <td><span style="color:rgb(14, 211, 119);font-weight:bolder; font-size:14px;" >\r\n                          </span></td>\r\n                    <td><a href="/foods/edit/大米" class="btn btn-info">审核</a></td>\r\n                    <td><a href="/foods/delect/大米" class="btn btn-danger">删除</a></td>\r\n                    \r\n                    \r\n                <tr style="text-align:center;">\r\n                    \r\n                    <td>4</td>  \r\n                    <td>1004</td>\r\n                    <td>加队</td>\r\n                    <td>2424242424</td>\r\n                    <td>2020-04-29 </td>\r\n                    <td><span style="color:rgb(255, 25, 25);font-weight:bolder; font-size:14px;" >\r\n                      \r\n                          审核失败\r\n                          </span></td>\r\n                        <td>kobe</td>\r\n                        <td><span style="color:rgb(14, 211, 119);font-weight:bolder; font-size:14px;" >\r\n                          </span></td>\r\n                    <td><a href="/foods/edit/加队" class="btn btn-info">审核</a></td>\r\n                    <td><a href="/foods/delect/加队" class="btn btn-danger">删除</a></td>\r\n                    \r\n                    \r\n                <tr style="text-align:center;">\r\n                    \r\n                    <td>5</td>  \r\n                    <td>1001</td>\r\n                    <td>冲冲冲</td>\r\n                    <td>22222222</td>\r\n                    <td>2020-04-29 </td>\r\n                    <td><span style="color:rgb(255, 25, 25);font-weight:bolder; font-size:14px;" >\r\n                      \r\n                         未审核\r\n                          </span></td>\r\n                        <td></td>\r\n                        <td><span style="color:rgb(14, 211, 119);font-weight:bolder; font-size:14px;" >\r\n                          </span></td>\r\n                    <td><a href="/foods/edit/冲冲冲" class="btn btn-info">审核</a></td>\r\n                    <td><a href="/foods/delect/冲冲冲" class="btn btn-danger">删除</a></td>\r\n                    \r\n                    \r\n                <tr style="text-align:center;">\r\n                    \r\n                    <td>6</td>  \r\n                    <td>1001</td>\r\n                    <td>哈哈哈哈</td>\r\n                    <td>123456</td>\r\n                    <td>2020-04-27 </td>\r\n                    <td><span style="color:rgb(255, 25, 25);font-weight:bolder; font-size:14px;" >\r\n                      \r\n                          审核失败\r\n                          </span></td>\r\n                        <td>kobe</td>\r\n                        <td><span style="color:rgb(14, 211, 119);font-weight:bolder; font-size:14px;" >\r\n                          </span></td>\r\n                    <td><a href="/foods/edit/哈哈哈哈" class="btn btn-info">审核</a></td>\r\n                    <td><a href="/foods/delect/哈哈哈哈" class="btn btn-danger">删除</a></td>\r\n                    \r\n                    \r\n                </tr>\r\n            </tbody>\r\n        </table>\r\n        </div>\r\n\r\n\r\n<!-- 分页记录 -->\r\n    <div class="pull-right" style="margin-right:88px ;">  <!-- 整体右浮动  -->\r\n            当前1/1页 共6条记录\r\n    </div>\r\n        \r\n</body>\r\n</html>' } }
[2020-04-27T00:23:37.895] [INFO] response - { method: 'GET',
  url: '/api/users/userinfo',
  body: {},
  costTime: 13,
  response:
   { status: 200,
     message: 'OK',
     header:
      [Object: null prototype] {
        vary: 'Origin',
        'access-control-allow-origin': 'http://localhost:8080',
        'access-control-allow-credentials': 'true',
        'access-control-expose-headers': 'WWW-Authenticate,Server-Authorization',
        'content-type': 'application/json; charset=utf-8' },
     body: { data: [Object] } } }
[2020-04-27T00:23:37.954] [INFO] response - { method: 'GET',
  url: '/api/users/userinfo',
  body: {},
  costTime: 15,
  response:
   { status: 200,
     message: 'OK',
     header:
      [Object: null prototype] {
        vary: 'Origin',
        'access-control-allow-origin': 'http://localhost:8080',
        'access-control-allow-credentials': 'true',
        'access-control-expose-headers': 'WWW-Authenticate,Server-Authorization',
        'content-type': 'application/json; charset=utf-8' },
     body: { data: [Object] } } }
[2020-04-27T00:23:53.848] [INFO] response - { method: 'POST',
  url: '/api/foods/postfood',
  body:
   { foodlist: 1001,
     food_name: '买东西',
     number: '123456',
     date: '2020-4-30',
     text: '一瓶酱油' },
  costTime: 82,
  response:
   { status: 200,
     message: 'OK',
     header:
      [Object: null prototype] {
        vary: 'Origin',
        'access-control-allow-origin': 'http://localhost:8080',
        'access-control-allow-credentials': 'true',
        'access-control-expose-headers': 'WWW-Authenticate,Server-Authorization',
        'content-type': 'application/json; charset=utf-8' },
     body: { code: 1, data: [Object] } } }
[2020-04-27T00:23:54.029] [INFO] response - { method: 'GET',
  url: '/api/users/userinfo',
  body: {},
  costTime: 10,
  response:
   { status: 200,
     message: 'OK',
     header:
      [Object: null prototype] {
        vary: 'Origin',
        'access-control-allow-origin': 'http://localhost:8080',
        'access-control-allow-credentials': 'true',
        'access-control-expose-headers': 'WWW-Authenticate,Server-Authorization',
        'content-type': 'application/json; charset=utf-8' },
     body: { data: [Object] } } }
[2020-04-27T00:23:54.180] [INFO] response - { method: 'GET',
  url: '/api/foods/foodinfo',
  body: {},
  costTime: 18,
  response:
   { status: 200,
     message: 'OK',
     header:
      [Object: null prototype] {
        vary: 'Origin',
        'access-control-allow-origin': 'http://localhost:8080',
        'access-control-allow-credentials': 'true',
        'access-control-expose-headers': 'WWW-Authenticate,Server-Authorization',
        'content-type': 'application/json; charset=utf-8' },
     body: { data: [Object] } } }
[2020-04-27T00:24:19.288] [INFO] response - { method: 'GET',
  url: '/api/users/userinfo',
  body: {},
  costTime: 17,
  response:
   { status: 200,
     message: 'OK',
     header:
      [Object: null prototype] {
        vary: 'Origin',
        'access-control-allow-origin': 'http://localhost:8080',
        'access-control-allow-credentials': 'true',
        'access-control-expose-headers': 'WWW-Authenticate,Server-Authorization',
        'content-type': 'application/json; charset=utf-8' },
     body: { data: [Object] } } }
[2020-04-27T00:24:19.535] [INFO] response - { method: 'GET',
  url: '/api/users/userinfo',
  body: {},
  costTime: 12,
  response:
   { status: 200,
     message: 'OK',
     header:
      [Object: null prototype] {
        vary: 'Origin',
        'access-control-allow-origin': 'http://localhost:8080',
        'access-control-allow-credentials': 'true',
        'access-control-expose-headers': 'WWW-Authenticate,Server-Authorization',
        'content-type': 'application/json; charset=utf-8' },
     body: { data: [Object] } } }
[2020-04-27T00:24:20.614] [INFO] response - { method: 'GET',
  url: '/api/users/userinfo',
  body: {},
  costTime: 15,
  response:
   { status: 200,
     message: 'OK',
     header:
      [Object: null prototype] {
        vary: 'Origin',
        'access-control-allow-origin': 'http://localhost:8080',
        'access-control-allow-credentials': 'true',
        'access-control-expose-headers': 'WWW-Authenticate,Server-Authorization',
        'content-type': 'application/json; charset=utf-8' },
     body: { data: [Object] } } }
[2020-04-27T00:24:24.817] [INFO] response - { method: 'POST',
  url: '/api/users/putuser',
  body: { user_id: 1001, user_name: 'childb' },
  costTime: 52,
  response:
   { status: 200,
     message: 'OK',
     header:
      [Object: null prototype] {
        vary: 'Origin',
        'access-control-allow-origin': 'http://localhost:8080',
        'access-control-allow-credentials': 'true',
        'access-control-expose-headers': 'WWW-Authenticate,Server-Authorization',
        'content-type': 'application/json; charset=utf-8' },
     body: { code: 1, data: [Object] } } }
[2020-04-27T00:24:25.026] [INFO] response - { method: 'GET',
  url: '/api/users/userinfo',
  body: {},
  costTime: 11,
  response:
   { status: 200,
     message: 'OK',
     header:
      [Object: null prototype] {
        vary: 'Origin',
        'access-control-allow-origin': 'http://localhost:8080',
        'access-control-allow-credentials': 'true',
        'access-control-expose-headers': 'WWW-Authenticate,Server-Authorization',
        'content-type': 'application/json; charset=utf-8' },
     body: { data: [Object] } } }
[2020-04-27T00:24:25.146] [INFO] response - { method: 'GET',
  url: '/api/foods/allfoodinfo',
  body: {},
  costTime: 13,
  response:
   { status: 200,
     message: 'OK',
     header:
      [Object: null prototype] {
        vary: 'Origin',
        'access-control-allow-origin': 'http://localhost:8080',
        'access-control-allow-credentials': 'true',
        'access-control-expose-headers': 'WWW-Authenticate,Server-Authorization',
        'content-type': 'application/json; charset=utf-8' },
     body: { data: [Object] } } }
[2020-04-27T00:24:26.518] [INFO] response - { method: 'GET',
  url: '/api/users/userinfo',
  body: {},
  costTime: 10,
  response:
   { status: 200,
     message: 'OK',
     header:
      [Object: null prototype] {
        vary: 'Origin',
        'access-control-allow-origin': 'http://localhost:8080',
        'access-control-allow-credentials': 'true',
        'access-control-expose-headers': 'WWW-Authenticate,Server-Authorization',
        'content-type': 'application/json; charset=utf-8' },
     body: { data: [Object] } } }
[2020-04-27T00:24:26.859] [INFO] response - { method: 'GET',
  url: '/api/users/userinfo',
  body: {},
  costTime: 12,
  response:
   { status: 200,
     message: 'OK',
     header:
      [Object: null prototype] {
        vary: 'Origin',
        'access-control-allow-origin': 'http://localhost:8080',
        'access-control-allow-credentials': 'true',
        'access-control-expose-headers': 'WWW-Authenticate,Server-Authorization',
        'content-type': 'application/json; charset=utf-8' },
     body: { data: [Object] } } }
