[2020-06-02T22:48:52.126] [INFO] response - { method: 'GET',
  url: '/api/users/userinfo',
  body: {},
  costTime: 29,
  response:
   { status: 200,
     message: 'OK',
     header:
      [Object: null prototype] {
        vary: 'Origin',
        'access-control-allow-origin': 'http://localhost:8080',
        'access-control-allow-credentials': 'true',
        'access-control-expose-headers': 'WWW-Authenticate,Server-Authorization',
        'content-type': 'application/json; charset=utf-8' },
     body: { data: [Object] } } }
[2020-06-02T22:48:52.379] [INFO] response - { method: 'GET',
  url: '/api/users/userinfo',
  body: {},
  costTime: 22,
  response:
   { status: 200,
     message: 'OK',
     header:
      [Object: null prototype] {
        vary: 'Origin',
        'access-control-allow-origin': 'http://localhost:8080',
        'access-control-allow-credentials': 'true',
        'access-control-expose-headers': 'WWW-Authenticate,Server-Authorization',
        'content-type': 'application/json; charset=utf-8' },
     body: { data: [Object] } } }
[2020-06-02T22:49:17.761] [INFO] response - { method: 'GET',
  url: '/api/users/userinfo',
  body: {},
  costTime: 26,
  response:
   { status: 200,
     message: 'OK',
     header:
      [Object: null prototype] {
        vary: 'Origin',
        'access-control-allow-origin': 'http://localhost:8080',
        'access-control-allow-credentials': 'true',
        'access-control-expose-headers': 'WWW-Authenticate,Server-Authorization',
        'content-type': 'application/json; charset=utf-8' },
     body: { data: [Object] } } }
[2020-06-02T22:49:18.022] [INFO] response - { method: 'GET',
  url: '/api/publishs/publishinfo',
  body: {},
  costTime: 16,
  response:
   { status: 200,
     message: 'OK',
     header:
      [Object: null prototype] {
        vary: 'Origin',
        'access-control-allow-origin': 'http://localhost:8080',
        'access-control-allow-credentials': 'true',
        'access-control-expose-headers': 'WWW-Authenticate,Server-Authorization',
        'content-type': 'application/json; charset=utf-8' },
     body: { data: [Object] } } }
[2020-06-02T22:49:19.510] [INFO] response - { method: 'GET',
  url: '/api/users/userinfo',
  body: {},
  costTime: 23,
  response:
   { status: 200,
     message: 'OK',
     header:
      [Object: null prototype] {
        vary: 'Origin',
        'access-control-allow-origin': 'http://localhost:8080',
        'access-control-allow-credentials': 'true',
        'access-control-expose-headers': 'WWW-Authenticate,Server-Authorization',
        'content-type': 'application/json; charset=utf-8' },
     body: { data: [Object] } } }
[2020-06-02T22:49:19.860] [INFO] response - { method: 'GET',
  url: '/api/users/userinfo',
  body: {},
  costTime: 19,
  response:
   { status: 200,
     message: 'OK',
     header:
      [Object: null prototype] {
        vary: 'Origin',
        'access-control-allow-origin': 'http://localhost:8080',
        'access-control-allow-credentials': 'true',
        'access-control-expose-headers': 'WWW-Authenticate,Server-Authorization',
        'content-type': 'application/json; charset=utf-8' },
     body: { data: [Object] } } }
[2020-06-02T22:49:24.227] [INFO] response - { method: 'GET',
  url: '/api/users/userinfo',
  body: {},
  costTime: 24,
  response:
   { status: 200,
     message: 'OK',
     header:
      [Object: null prototype] {
        vary: 'Origin',
        'access-control-allow-origin': 'http://localhost:8080',
        'access-control-allow-credentials': 'true',
        'access-control-expose-headers': 'WWW-Authenticate,Server-Authorization',
        'content-type': 'application/json; charset=utf-8' },
     body: { data: [Object] } } }
[2020-06-02T22:49:24.473] [INFO] response - { method: 'GET',
  url: '/api/publishs/publishinfo',
  body: {},
  costTime: 8,
  response:
   { status: 200,
     message: 'OK',
     header:
      [Object: null prototype] {
        vary: 'Origin',
        'access-control-allow-origin': 'http://localhost:8080',
        'access-control-allow-credentials': 'true',
        'access-control-expose-headers': 'WWW-Authenticate,Server-Authorization',
        'content-type': 'application/json; charset=utf-8' },
     body: { data: [Object] } } }
[2020-06-02T22:49:33.668] [INFO] response - { method: 'GET',
  url: '/api/users/userinfo',
  body: {},
  costTime: 25,
  response:
   { status: 200,
     message: 'OK',
     header:
      [Object: null prototype] {
        vary: 'Origin',
        'access-control-allow-origin': 'http://localhost:8080',
        'access-control-allow-credentials': 'true',
        'access-control-expose-headers': 'WWW-Authenticate,Server-Authorization',
        'content-type': 'application/json; charset=utf-8' },
     body: { data: [Object] } } }
[2020-06-02T22:49:33.916] [INFO] response - { method: 'GET',
  url: '/api/users/userinfo',
  body: {},
  costTime: 17,
  response:
   { status: 200,
     message: 'OK',
     header:
      [Object: null prototype] {
        vary: 'Origin',
        'access-control-allow-origin': 'http://localhost:8080',
        'access-control-allow-credentials': 'true',
        'access-control-expose-headers': 'WWW-Authenticate,Server-Authorization',
        'content-type': 'application/json; charset=utf-8' },
     body: { data: [Object] } } }
[2020-06-02T22:50:24.124] [INFO] response - { method: 'GET',
  url: '/api/users/userinfo',
  body: {},
  costTime: 46,
  response:
   { status: 200,
     message: 'OK',
     header:
      [Object: null prototype] {
        vary: 'Origin',
        'access-control-allow-origin': 'http://localhost:8080',
        'access-control-allow-credentials': 'true',
        'access-control-expose-headers': 'WWW-Authenticate,Server-Authorization',
        'content-type': 'application/json; charset=utf-8' },
     body: { data: [Object] } } }
[2020-06-02T22:50:27.764] [INFO] response - { method: 'GET',
  url: '/api/users/userinfo',
  body: {},
  costTime: 31,
  response:
   { status: 200,
     message: 'OK',
     header:
      [Object: null prototype] {
        vary: 'Origin',
        'access-control-allow-origin': 'http://localhost:8080',
        'access-control-allow-credentials': 'true',
        'access-control-expose-headers': 'WWW-Authenticate,Server-Authorization',
        'content-type': 'application/json; charset=utf-8' },
     body: { data: [Object] } } }
[2020-06-02T22:50:28.123] [INFO] response - { method: 'GET',
  url: '/api/publishs/publishinfo',
  body: {},
  costTime: 14,
  response:
   { status: 200,
     message: 'OK',
     header:
      [Object: null prototype] {
        vary: 'Origin',
        'access-control-allow-origin': 'http://localhost:8080',
        'access-control-allow-credentials': 'true',
        'access-control-expose-headers': 'WWW-Authenticate,Server-Authorization',
        'content-type': 'application/json; charset=utf-8' },
     body: { data: [Object] } } }
[2020-06-02T22:50:35.489] [INFO] response - { method: 'GET',
  url: '/publishs/delect/1025',
  body: {},
  costTime: 1,
  response:
   { status: 302,
     message: 'Found',
     header:
      [Object: null prototype] {
        vary: 'Origin',
        'access-control-allow-origin': 'http://localhost:8080',
        'access-control-allow-credentials': 'true',
        'access-control-expose-headers': 'WWW-Authenticate,Server-Authorization',
        location: '/publishs/publishlist',
        'content-type': 'text/html; charset=utf-8',
        'content-length': '73' },
     body:
      'Redirecting to <a href="/publishs/publishlist">/publishs/publishlist</a>.' } }
[2020-06-02T22:50:35.515] [INFO] response - { method: 'GET',
  url: '/publishs/publishlist',
  body: {},
  costTime: 17,
  response:
   { status: 200,
     message: 'OK',
     header:
      [Object: null prototype] {
        vary: 'Origin',
        'access-control-allow-origin': 'http://localhost:8080',
        'access-control-allow-credentials': 'true',
        'access-control-expose-headers': 'WWW-Authenticate,Server-Authorization',
        'content-type': 'text/html; charset=utf-8',
        'content-length': '3515' },
     body:
      '<!DOCTYPE html>\r\n<html lang="en">\r\n<head>\r\n    <meta charset="UTF-8">\r\n    <meta name="viewport" content="width=device-width, initial-scale=1.0">\r\n    <meta http-equiv="X-UA-Compatible" content="ie=edge">\r\n    <link type="text/css" rel="stylesheet" href="/stylesheets/bootstrap.min.css" />\r\n    <title>用户列表</title>\r\n</head>\r\n<body>\r\n\r\n\r\n\r\n\r\n<!-- 搜索框 --> \r\n<div class="suo">\r\n   <form action="/publishs/suo" method="POST">\r\n        <div class="col-md-offset-2 col-md-3 " style="padding:20px 3px;">\r\n            <!-- from-control的效果 宽度为100% 边框为浅灰色 控件具有4px的圆角 阴影效果，元素得到焦点时，阴影和边框效果会发生变化设置 placeholder的颜色为#999 -->\r\n            <input type="text" class="form-control" name="chaxun" id="firstName" value="" placeholder="请输入ID或昵称">\r\n            <!-- col-md-offset-3（在左侧补充3列）col-md-push-8（从左侧往右侧推8列）col-md-pull-2（往左侧拉2列）  -->\r\n            </div>\r\n        <div class="col-md-2" style="padding:20px 3px;">\r\n            <!-- col-xs-6 col-md-3  在超小屏幕中占6列 在中单屏幕中占3列  bootstrap栅格系统中的列是通过指定1到12的值来表示其跨越的范围-->\r\n            <button type="submit" class="btn btn-info">查询</button>   \r\n            </div>  \r\n  </form>\r\n</div>\r\n   \r\n    \r\n<!--用户列表-->\r\n<div class="publish">\r\n   <div class="col-md-10 col-md-offset-1">\r\n      <!-- table-hover：鼠标悬停高亮的表格 table-bordered：带边框的表格 table-striped：斑马线表格 -->\r\n      <table class="table table-striped table-hover table-bordered">\r\n            <thead>\r\n                <tr class="biao">\r\n                    <th style="text-align:center;">序号</th>\r\n                    <th style="text-align:center;">账号id</th>\r\n                    <th style="text-align:center;">发表动态</th>\r\n                    <th style="text-align:center;">发布时间</th>\r\n                    <!-- <th style="text-align:center;">角色</th>  -->\r\n                    <th style="text-align:center;">操作</th>\r\n                </tr>\r\n            </thead>\r\n\r\n           <tbody>\r\n              \r\n                <tr style="text-align:center;">\r\n                    <td>1</td>  \r\n                    <td>1003</td>\r\n                    <td>我要敲代码</td>\r\n                    \r\n                      <td>2020-06-02 22:35</td>\r\n                      <!-- <td></td> -->\r\n                      <td><a href="/publishs/delect/1023" class="btn btn-danger">删除</a></td>\r\n                      \r\n                <tr style="text-align:center;">\r\n                    <td>2</td>  \r\n                    <td>1003</td>\r\n                    <td>儿童节快乐</td>\r\n                    \r\n                      <td>2020-06-02 22:40</td>\r\n                      <!-- <td></td> -->\r\n                      <td><a href="/publishs/delect/1024" class="btn btn-danger">删除</a></td>\r\n                      \r\n                <tr style="text-align:center;">\r\n                    <td>3</td>  \r\n                    <td>1002</td>\r\n                    <td>学习使我快乐</td>\r\n                    \r\n                      <td>2020-06-02 22:47</td>\r\n                      <!-- <td></td> -->\r\n                      <td><a href="/publishs/delect/1026" class="btn btn-danger">删除</a></td>\r\n                      \r\n                 </tr>\r\n             </tbody>\r\n        </table>\r\n  </div>\r\n    \r\n\r\n\r\n  \r\n</body>\r\n\r\n</html>' } }
[2020-06-02T22:50:36.101] [INFO] response - { method: 'GET',
  url: '/publishs/delect/1024',
  body: {},
  costTime: 2,
  response:
   { status: 302,
     message: 'Found',
     header:
      [Object: null prototype] {
        vary: 'Origin',
        'access-control-allow-origin': 'http://localhost:8080',
        'access-control-allow-credentials': 'true',
        'access-control-expose-headers': 'WWW-Authenticate,Server-Authorization',
        location: '/publishs/publishlist',
        'content-type': 'text/html; charset=utf-8',
        'content-length': '73' },
     body:
      'Redirecting to <a href="/publishs/publishlist">/publishs/publishlist</a>.' } }
[2020-06-02T22:50:36.120] [INFO] response - { method: 'GET',
  url: '/publishs/publishlist',
  body: {},
  costTime: 8,
  response:
   { status: 200,
     message: 'OK',
     header:
      [Object: null prototype] {
        vary: 'Origin',
        'access-control-allow-origin': 'http://localhost:8080',
        'access-control-allow-credentials': 'true',
        'access-control-expose-headers': 'WWW-Authenticate,Server-Authorization',
        'content-type': 'text/html; charset=utf-8',
        'content-length': '3116' },
     body:
      '<!DOCTYPE html>\r\n<html lang="en">\r\n<head>\r\n    <meta charset="UTF-8">\r\n    <meta name="viewport" content="width=device-width, initial-scale=1.0">\r\n    <meta http-equiv="X-UA-Compatible" content="ie=edge">\r\n    <link type="text/css" rel="stylesheet" href="/stylesheets/bootstrap.min.css" />\r\n    <title>用户列表</title>\r\n</head>\r\n<body>\r\n\r\n\r\n\r\n\r\n<!-- 搜索框 --> \r\n<div class="suo">\r\n   <form action="/publishs/suo" method="POST">\r\n        <div class="col-md-offset-2 col-md-3 " style="padding:20px 3px;">\r\n            <!-- from-control的效果 宽度为100% 边框为浅灰色 控件具有4px的圆角 阴影效果，元素得到焦点时，阴影和边框效果会发生变化设置 placeholder的颜色为#999 -->\r\n            <input type="text" class="form-control" name="chaxun" id="firstName" value="" placeholder="请输入ID或昵称">\r\n            <!-- col-md-offset-3（在左侧补充3列）col-md-push-8（从左侧往右侧推8列）col-md-pull-2（往左侧拉2列）  -->\r\n            </div>\r\n        <div class="col-md-2" style="padding:20px 3px;">\r\n            <!-- col-xs-6 col-md-3  在超小屏幕中占6列 在中单屏幕中占3列  bootstrap栅格系统中的列是通过指定1到12的值来表示其跨越的范围-->\r\n            <button type="submit" class="btn btn-info">查询</button>   \r\n            </div>  \r\n  </form>\r\n</div>\r\n   \r\n    \r\n<!--用户列表-->\r\n<div class="publish">\r\n   <div class="col-md-10 col-md-offset-1">\r\n      <!-- table-hover：鼠标悬停高亮的表格 table-bordered：带边框的表格 table-striped：斑马线表格 -->\r\n      <table class="table table-striped table-hover table-bordered">\r\n            <thead>\r\n                <tr class="biao">\r\n                    <th style="text-align:center;">序号</th>\r\n                    <th style="text-align:center;">账号id</th>\r\n                    <th style="text-align:center;">发表动态</th>\r\n                    <th style="text-align:center;">发布时间</th>\r\n                    <!-- <th style="text-align:center;">角色</th>  -->\r\n                    <th style="text-align:center;">操作</th>\r\n                </tr>\r\n            </thead>\r\n\r\n           <tbody>\r\n              \r\n                <tr style="text-align:center;">\r\n                    <td>1</td>  \r\n                    <td>1003</td>\r\n                    <td>我要敲代码</td>\r\n                    \r\n                      <td>2020-06-02 22:35</td>\r\n                      <!-- <td></td> -->\r\n                      <td><a href="/publishs/delect/1023" class="btn btn-danger">删除</a></td>\r\n                      \r\n                <tr style="text-align:center;">\r\n                    <td>2</td>  \r\n                    <td>1002</td>\r\n                    <td>学习使我快乐</td>\r\n                    \r\n                      <td>2020-06-02 22:47</td>\r\n                      <!-- <td></td> -->\r\n                      <td><a href="/publishs/delect/1026" class="btn btn-danger">删除</a></td>\r\n                      \r\n                 </tr>\r\n             </tbody>\r\n        </table>\r\n  </div>\r\n    \r\n\r\n\r\n  \r\n</body>\r\n\r\n</html>' } }
[2020-06-02T22:50:36.730] [INFO] response - { method: 'GET',
  url: '/publishs/delect/1026',
  body: {},
  costTime: 1,
  response:
   { status: 302,
     message: 'Found',
     header:
      [Object: null prototype] {
        vary: 'Origin',
        'access-control-allow-origin': 'http://localhost:8080',
        'access-control-allow-credentials': 'true',
        'access-control-expose-headers': 'WWW-Authenticate,Server-Authorization',
        location: '/publishs/publishlist',
        'content-type': 'text/html; charset=utf-8',
        'content-length': '73' },
     body:
      'Redirecting to <a href="/publishs/publishlist">/publishs/publishlist</a>.' } }
[2020-06-02T22:50:36.749] [INFO] response - { method: 'GET',
  url: '/publishs/publishlist',
  body: {},
  costTime: 7,
  response:
   { status: 200,
     message: 'OK',
     header:
      [Object: null prototype] {
        vary: 'Origin',
        'access-control-allow-origin': 'http://localhost:8080',
        'access-control-allow-credentials': 'true',
        'access-control-expose-headers': 'WWW-Authenticate,Server-Authorization',
        'content-type': 'text/html; charset=utf-8',
        'content-length': '2714' },
     body:
      '<!DOCTYPE html>\r\n<html lang="en">\r\n<head>\r\n    <meta charset="UTF-8">\r\n    <meta name="viewport" content="width=device-width, initial-scale=1.0">\r\n    <meta http-equiv="X-UA-Compatible" content="ie=edge">\r\n    <link type="text/css" rel="stylesheet" href="/stylesheets/bootstrap.min.css" />\r\n    <title>用户列表</title>\r\n</head>\r\n<body>\r\n\r\n\r\n\r\n\r\n<!-- 搜索框 --> \r\n<div class="suo">\r\n   <form action="/publishs/suo" method="POST">\r\n        <div class="col-md-offset-2 col-md-3 " style="padding:20px 3px;">\r\n            <!-- from-control的效果 宽度为100% 边框为浅灰色 控件具有4px的圆角 阴影效果，元素得到焦点时，阴影和边框效果会发生变化设置 placeholder的颜色为#999 -->\r\n            <input type="text" class="form-control" name="chaxun" id="firstName" value="" placeholder="请输入ID或昵称">\r\n            <!-- col-md-offset-3（在左侧补充3列）col-md-push-8（从左侧往右侧推8列）col-md-pull-2（往左侧拉2列）  -->\r\n            </div>\r\n        <div class="col-md-2" style="padding:20px 3px;">\r\n            <!-- col-xs-6 col-md-3  在超小屏幕中占6列 在中单屏幕中占3列  bootstrap栅格系统中的列是通过指定1到12的值来表示其跨越的范围-->\r\n            <button type="submit" class="btn btn-info">查询</button>   \r\n            </div>  \r\n  </form>\r\n</div>\r\n   \r\n    \r\n<!--用户列表-->\r\n<div class="publish">\r\n   <div class="col-md-10 col-md-offset-1">\r\n      <!-- table-hover：鼠标悬停高亮的表格 table-bordered：带边框的表格 table-striped：斑马线表格 -->\r\n      <table class="table table-striped table-hover table-bordered">\r\n            <thead>\r\n                <tr class="biao">\r\n                    <th style="text-align:center;">序号</th>\r\n                    <th style="text-align:center;">账号id</th>\r\n                    <th style="text-align:center;">发表动态</th>\r\n                    <th style="text-align:center;">发布时间</th>\r\n                    <!-- <th style="text-align:center;">角色</th>  -->\r\n                    <th style="text-align:center;">操作</th>\r\n                </tr>\r\n            </thead>\r\n\r\n           <tbody>\r\n              \r\n                <tr style="text-align:center;">\r\n                    <td>1</td>  \r\n                    <td>1003</td>\r\n                    <td>我要敲代码</td>\r\n                    \r\n                      <td>2020-06-02 22:35</td>\r\n                      <!-- <td></td> -->\r\n                      <td><a href="/publishs/delect/1023" class="btn btn-danger">删除</a></td>\r\n                      \r\n                 </tr>\r\n             </tbody>\r\n        </table>\r\n  </div>\r\n    \r\n\r\n\r\n  \r\n</body>\r\n\r\n</html>' } }
[2020-06-02T22:50:37.275] [INFO] response - { method: 'GET',
  url: '/publishs/delect/1023',
  body: {},
  costTime: 1,
  response:
   { status: 302,
     message: 'Found',
     header:
      [Object: null prototype] {
        vary: 'Origin',
        'access-control-allow-origin': 'http://localhost:8080',
        'access-control-allow-credentials': 'true',
        'access-control-expose-headers': 'WWW-Authenticate,Server-Authorization',
        location: '/publishs/publishlist',
        'content-type': 'text/html; charset=utf-8',
        'content-length': '73' },
     body:
      'Redirecting to <a href="/publishs/publishlist">/publishs/publishlist</a>.' } }
[2020-06-02T22:50:37.295] [INFO] response - { method: 'GET',
  url: '/publishs/publishlist',
  body: {},
  costTime: 9,
  response:
   { status: 200,
     message: 'OK',
     header:
      [Object: null prototype] {
        vary: 'Origin',
        'access-control-allow-origin': 'http://localhost:8080',
        'access-control-allow-credentials': 'true',
        'access-control-expose-headers': 'WWW-Authenticate,Server-Authorization',
        'content-type': 'text/html; charset=utf-8',
        'content-length': '2315' },
     body:
      '<!DOCTYPE html>\r\n<html lang="en">\r\n<head>\r\n    <meta charset="UTF-8">\r\n    <meta name="viewport" content="width=device-width, initial-scale=1.0">\r\n    <meta http-equiv="X-UA-Compatible" content="ie=edge">\r\n    <link type="text/css" rel="stylesheet" href="/stylesheets/bootstrap.min.css" />\r\n    <title>用户列表</title>\r\n</head>\r\n<body>\r\n\r\n\r\n\r\n\r\n<!-- 搜索框 --> \r\n<div class="suo">\r\n   <form action="/publishs/suo" method="POST">\r\n        <div class="col-md-offset-2 col-md-3 " style="padding:20px 3px;">\r\n            <!-- from-control的效果 宽度为100% 边框为浅灰色 控件具有4px的圆角 阴影效果，元素得到焦点时，阴影和边框效果会发生变化设置 placeholder的颜色为#999 -->\r\n            <input type="text" class="form-control" name="chaxun" id="firstName" value="" placeholder="请输入ID或昵称">\r\n            <!-- col-md-offset-3（在左侧补充3列）col-md-push-8（从左侧往右侧推8列）col-md-pull-2（往左侧拉2列）  -->\r\n            </div>\r\n        <div class="col-md-2" style="padding:20px 3px;">\r\n            <!-- col-xs-6 col-md-3  在超小屏幕中占6列 在中单屏幕中占3列  bootstrap栅格系统中的列是通过指定1到12的值来表示其跨越的范围-->\r\n            <button type="submit" class="btn btn-info">查询</button>   \r\n            </div>  \r\n  </form>\r\n</div>\r\n   \r\n    \r\n<!--用户列表-->\r\n<div class="publish">\r\n   <div class="col-md-10 col-md-offset-1">\r\n      <!-- table-hover：鼠标悬停高亮的表格 table-bordered：带边框的表格 table-striped：斑马线表格 -->\r\n      <table class="table table-striped table-hover table-bordered">\r\n            <thead>\r\n                <tr class="biao">\r\n                    <th style="text-align:center;">序号</th>\r\n                    <th style="text-align:center;">账号id</th>\r\n                    <th style="text-align:center;">发表动态</th>\r\n                    <th style="text-align:center;">发布时间</th>\r\n                    <!-- <th style="text-align:center;">角色</th>  -->\r\n                    <th style="text-align:center;">操作</th>\r\n                </tr>\r\n            </thead>\r\n\r\n           <tbody>\r\n              \r\n                 </tr>\r\n             </tbody>\r\n        </table>\r\n  </div>\r\n    \r\n\r\n\r\n  \r\n</body>\r\n\r\n</html>' } }
[2020-06-02T22:50:41.551] [INFO] response - { method: 'GET',
  url: '/api/users/userinfo',
  body: {},
  costTime: 66,
  response:
   { status: 200,
     message: 'OK',
     header:
      [Object: null prototype] {
        vary: 'Origin',
        'access-control-allow-origin': 'http://localhost:8080',
        'access-control-allow-credentials': 'true',
        'access-control-expose-headers': 'WWW-Authenticate,Server-Authorization',
        'content-type': 'application/json; charset=utf-8' },
     body: { data: [Object] } } }
[2020-06-02T22:50:41.626] [INFO] response - { method: 'GET',
  url: '/api/publishs/publishinfo',
  body: {},
  costTime: 9,
  response:
   { status: 200,
     message: 'OK',
     header:
      [Object: null prototype] {
        vary: 'Origin',
        'access-control-allow-origin': 'http://localhost:8080',
        'access-control-allow-credentials': 'true',
        'access-control-expose-headers': 'WWW-Authenticate,Server-Authorization',
        'content-type': 'application/json; charset=utf-8' },
     body: { data: [Object] } } }
[2020-06-02T22:50:42.813] [INFO] response - { method: 'GET',
  url: '/api/users/userinfo',
  body: {},
  costTime: 22,
  response:
   { status: 200,
     message: 'OK',
     header:
      [Object: null prototype] {
        vary: 'Origin',
        'access-control-allow-origin': 'http://localhost:8080',
        'access-control-allow-credentials': 'true',
        'access-control-expose-headers': 'WWW-Authenticate,Server-Authorization',
        'content-type': 'application/json; charset=utf-8' },
     body: { data: [Object] } } }
[2020-06-02T22:50:42.875] [INFO] response - { method: 'GET',
  url: '/api/users/userinfo',
  body: {},
  costTime: 28,
  response:
   { status: 200,
     message: 'OK',
     header:
      [Object: null prototype] {
        vary: 'Origin',
        'access-control-allow-origin': 'http://localhost:8080',
        'access-control-allow-credentials': 'true',
        'access-control-expose-headers': 'WWW-Authenticate,Server-Authorization',
        'content-type': 'application/json; charset=utf-8' },
     body: { data: [Object] } } }
[2020-06-02T22:50:49.124] [INFO] response - { method: 'POST',
  url: '/api/publishs/postpublish',
  body:
   { user_id: 1002,
     publish: '我想要学习',
     date: '2020-06-02T14:50:42.818Z' },
  costTime: 71,
  response:
   { status: 200,
     message: 'OK',
     header:
      [Object: null prototype] {
        vary: 'Origin',
        'access-control-allow-origin': 'http://localhost:8080',
        'access-control-allow-credentials': 'true',
        'access-control-expose-headers': 'WWW-Authenticate,Server-Authorization',
        'content-type': 'application/json; charset=utf-8' },
     body: { code: 1, data: [Object] } } }
[2020-06-02T22:50:49.329] [INFO] response - { method: 'GET',
  url: '/api/users/userinfo',
  body: {},
  costTime: 22,
  response:
   { status: 200,
     message: 'OK',
     header:
      [Object: null prototype] {
        vary: 'Origin',
        'access-control-allow-origin': 'http://localhost:8080',
        'access-control-allow-credentials': 'true',
        'access-control-expose-headers': 'WWW-Authenticate,Server-Authorization',
        'content-type': 'application/json; charset=utf-8' },
     body: { data: [Object] } } }
[2020-06-02T22:50:49.450] [INFO] response - { method: 'GET',
  url: '/api/publishs/publishinfo',
  body: {},
  costTime: 7,
  response:
   { status: 200,
     message: 'OK',
     header:
      [Object: null prototype] {
        vary: 'Origin',
        'access-control-allow-origin': 'http://localhost:8080',
        'access-control-allow-credentials': 'true',
        'access-control-expose-headers': 'WWW-Authenticate,Server-Authorization',
        'content-type': 'application/json; charset=utf-8' },
     body: { data: [Object] } } }
[2020-06-02T22:50:52.012] [INFO] response - { method: 'GET',
  url: '/api/users/userinfo',
  body: {},
  costTime: 16,
  response:
   { status: 200,
     message: 'OK',
     header:
      [Object: null prototype] {
        vary: 'Origin',
        'access-control-allow-origin': 'http://localhost:8080',
        'access-control-allow-credentials': 'true',
        'access-control-expose-headers': 'WWW-Authenticate,Server-Authorization',
        'content-type': 'application/json; charset=utf-8' },
     body: { data: [Object] } } }
[2020-06-02T22:50:52.267] [INFO] response - { method: 'GET',
  url: '/api/users/userinfo',
  body: {},
  costTime: 16,
  response:
   { status: 200,
     message: 'OK',
     header:
      [Object: null prototype] {
        vary: 'Origin',
        'access-control-allow-origin': 'http://localhost:8080',
        'access-control-allow-credentials': 'true',
        'access-control-expose-headers': 'WWW-Authenticate,Server-Authorization',
        'content-type': 'application/json; charset=utf-8' },
     body: { data: [Object] } } }
[2020-06-02T22:51:02.757] [INFO] response - { method: 'POST',
  url: '/api/publishs/postpublish',
  body:
   { user_id: 1002,
     publish: '天天开心，快乐最重要',
     date: '2020-06-02T14:50:52.018Z' },
  costTime: 86,
  response:
   { status: 200,
     message: 'OK',
     header:
      [Object: null prototype] {
        vary: 'Origin',
        'access-control-allow-origin': 'http://localhost:8080',
        'access-control-allow-credentials': 'true',
        'access-control-expose-headers': 'WWW-Authenticate,Server-Authorization',
        'content-type': 'application/json; charset=utf-8' },
     body: { code: 1, data: [Object] } } }
[2020-06-02T22:51:02.943] [INFO] response - { method: 'GET',
  url: '/api/users/userinfo',
  body: {},
  costTime: 22,
  response:
   { status: 200,
     message: 'OK',
     header:
      [Object: null prototype] {
        vary: 'Origin',
        'access-control-allow-origin': 'http://localhost:8080',
        'access-control-allow-credentials': 'true',
        'access-control-expose-headers': 'WWW-Authenticate,Server-Authorization',
        'content-type': 'application/json; charset=utf-8' },
     body: { data: [Object] } } }
[2020-06-02T22:51:03.086] [INFO] response - { method: 'GET',
  url: '/api/publishs/publishinfo',
  body: {},
  costTime: 12,
  response:
   { status: 200,
     message: 'OK',
     header:
      [Object: null prototype] {
        vary: 'Origin',
        'access-control-allow-origin': 'http://localhost:8080',
        'access-control-allow-credentials': 'true',
        'access-control-expose-headers': 'WWW-Authenticate,Server-Authorization',
        'content-type': 'application/json; charset=utf-8' },
     body: { data: [Object] } } }
[2020-06-02T22:51:05.903] [INFO] response - { method: 'GET',
  url: '/api/users/userinfo',
  body: {},
  costTime: 19,
  response:
   { status: 200,
     message: 'OK',
     header:
      [Object: null prototype] {
        vary: 'Origin',
        'access-control-allow-origin': 'http://localhost:8080',
        'access-control-allow-credentials': 'true',
        'access-control-expose-headers': 'WWW-Authenticate,Server-Authorization',
        'content-type': 'application/json; charset=utf-8' },
     body: { data: [Object] } } }
[2020-06-02T22:51:06.260] [INFO] response - { method: 'GET',
  url: '/api/users/userinfo',
  body: {},
  costTime: 23,
  response:
   { status: 200,
     message: 'OK',
     header:
      [Object: null prototype] {
        vary: 'Origin',
        'access-control-allow-origin': 'http://localhost:8080',
        'access-control-allow-credentials': 'true',
        'access-control-expose-headers': 'WWW-Authenticate,Server-Authorization',
        'content-type': 'application/json; charset=utf-8' },
     body: { data: [Object] } } }
[2020-06-02T22:51:06.948] [INFO] response - { method: 'GET',
  url: '/api/users/userinfo',
  body: {},
  costTime: 23,
  response:
   { status: 200,
     message: 'OK',
     header:
      [Object: null prototype] {
        vary: 'Origin',
        'access-control-allow-origin': 'http://localhost:8080',
        'access-control-allow-credentials': 'true',
        'access-control-expose-headers': 'WWW-Authenticate,Server-Authorization',
        'content-type': 'application/json; charset=utf-8' },
     body: { data: [Object] } } }
[2020-06-02T22:51:07.003] [INFO] response - { method: 'GET',
  url: '/images/upload/',
  body: {},
  costTime: 9,
  response:
   { status: 404,
     message: 'Not Found',
     header:
      [Object: null prototype] {
        vary: 'Origin',
        'access-control-allow-origin': 'http://localhost:8080',
        'access-control-allow-credentials': 'true',
        'access-control-expose-headers': 'WWW-Authenticate,Server-Authorization',
        'content-type': 'text/html; charset=utf-8',
        'content-length': '474' },
     body:
      '<!DOCTYPE html>\n<html lang="en">\n<head>\n    <meta charset="UTF-8">\n    <meta name="viewport" content="width=device-width, initial-scale=1.0">\n    <meta http-equiv="X-UA-Compatible" content="ie=edge">\n    <link rel="stylesheet" href="/stylesheets/error.css">\n    <title>错误信息</title>\n</head>\n<body>\n    <div class="content">\n            <h1>抱歉，找不到你的诗和远方了！</h1>\n            \n            <h2>404</h2>\n            \n    </div>\n</body>\n</html>\n\n' } }
[2020-06-02T22:51:07.331] [INFO] response - { method: 'GET',
  url: '/api/users/userinfo',
  body: {},
  costTime: 28,
  response:
   { status: 200,
     message: 'OK',
     header:
      [Object: null prototype] {
        vary: 'Origin',
        'access-control-allow-origin': 'http://localhost:8080',
        'access-control-allow-credentials': 'true',
        'access-control-expose-headers': 'WWW-Authenticate,Server-Authorization',
        'content-type': 'application/json; charset=utf-8' },
     body: { data: [Object] } } }
[2020-06-02T22:51:07.611] [INFO] response - { method: 'GET',
  url: '/api/users/userinfo',
  body: {},
  costTime: 17,
  response:
   { status: 200,
     message: 'OK',
     header:
      [Object: null prototype] {
        vary: 'Origin',
        'access-control-allow-origin': 'http://localhost:8080',
        'access-control-allow-credentials': 'true',
        'access-control-expose-headers': 'WWW-Authenticate,Server-Authorization',
        'content-type': 'application/json; charset=utf-8' },
     body: { data: [Object] } } }
[2020-06-02T22:51:13.872] [INFO] response - { method: 'POST',
  url: '/api/users/postlogin',
  body: { user_id: '1003', password: '10' },
  costTime: 11,
  response:
   { status: 200,
     message: 'OK',
     header:
      [Object: null prototype] {
        vary: 'Origin',
        'access-control-allow-origin': 'http://localhost:8080',
        'access-control-allow-credentials': 'true',
        'access-control-expose-headers': 'WWW-Authenticate,Server-Authorization',
        'content-type': 'application/json; charset=utf-8' },
     body: { code: 1, data: [Object] } } }
[2020-06-02T22:51:17.164] [INFO] response - { method: 'GET',
  url: '/api/users/userinfo',
  body: {},
  costTime: 27,
  response:
   { status: 200,
     message: 'OK',
     header:
      [Object: null prototype] {
        vary: 'Origin',
        'access-control-allow-origin': 'http://localhost:8080',
        'access-control-allow-credentials': 'true',
        'access-control-expose-headers': 'WWW-Authenticate,Server-Authorization',
        'content-type': 'application/json; charset=utf-8' },
     body: { data: [Object] } } }
[2020-06-02T22:51:18.689] [INFO] response - { method: 'GET',
  url: '/api/users/userinfo',
  body: {},
  costTime: 24,
  response:
   { status: 200,
     message: 'OK',
     header:
      [Object: null prototype] {
        vary: 'Origin',
        'access-control-allow-origin': 'http://localhost:8080',
        'access-control-allow-credentials': 'true',
        'access-control-expose-headers': 'WWW-Authenticate,Server-Authorization',
        'content-type': 'application/json; charset=utf-8' },
     body: { data: [Object] } } }
[2020-06-02T22:51:18.756] [INFO] response - { method: 'GET',
  url: '/api/publishs/publishinfo',
  body: {},
  costTime: 14,
  response:
   { status: 200,
     message: 'OK',
     header:
      [Object: null prototype] {
        vary: 'Origin',
        'access-control-allow-origin': 'http://localhost:8080',
        'access-control-allow-credentials': 'true',
        'access-control-expose-headers': 'WWW-Authenticate,Server-Authorization',
        'content-type': 'application/json; charset=utf-8' },
     body: { data: [Object] } } }
[2020-06-02T22:51:19.911] [INFO] response - { method: 'GET',
  url: '/api/users/userinfo',
  body: {},
  costTime: 17,
  response:
   { status: 200,
     message: 'OK',
     header:
      [Object: null prototype] {
        vary: 'Origin',
        'access-control-allow-origin': 'http://localhost:8080',
        'access-control-allow-credentials': 'true',
        'access-control-expose-headers': 'WWW-Authenticate,Server-Authorization',
        'content-type': 'application/json; charset=utf-8' },
     body: { data: [Object] } } }
[2020-06-02T22:51:19.960] [INFO] response - { method: 'GET',
  url: '/api/users/userinfo',
  body: {},
  costTime: 20,
  response:
   { status: 200,
     message: 'OK',
     header:
      [Object: null prototype] {
        vary: 'Origin',
        'access-control-allow-origin': 'http://localhost:8080',
        'access-control-allow-credentials': 'true',
        'access-control-expose-headers': 'WWW-Authenticate,Server-Authorization',
        'content-type': 'application/json; charset=utf-8' },
     body: { data: [Object] } } }
[2020-06-02T22:51:44.238] [INFO] response - { method: 'POST',
  url: '/api/publishs/postpublish',
  body:
   { user_id: 1003,
     publish: '原来还可以这样学习PS',
     date: '2020-06-02T14:51:19.916Z' },
  costTime: 77,
  response:
   { status: 200,
     message: 'OK',
     header:
      [Object: null prototype] {
        vary: 'Origin',
        'access-control-allow-origin': 'http://localhost:8080',
        'access-control-allow-credentials': 'true',
        'access-control-expose-headers': 'WWW-Authenticate,Server-Authorization',
        'content-type': 'application/json; charset=utf-8' },
     body: { code: 1, data: [Object] } } }
[2020-06-02T22:51:44.425] [INFO] response - { method: 'GET',
  url: '/api/users/userinfo',
  body: {},
  costTime: 24,
  response:
   { status: 200,
     message: 'OK',
     header:
      [Object: null prototype] {
        vary: 'Origin',
        'access-control-allow-origin': 'http://localhost:8080',
        'access-control-allow-credentials': 'true',
        'access-control-expose-headers': 'WWW-Authenticate,Server-Authorization',
        'content-type': 'application/json; charset=utf-8' },
     body: { data: [Object] } } }
[2020-06-02T22:51:44.566] [INFO] response - { method: 'GET',
  url: '/api/publishs/publishinfo',
  body: {},
  costTime: 9,
  response:
   { status: 200,
     message: 'OK',
     header:
      [Object: null prototype] {
        vary: 'Origin',
        'access-control-allow-origin': 'http://localhost:8080',
        'access-control-allow-credentials': 'true',
        'access-control-expose-headers': 'WWW-Authenticate,Server-Authorization',
        'content-type': 'application/json; charset=utf-8' },
     body: { data: [Object] } } }
[2020-06-02T22:51:53.850] [INFO] response - { method: 'GET',
  url: '/publishs/publishlist',
  body: {},
  costTime: 14,
  response:
   { status: 200,
     message: 'OK',
     header:
      [Object: null prototype] {
        vary: 'Origin',
        'access-control-allow-origin': 'http://localhost:8080',
        'access-control-allow-credentials': 'true',
        'access-control-expose-headers': 'WWW-Authenticate,Server-Authorization',
        'content-type': 'text/html; charset=utf-8',
        'content-length': '3541' },
     body:
      '<!DOCTYPE html>\r\n<html lang="en">\r\n<head>\r\n    <meta charset="UTF-8">\r\n    <meta name="viewport" content="width=device-width, initial-scale=1.0">\r\n    <meta http-equiv="X-UA-Compatible" content="ie=edge">\r\n    <link type="text/css" rel="stylesheet" href="/stylesheets/bootstrap.min.css" />\r\n    <title>用户列表</title>\r\n</head>\r\n<body>\r\n\r\n\r\n\r\n\r\n<!-- 搜索框 --> \r\n<div class="suo">\r\n   <form action="/publishs/suo" method="POST">\r\n        <div class="col-md-offset-2 col-md-3 " style="padding:20px 3px;">\r\n            <!-- from-control的效果 宽度为100% 边框为浅灰色 控件具有4px的圆角 阴影效果，元素得到焦点时，阴影和边框效果会发生变化设置 placeholder的颜色为#999 -->\r\n            <input type="text" class="form-control" name="chaxun" id="firstName" value="" placeholder="请输入ID或昵称">\r\n            <!-- col-md-offset-3（在左侧补充3列）col-md-push-8（从左侧往右侧推8列）col-md-pull-2（往左侧拉2列）  -->\r\n            </div>\r\n        <div class="col-md-2" style="padding:20px 3px;">\r\n            <!-- col-xs-6 col-md-3  在超小屏幕中占6列 在中单屏幕中占3列  bootstrap栅格系统中的列是通过指定1到12的值来表示其跨越的范围-->\r\n            <button type="submit" class="btn btn-info">查询</button>   \r\n            </div>  \r\n  </form>\r\n</div>\r\n   \r\n    \r\n<!--用户列表-->\r\n<div class="publish">\r\n   <div class="col-md-10 col-md-offset-1">\r\n      <!-- table-hover：鼠标悬停高亮的表格 table-bordered：带边框的表格 table-striped：斑马线表格 -->\r\n      <table class="table table-striped table-hover table-bordered">\r\n            <thead>\r\n                <tr class="biao">\r\n                    <th style="text-align:center;">序号</th>\r\n                    <th style="text-align:center;">账号id</th>\r\n                    <th style="text-align:center;">发表动态</th>\r\n                    <th style="text-align:center;">发布时间</th>\r\n                    <!-- <th style="text-align:center;">角色</th>  -->\r\n                    <th style="text-align:center;">操作</th>\r\n                </tr>\r\n            </thead>\r\n\r\n           <tbody>\r\n              \r\n                <tr style="text-align:center;">\r\n                    <td>1</td>  \r\n                    <td>1002</td>\r\n                    <td>我想要学习</td>\r\n                    \r\n                      <td>2020-06-02 22:50</td>\r\n                      <!-- <td></td> -->\r\n                      <td><a href="/publishs/delect/1027" class="btn btn-danger">删除</a></td>\r\n                      \r\n                <tr style="text-align:center;">\r\n                    <td>2</td>  \r\n                    <td>1002</td>\r\n                    <td>天天开心，快乐最重要</td>\r\n                    \r\n                      <td>2020-06-02 22:50</td>\r\n                      <!-- <td></td> -->\r\n                      <td><a href="/publishs/delect/1028" class="btn btn-danger">删除</a></td>\r\n                      \r\n                <tr style="text-align:center;">\r\n                    <td>3</td>  \r\n                    <td>1003</td>\r\n                    <td>原来还可以这样学习PS</td>\r\n                    \r\n                      <td>2020-06-02 22:51</td>\r\n                      <!-- <td></td> -->\r\n                      <td><a href="/publishs/delect/1029" class="btn btn-danger">删除</a></td>\r\n                      \r\n                 </tr>\r\n             </tbody>\r\n        </table>\r\n  </div>\r\n    \r\n\r\n\r\n  \r\n</body>\r\n\r\n</html>' } }
[2020-06-02T22:53:20.891] [INFO] response - { method: 'GET',
  url: '/publishs/publishlist',
  body: {},
  costTime: 18,
  response:
   { status: 200,
     message: 'OK',
     header:
      [Object: null prototype] {
        vary: 'Origin',
        'access-control-allow-origin': 'http://localhost:8080',
        'access-control-allow-credentials': 'true',
        'access-control-expose-headers': 'WWW-Authenticate,Server-Authorization',
        'content-type': 'text/html; charset=utf-8',
        'content-length': '3541' },
     body:
      '<!DOCTYPE html>\r\n<html lang="en">\r\n<head>\r\n    <meta charset="UTF-8">\r\n    <meta name="viewport" content="width=device-width, initial-scale=1.0">\r\n    <meta http-equiv="X-UA-Compatible" content="ie=edge">\r\n    <link type="text/css" rel="stylesheet" href="/stylesheets/bootstrap.min.css" />\r\n    <title>用户列表</title>\r\n</head>\r\n<body>\r\n\r\n\r\n\r\n\r\n<!-- 搜索框 --> \r\n<div class="suo">\r\n   <form action="/publishs/suo" method="POST">\r\n        <div class="col-md-offset-2 col-md-3 " style="padding:20px 3px;">\r\n            <!-- from-control的效果 宽度为100% 边框为浅灰色 控件具有4px的圆角 阴影效果，元素得到焦点时，阴影和边框效果会发生变化设置 placeholder的颜色为#999 -->\r\n            <input type="text" class="form-control" name="chaxun" id="firstName" value="" placeholder="请输入ID或昵称">\r\n            <!-- col-md-offset-3（在左侧补充3列）col-md-push-8（从左侧往右侧推8列）col-md-pull-2（往左侧拉2列）  -->\r\n            </div>\r\n        <div class="col-md-2" style="padding:20px 3px;">\r\n            <!-- col-xs-6 col-md-3  在超小屏幕中占6列 在中单屏幕中占3列  bootstrap栅格系统中的列是通过指定1到12的值来表示其跨越的范围-->\r\n            <button type="submit" class="btn btn-info">查询</button>   \r\n            </div>  \r\n  </form>\r\n</div>\r\n   \r\n    \r\n<!--用户列表-->\r\n<div class="publish">\r\n   <div class="col-md-10 col-md-offset-1">\r\n      <!-- table-hover：鼠标悬停高亮的表格 table-bordered：带边框的表格 table-striped：斑马线表格 -->\r\n      <table class="table table-striped table-hover table-bordered">\r\n            <thead>\r\n                <tr class="biao">\r\n                    <th style="text-align:center;">序号</th>\r\n                    <th style="text-align:center;">账号id</th>\r\n                    <th style="text-align:center;">发表动态</th>\r\n                    <th style="text-align:center;">发布时间</th>\r\n                    <!-- <th style="text-align:center;">角色</th>  -->\r\n                    <th style="text-align:center;">操作</th>\r\n                </tr>\r\n            </thead>\r\n\r\n           <tbody>\r\n              \r\n                <tr style="text-align:center;">\r\n                    <td>1</td>  \r\n                    <td>1002</td>\r\n                    <td>我想要学习</td>\r\n                    \r\n                      <td>2020-06-02 22:50</td>\r\n                      <!-- <td></td> -->\r\n                      <td><a href="/publishs/delect/1027" class="btn btn-danger">删除</a></td>\r\n                      \r\n                <tr style="text-align:center;">\r\n                    <td>2</td>  \r\n                    <td>1002</td>\r\n                    <td>天天开心，快乐最重要</td>\r\n                    \r\n                      <td>2020-06-02 22:50</td>\r\n                      <!-- <td></td> -->\r\n                      <td><a href="/publishs/delect/1028" class="btn btn-danger">删除</a></td>\r\n                      \r\n                <tr style="text-align:center;">\r\n                    <td>3</td>  \r\n                    <td>1003</td>\r\n                    <td>原来还可以这样学习PS</td>\r\n                    \r\n                      <td>2020-06-02 22:51</td>\r\n                      <!-- <td></td> -->\r\n                      <td><a href="/publishs/delect/1029" class="btn btn-danger">删除</a></td>\r\n                      \r\n                 </tr>\r\n             </tbody>\r\n        </table>\r\n  </div>\r\n    \r\n\r\n\r\n  \r\n</body>\r\n\r\n</html>' } }
[2020-06-02T22:56:42.262] [INFO] response - { method: 'GET',
  url: '/publishs/publishlist',
  body: {},
  costTime: 101,
  response:
   { status: 200,
     message: 'OK',
     header:
      [Object: null prototype] {
        vary: 'Origin',
        'access-control-allow-origin': 'http://localhost:8080',
        'access-control-allow-credentials': 'true',
        'access-control-expose-headers': 'WWW-Authenticate,Server-Authorization',
        'content-type': 'text/html; charset=utf-8',
        'content-length': '3541' },
     body:
      '<!DOCTYPE html>\r\n<html lang="en">\r\n<head>\r\n    <meta charset="UTF-8">\r\n    <meta name="viewport" content="width=device-width, initial-scale=1.0">\r\n    <meta http-equiv="X-UA-Compatible" content="ie=edge">\r\n    <link type="text/css" rel="stylesheet" href="/stylesheets/bootstrap.min.css" />\r\n    <title>用户列表</title>\r\n</head>\r\n<body>\r\n\r\n\r\n\r\n\r\n<!-- 搜索框 --> \r\n<div class="suo">\r\n   <form action="/publishs/suo" method="POST">\r\n        <div class="col-md-offset-2 col-md-3 " style="padding:20px 3px;">\r\n            <!-- from-control的效果 宽度为100% 边框为浅灰色 控件具有4px的圆角 阴影效果，元素得到焦点时，阴影和边框效果会发生变化设置 placeholder的颜色为#999 -->\r\n            <input type="text" class="form-control" name="chaxun" id="firstName" value="" placeholder="请输入ID或昵称">\r\n            <!-- col-md-offset-3（在左侧补充3列）col-md-push-8（从左侧往右侧推8列）col-md-pull-2（往左侧拉2列）  -->\r\n            </div>\r\n        <div class="col-md-2" style="padding:20px 3px;">\r\n            <!-- col-xs-6 col-md-3  在超小屏幕中占6列 在中单屏幕中占3列  bootstrap栅格系统中的列是通过指定1到12的值来表示其跨越的范围-->\r\n            <button type="submit" class="btn btn-info">查询</button>   \r\n            </div>  \r\n  </form>\r\n</div>\r\n   \r\n    \r\n<!--用户列表-->\r\n<div class="publish">\r\n   <div class="col-md-10 col-md-offset-1">\r\n      <!-- table-hover：鼠标悬停高亮的表格 table-bordered：带边框的表格 table-striped：斑马线表格 -->\r\n      <table class="table table-striped table-hover table-bordered">\r\n            <thead>\r\n                <tr class="biao">\r\n                    <th style="text-align:center;">序号</th>\r\n                    <th style="text-align:center;">账号id</th>\r\n                    <th style="text-align:center;">发表动态</th>\r\n                    <th style="text-align:center;">发布时间</th>\r\n                    <!-- <th style="text-align:center;">角色</th>  -->\r\n                    <th style="text-align:center;">操作</th>\r\n                </tr>\r\n            </thead>\r\n\r\n           <tbody>\r\n              \r\n                <tr style="text-align:center;">\r\n                    <td>1</td>  \r\n                    <td>1003</td>\r\n                    <td>原来还可以这样学习PS</td>\r\n                    \r\n                      <td>2020-06-02 22:51</td>\r\n                      <!-- <td></td> -->\r\n                      <td><a href="/publishs/delect/1029" class="btn btn-danger">删除</a></td>\r\n                      \r\n                <tr style="text-align:center;">\r\n                    <td>2</td>  \r\n                    <td>1002</td>\r\n                    <td>天天开心，快乐最重要</td>\r\n                    \r\n                      <td>2020-06-02 22:50</td>\r\n                      <!-- <td></td> -->\r\n                      <td><a href="/publishs/delect/1028" class="btn btn-danger">删除</a></td>\r\n                      \r\n                <tr style="text-align:center;">\r\n                    <td>3</td>  \r\n                    <td>1002</td>\r\n                    <td>我想要学习</td>\r\n                    \r\n                      <td>2020-06-02 22:50</td>\r\n                      <!-- <td></td> -->\r\n                      <td><a href="/publishs/delect/1027" class="btn btn-danger">删除</a></td>\r\n                      \r\n                 </tr>\r\n             </tbody>\r\n        </table>\r\n  </div>\r\n    \r\n\r\n\r\n  \r\n</body>\r\n\r\n</html>' } }
[2020-06-02T22:56:53.742] [INFO] response - { method: 'GET',
  url: '/api/users/userinfo',
  body: {},
  costTime: 81,
  response:
   { status: 200,
     message: 'OK',
     header:
      [Object: null prototype] {
        vary: 'Origin',
        'access-control-allow-origin': 'http://localhost:8080',
        'access-control-allow-credentials': 'true',
        'access-control-expose-headers': 'WWW-Authenticate,Server-Authorization',
        'content-type': 'application/json; charset=utf-8' },
     body: { data: [Object] } } }
[2020-06-02T22:56:53.827] [INFO] response - { method: 'GET',
  url: '/api/publishs/publishinfo',
  body: {},
  costTime: 13,
  response:
   { status: 200,
     message: 'OK',
     header:
      [Object: null prototype] {
        vary: 'Origin',
        'access-control-allow-origin': 'http://localhost:8080',
        'access-control-allow-credentials': 'true',
        'access-control-expose-headers': 'WWW-Authenticate,Server-Authorization',
        'content-type': 'application/json; charset=utf-8' },
     body: { data: [Object] } } }
[2020-06-02T22:57:28.275] [INFO] response - { method: 'GET',
  url: '/api/users/userinfo',
  body: {},
  costTime: 25,
  response:
   { status: 200,
     message: 'OK',
     header:
      [Object: null prototype] {
        vary: 'Origin',
        'access-control-allow-origin': 'http://localhost:8080',
        'access-control-allow-credentials': 'true',
        'access-control-expose-headers': 'WWW-Authenticate,Server-Authorization',
        'content-type': 'application/json; charset=utf-8' },
     body: { data: [Object] } } }
[2020-06-02T22:57:28.527] [INFO] response - { method: 'GET',
  url: '/api/users/userinfo',
  body: {},
  costTime: 18,
  response:
   { status: 200,
     message: 'OK',
     header:
      [Object: null prototype] {
        vary: 'Origin',
        'access-control-allow-origin': 'http://localhost:8080',
        'access-control-allow-credentials': 'true',
        'access-control-expose-headers': 'WWW-Authenticate,Server-Authorization',
        'content-type': 'application/json; charset=utf-8' },
     body: { data: [Object] } } }
[2020-06-02T22:57:30.587] [INFO] response - { method: 'GET',
  url: '/api/users/userinfo',
  body: {},
  costTime: 32,
  response:
   { status: 200,
     message: 'OK',
     header:
      [Object: null prototype] {
        vary: 'Origin',
        'access-control-allow-origin': 'http://localhost:8080',
        'access-control-allow-credentials': 'true',
        'access-control-expose-headers': 'WWW-Authenticate,Server-Authorization',
        'content-type': 'application/json; charset=utf-8' },
     body: { data: [Object] } } }
[2020-06-02T22:57:30.936] [INFO] response - { method: 'GET',
  url: '/api/publishs/publishinfo',
  body: {},
  costTime: 9,
  response:
   { status: 200,
     message: 'OK',
     header:
      [Object: null prototype] {
        vary: 'Origin',
        'access-control-allow-origin': 'http://localhost:8080',
        'access-control-allow-credentials': 'true',
        'access-control-expose-headers': 'WWW-Authenticate,Server-Authorization',
        'content-type': 'application/json; charset=utf-8' },
     body: { data: [Object] } } }
[2020-06-02T22:57:33.445] [INFO] response - { method: 'GET',
  url: '/api/users/userinfo',
  body: {},
  costTime: 22,
  response:
   { status: 200,
     message: 'OK',
     header:
      [Object: null prototype] {
        vary: 'Origin',
        'access-control-allow-origin': 'http://localhost:8080',
        'access-control-allow-credentials': 'true',
        'access-control-expose-headers': 'WWW-Authenticate,Server-Authorization',
        'content-type': 'application/json; charset=utf-8' },
     body: { data: [Object] } } }
[2020-06-02T22:57:33.495] [INFO] response - { method: 'GET',
  url: '/images/upload/',
  body: {},
  costTime: 13,
  response:
   { status: 404,
     message: 'Not Found',
     header:
      [Object: null prototype] {
        vary: 'Origin',
        'access-control-allow-origin': 'http://localhost:8080',
        'access-control-allow-credentials': 'true',
        'access-control-expose-headers': 'WWW-Authenticate,Server-Authorization',
        'content-type': 'text/html; charset=utf-8',
        'content-length': '474' },
     body:
      '<!DOCTYPE html>\n<html lang="en">\n<head>\n    <meta charset="UTF-8">\n    <meta name="viewport" content="width=device-width, initial-scale=1.0">\n    <meta http-equiv="X-UA-Compatible" content="ie=edge">\n    <link rel="stylesheet" href="/stylesheets/error.css">\n    <title>错误信息</title>\n</head>\n<body>\n    <div class="content">\n            <h1>抱歉，找不到你的诗和远方了！</h1>\n            \n            <h2>404</h2>\n            \n    </div>\n</body>\n</html>\n\n' } }
[2020-06-02T22:57:33.692] [INFO] response - { method: 'GET',
  url: '/api/users/userinfo',
  body: {},
  costTime: 16,
  response:
   { status: 200,
     message: 'OK',
     header:
      [Object: null prototype] {
        vary: 'Origin',
        'access-control-allow-origin': 'http://localhost:8080',
        'access-control-allow-credentials': 'true',
        'access-control-expose-headers': 'WWW-Authenticate,Server-Authorization',
        'content-type': 'application/json; charset=utf-8' },
     body: { data: [Object] } } }
