[2020-03-27T16:21:36.833] [INFO] response - { method: 'GET',
  url: '/foods/jia',
  body: {},
  costTime: 4,
  response:
   { status: 500,
     message: 'Internal Server Error',
     header:
      [Object: null prototype] {
        vary: 'Origin',
        'access-control-allow-origin': 'http://localhost:8080',
        'access-control-allow-credentials': 'true',
        'access-control-expose-headers': 'WWW-Authenticate,Server-Authorization',
        'content-type': 'text/html; charset=utf-8',
        'content-length': '462' },
     body:
      '<!DOCTYPE html>\n<html lang="en">\n<head>\n    <meta charset="UTF-8">\n    <meta name="viewport" content="width=device-width, initial-scale=1.0">\n    <meta http-equiv="X-UA-Compatible" content="ie=edge">\n    <link rel="stylesheet" href="/stylesheets/error.css">\n    <title>错误信息</title>\n</head>\n<body>\n    <div class="content">\n            <h1>抱歉，服务器神游去了！</h1>\n            \n            <h2></h2>\n            \n    </div>\n</body>\n</html>\n\n' } }
[2020-03-27T16:21:54.296] [INFO] response - { method: 'GET',
  url: '/foods/foodlist',
  body: {},
  costTime: 36,
  response:
   { status: 200,
     message: 'OK',
     header:
      [Object: null prototype] {
        vary: 'Origin',
        'access-control-allow-origin': 'http://localhost:8080',
        'access-control-allow-credentials': 'true',
        'access-control-expose-headers': 'WWW-Authenticate,Server-Authorization',
        'content-type': 'text/html; charset=utf-8',
        'content-length': '3053' },
     body:
      '<!DOCTYPE html>\r\n<html lang="en">\r\n<head>\r\n    <meta charset="UTF-8">\r\n    <meta name="viewport" content="width=device-width, initial-scale=1.0">\r\n    <meta http-equiv="X-UA-Compatible" content="ie=edge">\r\n    <link type="text/css" rel="stylesheet" href="/stylesheets/bootstrap.min.css" />\r\n    <title>食品订单</title>\r\n</head>\r\n<body>\r\n    <div class="clearfix" style="margin-bottom: 10px;"></div>\r\n    <div class="row">\r\n        <form>\r\n        <div class="col-md-offset-1 col-md-2 margin-bottom-15">\r\n          <label for="firstName" class="control-label">订单号</label>\r\n          <input type="text" class="form-control" id="firstName" value="">                  \r\n        </div>\r\n        <div class="col-md-2 margin-bottom-15">\r\n          <label for="lastName" class="control-label">姓名</label>\r\n          <input type="text" class="form-control" id="lastName" value="">                 \r\n        </div>\r\n        <div class="row templatemo-form-buttons">\r\n                <div class="col-md-2"><br>\r\n                  <button type="submit" class="btn btn-primary">查询</button>\r\n                  <button type="reset" class="btn btn-default">重置</button>    \r\n                </div>\r\n        </div>\r\n        </form>\r\n    </div>\r\n    <br>\r\n    <div class="clearfix" style="margin-bottom: 10px;"></div>\r\n    <div class="row">\r\n        <div class="col-md-10 col-md-offset-1">\r\n        <div class="table-responsive">\r\n        <table class="table table-striped table-hover table-bordered">\r\n            <thead>\r\n              <tr class="biao">\r\n                <th>序号</th>\r\n                <th>姓名</th>\r\n                <th>订单号</th>\r\n                <th>联系方式</th>\r\n                <th>审核状态</th>\r\n                <th colspan="2">操作</th>\r\n              </tr>\r\n            </thead>\r\n            <tbody>\r\n              \r\n                <tr>\r\n                  <td>1</td>  \r\n                  <td>child</td>\r\n                    <td>1</td>\r\n                    <td>1</td>\r\n                    <td>1</td>\r\n                    <td><a href="/foods/delect/1" class="btn btn-primary">删除</a></td>\r\n                    <td><a href="/foods/edit/1" class="btn btn-primary">编辑</a></td>\r\n                    \r\n                </tr>\r\n            </tbody>\r\n        </table>\r\n        </div>\r\n        <div>\r\n          <a href="./jia" class="btn btn-primary">增加订单</a>\r\n        </div> \r\n        <ul class="pagination pull-right">\r\n            <li class="disabled"><a href="#">&laquo;</a></li>\r\n            <li class="active"><a href="#">1 <span class="sr-only">(current)</span></a></li>\r\n            <li><a href="#">2 <span class="sr-only">(current)</span></a></li>\r\n            <li><a href="#">3 <span class="sr-only">(current)</span></a></li>\r\n            <li><a href="#">4 <span class="sr-only">(current)</span></a></li>\r\n            <li><a href="#">5 <span class="sr-only">(current)</span></a></li>\r\n            <li><a href="#">&raquo;</a></li>\r\n          </ul>\r\n        </div>\r\n    </div>\r\n</body>\r\n</html>' } }
[2020-03-27T16:21:55.177] [INFO] response - { method: 'GET',
  url: '/foods/jia',
  body: {},
  costTime: 107,
  response:
   { status: 500,
     message: 'Internal Server Error',
     header:
      [Object: null prototype] {
        vary: 'Origin',
        'access-control-allow-origin': 'http://localhost:8080',
        'access-control-allow-credentials': 'true',
        'access-control-expose-headers': 'WWW-Authenticate,Server-Authorization',
        'content-type': 'text/html; charset=utf-8',
        'content-length': '462' },
     body:
      '<!DOCTYPE html>\n<html lang="en">\n<head>\n    <meta charset="UTF-8">\n    <meta name="viewport" content="width=device-width, initial-scale=1.0">\n    <meta http-equiv="X-UA-Compatible" content="ie=edge">\n    <link rel="stylesheet" href="/stylesheets/error.css">\n    <title>错误信息</title>\n</head>\n<body>\n    <div class="content">\n            <h1>抱歉，服务器神游去了！</h1>\n            \n            <h2></h2>\n            \n    </div>\n</body>\n</html>\n\n' } }
[2020-03-27T16:23:13.423] [INFO] response - { method: 'GET',
  url: '/foods/foodlist',
  body: {},
  costTime: 41,
  response:
   { status: 200,
     message: 'OK',
     header:
      [Object: null prototype] {
        vary: 'Origin',
        'access-control-allow-origin': 'http://localhost:8080',
        'access-control-allow-credentials': 'true',
        'access-control-expose-headers': 'WWW-Authenticate,Server-Authorization',
        'content-type': 'text/html; charset=utf-8',
        'content-length': '3053' },
     body:
      '<!DOCTYPE html>\r\n<html lang="en">\r\n<head>\r\n    <meta charset="UTF-8">\r\n    <meta name="viewport" content="width=device-width, initial-scale=1.0">\r\n    <meta http-equiv="X-UA-Compatible" content="ie=edge">\r\n    <link type="text/css" rel="stylesheet" href="/stylesheets/bootstrap.min.css" />\r\n    <title>食品订单</title>\r\n</head>\r\n<body>\r\n    <div class="clearfix" style="margin-bottom: 10px;"></div>\r\n    <div class="row">\r\n        <form>\r\n        <div class="col-md-offset-1 col-md-2 margin-bottom-15">\r\n          <label for="firstName" class="control-label">订单号</label>\r\n          <input type="text" class="form-control" id="firstName" value="">                  \r\n        </div>\r\n        <div class="col-md-2 margin-bottom-15">\r\n          <label for="lastName" class="control-label">姓名</label>\r\n          <input type="text" class="form-control" id="lastName" value="">                 \r\n        </div>\r\n        <div class="row templatemo-form-buttons">\r\n                <div class="col-md-2"><br>\r\n                  <button type="submit" class="btn btn-primary">查询</button>\r\n                  <button type="reset" class="btn btn-default">重置</button>    \r\n                </div>\r\n        </div>\r\n        </form>\r\n    </div>\r\n    <br>\r\n    <div class="clearfix" style="margin-bottom: 10px;"></div>\r\n    <div class="row">\r\n        <div class="col-md-10 col-md-offset-1">\r\n        <div class="table-responsive">\r\n        <table class="table table-striped table-hover table-bordered">\r\n            <thead>\r\n              <tr class="biao">\r\n                <th>序号</th>\r\n                <th>姓名</th>\r\n                <th>订单号</th>\r\n                <th>联系方式</th>\r\n                <th>审核状态</th>\r\n                <th colspan="2">操作</th>\r\n              </tr>\r\n            </thead>\r\n            <tbody>\r\n              \r\n                <tr>\r\n                  <td>1</td>  \r\n                  <td>child</td>\r\n                    <td>1</td>\r\n                    <td>1</td>\r\n                    <td>1</td>\r\n                    <td><a href="/foods/delect/1" class="btn btn-primary">删除</a></td>\r\n                    <td><a href="/foods/edit/1" class="btn btn-primary">编辑</a></td>\r\n                    \r\n                </tr>\r\n            </tbody>\r\n        </table>\r\n        </div>\r\n        <div>\r\n          <a href="./jia" class="btn btn-primary">增加订单</a>\r\n        </div> \r\n        <ul class="pagination pull-right">\r\n            <li class="disabled"><a href="#">&laquo;</a></li>\r\n            <li class="active"><a href="#">1 <span class="sr-only">(current)</span></a></li>\r\n            <li><a href="#">2 <span class="sr-only">(current)</span></a></li>\r\n            <li><a href="#">3 <span class="sr-only">(current)</span></a></li>\r\n            <li><a href="#">4 <span class="sr-only">(current)</span></a></li>\r\n            <li><a href="#">5 <span class="sr-only">(current)</span></a></li>\r\n            <li><a href="#">&raquo;</a></li>\r\n          </ul>\r\n        </div>\r\n    </div>\r\n</body>\r\n</html>' } }
[2020-03-27T16:23:14.196] [INFO] response - { method: 'GET',
  url: '/foods/jia',
  body: {},
  costTime: 15,
  response:
   { status: 500,
     message: 'Internal Server Error',
     header:
      [Object: null prototype] {
        vary: 'Origin',
        'access-control-allow-origin': 'http://localhost:8080',
        'access-control-allow-credentials': 'true',
        'access-control-expose-headers': 'WWW-Authenticate,Server-Authorization',
        'content-type': 'text/html; charset=utf-8',
        'content-length': '462' },
     body:
      '<!DOCTYPE html>\n<html lang="en">\n<head>\n    <meta charset="UTF-8">\n    <meta name="viewport" content="width=device-width, initial-scale=1.0">\n    <meta http-equiv="X-UA-Compatible" content="ie=edge">\n    <link rel="stylesheet" href="/stylesheets/error.css">\n    <title>错误信息</title>\n</head>\n<body>\n    <div class="content">\n            <h1>抱歉，服务器神游去了！</h1>\n            \n            <h2></h2>\n            \n    </div>\n</body>\n</html>\n\n' } }
[2020-03-27T16:23:50.104] [INFO] response - { method: 'GET',
  url: '/index',
  body: {},
  costTime: 19,
  response:
   { status: 200,
     message: 'OK',
     header:
      [Object: null prototype] {
        vary: 'Origin',
        'access-control-allow-origin': 'http://localhost:8080',
        'access-control-allow-credentials': 'true',
        'access-control-expose-headers': 'WWW-Authenticate,Server-Authorization',
        'content-type': 'text/html; charset=utf-8',
        'content-length': '1454' },
     body:
      '<!DOCTYPE html>\r\n<head>\r\n<meta http-equiv="Content-Type" content="text/html; charset=utf-8" />\r\n<title>后台管理系统</title>\r\n<link type="text/css" rel="stylesheet" href="/stylesheets/style_index.css" />\r\n<script type="text/javascript" src="/javascripts/jquery-1.8.3.min.js"></script>\r\n<script type="text/javascript" src="/javascripts/menu.js"></script>\r\n</head>\r\n\r\n<body>\r\n<div class="top"></div>\r\n<div id="header">\r\n\t<div class="logo">超市后勤</div>\r\n\t<div class="navigation">\r\n\t\t<ul>\r\n\t\t \t<li>欢迎您！</li>\r\n\t\t\t<li>cookie</li>\r\n\t\t\t<li>\r\n\t\t\t\t\t管理员\r\n\t\t\t</li>\r\n\t\t\t<li><a href="/logout">退出</a></li>\r\n\t\t</ul>\r\n\t</div>\r\n</div>\r\n\r\n<div id="content">\r\n\t<div class="left_menu">\r\n\t\t<ul id="nav_dot">\r\n\t\t\t\r\n\t\t\t<li>\r\n\t\t\t\t<h4   class="M10"><span></span>用户管理</h4>\r\n\t\t\t\t<div class="list-item none">\r\n\t\t\t\t  <a href=\'/users/userlist\' target="iframe1">用户列表</a>\r\n\t\t\t\t</div>\r\n\t\t\t  </li>\r\n\t\t\t  \r\n        <li>\r\n        <h4 class="M1"><span></span>食品订单</h4>\r\n        <div class="list-item none">\r\n          <a href=\'/foods/foodlist\' target="iframe1">订单查询</a>\r\n        </div>\r\n      </li>\r\n    </ul>\r\n\t</div>\r\n\t<div class="m-right">\r\n\t\t\t<div class="main">\r\n\t\t\t\t<iframe frameborder="0" name="iframe1"  width="100%" height="100%">\r\n\t\t\t\t\t您的浏览器不支持嵌入式框架，或者当前配置为不显示嵌入式框架。\r\n\t\t\t\t</iframe>\r\n\t\t\t</div>\r\n\t</div>\r\n</div>\r\n\r\n<script>navList(12);</script>\r\n</body>\r\n</html>\r\n' } }
[2020-03-27T16:23:51.276] [INFO] response - { method: 'GET',
  url: '/foods/foodlist',
  body: {},
  costTime: 22,
  response:
   { status: 200,
     message: 'OK',
     header:
      [Object: null prototype] {
        vary: 'Origin',
        'access-control-allow-origin': 'http://localhost:8080',
        'access-control-allow-credentials': 'true',
        'access-control-expose-headers': 'WWW-Authenticate,Server-Authorization',
        'content-type': 'text/html; charset=utf-8',
        'content-length': '3053' },
     body:
      '<!DOCTYPE html>\r\n<html lang="en">\r\n<head>\r\n    <meta charset="UTF-8">\r\n    <meta name="viewport" content="width=device-width, initial-scale=1.0">\r\n    <meta http-equiv="X-UA-Compatible" content="ie=edge">\r\n    <link type="text/css" rel="stylesheet" href="/stylesheets/bootstrap.min.css" />\r\n    <title>食品订单</title>\r\n</head>\r\n<body>\r\n    <div class="clearfix" style="margin-bottom: 10px;"></div>\r\n    <div class="row">\r\n        <form>\r\n        <div class="col-md-offset-1 col-md-2 margin-bottom-15">\r\n          <label for="firstName" class="control-label">订单号</label>\r\n          <input type="text" class="form-control" id="firstName" value="">                  \r\n        </div>\r\n        <div class="col-md-2 margin-bottom-15">\r\n          <label for="lastName" class="control-label">姓名</label>\r\n          <input type="text" class="form-control" id="lastName" value="">                 \r\n        </div>\r\n        <div class="row templatemo-form-buttons">\r\n                <div class="col-md-2"><br>\r\n                  <button type="submit" class="btn btn-primary">查询</button>\r\n                  <button type="reset" class="btn btn-default">重置</button>    \r\n                </div>\r\n        </div>\r\n        </form>\r\n    </div>\r\n    <br>\r\n    <div class="clearfix" style="margin-bottom: 10px;"></div>\r\n    <div class="row">\r\n        <div class="col-md-10 col-md-offset-1">\r\n        <div class="table-responsive">\r\n        <table class="table table-striped table-hover table-bordered">\r\n            <thead>\r\n              <tr class="biao">\r\n                <th>序号</th>\r\n                <th>姓名</th>\r\n                <th>订单号</th>\r\n                <th>联系方式</th>\r\n                <th>审核状态</th>\r\n                <th colspan="2">操作</th>\r\n              </tr>\r\n            </thead>\r\n            <tbody>\r\n              \r\n                <tr>\r\n                  <td>1</td>  \r\n                  <td>child</td>\r\n                    <td>1</td>\r\n                    <td>1</td>\r\n                    <td>1</td>\r\n                    <td><a href="/foods/delect/1" class="btn btn-primary">删除</a></td>\r\n                    <td><a href="/foods/edit/1" class="btn btn-primary">编辑</a></td>\r\n                    \r\n                </tr>\r\n            </tbody>\r\n        </table>\r\n        </div>\r\n        <div>\r\n          <a href="./jia" class="btn btn-primary">增加订单</a>\r\n        </div> \r\n        <ul class="pagination pull-right">\r\n            <li class="disabled"><a href="#">&laquo;</a></li>\r\n            <li class="active"><a href="#">1 <span class="sr-only">(current)</span></a></li>\r\n            <li><a href="#">2 <span class="sr-only">(current)</span></a></li>\r\n            <li><a href="#">3 <span class="sr-only">(current)</span></a></li>\r\n            <li><a href="#">4 <span class="sr-only">(current)</span></a></li>\r\n            <li><a href="#">5 <span class="sr-only">(current)</span></a></li>\r\n            <li><a href="#">&raquo;</a></li>\r\n          </ul>\r\n        </div>\r\n    </div>\r\n</body>\r\n</html>' } }
[2020-03-27T16:23:51.938] [INFO] response - { method: 'GET',
  url: '/foods/jia',
  body: {},
  costTime: 5,
  response:
   { status: 500,
     message: 'Internal Server Error',
     header:
      [Object: null prototype] {
        vary: 'Origin',
        'access-control-allow-origin': 'http://localhost:8080',
        'access-control-allow-credentials': 'true',
        'access-control-expose-headers': 'WWW-Authenticate,Server-Authorization',
        'content-type': 'text/html; charset=utf-8',
        'content-length': '462' },
     body:
      '<!DOCTYPE html>\n<html lang="en">\n<head>\n    <meta charset="UTF-8">\n    <meta name="viewport" content="width=device-width, initial-scale=1.0">\n    <meta http-equiv="X-UA-Compatible" content="ie=edge">\n    <link rel="stylesheet" href="/stylesheets/error.css">\n    <title>错误信息</title>\n</head>\n<body>\n    <div class="content">\n            <h1>抱歉，服务器神游去了！</h1>\n            \n            <h2></h2>\n            \n    </div>\n</body>\n</html>\n\n' } }
[2020-03-27T16:24:11.888] [INFO] response - { method: 'GET',
  url: '/foods/foodlist',
  body: {},
  costTime: 36,
  response:
   { status: 200,
     message: 'OK',
     header:
      [Object: null prototype] {
        vary: 'Origin',
        'access-control-allow-origin': 'http://localhost:8080',
        'access-control-allow-credentials': 'true',
        'access-control-expose-headers': 'WWW-Authenticate,Server-Authorization',
        'content-type': 'text/html; charset=utf-8',
        'content-length': '3053' },
     body:
      '<!DOCTYPE html>\r\n<html lang="en">\r\n<head>\r\n    <meta charset="UTF-8">\r\n    <meta name="viewport" content="width=device-width, initial-scale=1.0">\r\n    <meta http-equiv="X-UA-Compatible" content="ie=edge">\r\n    <link type="text/css" rel="stylesheet" href="/stylesheets/bootstrap.min.css" />\r\n    <title>食品订单</title>\r\n</head>\r\n<body>\r\n    <div class="clearfix" style="margin-bottom: 10px;"></div>\r\n    <div class="row">\r\n        <form>\r\n        <div class="col-md-offset-1 col-md-2 margin-bottom-15">\r\n          <label for="firstName" class="control-label">订单号</label>\r\n          <input type="text" class="form-control" id="firstName" value="">                  \r\n        </div>\r\n        <div class="col-md-2 margin-bottom-15">\r\n          <label for="lastName" class="control-label">姓名</label>\r\n          <input type="text" class="form-control" id="lastName" value="">                 \r\n        </div>\r\n        <div class="row templatemo-form-buttons">\r\n                <div class="col-md-2"><br>\r\n                  <button type="submit" class="btn btn-primary">查询</button>\r\n                  <button type="reset" class="btn btn-default">重置</button>    \r\n                </div>\r\n        </div>\r\n        </form>\r\n    </div>\r\n    <br>\r\n    <div class="clearfix" style="margin-bottom: 10px;"></div>\r\n    <div class="row">\r\n        <div class="col-md-10 col-md-offset-1">\r\n        <div class="table-responsive">\r\n        <table class="table table-striped table-hover table-bordered">\r\n            <thead>\r\n              <tr class="biao">\r\n                <th>序号</th>\r\n                <th>姓名</th>\r\n                <th>订单号</th>\r\n                <th>联系方式</th>\r\n                <th>审核状态</th>\r\n                <th colspan="2">操作</th>\r\n              </tr>\r\n            </thead>\r\n            <tbody>\r\n              \r\n                <tr>\r\n                  <td>1</td>  \r\n                  <td>child</td>\r\n                    <td>1</td>\r\n                    <td>1</td>\r\n                    <td>1</td>\r\n                    <td><a href="/foods/delect/1" class="btn btn-primary">删除</a></td>\r\n                    <td><a href="/foods/edit/1" class="btn btn-primary">编辑</a></td>\r\n                    \r\n                </tr>\r\n            </tbody>\r\n        </table>\r\n        </div>\r\n        <div>\r\n          <a href="./jia" class="btn btn-primary">增加订单</a>\r\n        </div> \r\n        <ul class="pagination pull-right">\r\n            <li class="disabled"><a href="#">&laquo;</a></li>\r\n            <li class="active"><a href="#">1 <span class="sr-only">(current)</span></a></li>\r\n            <li><a href="#">2 <span class="sr-only">(current)</span></a></li>\r\n            <li><a href="#">3 <span class="sr-only">(current)</span></a></li>\r\n            <li><a href="#">4 <span class="sr-only">(current)</span></a></li>\r\n            <li><a href="#">5 <span class="sr-only">(current)</span></a></li>\r\n            <li><a href="#">&raquo;</a></li>\r\n          </ul>\r\n        </div>\r\n    </div>\r\n</body>\r\n</html>' } }
[2020-03-27T16:24:12.635] [INFO] response - { method: 'GET',
  url: '/foods/jia',
  body: {},
  costTime: 5,
  response:
   { status: 500,
     message: 'Internal Server Error',
     header:
      [Object: null prototype] {
        vary: 'Origin',
        'access-control-allow-origin': 'http://localhost:8080',
        'access-control-allow-credentials': 'true',
        'access-control-expose-headers': 'WWW-Authenticate,Server-Authorization',
        'content-type': 'text/html; charset=utf-8',
        'content-length': '462' },
     body:
      '<!DOCTYPE html>\n<html lang="en">\n<head>\n    <meta charset="UTF-8">\n    <meta name="viewport" content="width=device-width, initial-scale=1.0">\n    <meta http-equiv="X-UA-Compatible" content="ie=edge">\n    <link rel="stylesheet" href="/stylesheets/error.css">\n    <title>错误信息</title>\n</head>\n<body>\n    <div class="content">\n            <h1>抱歉，服务器神游去了！</h1>\n            \n            <h2></h2>\n            \n    </div>\n</body>\n</html>\n\n' } }
[2020-03-27T16:24:29.413] [INFO] response - { method: 'GET',
  url: '/foods/foodlist',
  body: {},
  costTime: 39,
  response:
   { status: 200,
     message: 'OK',
     header:
      [Object: null prototype] {
        vary: 'Origin',
        'access-control-allow-origin': 'http://localhost:8080',
        'access-control-allow-credentials': 'true',
        'access-control-expose-headers': 'WWW-Authenticate,Server-Authorization',
        'content-type': 'text/html; charset=utf-8',
        'content-length': '3053' },
     body:
      '<!DOCTYPE html>\r\n<html lang="en">\r\n<head>\r\n    <meta charset="UTF-8">\r\n    <meta name="viewport" content="width=device-width, initial-scale=1.0">\r\n    <meta http-equiv="X-UA-Compatible" content="ie=edge">\r\n    <link type="text/css" rel="stylesheet" href="/stylesheets/bootstrap.min.css" />\r\n    <title>食品订单</title>\r\n</head>\r\n<body>\r\n    <div class="clearfix" style="margin-bottom: 10px;"></div>\r\n    <div class="row">\r\n        <form>\r\n        <div class="col-md-offset-1 col-md-2 margin-bottom-15">\r\n          <label for="firstName" class="control-label">订单号</label>\r\n          <input type="text" class="form-control" id="firstName" value="">                  \r\n        </div>\r\n        <div class="col-md-2 margin-bottom-15">\r\n          <label for="lastName" class="control-label">姓名</label>\r\n          <input type="text" class="form-control" id="lastName" value="">                 \r\n        </div>\r\n        <div class="row templatemo-form-buttons">\r\n                <div class="col-md-2"><br>\r\n                  <button type="submit" class="btn btn-primary">查询</button>\r\n                  <button type="reset" class="btn btn-default">重置</button>    \r\n                </div>\r\n        </div>\r\n        </form>\r\n    </div>\r\n    <br>\r\n    <div class="clearfix" style="margin-bottom: 10px;"></div>\r\n    <div class="row">\r\n        <div class="col-md-10 col-md-offset-1">\r\n        <div class="table-responsive">\r\n        <table class="table table-striped table-hover table-bordered">\r\n            <thead>\r\n              <tr class="biao">\r\n                <th>序号</th>\r\n                <th>姓名</th>\r\n                <th>订单号</th>\r\n                <th>联系方式</th>\r\n                <th>审核状态</th>\r\n                <th colspan="2">操作</th>\r\n              </tr>\r\n            </thead>\r\n            <tbody>\r\n              \r\n                <tr>\r\n                  <td>1</td>  \r\n                  <td>child</td>\r\n                    <td>1</td>\r\n                    <td>1</td>\r\n                    <td>1</td>\r\n                    <td><a href="/foods/delect/1" class="btn btn-primary">删除</a></td>\r\n                    <td><a href="/foods/edit/1" class="btn btn-primary">编辑</a></td>\r\n                    \r\n                </tr>\r\n            </tbody>\r\n        </table>\r\n        </div>\r\n        <div>\r\n          <a href="./jia" class="btn btn-primary">增加订单</a>\r\n        </div> \r\n        <ul class="pagination pull-right">\r\n            <li class="disabled"><a href="#">&laquo;</a></li>\r\n            <li class="active"><a href="#">1 <span class="sr-only">(current)</span></a></li>\r\n            <li><a href="#">2 <span class="sr-only">(current)</span></a></li>\r\n            <li><a href="#">3 <span class="sr-only">(current)</span></a></li>\r\n            <li><a href="#">4 <span class="sr-only">(current)</span></a></li>\r\n            <li><a href="#">5 <span class="sr-only">(current)</span></a></li>\r\n            <li><a href="#">&raquo;</a></li>\r\n          </ul>\r\n        </div>\r\n    </div>\r\n</body>\r\n</html>' } }
[2020-03-27T16:24:30.217] [INFO] response - { method: 'GET',
  url: '/foods/jia',
  body: {},
  costTime: 13,
  response:
   { status: 500,
     message: 'Internal Server Error',
     header:
      [Object: null prototype] {
        vary: 'Origin',
        'access-control-allow-origin': 'http://localhost:8080',
        'access-control-allow-credentials': 'true',
        'access-control-expose-headers': 'WWW-Authenticate,Server-Authorization',
        'content-type': 'text/html; charset=utf-8',
        'content-length': '462' },
     body:
      '<!DOCTYPE html>\n<html lang="en">\n<head>\n    <meta charset="UTF-8">\n    <meta name="viewport" content="width=device-width, initial-scale=1.0">\n    <meta http-equiv="X-UA-Compatible" content="ie=edge">\n    <link rel="stylesheet" href="/stylesheets/error.css">\n    <title>错误信息</title>\n</head>\n<body>\n    <div class="content">\n            <h1>抱歉，服务器神游去了！</h1>\n            \n            <h2></h2>\n            \n    </div>\n</body>\n</html>\n\n' } }
[2020-03-27T16:25:05.054] [INFO] response - { method: 'GET',
  url: '/foods/foodlist',
  body: {},
  costTime: 42,
  response:
   { status: 200,
     message: 'OK',
     header:
      [Object: null prototype] {
        vary: 'Origin',
        'access-control-allow-origin': 'http://localhost:8080',
        'access-control-allow-credentials': 'true',
        'access-control-expose-headers': 'WWW-Authenticate,Server-Authorization',
        'content-type': 'text/html; charset=utf-8',
        'content-length': '3053' },
     body:
      '<!DOCTYPE html>\r\n<html lang="en">\r\n<head>\r\n    <meta charset="UTF-8">\r\n    <meta name="viewport" content="width=device-width, initial-scale=1.0">\r\n    <meta http-equiv="X-UA-Compatible" content="ie=edge">\r\n    <link type="text/css" rel="stylesheet" href="/stylesheets/bootstrap.min.css" />\r\n    <title>食品订单</title>\r\n</head>\r\n<body>\r\n    <div class="clearfix" style="margin-bottom: 10px;"></div>\r\n    <div class="row">\r\n        <form>\r\n        <div class="col-md-offset-1 col-md-2 margin-bottom-15">\r\n          <label for="firstName" class="control-label">订单号</label>\r\n          <input type="text" class="form-control" id="firstName" value="">                  \r\n        </div>\r\n        <div class="col-md-2 margin-bottom-15">\r\n          <label for="lastName" class="control-label">姓名</label>\r\n          <input type="text" class="form-control" id="lastName" value="">                 \r\n        </div>\r\n        <div class="row templatemo-form-buttons">\r\n                <div class="col-md-2"><br>\r\n                  <button type="submit" class="btn btn-primary">查询</button>\r\n                  <button type="reset" class="btn btn-default">重置</button>    \r\n                </div>\r\n        </div>\r\n        </form>\r\n    </div>\r\n    <br>\r\n    <div class="clearfix" style="margin-bottom: 10px;"></div>\r\n    <div class="row">\r\n        <div class="col-md-10 col-md-offset-1">\r\n        <div class="table-responsive">\r\n        <table class="table table-striped table-hover table-bordered">\r\n            <thead>\r\n              <tr class="biao">\r\n                <th>序号</th>\r\n                <th>姓名</th>\r\n                <th>订单号</th>\r\n                <th>联系方式</th>\r\n                <th>审核状态</th>\r\n                <th colspan="2">操作</th>\r\n              </tr>\r\n            </thead>\r\n            <tbody>\r\n              \r\n                <tr>\r\n                  <td>1</td>  \r\n                  <td>child</td>\r\n                    <td>1</td>\r\n                    <td>1</td>\r\n                    <td>1</td>\r\n                    <td><a href="/foods/delect/1" class="btn btn-primary">删除</a></td>\r\n                    <td><a href="/foods/edit/1" class="btn btn-primary">编辑</a></td>\r\n                    \r\n                </tr>\r\n            </tbody>\r\n        </table>\r\n        </div>\r\n        <div>\r\n          <a href="./jia" class="btn btn-primary">增加订单</a>\r\n        </div> \r\n        <ul class="pagination pull-right">\r\n            <li class="disabled"><a href="#">&laquo;</a></li>\r\n            <li class="active"><a href="#">1 <span class="sr-only">(current)</span></a></li>\r\n            <li><a href="#">2 <span class="sr-only">(current)</span></a></li>\r\n            <li><a href="#">3 <span class="sr-only">(current)</span></a></li>\r\n            <li><a href="#">4 <span class="sr-only">(current)</span></a></li>\r\n            <li><a href="#">5 <span class="sr-only">(current)</span></a></li>\r\n            <li><a href="#">&raquo;</a></li>\r\n          </ul>\r\n        </div>\r\n    </div>\r\n</body>\r\n</html>' } }
[2020-03-27T16:25:06.520] [INFO] response - { method: 'GET',
  url: '/foods/jia',
  body: {},
  costTime: 4,
  response:
   { status: 500,
     message: 'Internal Server Error',
     header:
      [Object: null prototype] {
        vary: 'Origin',
        'access-control-allow-origin': 'http://localhost:8080',
        'access-control-allow-credentials': 'true',
        'access-control-expose-headers': 'WWW-Authenticate,Server-Authorization',
        'content-type': 'text/html; charset=utf-8',
        'content-length': '462' },
     body:
      '<!DOCTYPE html>\n<html lang="en">\n<head>\n    <meta charset="UTF-8">\n    <meta name="viewport" content="width=device-width, initial-scale=1.0">\n    <meta http-equiv="X-UA-Compatible" content="ie=edge">\n    <link rel="stylesheet" href="/stylesheets/error.css">\n    <title>错误信息</title>\n</head>\n<body>\n    <div class="content">\n            <h1>抱歉，服务器神游去了！</h1>\n            \n            <h2></h2>\n            \n    </div>\n</body>\n</html>\n\n' } }
[2020-03-27T16:26:06.943] [INFO] response - { method: 'GET',
  url: '/foods/foodlist',
  body: {},
  costTime: 52,
  response:
   { status: 200,
     message: 'OK',
     header:
      [Object: null prototype] {
        vary: 'Origin',
        'access-control-allow-origin': 'http://localhost:8080',
        'access-control-allow-credentials': 'true',
        'access-control-expose-headers': 'WWW-Authenticate,Server-Authorization',
        'content-type': 'text/html; charset=utf-8',
        'content-length': '3053' },
     body:
      '<!DOCTYPE html>\r\n<html lang="en">\r\n<head>\r\n    <meta charset="UTF-8">\r\n    <meta name="viewport" content="width=device-width, initial-scale=1.0">\r\n    <meta http-equiv="X-UA-Compatible" content="ie=edge">\r\n    <link type="text/css" rel="stylesheet" href="/stylesheets/bootstrap.min.css" />\r\n    <title>食品订单</title>\r\n</head>\r\n<body>\r\n    <div class="clearfix" style="margin-bottom: 10px;"></div>\r\n    <div class="row">\r\n        <form>\r\n        <div class="col-md-offset-1 col-md-2 margin-bottom-15">\r\n          <label for="firstName" class="control-label">订单号</label>\r\n          <input type="text" class="form-control" id="firstName" value="">                  \r\n        </div>\r\n        <div class="col-md-2 margin-bottom-15">\r\n          <label for="lastName" class="control-label">姓名</label>\r\n          <input type="text" class="form-control" id="lastName" value="">                 \r\n        </div>\r\n        <div class="row templatemo-form-buttons">\r\n                <div class="col-md-2"><br>\r\n                  <button type="submit" class="btn btn-primary">查询</button>\r\n                  <button type="reset" class="btn btn-default">重置</button>    \r\n                </div>\r\n        </div>\r\n        </form>\r\n    </div>\r\n    <br>\r\n    <div class="clearfix" style="margin-bottom: 10px;"></div>\r\n    <div class="row">\r\n        <div class="col-md-10 col-md-offset-1">\r\n        <div class="table-responsive">\r\n        <table class="table table-striped table-hover table-bordered">\r\n            <thead>\r\n              <tr class="biao">\r\n                <th>序号</th>\r\n                <th>姓名</th>\r\n                <th>订单号</th>\r\n                <th>联系方式</th>\r\n                <th>审核状态</th>\r\n                <th colspan="2">操作</th>\r\n              </tr>\r\n            </thead>\r\n            <tbody>\r\n              \r\n                <tr>\r\n                  <td>1</td>  \r\n                  <td>child</td>\r\n                    <td>1</td>\r\n                    <td>1</td>\r\n                    <td>1</td>\r\n                    <td><a href="/foods/delect/1" class="btn btn-primary">删除</a></td>\r\n                    <td><a href="/foods/edit/1" class="btn btn-primary">编辑</a></td>\r\n                    \r\n                </tr>\r\n            </tbody>\r\n        </table>\r\n        </div>\r\n        <div>\r\n          <a href="./jia" class="btn btn-primary">增加订单</a>\r\n        </div> \r\n        <ul class="pagination pull-right">\r\n            <li class="disabled"><a href="#">&laquo;</a></li>\r\n            <li class="active"><a href="#">1 <span class="sr-only">(current)</span></a></li>\r\n            <li><a href="#">2 <span class="sr-only">(current)</span></a></li>\r\n            <li><a href="#">3 <span class="sr-only">(current)</span></a></li>\r\n            <li><a href="#">4 <span class="sr-only">(current)</span></a></li>\r\n            <li><a href="#">5 <span class="sr-only">(current)</span></a></li>\r\n            <li><a href="#">&raquo;</a></li>\r\n          </ul>\r\n        </div>\r\n    </div>\r\n</body>\r\n</html>' } }
[2020-03-27T16:26:07.994] [INFO] response - { method: 'GET',
  url: '/index',
  body: {},
  costTime: 4,
  response:
   { status: 200,
     message: 'OK',
     header:
      [Object: null prototype] {
        vary: 'Origin',
        'access-control-allow-origin': 'http://localhost:8080',
        'access-control-allow-credentials': 'true',
        'access-control-expose-headers': 'WWW-Authenticate,Server-Authorization',
        'content-type': 'text/html; charset=utf-8',
        'content-length': '1454' },
     body:
      '<!DOCTYPE html>\r\n<head>\r\n<meta http-equiv="Content-Type" content="text/html; charset=utf-8" />\r\n<title>后台管理系统</title>\r\n<link type="text/css" rel="stylesheet" href="/stylesheets/style_index.css" />\r\n<script type="text/javascript" src="/javascripts/jquery-1.8.3.min.js"></script>\r\n<script type="text/javascript" src="/javascripts/menu.js"></script>\r\n</head>\r\n\r\n<body>\r\n<div class="top"></div>\r\n<div id="header">\r\n\t<div class="logo">超市后勤</div>\r\n\t<div class="navigation">\r\n\t\t<ul>\r\n\t\t \t<li>欢迎您！</li>\r\n\t\t\t<li>cookie</li>\r\n\t\t\t<li>\r\n\t\t\t\t\t管理员\r\n\t\t\t</li>\r\n\t\t\t<li><a href="/logout">退出</a></li>\r\n\t\t</ul>\r\n\t</div>\r\n</div>\r\n\r\n<div id="content">\r\n\t<div class="left_menu">\r\n\t\t<ul id="nav_dot">\r\n\t\t\t\r\n\t\t\t<li>\r\n\t\t\t\t<h4   class="M10"><span></span>用户管理</h4>\r\n\t\t\t\t<div class="list-item none">\r\n\t\t\t\t  <a href=\'/users/userlist\' target="iframe1">用户列表</a>\r\n\t\t\t\t</div>\r\n\t\t\t  </li>\r\n\t\t\t  \r\n        <li>\r\n        <h4 class="M1"><span></span>食品订单</h4>\r\n        <div class="list-item none">\r\n          <a href=\'/foods/foodlist\' target="iframe1">订单查询</a>\r\n        </div>\r\n      </li>\r\n    </ul>\r\n\t</div>\r\n\t<div class="m-right">\r\n\t\t\t<div class="main">\r\n\t\t\t\t<iframe frameborder="0" name="iframe1"  width="100%" height="100%">\r\n\t\t\t\t\t您的浏览器不支持嵌入式框架，或者当前配置为不显示嵌入式框架。\r\n\t\t\t\t</iframe>\r\n\t\t\t</div>\r\n\t</div>\r\n</div>\r\n\r\n<script>navList(12);</script>\r\n</body>\r\n</html>\r\n' } }
[2020-03-27T16:26:09.478] [INFO] response - { method: 'GET',
  url: '/foods/foodlist',
  body: {},
  costTime: 16,
  response:
   { status: 200,
     message: 'OK',
     header:
      [Object: null prototype] {
        vary: 'Origin',
        'access-control-allow-origin': 'http://localhost:8080',
        'access-control-allow-credentials': 'true',
        'access-control-expose-headers': 'WWW-Authenticate,Server-Authorization',
        'content-type': 'text/html; charset=utf-8',
        'content-length': '3053' },
     body:
      '<!DOCTYPE html>\r\n<html lang="en">\r\n<head>\r\n    <meta charset="UTF-8">\r\n    <meta name="viewport" content="width=device-width, initial-scale=1.0">\r\n    <meta http-equiv="X-UA-Compatible" content="ie=edge">\r\n    <link type="text/css" rel="stylesheet" href="/stylesheets/bootstrap.min.css" />\r\n    <title>食品订单</title>\r\n</head>\r\n<body>\r\n    <div class="clearfix" style="margin-bottom: 10px;"></div>\r\n    <div class="row">\r\n        <form>\r\n        <div class="col-md-offset-1 col-md-2 margin-bottom-15">\r\n          <label for="firstName" class="control-label">订单号</label>\r\n          <input type="text" class="form-control" id="firstName" value="">                  \r\n        </div>\r\n        <div class="col-md-2 margin-bottom-15">\r\n          <label for="lastName" class="control-label">姓名</label>\r\n          <input type="text" class="form-control" id="lastName" value="">                 \r\n        </div>\r\n        <div class="row templatemo-form-buttons">\r\n                <div class="col-md-2"><br>\r\n                  <button type="submit" class="btn btn-primary">查询</button>\r\n                  <button type="reset" class="btn btn-default">重置</button>    \r\n                </div>\r\n        </div>\r\n        </form>\r\n    </div>\r\n    <br>\r\n    <div class="clearfix" style="margin-bottom: 10px;"></div>\r\n    <div class="row">\r\n        <div class="col-md-10 col-md-offset-1">\r\n        <div class="table-responsive">\r\n        <table class="table table-striped table-hover table-bordered">\r\n            <thead>\r\n              <tr class="biao">\r\n                <th>序号</th>\r\n                <th>姓名</th>\r\n                <th>订单号</th>\r\n                <th>联系方式</th>\r\n                <th>审核状态</th>\r\n                <th colspan="2">操作</th>\r\n              </tr>\r\n            </thead>\r\n            <tbody>\r\n              \r\n                <tr>\r\n                  <td>1</td>  \r\n                  <td>child</td>\r\n                    <td>1</td>\r\n                    <td>1</td>\r\n                    <td>1</td>\r\n                    <td><a href="/foods/delect/1" class="btn btn-primary">删除</a></td>\r\n                    <td><a href="/foods/edit/1" class="btn btn-primary">编辑</a></td>\r\n                    \r\n                </tr>\r\n            </tbody>\r\n        </table>\r\n        </div>\r\n        <div>\r\n          <a href="./jia" class="btn btn-primary">增加订单</a>\r\n        </div> \r\n        <ul class="pagination pull-right">\r\n            <li class="disabled"><a href="#">&laquo;</a></li>\r\n            <li class="active"><a href="#">1 <span class="sr-only">(current)</span></a></li>\r\n            <li><a href="#">2 <span class="sr-only">(current)</span></a></li>\r\n            <li><a href="#">3 <span class="sr-only">(current)</span></a></li>\r\n            <li><a href="#">4 <span class="sr-only">(current)</span></a></li>\r\n            <li><a href="#">5 <span class="sr-only">(current)</span></a></li>\r\n            <li><a href="#">&raquo;</a></li>\r\n          </ul>\r\n        </div>\r\n    </div>\r\n</body>\r\n</html>' } }
[2020-03-27T16:26:10.319] [INFO] response - { method: 'GET',
  url: '/foods/jia',
  body: {},
  costTime: 23,
  response:
   { status: 500,
     message: 'Internal Server Error',
     header:
      [Object: null prototype] {
        vary: 'Origin',
        'access-control-allow-origin': 'http://localhost:8080',
        'access-control-allow-credentials': 'true',
        'access-control-expose-headers': 'WWW-Authenticate,Server-Authorization',
        'content-type': 'text/html; charset=utf-8',
        'content-length': '462' },
     body:
      '<!DOCTYPE html>\n<html lang="en">\n<head>\n    <meta charset="UTF-8">\n    <meta name="viewport" content="width=device-width, initial-scale=1.0">\n    <meta http-equiv="X-UA-Compatible" content="ie=edge">\n    <link rel="stylesheet" href="/stylesheets/error.css">\n    <title>错误信息</title>\n</head>\n<body>\n    <div class="content">\n            <h1>抱歉，服务器神游去了！</h1>\n            \n            <h2></h2>\n            \n    </div>\n</body>\n</html>\n\n' } }
[2020-03-27T16:26:44.649] [INFO] response - { method: 'GET',
  url: '/index',
  body: {},
  costTime: 19,
  response:
   { status: 200,
     message: 'OK',
     header:
      [Object: null prototype] {
        vary: 'Origin',
        'access-control-allow-origin': 'http://localhost:8080',
        'access-control-allow-credentials': 'true',
        'access-control-expose-headers': 'WWW-Authenticate,Server-Authorization',
        'content-type': 'text/html; charset=utf-8',
        'content-length': '1454' },
     body:
      '<!DOCTYPE html>\r\n<head>\r\n<meta http-equiv="Content-Type" content="text/html; charset=utf-8" />\r\n<title>后台管理系统</title>\r\n<link type="text/css" rel="stylesheet" href="/stylesheets/style_index.css" />\r\n<script type="text/javascript" src="/javascripts/jquery-1.8.3.min.js"></script>\r\n<script type="text/javascript" src="/javascripts/menu.js"></script>\r\n</head>\r\n\r\n<body>\r\n<div class="top"></div>\r\n<div id="header">\r\n\t<div class="logo">超市后勤</div>\r\n\t<div class="navigation">\r\n\t\t<ul>\r\n\t\t \t<li>欢迎您！</li>\r\n\t\t\t<li>cookie</li>\r\n\t\t\t<li>\r\n\t\t\t\t\t管理员\r\n\t\t\t</li>\r\n\t\t\t<li><a href="/logout">退出</a></li>\r\n\t\t</ul>\r\n\t</div>\r\n</div>\r\n\r\n<div id="content">\r\n\t<div class="left_menu">\r\n\t\t<ul id="nav_dot">\r\n\t\t\t\r\n\t\t\t<li>\r\n\t\t\t\t<h4   class="M10"><span></span>用户管理</h4>\r\n\t\t\t\t<div class="list-item none">\r\n\t\t\t\t  <a href=\'/users/userlist\' target="iframe1">用户列表</a>\r\n\t\t\t\t</div>\r\n\t\t\t  </li>\r\n\t\t\t  \r\n        <li>\r\n        <h4 class="M1"><span></span>食品订单</h4>\r\n        <div class="list-item none">\r\n          <a href=\'/foods/foodlist\' target="iframe1">订单查询</a>\r\n        </div>\r\n      </li>\r\n    </ul>\r\n\t</div>\r\n\t<div class="m-right">\r\n\t\t\t<div class="main">\r\n\t\t\t\t<iframe frameborder="0" name="iframe1"  width="100%" height="100%">\r\n\t\t\t\t\t您的浏览器不支持嵌入式框架，或者当前配置为不显示嵌入式框架。\r\n\t\t\t\t</iframe>\r\n\t\t\t</div>\r\n\t</div>\r\n</div>\r\n\r\n<script>navList(12);</script>\r\n</body>\r\n</html>\r\n' } }
[2020-03-27T16:26:46.181] [INFO] response - { method: 'GET',
  url: '/foods/foodlist',
  body: {},
  costTime: 24,
  response:
   { status: 200,
     message: 'OK',
     header:
      [Object: null prototype] {
        vary: 'Origin',
        'access-control-allow-origin': 'http://localhost:8080',
        'access-control-allow-credentials': 'true',
        'access-control-expose-headers': 'WWW-Authenticate,Server-Authorization',
        'content-type': 'text/html; charset=utf-8',
        'content-length': '3053' },
     body:
      '<!DOCTYPE html>\r\n<html lang="en">\r\n<head>\r\n    <meta charset="UTF-8">\r\n    <meta name="viewport" content="width=device-width, initial-scale=1.0">\r\n    <meta http-equiv="X-UA-Compatible" content="ie=edge">\r\n    <link type="text/css" rel="stylesheet" href="/stylesheets/bootstrap.min.css" />\r\n    <title>食品订单</title>\r\n</head>\r\n<body>\r\n    <div class="clearfix" style="margin-bottom: 10px;"></div>\r\n    <div class="row">\r\n        <form>\r\n        <div class="col-md-offset-1 col-md-2 margin-bottom-15">\r\n          <label for="firstName" class="control-label">订单号</label>\r\n          <input type="text" class="form-control" id="firstName" value="">                  \r\n        </div>\r\n        <div class="col-md-2 margin-bottom-15">\r\n          <label for="lastName" class="control-label">姓名</label>\r\n          <input type="text" class="form-control" id="lastName" value="">                 \r\n        </div>\r\n        <div class="row templatemo-form-buttons">\r\n                <div class="col-md-2"><br>\r\n                  <button type="submit" class="btn btn-primary">查询</button>\r\n                  <button type="reset" class="btn btn-default">重置</button>    \r\n                </div>\r\n        </div>\r\n        </form>\r\n    </div>\r\n    <br>\r\n    <div class="clearfix" style="margin-bottom: 10px;"></div>\r\n    <div class="row">\r\n        <div class="col-md-10 col-md-offset-1">\r\n        <div class="table-responsive">\r\n        <table class="table table-striped table-hover table-bordered">\r\n            <thead>\r\n              <tr class="biao">\r\n                <th>序号</th>\r\n                <th>姓名</th>\r\n                <th>订单号</th>\r\n                <th>联系方式</th>\r\n                <th>审核状态</th>\r\n                <th colspan="2">操作</th>\r\n              </tr>\r\n            </thead>\r\n            <tbody>\r\n              \r\n                <tr>\r\n                  <td>1</td>  \r\n                  <td>child</td>\r\n                    <td>1</td>\r\n                    <td>1</td>\r\n                    <td>1</td>\r\n                    <td><a href="/foods/delect/1" class="btn btn-primary">删除</a></td>\r\n                    <td><a href="/foods/edit/1" class="btn btn-primary">编辑</a></td>\r\n                    \r\n                </tr>\r\n            </tbody>\r\n        </table>\r\n        </div>\r\n        <div>\r\n          <a href="./jia" class="btn btn-primary">增加订单</a>\r\n        </div> \r\n        <ul class="pagination pull-right">\r\n            <li class="disabled"><a href="#">&laquo;</a></li>\r\n            <li class="active"><a href="#">1 <span class="sr-only">(current)</span></a></li>\r\n            <li><a href="#">2 <span class="sr-only">(current)</span></a></li>\r\n            <li><a href="#">3 <span class="sr-only">(current)</span></a></li>\r\n            <li><a href="#">4 <span class="sr-only">(current)</span></a></li>\r\n            <li><a href="#">5 <span class="sr-only">(current)</span></a></li>\r\n            <li><a href="#">&raquo;</a></li>\r\n          </ul>\r\n        </div>\r\n    </div>\r\n</body>\r\n</html>' } }
[2020-03-27T16:26:47.518] [INFO] response - { method: 'GET',
  url: '/foods/jia',
  body: {},
  costTime: 4,
  response:
   { status: 500,
     message: 'Internal Server Error',
     header:
      [Object: null prototype] {
        vary: 'Origin',
        'access-control-allow-origin': 'http://localhost:8080',
        'access-control-allow-credentials': 'true',
        'access-control-expose-headers': 'WWW-Authenticate,Server-Authorization',
        'content-type': 'text/html; charset=utf-8',
        'content-length': '462' },
     body:
      '<!DOCTYPE html>\n<html lang="en">\n<head>\n    <meta charset="UTF-8">\n    <meta name="viewport" content="width=device-width, initial-scale=1.0">\n    <meta http-equiv="X-UA-Compatible" content="ie=edge">\n    <link rel="stylesheet" href="/stylesheets/error.css">\n    <title>错误信息</title>\n</head>\n<body>\n    <div class="content">\n            <h1>抱歉，服务器神游去了！</h1>\n            \n            <h2></h2>\n            \n    </div>\n</body>\n</html>\n\n' } }
[2020-03-27T16:27:21.367] [INFO] response - { method: 'GET',
  url: '/foods/foodlist',
  body: {},
  costTime: 35,
  response:
   { status: 200,
     message: 'OK',
     header:
      [Object: null prototype] {
        vary: 'Origin',
        'access-control-allow-origin': 'http://localhost:8080',
        'access-control-allow-credentials': 'true',
        'access-control-expose-headers': 'WWW-Authenticate,Server-Authorization',
        'content-type': 'text/html; charset=utf-8',
        'content-length': '3053' },
     body:
      '<!DOCTYPE html>\r\n<html lang="en">\r\n<head>\r\n    <meta charset="UTF-8">\r\n    <meta name="viewport" content="width=device-width, initial-scale=1.0">\r\n    <meta http-equiv="X-UA-Compatible" content="ie=edge">\r\n    <link type="text/css" rel="stylesheet" href="/stylesheets/bootstrap.min.css" />\r\n    <title>食品订单</title>\r\n</head>\r\n<body>\r\n    <div class="clearfix" style="margin-bottom: 10px;"></div>\r\n    <div class="row">\r\n        <form>\r\n        <div class="col-md-offset-1 col-md-2 margin-bottom-15">\r\n          <label for="firstName" class="control-label">订单号</label>\r\n          <input type="text" class="form-control" id="firstName" value="">                  \r\n        </div>\r\n        <div class="col-md-2 margin-bottom-15">\r\n          <label for="lastName" class="control-label">姓名</label>\r\n          <input type="text" class="form-control" id="lastName" value="">                 \r\n        </div>\r\n        <div class="row templatemo-form-buttons">\r\n                <div class="col-md-2"><br>\r\n                  <button type="submit" class="btn btn-primary">查询</button>\r\n                  <button type="reset" class="btn btn-default">重置</button>    \r\n                </div>\r\n        </div>\r\n        </form>\r\n    </div>\r\n    <br>\r\n    <div class="clearfix" style="margin-bottom: 10px;"></div>\r\n    <div class="row">\r\n        <div class="col-md-10 col-md-offset-1">\r\n        <div class="table-responsive">\r\n        <table class="table table-striped table-hover table-bordered">\r\n            <thead>\r\n              <tr class="biao">\r\n                <th>序号</th>\r\n                <th>姓名</th>\r\n                <th>订单号</th>\r\n                <th>联系方式</th>\r\n                <th>审核状态</th>\r\n                <th colspan="2">操作</th>\r\n              </tr>\r\n            </thead>\r\n            <tbody>\r\n              \r\n                <tr>\r\n                  <td>1</td>  \r\n                  <td>child</td>\r\n                    <td>1</td>\r\n                    <td>1</td>\r\n                    <td>1</td>\r\n                    <td><a href="/foods/delect/1" class="btn btn-primary">删除</a></td>\r\n                    <td><a href="/foods/edit/1" class="btn btn-primary">编辑</a></td>\r\n                    \r\n                </tr>\r\n            </tbody>\r\n        </table>\r\n        </div>\r\n        <div>\r\n          <a href="./jia" class="btn btn-primary">增加订单</a>\r\n        </div> \r\n        <ul class="pagination pull-right">\r\n            <li class="disabled"><a href="#">&laquo;</a></li>\r\n            <li class="active"><a href="#">1 <span class="sr-only">(current)</span></a></li>\r\n            <li><a href="#">2 <span class="sr-only">(current)</span></a></li>\r\n            <li><a href="#">3 <span class="sr-only">(current)</span></a></li>\r\n            <li><a href="#">4 <span class="sr-only">(current)</span></a></li>\r\n            <li><a href="#">5 <span class="sr-only">(current)</span></a></li>\r\n            <li><a href="#">&raquo;</a></li>\r\n          </ul>\r\n        </div>\r\n    </div>\r\n</body>\r\n</html>' } }
[2020-03-27T16:27:22.216] [INFO] response - { method: 'GET',
  url: '/index',
  body: {},
  costTime: 4,
  response:
   { status: 200,
     message: 'OK',
     header:
      [Object: null prototype] {
        vary: 'Origin',
        'access-control-allow-origin': 'http://localhost:8080',
        'access-control-allow-credentials': 'true',
        'access-control-expose-headers': 'WWW-Authenticate,Server-Authorization',
        'content-type': 'text/html; charset=utf-8',
        'content-length': '1454' },
     body:
      '<!DOCTYPE html>\r\n<head>\r\n<meta http-equiv="Content-Type" content="text/html; charset=utf-8" />\r\n<title>后台管理系统</title>\r\n<link type="text/css" rel="stylesheet" href="/stylesheets/style_index.css" />\r\n<script type="text/javascript" src="/javascripts/jquery-1.8.3.min.js"></script>\r\n<script type="text/javascript" src="/javascripts/menu.js"></script>\r\n</head>\r\n\r\n<body>\r\n<div class="top"></div>\r\n<div id="header">\r\n\t<div class="logo">超市后勤</div>\r\n\t<div class="navigation">\r\n\t\t<ul>\r\n\t\t \t<li>欢迎您！</li>\r\n\t\t\t<li>cookie</li>\r\n\t\t\t<li>\r\n\t\t\t\t\t管理员\r\n\t\t\t</li>\r\n\t\t\t<li><a href="/logout">退出</a></li>\r\n\t\t</ul>\r\n\t</div>\r\n</div>\r\n\r\n<div id="content">\r\n\t<div class="left_menu">\r\n\t\t<ul id="nav_dot">\r\n\t\t\t\r\n\t\t\t<li>\r\n\t\t\t\t<h4   class="M10"><span></span>用户管理</h4>\r\n\t\t\t\t<div class="list-item none">\r\n\t\t\t\t  <a href=\'/users/userlist\' target="iframe1">用户列表</a>\r\n\t\t\t\t</div>\r\n\t\t\t  </li>\r\n\t\t\t  \r\n        <li>\r\n        <h4 class="M1"><span></span>食品订单</h4>\r\n        <div class="list-item none">\r\n          <a href=\'/foods/foodlist\' target="iframe1">订单查询</a>\r\n        </div>\r\n      </li>\r\n    </ul>\r\n\t</div>\r\n\t<div class="m-right">\r\n\t\t\t<div class="main">\r\n\t\t\t\t<iframe frameborder="0" name="iframe1"  width="100%" height="100%">\r\n\t\t\t\t\t您的浏览器不支持嵌入式框架，或者当前配置为不显示嵌入式框架。\r\n\t\t\t\t</iframe>\r\n\t\t\t</div>\r\n\t</div>\r\n</div>\r\n\r\n<script>navList(12);</script>\r\n</body>\r\n</html>\r\n' } }
[2020-03-27T16:27:23.392] [INFO] response - { method: 'GET',
  url: '/foods/foodlist',
  body: {},
  costTime: 15,
  response:
   { status: 200,
     message: 'OK',
     header:
      [Object: null prototype] {
        vary: 'Origin',
        'access-control-allow-origin': 'http://localhost:8080',
        'access-control-allow-credentials': 'true',
        'access-control-expose-headers': 'WWW-Authenticate,Server-Authorization',
        'content-type': 'text/html; charset=utf-8',
        'content-length': '3053' },
     body:
      '<!DOCTYPE html>\r\n<html lang="en">\r\n<head>\r\n    <meta charset="UTF-8">\r\n    <meta name="viewport" content="width=device-width, initial-scale=1.0">\r\n    <meta http-equiv="X-UA-Compatible" content="ie=edge">\r\n    <link type="text/css" rel="stylesheet" href="/stylesheets/bootstrap.min.css" />\r\n    <title>食品订单</title>\r\n</head>\r\n<body>\r\n    <div class="clearfix" style="margin-bottom: 10px;"></div>\r\n    <div class="row">\r\n        <form>\r\n        <div class="col-md-offset-1 col-md-2 margin-bottom-15">\r\n          <label for="firstName" class="control-label">订单号</label>\r\n          <input type="text" class="form-control" id="firstName" value="">                  \r\n        </div>\r\n        <div class="col-md-2 margin-bottom-15">\r\n          <label for="lastName" class="control-label">姓名</label>\r\n          <input type="text" class="form-control" id="lastName" value="">                 \r\n        </div>\r\n        <div class="row templatemo-form-buttons">\r\n                <div class="col-md-2"><br>\r\n                  <button type="submit" class="btn btn-primary">查询</button>\r\n                  <button type="reset" class="btn btn-default">重置</button>    \r\n                </div>\r\n        </div>\r\n        </form>\r\n    </div>\r\n    <br>\r\n    <div class="clearfix" style="margin-bottom: 10px;"></div>\r\n    <div class="row">\r\n        <div class="col-md-10 col-md-offset-1">\r\n        <div class="table-responsive">\r\n        <table class="table table-striped table-hover table-bordered">\r\n            <thead>\r\n              <tr class="biao">\r\n                <th>序号</th>\r\n                <th>姓名</th>\r\n                <th>订单号</th>\r\n                <th>联系方式</th>\r\n                <th>审核状态</th>\r\n                <th colspan="2">操作</th>\r\n              </tr>\r\n            </thead>\r\n            <tbody>\r\n              \r\n                <tr>\r\n                  <td>1</td>  \r\n                  <td>child</td>\r\n                    <td>1</td>\r\n                    <td>1</td>\r\n                    <td>1</td>\r\n                    <td><a href="/foods/delect/1" class="btn btn-primary">删除</a></td>\r\n                    <td><a href="/foods/edit/1" class="btn btn-primary">编辑</a></td>\r\n                    \r\n                </tr>\r\n            </tbody>\r\n        </table>\r\n        </div>\r\n        <div>\r\n          <a href="./jia" class="btn btn-primary">增加订单</a>\r\n        </div> \r\n        <ul class="pagination pull-right">\r\n            <li class="disabled"><a href="#">&laquo;</a></li>\r\n            <li class="active"><a href="#">1 <span class="sr-only">(current)</span></a></li>\r\n            <li><a href="#">2 <span class="sr-only">(current)</span></a></li>\r\n            <li><a href="#">3 <span class="sr-only">(current)</span></a></li>\r\n            <li><a href="#">4 <span class="sr-only">(current)</span></a></li>\r\n            <li><a href="#">5 <span class="sr-only">(current)</span></a></li>\r\n            <li><a href="#">&raquo;</a></li>\r\n          </ul>\r\n        </div>\r\n    </div>\r\n</body>\r\n</html>' } }
[2020-03-27T16:27:24.057] [INFO] response - { method: 'GET',
  url: '/foods/jia',
  body: {},
  costTime: 4,
  response:
   { status: 500,
     message: 'Internal Server Error',
     header:
      [Object: null prototype] {
        vary: 'Origin',
        'access-control-allow-origin': 'http://localhost:8080',
        'access-control-allow-credentials': 'true',
        'access-control-expose-headers': 'WWW-Authenticate,Server-Authorization',
        'content-type': 'text/html; charset=utf-8',
        'content-length': '462' },
     body:
      '<!DOCTYPE html>\n<html lang="en">\n<head>\n    <meta charset="UTF-8">\n    <meta name="viewport" content="width=device-width, initial-scale=1.0">\n    <meta http-equiv="X-UA-Compatible" content="ie=edge">\n    <link rel="stylesheet" href="/stylesheets/error.css">\n    <title>错误信息</title>\n</head>\n<body>\n    <div class="content">\n            <h1>抱歉，服务器神游去了！</h1>\n            \n            <h2></h2>\n            \n    </div>\n</body>\n</html>\n\n' } }
[2020-03-27T16:27:52.019] [INFO] response - { method: 'GET',
  url: '/index',
  body: {},
  costTime: 20,
  response:
   { status: 200,
     message: 'OK',
     header:
      [Object: null prototype] {
        vary: 'Origin',
        'access-control-allow-origin': 'http://localhost:8080',
        'access-control-allow-credentials': 'true',
        'access-control-expose-headers': 'WWW-Authenticate,Server-Authorization',
        'content-type': 'text/html; charset=utf-8',
        'content-length': '1454' },
     body:
      '<!DOCTYPE html>\r\n<head>\r\n<meta http-equiv="Content-Type" content="text/html; charset=utf-8" />\r\n<title>后台管理系统</title>\r\n<link type="text/css" rel="stylesheet" href="/stylesheets/style_index.css" />\r\n<script type="text/javascript" src="/javascripts/jquery-1.8.3.min.js"></script>\r\n<script type="text/javascript" src="/javascripts/menu.js"></script>\r\n</head>\r\n\r\n<body>\r\n<div class="top"></div>\r\n<div id="header">\r\n\t<div class="logo">超市后勤</div>\r\n\t<div class="navigation">\r\n\t\t<ul>\r\n\t\t \t<li>欢迎您！</li>\r\n\t\t\t<li>cookie</li>\r\n\t\t\t<li>\r\n\t\t\t\t\t管理员\r\n\t\t\t</li>\r\n\t\t\t<li><a href="/logout">退出</a></li>\r\n\t\t</ul>\r\n\t</div>\r\n</div>\r\n\r\n<div id="content">\r\n\t<div class="left_menu">\r\n\t\t<ul id="nav_dot">\r\n\t\t\t\r\n\t\t\t<li>\r\n\t\t\t\t<h4   class="M10"><span></span>用户管理</h4>\r\n\t\t\t\t<div class="list-item none">\r\n\t\t\t\t  <a href=\'/users/userlist\' target="iframe1">用户列表</a>\r\n\t\t\t\t</div>\r\n\t\t\t  </li>\r\n\t\t\t  \r\n        <li>\r\n        <h4 class="M1"><span></span>食品订单</h4>\r\n        <div class="list-item none">\r\n          <a href=\'/foods/foodlist\' target="iframe1">订单查询</a>\r\n        </div>\r\n      </li>\r\n    </ul>\r\n\t</div>\r\n\t<div class="m-right">\r\n\t\t\t<div class="main">\r\n\t\t\t\t<iframe frameborder="0" name="iframe1"  width="100%" height="100%">\r\n\t\t\t\t\t您的浏览器不支持嵌入式框架，或者当前配置为不显示嵌入式框架。\r\n\t\t\t\t</iframe>\r\n\t\t\t</div>\r\n\t</div>\r\n</div>\r\n\r\n<script>navList(12);</script>\r\n</body>\r\n</html>\r\n' } }
[2020-03-27T16:27:53.263] [INFO] response - { method: 'GET',
  url: '/foods/foodlist',
  body: {},
  costTime: 24,
  response:
   { status: 200,
     message: 'OK',
     header:
      [Object: null prototype] {
        vary: 'Origin',
        'access-control-allow-origin': 'http://localhost:8080',
        'access-control-allow-credentials': 'true',
        'access-control-expose-headers': 'WWW-Authenticate,Server-Authorization',
        'content-type': 'text/html; charset=utf-8',
        'content-length': '3053' },
     body:
      '<!DOCTYPE html>\r\n<html lang="en">\r\n<head>\r\n    <meta charset="UTF-8">\r\n    <meta name="viewport" content="width=device-width, initial-scale=1.0">\r\n    <meta http-equiv="X-UA-Compatible" content="ie=edge">\r\n    <link type="text/css" rel="stylesheet" href="/stylesheets/bootstrap.min.css" />\r\n    <title>食品订单</title>\r\n</head>\r\n<body>\r\n    <div class="clearfix" style="margin-bottom: 10px;"></div>\r\n    <div class="row">\r\n        <form>\r\n        <div class="col-md-offset-1 col-md-2 margin-bottom-15">\r\n          <label for="firstName" class="control-label">订单号</label>\r\n          <input type="text" class="form-control" id="firstName" value="">                  \r\n        </div>\r\n        <div class="col-md-2 margin-bottom-15">\r\n          <label for="lastName" class="control-label">姓名</label>\r\n          <input type="text" class="form-control" id="lastName" value="">                 \r\n        </div>\r\n        <div class="row templatemo-form-buttons">\r\n                <div class="col-md-2"><br>\r\n                  <button type="submit" class="btn btn-primary">查询</button>\r\n                  <button type="reset" class="btn btn-default">重置</button>    \r\n                </div>\r\n        </div>\r\n        </form>\r\n    </div>\r\n    <br>\r\n    <div class="clearfix" style="margin-bottom: 10px;"></div>\r\n    <div class="row">\r\n        <div class="col-md-10 col-md-offset-1">\r\n        <div class="table-responsive">\r\n        <table class="table table-striped table-hover table-bordered">\r\n            <thead>\r\n              <tr class="biao">\r\n                <th>序号</th>\r\n                <th>姓名</th>\r\n                <th>订单号</th>\r\n                <th>联系方式</th>\r\n                <th>审核状态</th>\r\n                <th colspan="2">操作</th>\r\n              </tr>\r\n            </thead>\r\n            <tbody>\r\n              \r\n                <tr>\r\n                  <td>1</td>  \r\n                  <td>child</td>\r\n                    <td>1</td>\r\n                    <td>1</td>\r\n                    <td>1</td>\r\n                    <td><a href="/foods/delect/1" class="btn btn-primary">删除</a></td>\r\n                    <td><a href="/foods/edit/1" class="btn btn-primary">编辑</a></td>\r\n                    \r\n                </tr>\r\n            </tbody>\r\n        </table>\r\n        </div>\r\n        <div>\r\n          <a href="./jia" class="btn btn-primary">增加订单</a>\r\n        </div> \r\n        <ul class="pagination pull-right">\r\n            <li class="disabled"><a href="#">&laquo;</a></li>\r\n            <li class="active"><a href="#">1 <span class="sr-only">(current)</span></a></li>\r\n            <li><a href="#">2 <span class="sr-only">(current)</span></a></li>\r\n            <li><a href="#">3 <span class="sr-only">(current)</span></a></li>\r\n            <li><a href="#">4 <span class="sr-only">(current)</span></a></li>\r\n            <li><a href="#">5 <span class="sr-only">(current)</span></a></li>\r\n            <li><a href="#">&raquo;</a></li>\r\n          </ul>\r\n        </div>\r\n    </div>\r\n</body>\r\n</html>' } }
[2020-03-27T16:27:54.189] [INFO] response - { method: 'GET',
  url: '/foods/jia',
  body: {},
  costTime: 45,
  response:
   { status: 302,
     message: 'Found',
     header:
      [Object: null prototype] {
        vary: 'Origin',
        'access-control-allow-origin': 'http://localhost:8080',
        'access-control-allow-credentials': 'true',
        'access-control-expose-headers': 'WWW-Authenticate,Server-Authorization',
        location: './food/jia',
        'content-type': 'text/html; charset=utf-8',
        'content-length': '51' },
     body: 'Redirecting to <a href="./food/jia">./food/jia</a>.' } }
[2020-03-27T16:27:54.202] [INFO] response - { method: 'GET',
  url: '/foods/food/jia',
  body: {},
  costTime: 9,
  response:
   { status: 404,
     message: 'Not Found',
     header:
      [Object: null prototype] {
        vary: 'Origin',
        'access-control-allow-origin': 'http://localhost:8080',
        'access-control-allow-credentials': 'true',
        'access-control-expose-headers': 'WWW-Authenticate,Server-Authorization',
        'content-type': 'text/html; charset=utf-8',
        'content-length': '474' },
     body:
      '<!DOCTYPE html>\n<html lang="en">\n<head>\n    <meta charset="UTF-8">\n    <meta name="viewport" content="width=device-width, initial-scale=1.0">\n    <meta http-equiv="X-UA-Compatible" content="ie=edge">\n    <link rel="stylesheet" href="/stylesheets/error.css">\n    <title>错误信息</title>\n</head>\n<body>\n    <div class="content">\n            <h1>抱歉，找不到你的诗和远方了！</h1>\n            \n            <h2>404</h2>\n            \n    </div>\n</body>\n</html>\n\n' } }
[2020-03-27T16:28:01.462] [INFO] response - { method: 'GET',
  url: '/index',
  body: {},
  costTime: 20,
  response:
   { status: 200,
     message: 'OK',
     header:
      [Object: null prototype] {
        vary: 'Origin',
        'access-control-allow-origin': 'http://localhost:8080',
        'access-control-allow-credentials': 'true',
        'access-control-expose-headers': 'WWW-Authenticate,Server-Authorization',
        'content-type': 'text/html; charset=utf-8',
        'content-length': '1454' },
     body:
      '<!DOCTYPE html>\r\n<head>\r\n<meta http-equiv="Content-Type" content="text/html; charset=utf-8" />\r\n<title>后台管理系统</title>\r\n<link type="text/css" rel="stylesheet" href="/stylesheets/style_index.css" />\r\n<script type="text/javascript" src="/javascripts/jquery-1.8.3.min.js"></script>\r\n<script type="text/javascript" src="/javascripts/menu.js"></script>\r\n</head>\r\n\r\n<body>\r\n<div class="top"></div>\r\n<div id="header">\r\n\t<div class="logo">超市后勤</div>\r\n\t<div class="navigation">\r\n\t\t<ul>\r\n\t\t \t<li>欢迎您！</li>\r\n\t\t\t<li>cookie</li>\r\n\t\t\t<li>\r\n\t\t\t\t\t管理员\r\n\t\t\t</li>\r\n\t\t\t<li><a href="/logout">退出</a></li>\r\n\t\t</ul>\r\n\t</div>\r\n</div>\r\n\r\n<div id="content">\r\n\t<div class="left_menu">\r\n\t\t<ul id="nav_dot">\r\n\t\t\t\r\n\t\t\t<li>\r\n\t\t\t\t<h4   class="M10"><span></span>用户管理</h4>\r\n\t\t\t\t<div class="list-item none">\r\n\t\t\t\t  <a href=\'/users/userlist\' target="iframe1">用户列表</a>\r\n\t\t\t\t</div>\r\n\t\t\t  </li>\r\n\t\t\t  \r\n        <li>\r\n        <h4 class="M1"><span></span>食品订单</h4>\r\n        <div class="list-item none">\r\n          <a href=\'/foods/foodlist\' target="iframe1">订单查询</a>\r\n        </div>\r\n      </li>\r\n    </ul>\r\n\t</div>\r\n\t<div class="m-right">\r\n\t\t\t<div class="main">\r\n\t\t\t\t<iframe frameborder="0" name="iframe1"  width="100%" height="100%">\r\n\t\t\t\t\t您的浏览器不支持嵌入式框架，或者当前配置为不显示嵌入式框架。\r\n\t\t\t\t</iframe>\r\n\t\t\t</div>\r\n\t</div>\r\n</div>\r\n\r\n<script>navList(12);</script>\r\n</body>\r\n</html>\r\n' } }
[2020-03-27T16:28:02.791] [INFO] response - { method: 'GET',
  url: '/foods/foodlist',
  body: {},
  costTime: 25,
  response:
   { status: 200,
     message: 'OK',
     header:
      [Object: null prototype] {
        vary: 'Origin',
        'access-control-allow-origin': 'http://localhost:8080',
        'access-control-allow-credentials': 'true',
        'access-control-expose-headers': 'WWW-Authenticate,Server-Authorization',
        'content-type': 'text/html; charset=utf-8',
        'content-length': '3053' },
     body:
      '<!DOCTYPE html>\r\n<html lang="en">\r\n<head>\r\n    <meta charset="UTF-8">\r\n    <meta name="viewport" content="width=device-width, initial-scale=1.0">\r\n    <meta http-equiv="X-UA-Compatible" content="ie=edge">\r\n    <link type="text/css" rel="stylesheet" href="/stylesheets/bootstrap.min.css" />\r\n    <title>食品订单</title>\r\n</head>\r\n<body>\r\n    <div class="clearfix" style="margin-bottom: 10px;"></div>\r\n    <div class="row">\r\n        <form>\r\n        <div class="col-md-offset-1 col-md-2 margin-bottom-15">\r\n          <label for="firstName" class="control-label">订单号</label>\r\n          <input type="text" class="form-control" id="firstName" value="">                  \r\n        </div>\r\n        <div class="col-md-2 margin-bottom-15">\r\n          <label for="lastName" class="control-label">姓名</label>\r\n          <input type="text" class="form-control" id="lastName" value="">                 \r\n        </div>\r\n        <div class="row templatemo-form-buttons">\r\n                <div class="col-md-2"><br>\r\n                  <button type="submit" class="btn btn-primary">查询</button>\r\n                  <button type="reset" class="btn btn-default">重置</button>    \r\n                </div>\r\n        </div>\r\n        </form>\r\n    </div>\r\n    <br>\r\n    <div class="clearfix" style="margin-bottom: 10px;"></div>\r\n    <div class="row">\r\n        <div class="col-md-10 col-md-offset-1">\r\n        <div class="table-responsive">\r\n        <table class="table table-striped table-hover table-bordered">\r\n            <thead>\r\n              <tr class="biao">\r\n                <th>序号</th>\r\n                <th>姓名</th>\r\n                <th>订单号</th>\r\n                <th>联系方式</th>\r\n                <th>审核状态</th>\r\n                <th colspan="2">操作</th>\r\n              </tr>\r\n            </thead>\r\n            <tbody>\r\n              \r\n                <tr>\r\n                  <td>1</td>  \r\n                  <td>child</td>\r\n                    <td>1</td>\r\n                    <td>1</td>\r\n                    <td>1</td>\r\n                    <td><a href="/foods/delect/1" class="btn btn-primary">删除</a></td>\r\n                    <td><a href="/foods/edit/1" class="btn btn-primary">编辑</a></td>\r\n                    \r\n                </tr>\r\n            </tbody>\r\n        </table>\r\n        </div>\r\n        <div>\r\n          <a href="./jia" class="btn btn-primary">增加订单</a>\r\n        </div> \r\n        <ul class="pagination pull-right">\r\n            <li class="disabled"><a href="#">&laquo;</a></li>\r\n            <li class="active"><a href="#">1 <span class="sr-only">(current)</span></a></li>\r\n            <li><a href="#">2 <span class="sr-only">(current)</span></a></li>\r\n            <li><a href="#">3 <span class="sr-only">(current)</span></a></li>\r\n            <li><a href="#">4 <span class="sr-only">(current)</span></a></li>\r\n            <li><a href="#">5 <span class="sr-only">(current)</span></a></li>\r\n            <li><a href="#">&raquo;</a></li>\r\n          </ul>\r\n        </div>\r\n    </div>\r\n</body>\r\n</html>' } }
[2020-03-27T16:28:03.999] [INFO] response - { method: 'GET',
  url: '/foods/jia',
  body: {},
  costTime: 4,
  response:
   { status: 302,
     message: 'Found',
     header:
      [Object: null prototype] {
        vary: 'Origin',
        'access-control-allow-origin': 'http://localhost:8080',
        'access-control-allow-credentials': 'true',
        'access-control-expose-headers': 'WWW-Authenticate,Server-Authorization',
        location: '/food/jia',
        'content-type': 'text/html; charset=utf-8',
        'content-length': '49' },
     body: 'Redirecting to <a href="/food/jia">/food/jia</a>.' } }
[2020-03-27T16:28:04.014] [INFO] response - { method: 'GET',
  url: '/food/jia',
  body: {},
  costTime: 5,
  response:
   { status: 404,
     message: 'Not Found',
     header:
      [Object: null prototype] {
        vary: 'Origin',
        'access-control-allow-origin': 'http://localhost:8080',
        'access-control-allow-credentials': 'true',
        'access-control-expose-headers': 'WWW-Authenticate,Server-Authorization',
        'content-type': 'text/html; charset=utf-8',
        'content-length': '474' },
     body:
      '<!DOCTYPE html>\n<html lang="en">\n<head>\n    <meta charset="UTF-8">\n    <meta name="viewport" content="width=device-width, initial-scale=1.0">\n    <meta http-equiv="X-UA-Compatible" content="ie=edge">\n    <link rel="stylesheet" href="/stylesheets/error.css">\n    <title>错误信息</title>\n</head>\n<body>\n    <div class="content">\n            <h1>抱歉，找不到你的诗和远方了！</h1>\n            \n            <h2>404</h2>\n            \n    </div>\n</body>\n</html>\n\n' } }
[2020-03-27T16:28:28.269] [INFO] response - { method: 'GET',
  url: '/index',
  body: {},
  costTime: 18,
  response:
   { status: 200,
     message: 'OK',
     header:
      [Object: null prototype] {
        vary: 'Origin',
        'access-control-allow-origin': 'http://localhost:8080',
        'access-control-allow-credentials': 'true',
        'access-control-expose-headers': 'WWW-Authenticate,Server-Authorization',
        'content-type': 'text/html; charset=utf-8',
        'content-length': '1454' },
     body:
      '<!DOCTYPE html>\r\n<head>\r\n<meta http-equiv="Content-Type" content="text/html; charset=utf-8" />\r\n<title>后台管理系统</title>\r\n<link type="text/css" rel="stylesheet" href="/stylesheets/style_index.css" />\r\n<script type="text/javascript" src="/javascripts/jquery-1.8.3.min.js"></script>\r\n<script type="text/javascript" src="/javascripts/menu.js"></script>\r\n</head>\r\n\r\n<body>\r\n<div class="top"></div>\r\n<div id="header">\r\n\t<div class="logo">超市后勤</div>\r\n\t<div class="navigation">\r\n\t\t<ul>\r\n\t\t \t<li>欢迎您！</li>\r\n\t\t\t<li>cookie</li>\r\n\t\t\t<li>\r\n\t\t\t\t\t管理员\r\n\t\t\t</li>\r\n\t\t\t<li><a href="/logout">退出</a></li>\r\n\t\t</ul>\r\n\t</div>\r\n</div>\r\n\r\n<div id="content">\r\n\t<div class="left_menu">\r\n\t\t<ul id="nav_dot">\r\n\t\t\t\r\n\t\t\t<li>\r\n\t\t\t\t<h4   class="M10"><span></span>用户管理</h4>\r\n\t\t\t\t<div class="list-item none">\r\n\t\t\t\t  <a href=\'/users/userlist\' target="iframe1">用户列表</a>\r\n\t\t\t\t</div>\r\n\t\t\t  </li>\r\n\t\t\t  \r\n        <li>\r\n        <h4 class="M1"><span></span>食品订单</h4>\r\n        <div class="list-item none">\r\n          <a href=\'/foods/foodlist\' target="iframe1">订单查询</a>\r\n        </div>\r\n      </li>\r\n    </ul>\r\n\t</div>\r\n\t<div class="m-right">\r\n\t\t\t<div class="main">\r\n\t\t\t\t<iframe frameborder="0" name="iframe1"  width="100%" height="100%">\r\n\t\t\t\t\t您的浏览器不支持嵌入式框架，或者当前配置为不显示嵌入式框架。\r\n\t\t\t\t</iframe>\r\n\t\t\t</div>\r\n\t</div>\r\n</div>\r\n\r\n<script>navList(12);</script>\r\n</body>\r\n</html>\r\n' } }
[2020-03-27T16:28:30.247] [INFO] response - { method: 'GET',
  url: '/users/userlist',
  body: {},
  costTime: 85,
  response:
   { status: 200,
     message: 'OK',
     header:
      [Object: null prototype] {
        vary: 'Origin',
        'access-control-allow-origin': 'http://localhost:8080',
        'access-control-allow-credentials': 'true',
        'access-control-expose-headers': 'WWW-Authenticate,Server-Authorization',
        'content-type': 'text/html; charset=utf-8',
        'content-length': '5168' },
     body:
      '<!DOCTYPE html>\r\n<html lang="en">\r\n<head>\r\n    <meta charset="UTF-8">\r\n    <meta name="viewport" content="width=device-width, initial-scale=1.0">\r\n    <meta http-equiv="X-UA-Compatible" content="ie=edge">\r\n    <link type="text/css" rel="stylesheet" href="/stylesheets/bootstrap.min.css" />\r\n    <title>用户列表</title>\r\n</head>\r\n<body>\r\n    <div class="clearfix" style="margin-bottom: 10px;"></div>\r\n    <div class="row">\r\n        <form>\r\n        <div class="col-md-offset-1 col-md-2 margin-bottom-15">\r\n          <label for="firstName" class="control-label">工号/帐号</label>\r\n          <input type="text" class="form-control" id="firstName" value="">                  \r\n        </div>\r\n        <div class="col-md-2 margin-bottom-15">\r\n          <label for="lastName" class="control-label">姓名</label>\r\n          <input type="text" class="form-control" id="lastName" value="">                 \r\n        </div>\r\n        <div class="row templatemo-form-buttons">\r\n                <div class="col-md-2"><br>\r\n                  <button type="submit" class="btn btn-primary">查询</button>\r\n                  <button type="reset" class="btn btn-default">重置</button>    \r\n                </div>\r\n        </div>\r\n        </form>\r\n    </div>\r\n    <br>\r\n    <div class="clearfix" style="margin-bottom: 10px;"></div>\r\n    <div class="row">\r\n        <div class="col-md-10 col-md-offset-1">\r\n        <div class="table-responsive">\r\n        <table class="table table-striped table-hover table-bordered">\r\n            <thead>\r\n              <tr class="biao">\r\n                <th>序号</th>\r\n                <th>工号/帐号</th>\r\n                <th>姓名</th>\r\n                <th>角色</th>\r\n                <th colspan="2">操作</th>\r\n              </tr>\r\n            </thead>\r\n            <tbody>\r\n              \r\n                <tr>\r\n                  <td>1</td>  \r\n                  <td>1001</td>\r\n                    <td>child</td>\r\n                    <td>\r\n                     普通用户\r\n                      </td>\r\n                    <td><a href="/users/delect/1001" class="btn btn-primary">删除</a></td>\r\n                    <td><a href="/users/edit/1001" class="btn btn-primary">编辑</a></td>\r\n                    \r\n                <tr>\r\n                  <td>2</td>  \r\n                  <td>1002</td>\r\n                    <td>kobe</td>\r\n                    <td>\r\n                     超市店员\r\n                        </td>\r\n                    <td><a href="/users/delect/1002" class="btn btn-primary">删除</a></td>\r\n                    <td><a href="/users/edit/1002" class="btn btn-primary">编辑</a></td>\r\n                    \r\n                <tr>\r\n                  <td>3</td>  \r\n                  <td>1003</td>\r\n                    <td>cookie</td>\r\n                    <td>\r\n                          管理员\r\n                             </td>\r\n                    <td><a href="/users/delect/1003" class="btn btn-primary">删除</a></td>\r\n                    <td><a href="/users/edit/1003" class="btn btn-primary">编辑</a></td>\r\n                    \r\n                <tr>\r\n                  <td>4</td>  \r\n                  <td>1004</td>\r\n                    <td>tfboy</td>\r\n                    <td>\r\n                     普通用户\r\n                      </td>\r\n                    <td><a href="/users/delect/1004" class="btn btn-primary">删除</a></td>\r\n                    <td><a href="/users/edit/1004" class="btn btn-primary">编辑</a></td>\r\n                    \r\n                <tr>\r\n                  <td>5</td>  \r\n                  <td>1005</td>\r\n                    <td>子雄</td>\r\n                    <td>\r\n                     普通用户\r\n                      </td>\r\n                    <td><a href="/users/delect/1005" class="btn btn-primary">删除</a></td>\r\n                    <td><a href="/users/edit/1005" class="btn btn-primary">编辑</a></td>\r\n                    \r\n                <tr>\r\n                  <td>6</td>  \r\n                  <td>1006</td>\r\n                    <td>tfboy</td>\r\n                    <td>\r\n                     普通用户\r\n                      </td>\r\n                    <td><a href="/users/delect/1006" class="btn btn-primary">删除</a></td>\r\n                    <td><a href="/users/edit/1006" class="btn btn-primary">编辑</a></td>\r\n                    \r\n                </tr>\r\n            </tbody>\r\n        </table>\r\n        </div>\r\n        <div>\r\n          <a href="./zjia" class="btn btn-primary">增加用户</a>\r\n        </div>\r\n        <ul class="pagination pull-right">\r\n            <li class="disabled"><a href="#">&laquo;</a></li>\r\n            <li class="active"><a href="#">1 <span class="sr-only">(current)</span></a></li>\r\n            <li><a href="#">2 <span class="sr-only">(current)</span></a></li>\r\n            <li><a href="#">3 <span class="sr-only">(current)</span></a></li>\r\n            <li><a href="#">4 <span class="sr-only">(current)</span></a></li>\r\n            <li><a href="#">5 <span class="sr-only">(current)</span></a></li>\r\n            <li><a href="#">&raquo;</a></li>\r\n          </ul>\r\n        </div>\r\n    </div>\r\n</body>\r\n</html>' } }
[2020-03-27T16:28:31.762] [INFO] response - { method: 'GET',
  url: '/users/userlist',
  body: {},
  costTime: 26,
  response:
   { status: 200,
     message: 'OK',
     header:
      [Object: null prototype] {
        vary: 'Origin',
        'access-control-allow-origin': 'http://localhost:8080',
        'access-control-allow-credentials': 'true',
        'access-control-expose-headers': 'WWW-Authenticate,Server-Authorization',
        'content-type': 'text/html; charset=utf-8',
        'content-length': '5168' },
     body:
      '<!DOCTYPE html>\r\n<html lang="en">\r\n<head>\r\n    <meta charset="UTF-8">\r\n    <meta name="viewport" content="width=device-width, initial-scale=1.0">\r\n    <meta http-equiv="X-UA-Compatible" content="ie=edge">\r\n    <link type="text/css" rel="stylesheet" href="/stylesheets/bootstrap.min.css" />\r\n    <title>用户列表</title>\r\n</head>\r\n<body>\r\n    <div class="clearfix" style="margin-bottom: 10px;"></div>\r\n    <div class="row">\r\n        <form>\r\n        <div class="col-md-offset-1 col-md-2 margin-bottom-15">\r\n          <label for="firstName" class="control-label">工号/帐号</label>\r\n          <input type="text" class="form-control" id="firstName" value="">                  \r\n        </div>\r\n        <div class="col-md-2 margin-bottom-15">\r\n          <label for="lastName" class="control-label">姓名</label>\r\n          <input type="text" class="form-control" id="lastName" value="">                 \r\n        </div>\r\n        <div class="row templatemo-form-buttons">\r\n                <div class="col-md-2"><br>\r\n                  <button type="submit" class="btn btn-primary">查询</button>\r\n                  <button type="reset" class="btn btn-default">重置</button>    \r\n                </div>\r\n        </div>\r\n        </form>\r\n    </div>\r\n    <br>\r\n    <div class="clearfix" style="margin-bottom: 10px;"></div>\r\n    <div class="row">\r\n        <div class="col-md-10 col-md-offset-1">\r\n        <div class="table-responsive">\r\n        <table class="table table-striped table-hover table-bordered">\r\n            <thead>\r\n              <tr class="biao">\r\n                <th>序号</th>\r\n                <th>工号/帐号</th>\r\n                <th>姓名</th>\r\n                <th>角色</th>\r\n                <th colspan="2">操作</th>\r\n              </tr>\r\n            </thead>\r\n            <tbody>\r\n              \r\n                <tr>\r\n                  <td>1</td>  \r\n                  <td>1001</td>\r\n                    <td>child</td>\r\n                    <td>\r\n                     普通用户\r\n                      </td>\r\n                    <td><a href="/users/delect/1001" class="btn btn-primary">删除</a></td>\r\n                    <td><a href="/users/edit/1001" class="btn btn-primary">编辑</a></td>\r\n                    \r\n                <tr>\r\n                  <td>2</td>  \r\n                  <td>1002</td>\r\n                    <td>kobe</td>\r\n                    <td>\r\n                     超市店员\r\n                        </td>\r\n                    <td><a href="/users/delect/1002" class="btn btn-primary">删除</a></td>\r\n                    <td><a href="/users/edit/1002" class="btn btn-primary">编辑</a></td>\r\n                    \r\n                <tr>\r\n                  <td>3</td>  \r\n                  <td>1003</td>\r\n                    <td>cookie</td>\r\n                    <td>\r\n                          管理员\r\n                             </td>\r\n                    <td><a href="/users/delect/1003" class="btn btn-primary">删除</a></td>\r\n                    <td><a href="/users/edit/1003" class="btn btn-primary">编辑</a></td>\r\n                    \r\n                <tr>\r\n                  <td>4</td>  \r\n                  <td>1004</td>\r\n                    <td>tfboy</td>\r\n                    <td>\r\n                     普通用户\r\n                      </td>\r\n                    <td><a href="/users/delect/1004" class="btn btn-primary">删除</a></td>\r\n                    <td><a href="/users/edit/1004" class="btn btn-primary">编辑</a></td>\r\n                    \r\n                <tr>\r\n                  <td>5</td>  \r\n                  <td>1005</td>\r\n                    <td>子雄</td>\r\n                    <td>\r\n                     普通用户\r\n                      </td>\r\n                    <td><a href="/users/delect/1005" class="btn btn-primary">删除</a></td>\r\n                    <td><a href="/users/edit/1005" class="btn btn-primary">编辑</a></td>\r\n                    \r\n                <tr>\r\n                  <td>6</td>  \r\n                  <td>1006</td>\r\n                    <td>tfboy</td>\r\n                    <td>\r\n                     普通用户\r\n                      </td>\r\n                    <td><a href="/users/delect/1006" class="btn btn-primary">删除</a></td>\r\n                    <td><a href="/users/edit/1006" class="btn btn-primary">编辑</a></td>\r\n                    \r\n                </tr>\r\n            </tbody>\r\n        </table>\r\n        </div>\r\n        <div>\r\n          <a href="./zjia" class="btn btn-primary">增加用户</a>\r\n        </div>\r\n        <ul class="pagination pull-right">\r\n            <li class="disabled"><a href="#">&laquo;</a></li>\r\n            <li class="active"><a href="#">1 <span class="sr-only">(current)</span></a></li>\r\n            <li><a href="#">2 <span class="sr-only">(current)</span></a></li>\r\n            <li><a href="#">3 <span class="sr-only">(current)</span></a></li>\r\n            <li><a href="#">4 <span class="sr-only">(current)</span></a></li>\r\n            <li><a href="#">5 <span class="sr-only">(current)</span></a></li>\r\n            <li><a href="#">&raquo;</a></li>\r\n          </ul>\r\n        </div>\r\n    </div>\r\n</body>\r\n</html>' } }
[2020-03-27T16:28:34.150] [INFO] response - { method: 'GET',
  url: '/foods/foodlist',
  body: {},
  costTime: 19,
  response:
   { status: 200,
     message: 'OK',
     header:
      [Object: null prototype] {
        vary: 'Origin',
        'access-control-allow-origin': 'http://localhost:8080',
        'access-control-allow-credentials': 'true',
        'access-control-expose-headers': 'WWW-Authenticate,Server-Authorization',
        'content-type': 'text/html; charset=utf-8',
        'content-length': '3053' },
     body:
      '<!DOCTYPE html>\r\n<html lang="en">\r\n<head>\r\n    <meta charset="UTF-8">\r\n    <meta name="viewport" content="width=device-width, initial-scale=1.0">\r\n    <meta http-equiv="X-UA-Compatible" content="ie=edge">\r\n    <link type="text/css" rel="stylesheet" href="/stylesheets/bootstrap.min.css" />\r\n    <title>食品订单</title>\r\n</head>\r\n<body>\r\n    <div class="clearfix" style="margin-bottom: 10px;"></div>\r\n    <div class="row">\r\n        <form>\r\n        <div class="col-md-offset-1 col-md-2 margin-bottom-15">\r\n          <label for="firstName" class="control-label">订单号</label>\r\n          <input type="text" class="form-control" id="firstName" value="">                  \r\n        </div>\r\n        <div class="col-md-2 margin-bottom-15">\r\n          <label for="lastName" class="control-label">姓名</label>\r\n          <input type="text" class="form-control" id="lastName" value="">                 \r\n        </div>\r\n        <div class="row templatemo-form-buttons">\r\n                <div class="col-md-2"><br>\r\n                  <button type="submit" class="btn btn-primary">查询</button>\r\n                  <button type="reset" class="btn btn-default">重置</button>    \r\n                </div>\r\n        </div>\r\n        </form>\r\n    </div>\r\n    <br>\r\n    <div class="clearfix" style="margin-bottom: 10px;"></div>\r\n    <div class="row">\r\n        <div class="col-md-10 col-md-offset-1">\r\n        <div class="table-responsive">\r\n        <table class="table table-striped table-hover table-bordered">\r\n            <thead>\r\n              <tr class="biao">\r\n                <th>序号</th>\r\n                <th>姓名</th>\r\n                <th>订单号</th>\r\n                <th>联系方式</th>\r\n                <th>审核状态</th>\r\n                <th colspan="2">操作</th>\r\n              </tr>\r\n            </thead>\r\n            <tbody>\r\n              \r\n                <tr>\r\n                  <td>1</td>  \r\n                  <td>child</td>\r\n                    <td>1</td>\r\n                    <td>1</td>\r\n                    <td>1</td>\r\n                    <td><a href="/foods/delect/1" class="btn btn-primary">删除</a></td>\r\n                    <td><a href="/foods/edit/1" class="btn btn-primary">编辑</a></td>\r\n                    \r\n                </tr>\r\n            </tbody>\r\n        </table>\r\n        </div>\r\n        <div>\r\n          <a href="./jia" class="btn btn-primary">增加订单</a>\r\n        </div> \r\n        <ul class="pagination pull-right">\r\n            <li class="disabled"><a href="#">&laquo;</a></li>\r\n            <li class="active"><a href="#">1 <span class="sr-only">(current)</span></a></li>\r\n            <li><a href="#">2 <span class="sr-only">(current)</span></a></li>\r\n            <li><a href="#">3 <span class="sr-only">(current)</span></a></li>\r\n            <li><a href="#">4 <span class="sr-only">(current)</span></a></li>\r\n            <li><a href="#">5 <span class="sr-only">(current)</span></a></li>\r\n            <li><a href="#">&raquo;</a></li>\r\n          </ul>\r\n        </div>\r\n    </div>\r\n</body>\r\n</html>' } }
[2020-03-27T16:28:35.376] [INFO] response - { method: 'GET',
  url: '/foods/jia',
  body: {},
  costTime: 4,
  response:
   { status: 500,
     message: 'Internal Server Error',
     header:
      [Object: null prototype] {
        vary: 'Origin',
        'access-control-allow-origin': 'http://localhost:8080',
        'access-control-allow-credentials': 'true',
        'access-control-expose-headers': 'WWW-Authenticate,Server-Authorization',
        'content-type': 'text/html; charset=utf-8',
        'content-length': '462' },
     body:
      '<!DOCTYPE html>\n<html lang="en">\n<head>\n    <meta charset="UTF-8">\n    <meta name="viewport" content="width=device-width, initial-scale=1.0">\n    <meta http-equiv="X-UA-Compatible" content="ie=edge">\n    <link rel="stylesheet" href="/stylesheets/error.css">\n    <title>错误信息</title>\n</head>\n<body>\n    <div class="content">\n            <h1>抱歉，服务器神游去了！</h1>\n            \n            <h2></h2>\n            \n    </div>\n</body>\n</html>\n\n' } }
