[2019-11-28T09:18:45.251] [INFO] response - { method: 'GET',
  url: '/favicon.ico',
  body: {},
  costTime: 34,
  response: { status: 404,
     message: 'Not Found',
     header: 
      { vary: 'Origin',
        'access-control-allow-origin': 'http://localhost::8080',
        'access-control-allow-credentials': 'true',
        'access-control-expose-headers': 'WWW-Authenticate,Server-Authorization',
        'content-type': 'text/html; charset=utf-8',
        'content-length': '474' },
     body: '<!DOCTYPE html>\n<html lang="en">\n<head>\n    <meta charset="UTF-8">\n    <meta name="viewport" content="width=device-width, initial-scale=1.0">\n    <meta http-equiv="X-UA-Compatible" content="ie=edge">\n    <link rel="stylesheet" href="/stylesheets/error.css">\n    <title>错误信息</title>\n</head>\n<body>\n    <div class="content">\n            <h1>抱歉，找不到你的诗和远方了！</h1>\n            \n            <h2>404</h2>\n            \n    </div>\n</body>\n</html>\n\n' } }
[2019-11-28T09:18:47.994] [INFO] response - { method: 'GET',
  url: '/',
  body: {},
  costTime: 3,
  response: { status: 200,
     message: 'OK',
     header: 
      { vary: 'Origin',
        'access-control-allow-origin': 'http://localhost::8080',
        'access-control-allow-credentials': 'true',
        'access-control-expose-headers': 'WWW-Authenticate,Server-Authorization',
        'content-type': 'text/html; charset=utf-8',
        'content-length': '1029' },
     body: '<!DOCTYPE html>\r\n<head>\r\n\t<meta http-equiv="Content-Type" content="text/html; charset=utf-8" />\r\n\t<title>登录</title>\r\n\t<link rel="stylesheet" type="text/css" href="/stylesheets/style.css" />\r\n\t<link rel="stylesheet" type="text/css" href="/stylesheets/body.css"/> \r\n</head>\r\n<body>\r\n\t<div class="container">\r\n\t\t<section id="content">\r\n\t\t\t<form action="/checkLogin" method="post">\r\n\t\t\t\t<h1>登录</h1>\r\n\t\t\t\t<div>\r\n\t\t\t\t\t<input type="text" placeholder="工号/学号" required="" id="username" name="user_id"/>\r\n\t\t\t\t</div>\r\n\t\t\t\t<div>\r\n\t\t\t\t\t<input type="password" placeholder="密码" required="" id="password" name="password"/>\r\n\t\t\t\t</div>\r\n\t\t\t\t<div class="">\r\n\t\t\t\t\t<span class="help-block u-errormessage" id="js-server-helpinfo">&nbsp;</span>\t\t\t\r\n\t\t\t\t</div> \r\n\t\t\t\t<div>\r\n\t\t\t\t\t<!-- <input type="submit" value="Log in" /> -->\r\n\t\t\t\t\t<input type="submit" value="登录" class="btn btn-primary" id="js-btn-login"/>\r\n\t\t\t\t</div>\r\n\t\t\t</form><!-- form -->\r\n\t\t\t\r\n\t\t</section><!-- content -->\r\n\t</div>\r\n\t<!-- container -->\r\n</body>\r\n</html>' } }
[2019-11-28T09:18:48.455] [INFO] response - { method: 'GET',
  url: '/favicon.ico',
  body: {},
  costTime: 20,
  response: { status: 404,
     message: 'Not Found',
     header: 
      { vary: 'Origin',
        'access-control-allow-origin': 'http://localhost::8080',
        'access-control-allow-credentials': 'true',
        'access-control-expose-headers': 'WWW-Authenticate,Server-Authorization',
        'content-type': 'text/html; charset=utf-8',
        'content-length': '474' },
     body: '<!DOCTYPE html>\n<html lang="en">\n<head>\n    <meta charset="UTF-8">\n    <meta name="viewport" content="width=device-width, initial-scale=1.0">\n    <meta http-equiv="X-UA-Compatible" content="ie=edge">\n    <link rel="stylesheet" href="/stylesheets/error.css">\n    <title>错误信息</title>\n</head>\n<body>\n    <div class="content">\n            <h1>抱歉，找不到你的诗和远方了！</h1>\n            \n            <h2>404</h2>\n            \n    </div>\n</body>\n</html>\n\n' } }
[2019-11-28T09:35:47.352] [INFO] response - { method: 'POST',
  url: '/api/users/postlogin',
  body: { user_id: '1001', password: '123456' },
  costTime: 279,
  response: { status: 200,
     message: 'OK',
     header: 
      { vary: 'Origin',
        'access-control-allow-origin': 'http://localhost::8080',
        'access-control-allow-credentials': 'true',
        'access-control-expose-headers': 'WWW-Authenticate,Server-Authorization',
        'content-type': 'application/json; charset=utf-8' },
     body: 
      { code: 1,
        message: '验证成功',
        token: 'Bearer eyJhbGciOiJIUzI1NiIsInR5cCI6IkpXVCJ9.eyJ1c2VyX2lkIjoiMTAwMSIsInVzZXJfbmFtZSI6IuW8oOS4iSIsImlhdCI6MTU3NDkwNDk0NywiZXhwIjoxNTc0OTA4NTQ3fQ.xe-p1XJOsE24ks343gOcYewiPFqQRt9aDOzvGwaEuSs' } } }
[2019-11-28T09:37:33.044] [INFO] response - { method: 'POST',
  url: '/api/users/postlogin',
  body: { user_id: '1001', password: '123456' },
  costTime: 48,
  response: { status: 200,
     message: 'OK',
     header: 
      { vary: 'Origin',
        'access-control-allow-origin': 'http://localhost::8080',
        'access-control-allow-credentials': 'true',
        'access-control-expose-headers': 'WWW-Authenticate,Server-Authorization',
        'content-type': 'application/json; charset=utf-8' },
     body: 
      { code: 1,
        message: '验证成功',
        token: 'Bearer eyJhbGciOiJIUzI1NiIsInR5cCI6IkpXVCJ9.eyJ1c2VyX2lkIjoiMTAwMSIsInVzZXJfbmFtZSI6IuW8oOS4iSIsImlhdCI6MTU3NDkwNTA1MywiZXhwIjoxNTc0OTA4NjUzfQ.8NBsY5zKfsvXA7axftK4NbChl8SusLfPmzSn-V5TK9k' } } }
[2019-11-28T09:40:33.199] [INFO] response - { method: 'POST',
  url: '/api/users/postlogin',
  body: { user_id: '1001', password: '123456' },
  costTime: 37,
  response: { status: 200,
     message: 'OK',
     header: 
      { vary: 'Origin',
        'access-control-allow-origin': 'http://localhost::8080',
        'access-control-allow-credentials': 'true',
        'access-control-expose-headers': 'WWW-Authenticate,Server-Authorization',
        'content-type': 'application/json; charset=utf-8' },
     body: 
      { code: 1,
        message: '验证成功',
        token: 'Bearer eyJhbGciOiJIUzI1NiIsInR5cCI6IkpXVCJ9.eyJ1c2VyX2lkIjoiMTAwMSIsInVzZXJfbmFtZSI6IuW8oOS4iSIsImlhdCI6MTU3NDkwNTIzMywiZXhwIjoxNTc0OTA4ODMzfQ.tU9JQcsnnCzCtLcQWh6DFwKuZcKWs8wc1GMwDQqgZpI' } } }
[2019-11-28T09:42:37.762] [INFO] response - { method: 'POST',
  url: '/api/users/postlogin',
  body: { user_id: '1001', password: '123456' },
  costTime: 37,
  response: { status: 200,
     message: 'OK',
     header: 
      { vary: 'Origin',
        'access-control-allow-origin': 'http://localhost::8080',
        'access-control-allow-credentials': 'true',
        'access-control-expose-headers': 'WWW-Authenticate,Server-Authorization',
        'content-type': 'application/json; charset=utf-8' },
     body: 
      { code: 1,
        message: '验证成功',
        token: 'Bearer eyJhbGciOiJIUzI1NiIsInR5cCI6IkpXVCJ9.eyJ1c2VyX2lkIjoiMTAwMSIsInVzZXJfbmFtZSI6IuW8oOS4iSIsImlhdCI6MTU3NDkwNTM1NywiZXhwIjoxNTc0OTA4OTU3fQ.pSSQDtB0v8roZvtKrh8SluwcTJYxAmYow5cnsB15T9s' } } }
[2019-11-28T09:44:08.485] [INFO] response - { method: 'POST',
  url: '/api/users/postlogin',
  body: { user_id: '1001', password: '123456' },
  costTime: 38,
  response: { status: 200,
     message: 'OK',
     header: 
      { vary: 'Origin',
        'access-control-allow-origin': 'http://localhost::8080',
        'access-control-allow-credentials': 'true',
        'access-control-expose-headers': 'WWW-Authenticate,Server-Authorization',
        'content-type': 'application/json; charset=utf-8' },
     body: 
      { code: 1,
        message: '验证成功',
        token: 'Bearer eyJhbGciOiJIUzI1NiIsInR5cCI6IkpXVCJ9.eyJ1c2VyX2lkIjoiMTAwMSIsInVzZXJfbmFtZSI6IuW8oOS4iSIsImlhdCI6MTU3NDkwNTQ0OCwiZXhwIjoxNTc0OTA5MDQ4fQ.ve7fMTDHoN3T0KGfXcBg0hLWM-coOMixSSWEErlGHc0' } } }
[2019-11-28T09:44:16.194] [INFO] response - { method: 'POST',
  url: '/api/users/postlogin',
  body: { user_id: '1001', password: '123456' },
  costTime: 29,
  response: { status: 200,
     message: 'OK',
     header: 
      { vary: 'Origin',
        'access-control-allow-origin': 'http://localhost::8080',
        'access-control-allow-credentials': 'true',
        'access-control-expose-headers': 'WWW-Authenticate,Server-Authorization',
        'content-type': 'application/json; charset=utf-8' },
     body: 
      { code: 1,
        message: '验证成功',
        token: 'Bearer eyJhbGciOiJIUzI1NiIsInR5cCI6IkpXVCJ9.eyJ1c2VyX2lkIjoiMTAwMSIsInVzZXJfbmFtZSI6IuW8oOS4iSIsImlhdCI6MTU3NDkwNTQ1NiwiZXhwIjoxNTc0OTA5MDU2fQ.rBzsV1t-qMlW0X-hVcOjMPB5KyxUcxylXI_OitCo6Ws' } } }
[2019-11-28T09:45:14.069] [INFO] response - { method: 'POST',
  url: '/api/users/postlogin',
  body: { user_id: '1001', password: '123456' },
  costTime: 27,
  response: { status: 200,
     message: 'OK',
     header: 
      { vary: 'Origin',
        'access-control-allow-origin': 'http://localhost::8080',
        'access-control-allow-credentials': 'true',
        'access-control-expose-headers': 'WWW-Authenticate,Server-Authorization',
        'content-type': 'application/json; charset=utf-8' },
     body: 
      { code: 1,
        message: '验证成功',
        token: 'Bearer eyJhbGciOiJIUzI1NiIsInR5cCI6IkpXVCJ9.eyJ1c2VyX2lkIjoiMTAwMSIsInVzZXJfbmFtZSI6IuW8oOS4iSIsImlhdCI6MTU3NDkwNTUxNCwiZXhwIjoxNTc0OTA5MTE0fQ.f-yMR8Wflw_ztii-5HaAIgeuR7bXS9YgJNzALH9-8To' } } }
[2019-11-28T09:50:38.055] [INFO] response - { method: 'POST',
  url: '/api/users/postlogin',
  body: { user_id: '1001', password: '123456' },
  costTime: 51,
  response: { status: 200,
     message: 'OK',
     header: 
      { vary: 'Origin',
        'access-control-allow-origin': 'http://localhost::8080',
        'access-control-allow-credentials': 'true',
        'access-control-expose-headers': 'WWW-Authenticate,Server-Authorization',
        'content-type': 'application/json; charset=utf-8' },
     body: 
      { code: 1,
        message: '验证成功',
        token: 'Bearer eyJhbGciOiJIUzI1NiIsInR5cCI6IkpXVCJ9.eyJ1c2VyX2lkIjoiMTAwMSIsInVzZXJfbmFtZSI6IuW8oOS4iSIsImlhdCI6MTU3NDkwNTgzOCwiZXhwIjoxNTc0OTA5NDM4fQ.n6hCYiBh_lu7K1oOO0WBGLyAsLkHADRczbE_hRvSMK4' } } }
[2019-11-28T09:51:19.608] [INFO] response - { method: 'POST',
  url: '/api/users/postlogin',
  body: { user_id: '1001', password: '123456' },
  costTime: 43,
  response: { status: 200,
     message: 'OK',
     header: 
      { vary: 'Origin',
        'access-control-allow-origin': 'http://localhost::8080',
        'access-control-allow-credentials': 'true',
        'access-control-expose-headers': 'WWW-Authenticate,Server-Authorization',
        'content-type': 'application/json; charset=utf-8' },
     body: 
      { code: 1,
        message: '验证成功',
        token: 'Bearer eyJhbGciOiJIUzI1NiIsInR5cCI6IkpXVCJ9.eyJ1c2VyX2lkIjoiMTAwMSIsInVzZXJfbmFtZSI6IuW8oOS4iSIsImlhdCI6MTU3NDkwNTg3OSwiZXhwIjoxNTc0OTA5NDc5fQ.koZ7EPf0on83q2rrYafXHnbKtWFSjKS9lv3uq7WH0b0' } } }
[2019-11-28T09:52:17.072] [INFO] response - { method: 'POST',
  url: '/api/users/postlogin',
  body: { user_id: '1001', password: '123456' },
  costTime: 45,
  response: { status: 200,
     message: 'OK',
     header: 
      { vary: 'Origin',
        'access-control-allow-origin': 'http://localhost::8080',
        'access-control-allow-credentials': 'true',
        'access-control-expose-headers': 'WWW-Authenticate,Server-Authorization',
        'content-type': 'application/json; charset=utf-8' },
     body: 
      { code: 1,
        message: '验证成功',
        token: 'Bearer eyJhbGciOiJIUzI1NiIsInR5cCI6IkpXVCJ9.eyJ1c2VyX2lkIjoiMTAwMSIsInVzZXJfbmFtZSI6IuW8oOS4iSIsImlhdCI6MTU3NDkwNTkzNywiZXhwIjoxNTc0OTA5NTM3fQ.u8F-xzhcv_m7kniPnSsGQeubFnmC89gSr8YAce8nHbc' } } }
[2019-11-28T09:54:10.696] [INFO] response - { method: 'POST',
  url: '/api/users/postlogin',
  body: { user_id: '1001', password: '123456' },
  costTime: 71,
  response: { status: 200,
     message: 'OK',
     header: 
      { vary: 'Origin',
        'access-control-allow-origin': 'http://localhost::8080',
        'access-control-allow-credentials': 'true',
        'access-control-expose-headers': 'WWW-Authenticate,Server-Authorization',
        'content-type': 'application/json; charset=utf-8' },
     body: 
      { code: 1,
        message: '验证成功',
        token: 'Bearer eyJhbGciOiJIUzI1NiIsInR5cCI6IkpXVCJ9.eyJ1c2VyX2lkIjoiMTAwMSIsInVzZXJfbmFtZSI6IuW8oOS4iSIsImlhdCI6MTU3NDkwNjA1MCwiZXhwIjoxNTc0OTA5NjUwfQ.751C-AnswIOAa6kstxOn0-0fmuwGdzNVQGF6767V8LY' } } }
[2019-11-28T09:55:13.728] [INFO] response - { method: 'POST',
  url: '/api/users/postlogin',
  body: { user_id: '1001', password: '123456' },
  costTime: 49,
  response: { status: 200,
     message: 'OK',
     header: 
      { vary: 'Origin',
        'access-control-allow-origin': 'http://localhost::8080',
        'access-control-allow-credentials': 'true',
        'access-control-expose-headers': 'WWW-Authenticate,Server-Authorization',
        'content-type': 'application/json; charset=utf-8' },
     body: 
      { code: 1,
        message: '验证成功',
        token: 'Bearer eyJhbGciOiJIUzI1NiIsInR5cCI6IkpXVCJ9.eyJ1c2VyX2lkIjoiMTAwMSIsInVzZXJfbmFtZSI6IuW8oOS4iSIsImlhdCI6MTU3NDkwNjExMywiZXhwIjoxNTc0OTA5NzEzfQ.CwvJIoh1kD6J7xfKS5AofmxSDqOyUYHfJGEJf8IPxSk' } } }
[2019-11-28T09:55:33.072] [INFO] response - { method: 'POST',
  url: '/api/users/postlogin',
  body: { user_id: '1001', password: '123456' },
  costTime: 27,
  response: { status: 200,
     message: 'OK',
     header: 
      { vary: 'Origin',
        'access-control-allow-origin': 'http://localhost::8080',
        'access-control-allow-credentials': 'true',
        'access-control-expose-headers': 'WWW-Authenticate,Server-Authorization',
        'content-type': 'application/json; charset=utf-8' },
     body: 
      { code: 1,
        message: '验证成功',
        token: 'Bearer eyJhbGciOiJIUzI1NiIsInR5cCI6IkpXVCJ9.eyJ1c2VyX2lkIjoiMTAwMSIsInVzZXJfbmFtZSI6IuW8oOS4iSIsImlhdCI6MTU3NDkwNjEzMywiZXhwIjoxNTc0OTA5NzMzfQ.lCQY8Pa528-PU0d-djs8-gOHD6owqIeCd4lSaW24AfE' } } }
[2019-11-28T09:56:31.754] [INFO] response - { method: 'POST',
  url: '/api/users/postlogin',
  body: { user_id: '1001', password: '123456' },
  costTime: 55,
  response: { status: 200,
     message: 'OK',
     header: 
      { vary: 'Origin',
        'access-control-allow-origin': 'http://localhost::8080',
        'access-control-allow-credentials': 'true',
        'access-control-expose-headers': 'WWW-Authenticate,Server-Authorization',
        'content-type': 'application/json; charset=utf-8' },
     body: 
      { code: 1,
        message: '验证成功',
        token: 'Bearer eyJhbGciOiJIUzI1NiIsInR5cCI6IkpXVCJ9.eyJ1c2VyX2lkIjoiMTAwMSIsInVzZXJfbmFtZSI6IuW8oOS4iSIsImlhdCI6MTU3NDkwNjE5MSwiZXhwIjoxNTc0OTA5NzkxfQ.Oj6GdoC5fOp0G09jJ8NyD1MLUMat5HxeVyxzDAcaKO0' } } }
[2019-11-28T09:57:41.941] [INFO] response - { method: 'POST',
  url: '/api/users/postlogin',
  body: { user_id: '1001', password: '123456' },
  costTime: 63,
  response: { status: 200,
     message: 'OK',
     header: 
      { vary: 'Origin',
        'access-control-allow-origin': 'http://localhost::8080',
        'access-control-allow-credentials': 'true',
        'access-control-expose-headers': 'WWW-Authenticate,Server-Authorization',
        'content-type': 'application/json; charset=utf-8' },
     body: 
      { code: 1,
        message: '验证成功',
        token: 'Bearer eyJhbGciOiJIUzI1NiIsInR5cCI6IkpXVCJ9.eyJ1c2VyX2lkIjoiMTAwMSIsInVzZXJfbmFtZSI6IuW8oOS4iSIsImlhdCI6MTU3NDkwNjI2MSwiZXhwIjoxNTc0OTA5ODYxfQ.KOhJQnq6qRJ90_xtQcjnBZdnGDqXSeSv-niiewod4_8' } } }
[2019-11-28T09:58:24.181] [INFO] response - { method: 'POST',
  url: '/api/users/postlogin',
  body: { user_id: '1001', password: '123456' },
  costTime: 67,
  response: { status: 200,
     message: 'OK',
     header: 
      { vary: 'Origin',
        'access-control-allow-origin': 'http://localhost::8080',
        'access-control-allow-credentials': 'true',
        'access-control-expose-headers': 'WWW-Authenticate,Server-Authorization',
        'content-type': 'application/json; charset=utf-8' },
     body: 
      { code: 1,
        message: '验证成功',
        token: 'Bearer eyJhbGciOiJIUzI1NiIsInR5cCI6IkpXVCJ9.eyJ1c2VyX2lkIjoiMTAwMSIsInVzZXJfbmFtZSI6IuW8oOS4iSIsImlhdCI6MTU3NDkwNjMwNCwiZXhwIjoxNTc0OTA5OTA0fQ.9uuTu7hmQrWYBLDGUu6CYg3woQeGYrDqXkijurik-pc' } } }
[2019-11-28T10:00:06.868] [INFO] response - { method: 'POST',
  url: '/api/users/postlogin',
  body: { user_id: '1001', password: '123456' },
  costTime: 37,
  response: { status: 200,
     message: 'OK',
     header: 
      { vary: 'Origin',
        'access-control-allow-origin': 'http://localhost::8080',
        'access-control-allow-credentials': 'true',
        'access-control-expose-headers': 'WWW-Authenticate,Server-Authorization',
        'content-type': 'application/json; charset=utf-8' },
     body: 
      { code: 1,
        message: '验证成功',
        token: 'Bearer eyJhbGciOiJIUzI1NiIsInR5cCI6IkpXVCJ9.eyJ1c2VyX2lkIjoiMTAwMSIsInVzZXJfbmFtZSI6IuW8oOS4iSIsImlhdCI6MTU3NDkwNjQwNiwiZXhwIjoxNTc0OTEwMDA2fQ.Lvd8sz53CVZs4oYQbPh0XSY3rJbJ4cECBH8bq3rL7IM' } } }
[2019-11-28T10:01:58.775] [INFO] response - { method: 'POST',
  url: '/api/users/postlogin',
  body: { user_id: '1001', password: '123456' },
  costTime: 50,
  response: { status: 200,
     message: 'OK',
     header: 
      { vary: 'Origin',
        'access-control-allow-origin': 'http://localhost::8080',
        'access-control-allow-credentials': 'true',
        'access-control-expose-headers': 'WWW-Authenticate,Server-Authorization',
        'content-type': 'application/json; charset=utf-8' },
     body: 
      { code: 1,
        message: '验证成功',
        token: 'Bearer eyJhbGciOiJIUzI1NiIsInR5cCI6IkpXVCJ9.eyJ1c2VyX2lkIjoiMTAwMSIsInVzZXJfbmFtZSI6IuW8oOS4iSIsImlhdCI6MTU3NDkwNjUxOCwiZXhwIjoxNTc0OTEwMTE4fQ.2ALbHVzfB_d43onMh1JRth8qOVnie4L8T1kTB4HGa7g' } } }
[2019-11-28T10:10:01.421] [INFO] response - { method: 'POST',
  url: '/api/users/postlogin',
  body: { user_id: '1001', password: '123456' },
  costTime: 25,
  response: { status: 200,
     message: 'OK',
     header: 
      { vary: 'Origin',
        'access-control-allow-origin': 'http://localhost::8080',
        'access-control-allow-credentials': 'true',
        'access-control-expose-headers': 'WWW-Authenticate,Server-Authorization',
        'content-type': 'application/json; charset=utf-8' },
     body: 
      { code: 1,
        message: '验证成功',
        token: 'Bearer eyJhbGciOiJIUzI1NiIsInR5cCI6IkpXVCJ9.eyJ1c2VyX2lkIjoiMTAwMSIsInVzZXJfbmFtZSI6IuW8oOS4iSIsImlhdCI6MTU3NDkwNzAwMSwiZXhwIjoxNTc0OTEwNjAxfQ.1VGUtO8CU4F5glzl_Eke-q3dy7l5CUUy0maCuN1o0Rw' } } }
[2019-11-28T10:13:34.108] [INFO] response - { method: 'POST',
  url: '/api/users/postlogin',
  body: { user_id: '1001', password: '123456' },
  costTime: 34,
  response: { status: 200,
     message: 'OK',
     header: 
      { vary: 'Origin',
        'access-control-allow-origin': 'http://localhost::8080',
        'access-control-allow-credentials': 'true',
        'access-control-expose-headers': 'WWW-Authenticate,Server-Authorization',
        'content-type': 'application/json; charset=utf-8' },
     body: 
      { code: 1,
        message: '验证成功',
        token: 'Bearer eyJhbGciOiJIUzI1NiIsInR5cCI6IkpXVCJ9.eyJ1c2VyX2lkIjoiMTAwMSIsInVzZXJfbmFtZSI6IuW8oOS4iSIsImlhdCI6MTU3NDkwNzIxNCwiZXhwIjoxNTc0OTEwODE0fQ.q6G9S2QL5J6dxxkqktGgyOybDkUgLZU25D6wlkN1mC0' } } }
[2019-11-28T10:14:39.121] [INFO] response - { method: 'POST',
  url: '/api/users/postlogin',
  body: { user_id: '1001', password: '123456' },
  costTime: 48,
  response: { status: 200,
     message: 'OK',
     header: 
      { vary: 'Origin',
        'access-control-allow-origin': 'http://localhost::8080',
        'access-control-allow-credentials': 'true',
        'access-control-expose-headers': 'WWW-Authenticate,Server-Authorization',
        'content-type': 'application/json; charset=utf-8' },
     body: 
      { code: 1,
        message: '验证成功',
        token: 'Bearer eyJhbGciOiJIUzI1NiIsInR5cCI6IkpXVCJ9.eyJ1c2VyX2lkIjoiMTAwMSIsInVzZXJfbmFtZSI6IuW8oOS4iSIsImlhdCI6MTU3NDkwNzI3OSwiZXhwIjoxNTc0OTEwODc5fQ.R-o2S7CYifR0jr5SJ49FU0ZsV9S6hmhuEv1XfIttTsU' } } }
[2019-11-28T10:20:55.427] [INFO] response - { method: 'POST',
  url: '/api/users/postlogin',
  body: { user_id: '1001', password: '123456' },
  costTime: 47,
  response: { status: 200,
     message: 'OK',
     header: 
      { vary: 'Origin',
        'access-control-allow-origin': 'http://localhost::8080',
        'access-control-allow-credentials': 'true',
        'access-control-expose-headers': 'WWW-Authenticate,Server-Authorization',
        'content-type': 'application/json; charset=utf-8' },
     body: { code: 1, data: [Object] } } }
[2019-11-28T10:25:16.789] [INFO] response - { method: 'POST',
  url: '/api/users/postlogin',
  body: { user_id: '1001', password: '123456' },
  costTime: 40,
  response: { status: 200,
     message: 'OK',
     header: 
      { vary: 'Origin',
        'access-control-allow-origin': 'http://localhost::8080',
        'access-control-allow-credentials': 'true',
        'access-control-expose-headers': 'WWW-Authenticate,Server-Authorization',
        'content-type': 'application/json; charset=utf-8' },
     body: { code: 1, data: [Object] } } }
[2019-11-28T10:27:23.380] [INFO] response - { method: 'POST',
  url: '/api/users/postlogin',
  body: { user_id: '1001', password: '123456' },
  costTime: 58,
  response: { status: 200,
     message: 'OK',
     header: 
      { vary: 'Origin',
        'access-control-allow-origin': 'http://localhost::8080',
        'access-control-allow-credentials': 'true',
        'access-control-expose-headers': 'WWW-Authenticate,Server-Authorization',
        'content-type': 'application/json; charset=utf-8' },
     body: { code: 1, data: [Object] } } }
[2019-11-28T10:29:59.413] [INFO] response - { method: 'POST',
  url: '/api/users/postlogin',
  body: { user_id: '1001', password: '123456' },
  costTime: 43,
  response: { status: 200,
     message: 'OK',
     header: 
      { vary: 'Origin',
        'access-control-allow-origin': 'http://localhost::8080',
        'access-control-allow-credentials': 'true',
        'access-control-expose-headers': 'WWW-Authenticate,Server-Authorization',
        'content-type': 'application/json; charset=utf-8' },
     body: { code: 1, data: [Object] } } }
[2019-11-28T10:32:54.034] [INFO] response - { method: 'POST',
  url: '/api/users/postlogin',
  body: { user_id: '1001', password: '123456' },
  costTime: 62,
  response: { status: 200,
     message: 'OK',
     header: 
      { vary: 'Origin',
        'access-control-allow-origin': 'http://localhost::8080',
        'access-control-allow-credentials': 'true',
        'access-control-expose-headers': 'WWW-Authenticate,Server-Authorization',
        'content-type': 'application/json; charset=utf-8' },
     body: { code: 1, data: [Object] } } }
[2019-11-28T10:34:11.152] [INFO] response - { method: 'GET',
  url: '/api/users/userinfo?token=Bearer+eyJhbGciOiJIUzI1NiIsInR5cCI6IkpXVCJ9.eyJ1c2VyX2lkIjoiMTAwMSIsInVzZXJfbmFtZSI6IuW8oOS4iSIsImlhdCI6MTU3NDkwODM3NCwiZXhwIjoxNTc0OTExOTc0fQ.Fn9aZFi63Cn7Kdc3zWZfBO4X5Y_S1fU_KfJrp0XB2Fo',
  body: {},
  costTime: 9,
  response: { status: 401,
     message: 'Unauthorized',
     header: 
      { vary: 'Origin',
        'access-control-allow-origin': 'http://localhost::8080',
        'access-control-allow-credentials': 'true',
        'access-control-expose-headers': 'WWW-Authenticate,Server-Authorization' },
     body: undefined } }
[2019-11-28T11:03:09.185] [INFO] response - { method: 'GET',
  url: '/api/users/userinfo?token=Bearer+eyJhbGciOiJIUzI1NiIsInR5cCI6IkpXVCJ9.eyJ1c2VyX2lkIjoiMTAwMSIsInVzZXJfbmFtZSI6IuW8oOS4iSIsImlhdCI6MTU3NDkwODM3NCwiZXhwIjoxNTc0OTExOTc0fQ.Fn9aZFi63Cn7Kdc3zWZfBO4X5Y_S1fU_KfJrp0XB2Fo',
  body: {},
  costTime: 14,
  response: { status: 404,
     message: 'Not Found',
     header: 
      { vary: 'Origin',
        'access-control-allow-origin': 'http://localhost::8080',
        'access-control-allow-credentials': 'true',
        'access-control-expose-headers': 'WWW-Authenticate,Server-Authorization' },
     body: undefined } }
[2019-11-28T11:04:18.789] [INFO] response - { method: 'GET',
  url: '/api/users/userinfo?token=Bearer+eyJhbGciOiJIUzI1NiIsInR5cCI6IkpXVCJ9.eyJ1c2VyX2lkIjoiMTAwMSIsInVzZXJfbmFtZSI6IuW8oOS4iSIsImlhdCI6MTU3NDkwODM3NCwiZXhwIjoxNTc0OTExOTc0fQ.Fn9aZFi63Cn7Kdc3zWZfBO4X5Y_S1fU_KfJrp0XB2Fo',
  body: {},
  costTime: 27,
  response: { status: 404,
     message: 'Not Found',
     header: 
      { vary: 'Origin',
        'access-control-allow-origin': 'http://localhost::8080',
        'access-control-allow-credentials': 'true',
        'access-control-expose-headers': 'WWW-Authenticate,Server-Authorization' },
     body: undefined } }
[2019-11-28T11:06:00.427] [INFO] response - { method: 'GET',
  url: '/api/users/userinfo?token=Bearer+eyJhbGciOiJIUzI1NiIsInR5cCI6IkpXVCJ9.eyJ1c2VyX2lkIjoiMTAwMSIsInVzZXJfbmFtZSI6IuW8oOS4iSIsImlhdCI6MTU3NDkwODM3NCwiZXhwIjoxNTc0OTExOTc0fQ.Fn9aZFi63Cn7Kdc3zWZfBO4X5Y_S1fU_KfJrp0XB2Fo',
  body: {},
  costTime: 34,
  response: { status: 404,
     message: 'Not Found',
     header: 
      { vary: 'Origin',
        'access-control-allow-origin': 'http://localhost::8080',
        'access-control-allow-credentials': 'true',
        'access-control-expose-headers': 'WWW-Authenticate,Server-Authorization' },
     body: undefined } }
