[2019-12-11T19:32:47.990] [INFO] response - { method: 'GET',
  url: '/',
  body: {},
  costTime: 45,
  response:
   { status: 200,
     message: 'OK',
     header:
      [Object: null prototype] {
        vary: 'Origin',
        'access-control-allow-origin': 'http://localhost:8080',
        'access-control-allow-credentials': 'true',
        'access-control-expose-headers': 'WWW-Authenticate,Server-Authorization',
        'content-type': 'text/html; charset=utf-8',
        'content-length': '1029' },
     body:
      '<!DOCTYPE html>\r\n<head>\r\n\t<meta http-equiv="Content-Type" content="text/html; charset=utf-8" />\r\n\t<title>登录</title>\r\n\t<link rel="stylesheet" type="text/css" href="/stylesheets/style.css" />\r\n\t<link rel="stylesheet" type="text/css" href="/stylesheets/body.css"/> \r\n</head>\r\n<body>\r\n\t<div class="container">\r\n\t\t<section id="content">\r\n\t\t\t<form action="/checkLogin" method="post">\r\n\t\t\t\t<h1>登录</h1>\r\n\t\t\t\t<div>\r\n\t\t\t\t\t<input type="text" placeholder="工号/学号" required="" id="username" name="user_id"/>\r\n\t\t\t\t</div>\r\n\t\t\t\t<div>\r\n\t\t\t\t\t<input type="password" placeholder="密码" required="" id="password" name="password"/>\r\n\t\t\t\t</div>\r\n\t\t\t\t<div class="">\r\n\t\t\t\t\t<span class="help-block u-errormessage" id="js-server-helpinfo">&nbsp;</span>\t\t\t\r\n\t\t\t\t</div> \r\n\t\t\t\t<div>\r\n\t\t\t\t\t<!-- <input type="submit" value="Log in" /> -->\r\n\t\t\t\t\t<input type="submit" value="登录" class="btn btn-primary" id="js-btn-login"/>\r\n\t\t\t\t</div>\r\n\t\t\t</form><!-- form -->\r\n\t\t\t\r\n\t\t</section><!-- content -->\r\n\t</div>\r\n\t<!-- container -->\r\n</body>\r\n</html>' } }
[2019-12-11T19:32:53.757] [INFO] response - { method: 'POST',
  url: '/checkLogin',
  body: { user_id: '1001', password: '123456' },
  costTime: 82,
  response:
   { status: 200,
     message: 'OK',
     header:
      [Object: null prototype] {
        vary: 'Origin',
        'access-control-allow-origin': 'http://localhost:8080',
        'access-control-allow-credentials': 'true',
        'access-control-expose-headers': 'WWW-Authenticate,Server-Authorization',
        'content-type': 'text/html; charset=utf-8',
        'content-length': '1083' },
     body:
      '<!DOCTYPE html>\r\n<head>\r\n\t<meta http-equiv="Content-Type" content="text/html; charset=utf-8" />\r\n\t<title>登录</title>\r\n\t<link rel="stylesheet" type="text/css" href="/stylesheets/style.css" />\r\n\t<link rel="stylesheet" type="text/css" href="/stylesheets/body.css"/> \r\n</head>\r\n<body>\r\n\t<div class="container">\r\n\t\t<section id="content">\r\n\t\t\t<form action="/checkLogin" method="post">\r\n\t\t\t\t<h1>登录</h1>\r\n\t\t\t\t<div>\r\n\t\t\t\t\t<input type="text" placeholder="工号/学号" required="" id="username" name="user_id"/>\r\n\t\t\t\t</div>\r\n\t\t\t\t<div>\r\n\t\t\t\t\t<input type="password" placeholder="密码" required="" id="password" name="password"/>\r\n\t\t\t\t</div>\r\n\t\t\t\t<div class="">\r\n\t\t\t\t\t<span class="help-block u-errormessage" id="js-server-helpinfo">&nbsp;</span>\t\t\t\r\n\t\t\t\t</div> \r\n\t\t\t\t<div>\r\n\t\t\t\t\t<!-- <input type="submit" value="Log in" /> -->\r\n\t\t\t\t\t<input type="submit" value="登录" class="btn btn-primary" id="js-btn-login"/>\r\n\t\t\t\t</div>\r\n\t\t\t</form><!-- form -->\r\n\t\t\t\r\n\t\t\t\t<div style="color: red;">账号异常</div>\r\n\t\t\t\r\n\t\t</section><!-- content -->\r\n\t</div>\r\n\t<!-- container -->\r\n</body>\r\n</html>' } }
[2019-12-11T19:40:23.126] [INFO] response - { method: 'GET',
  url: '/',
  body: {},
  costTime: 39,
  response:
   { status: 200,
     message: 'OK',
     header:
      [Object: null prototype] {
        vary: 'Origin',
        'access-control-allow-origin': 'http://localhost:8080',
        'access-control-allow-credentials': 'true',
        'access-control-expose-headers': 'WWW-Authenticate,Server-Authorization',
        'content-type': 'text/html; charset=utf-8',
        'content-length': '1029' },
     body:
      '<!DOCTYPE html>\r\n<head>\r\n\t<meta http-equiv="Content-Type" content="text/html; charset=utf-8" />\r\n\t<title>登录</title>\r\n\t<link rel="stylesheet" type="text/css" href="/stylesheets/style.css" />\r\n\t<link rel="stylesheet" type="text/css" href="/stylesheets/body.css"/> \r\n</head>\r\n<body>\r\n\t<div class="container">\r\n\t\t<section id="content">\r\n\t\t\t<form action="/checkLogin" method="post">\r\n\t\t\t\t<h1>登录</h1>\r\n\t\t\t\t<div>\r\n\t\t\t\t\t<input type="text" placeholder="工号/学号" required="" id="username" name="user_id"/>\r\n\t\t\t\t</div>\r\n\t\t\t\t<div>\r\n\t\t\t\t\t<input type="password" placeholder="密码" required="" id="password" name="password"/>\r\n\t\t\t\t</div>\r\n\t\t\t\t<div class="">\r\n\t\t\t\t\t<span class="help-block u-errormessage" id="js-server-helpinfo">&nbsp;</span>\t\t\t\r\n\t\t\t\t</div> \r\n\t\t\t\t<div>\r\n\t\t\t\t\t<!-- <input type="submit" value="Log in" /> -->\r\n\t\t\t\t\t<input type="submit" value="登录" class="btn btn-primary" id="js-btn-login"/>\r\n\t\t\t\t</div>\r\n\t\t\t</form><!-- form -->\r\n\t\t\t\r\n\t\t</section><!-- content -->\r\n\t</div>\r\n\t<!-- container -->\r\n</body>\r\n</html>' } }
[2019-12-11T19:40:29.000] [INFO] response - { method: 'POST',
  url: '/checkLogin',
  body: { user_id: '1001', password: '123456' },
  costTime: 133,
  response:
   { status: 200,
     message: 'OK',
     header:
      [Object: null prototype] {
        vary: 'Origin',
        'access-control-allow-origin': 'http://localhost:8080',
        'access-control-allow-credentials': 'true',
        'access-control-expose-headers': 'WWW-Authenticate,Server-Authorization',
        'content-type': 'text/html; charset=utf-8',
        'content-length': '1083' },
     body:
      '<!DOCTYPE html>\r\n<head>\r\n\t<meta http-equiv="Content-Type" content="text/html; charset=utf-8" />\r\n\t<title>登录</title>\r\n\t<link rel="stylesheet" type="text/css" href="/stylesheets/style.css" />\r\n\t<link rel="stylesheet" type="text/css" href="/stylesheets/body.css"/> \r\n</head>\r\n<body>\r\n\t<div class="container">\r\n\t\t<section id="content">\r\n\t\t\t<form action="/checkLogin" method="post">\r\n\t\t\t\t<h1>登录</h1>\r\n\t\t\t\t<div>\r\n\t\t\t\t\t<input type="text" placeholder="工号/学号" required="" id="username" name="user_id"/>\r\n\t\t\t\t</div>\r\n\t\t\t\t<div>\r\n\t\t\t\t\t<input type="password" placeholder="密码" required="" id="password" name="password"/>\r\n\t\t\t\t</div>\r\n\t\t\t\t<div class="">\r\n\t\t\t\t\t<span class="help-block u-errormessage" id="js-server-helpinfo">&nbsp;</span>\t\t\t\r\n\t\t\t\t</div> \r\n\t\t\t\t<div>\r\n\t\t\t\t\t<!-- <input type="submit" value="Log in" /> -->\r\n\t\t\t\t\t<input type="submit" value="登录" class="btn btn-primary" id="js-btn-login"/>\r\n\t\t\t\t</div>\r\n\t\t\t</form><!-- form -->\r\n\t\t\t\r\n\t\t\t\t<div style="color: red;">密码错误</div>\r\n\t\t\t\r\n\t\t</section><!-- content -->\r\n\t</div>\r\n\t<!-- container -->\r\n</body>\r\n</html>' } }
[2019-12-11T19:40:45.779] [INFO] response - { method: 'GET',
  url: '/',
  body: {},
  costTime: 67,
  response:
   { status: 200,
     message: 'OK',
     header:
      [Object: null prototype] {
        vary: 'Origin',
        'access-control-allow-origin': 'http://localhost:8080',
        'access-control-allow-credentials': 'true',
        'access-control-expose-headers': 'WWW-Authenticate,Server-Authorization',
        'content-type': 'text/html; charset=utf-8',
        'content-length': '1029' },
     body:
      '<!DOCTYPE html>\r\n<head>\r\n\t<meta http-equiv="Content-Type" content="text/html; charset=utf-8" />\r\n\t<title>登录</title>\r\n\t<link rel="stylesheet" type="text/css" href="/stylesheets/style.css" />\r\n\t<link rel="stylesheet" type="text/css" href="/stylesheets/body.css"/> \r\n</head>\r\n<body>\r\n\t<div class="container">\r\n\t\t<section id="content">\r\n\t\t\t<form action="/checkLogin" method="post">\r\n\t\t\t\t<h1>登录</h1>\r\n\t\t\t\t<div>\r\n\t\t\t\t\t<input type="text" placeholder="工号/学号" required="" id="username" name="user_id"/>\r\n\t\t\t\t</div>\r\n\t\t\t\t<div>\r\n\t\t\t\t\t<input type="password" placeholder="密码" required="" id="password" name="password"/>\r\n\t\t\t\t</div>\r\n\t\t\t\t<div class="">\r\n\t\t\t\t\t<span class="help-block u-errormessage" id="js-server-helpinfo">&nbsp;</span>\t\t\t\r\n\t\t\t\t</div> \r\n\t\t\t\t<div>\r\n\t\t\t\t\t<!-- <input type="submit" value="Log in" /> -->\r\n\t\t\t\t\t<input type="submit" value="登录" class="btn btn-primary" id="js-btn-login"/>\r\n\t\t\t\t</div>\r\n\t\t\t</form><!-- form -->\r\n\t\t\t\r\n\t\t</section><!-- content -->\r\n\t</div>\r\n\t<!-- container -->\r\n</body>\r\n</html>' } }
[2019-12-11T19:40:51.521] [INFO] response - { method: 'POST',
  url: '/checkLogin',
  body: { user_id: '1001', password: '123456' },
  costTime: 62,
  response:
   { status: 302,
     message: 'Found',
     header:
      [Object: null prototype] {
        vary: 'Origin',
        'access-control-allow-origin': 'http://localhost:8080',
        'access-control-allow-credentials': 'true',
        'access-control-expose-headers': 'WWW-Authenticate,Server-Authorization',
        location: '/index',
        'content-type': 'text/html; charset=utf-8',
        'content-length': '43' },
     body: 'Redirecting to <a href="/index">/index</a>.' } }
[2019-12-11T19:40:51.620] [INFO] response - { method: 'GET',
  url: '/index',
  body: {},
  costTime: 19,
  response:
   { status: 200,
     message: 'OK',
     header:
      [Object: null prototype] {
        vary: 'Origin',
        'access-control-allow-origin': 'http://localhost:8080',
        'access-control-allow-credentials': 'true',
        'access-control-expose-headers': 'WWW-Authenticate,Server-Authorization',
        'content-type': 'text/html; charset=utf-8',
        'content-length': '1392' },
     body:
      '<!DOCTYPE html>\r\n<head>\r\n<meta http-equiv="Content-Type" content="text/html; charset=utf-8" />\r\n<title>后台管理系统</title>\r\n<link type="text/css" rel="stylesheet" href="/stylesheets/style_index.css" />\r\n<script type="text/javascript" src="/javascripts/jquery-1.8.3.min.js"></script>\r\n<script type="text/javascript" src="/javascripts/menu.js"></script>\r\n</head>\r\n\r\n<body>\r\n<div class="top"></div>\r\n<div id="header">\r\n\t<div class="logo">后台管理</div>\r\n\t<div class="navigation">\r\n\t\t<ul>\r\n\t\t \t<li>欢迎您！</li>\r\n\t\t\t<li>张三</li>\r\n\t\t\t<li><a href="/logout">退出</a></li>\r\n\t\t</ul>\r\n\t</div>\r\n</div>\r\n<div id="content">\r\n\t<div class="left_menu">\r\n\t\t<ul id="nav_dot">\r\n      <li>\r\n        <h4 class="M1"><span></span>科研资料管理</h4>\r\n        <div class="list-item none">\r\n          <a href=\'\'>资料查询</a>\r\n        </div>\r\n      </li>\r\n\t\t\t<li>\r\n        <h4   class="M10"><span></span>用户管理</h4>\r\n        <div class="list-item none">\r\n          <a href=\'/users/userlist\' target="iframe1">用户列表</a>\r\n        </div>\r\n      </li>\r\n    </ul>\r\n\t</div>\r\n\t<div class="m-right">\r\n\t\t\t<div class="main">\r\n\t\t\t\t<iframe frameborder="0" name="iframe1"  width="100%" height="100%">\r\n\t\t\t\t\t您的浏览器不支持嵌入式框架，或者当前配置为不显示嵌入式框架。\r\n\t\t\t\t</iframe>\r\n\t\t\t</div>\r\n\t</div>\r\n</div>\r\n<script>navList(12);</script>\r\n</body>\r\n</html>\r\n' } }
[2019-12-11T19:40:59.559] [INFO] response - { method: 'GET',
  url: '/index',
  body: {},
  costTime: 5,
  response:
   { status: 200,
     message: 'OK',
     header:
      [Object: null prototype] {
        vary: 'Origin',
        'access-control-allow-origin': 'http://localhost:8080',
        'access-control-allow-credentials': 'true',
        'access-control-expose-headers': 'WWW-Authenticate,Server-Authorization',
        'content-type': 'text/html; charset=utf-8',
        'content-length': '1392' },
     body:
      '<!DOCTYPE html>\r\n<head>\r\n<meta http-equiv="Content-Type" content="text/html; charset=utf-8" />\r\n<title>后台管理系统</title>\r\n<link type="text/css" rel="stylesheet" href="/stylesheets/style_index.css" />\r\n<script type="text/javascript" src="/javascripts/jquery-1.8.3.min.js"></script>\r\n<script type="text/javascript" src="/javascripts/menu.js"></script>\r\n</head>\r\n\r\n<body>\r\n<div class="top"></div>\r\n<div id="header">\r\n\t<div class="logo">后台管理</div>\r\n\t<div class="navigation">\r\n\t\t<ul>\r\n\t\t \t<li>欢迎您！</li>\r\n\t\t\t<li>张三</li>\r\n\t\t\t<li><a href="/logout">退出</a></li>\r\n\t\t</ul>\r\n\t</div>\r\n</div>\r\n<div id="content">\r\n\t<div class="left_menu">\r\n\t\t<ul id="nav_dot">\r\n      <li>\r\n        <h4 class="M1"><span></span>科研资料管理</h4>\r\n        <div class="list-item none">\r\n          <a href=\'\'>资料查询</a>\r\n        </div>\r\n      </li>\r\n\t\t\t<li>\r\n        <h4   class="M10"><span></span>用户管理</h4>\r\n        <div class="list-item none">\r\n          <a href=\'/users/userlist\' target="iframe1">用户列表</a>\r\n        </div>\r\n      </li>\r\n    </ul>\r\n\t</div>\r\n\t<div class="m-right">\r\n\t\t\t<div class="main">\r\n\t\t\t\t<iframe frameborder="0" name="iframe1"  width="100%" height="100%">\r\n\t\t\t\t\t您的浏览器不支持嵌入式框架，或者当前配置为不显示嵌入式框架。\r\n\t\t\t\t</iframe>\r\n\t\t\t</div>\r\n\t</div>\r\n</div>\r\n<script>navList(12);</script>\r\n</body>\r\n</html>\r\n' } }
[2019-12-11T19:41:03.641] [INFO] response - { method: 'GET',
  url: '/index',
  body: {},
  costTime: 3,
  response:
   { status: 200,
     message: 'OK',
     header:
      [Object: null prototype] {
        vary: 'Origin',
        'access-control-allow-origin': 'http://localhost:8080',
        'access-control-allow-credentials': 'true',
        'access-control-expose-headers': 'WWW-Authenticate,Server-Authorization',
        'content-type': 'text/html; charset=utf-8',
        'content-length': '1392' },
     body:
      '<!DOCTYPE html>\r\n<head>\r\n<meta http-equiv="Content-Type" content="text/html; charset=utf-8" />\r\n<title>后台管理系统</title>\r\n<link type="text/css" rel="stylesheet" href="/stylesheets/style_index.css" />\r\n<script type="text/javascript" src="/javascripts/jquery-1.8.3.min.js"></script>\r\n<script type="text/javascript" src="/javascripts/menu.js"></script>\r\n</head>\r\n\r\n<body>\r\n<div class="top"></div>\r\n<div id="header">\r\n\t<div class="logo">后台管理</div>\r\n\t<div class="navigation">\r\n\t\t<ul>\r\n\t\t \t<li>欢迎您！</li>\r\n\t\t\t<li>张三</li>\r\n\t\t\t<li><a href="/logout">退出</a></li>\r\n\t\t</ul>\r\n\t</div>\r\n</div>\r\n<div id="content">\r\n\t<div class="left_menu">\r\n\t\t<ul id="nav_dot">\r\n      <li>\r\n        <h4 class="M1"><span></span>科研资料管理</h4>\r\n        <div class="list-item none">\r\n          <a href=\'\'>资料查询</a>\r\n        </div>\r\n      </li>\r\n\t\t\t<li>\r\n        <h4   class="M10"><span></span>用户管理</h4>\r\n        <div class="list-item none">\r\n          <a href=\'/users/userlist\' target="iframe1">用户列表</a>\r\n        </div>\r\n      </li>\r\n    </ul>\r\n\t</div>\r\n\t<div class="m-right">\r\n\t\t\t<div class="main">\r\n\t\t\t\t<iframe frameborder="0" name="iframe1"  width="100%" height="100%">\r\n\t\t\t\t\t您的浏览器不支持嵌入式框架，或者当前配置为不显示嵌入式框架。\r\n\t\t\t\t</iframe>\r\n\t\t\t</div>\r\n\t</div>\r\n</div>\r\n<script>navList(12);</script>\r\n</body>\r\n</html>\r\n' } }
[2019-12-11T19:41:08.376] [INFO] response - { method: 'GET',
  url: '/users/userlist',
  body: {},
  costTime: 44,
  response:
   { status: 200,
     message: 'OK',
     header:
      [Object: null prototype] {
        vary: 'Origin',
        'access-control-allow-origin': 'http://localhost:8080',
        'access-control-allow-credentials': 'true',
        'access-control-expose-headers': 'WWW-Authenticate,Server-Authorization',
        'content-type': 'text/html; charset=utf-8',
        'content-length': '3408' },
     body:
      '<!DOCTYPE html>\r\n<html lang="en">\r\n<head>\r\n    <meta charset="UTF-8">\r\n    <meta name="viewport" content="width=device-width, initial-scale=1.0">\r\n    <meta http-equiv="X-UA-Compatible" content="ie=edge">\r\n    <link type="text/css" rel="stylesheet" href="/stylesheets/bootstrap.min.css" />\r\n    <title>用户列表</title>\r\n</head>\r\n<body>\r\n    <div class="clearfix" style="margin-bottom: 10px;"></div>\r\n    <div class="row">\r\n        <form>\r\n        <div class="col-md-offset-1 col-md-2 margin-bottom-15">\r\n          <label for="firstName" class="control-label">工号/学号</label>\r\n          <input type="text" class="form-control" id="firstName" value="">                  \r\n        </div>\r\n        <div class="col-md-2 margin-bottom-15">\r\n          <label for="lastName" class="control-label">姓名</label>\r\n          <input type="text" class="form-control" id="lastName" value="">                 \r\n        </div>\r\n        <div class="col-md-2 margin-bottom-15">\r\n            <label for="singleSelect">身份</label>\r\n            <select class="form-control margin-bottom-15" id="singleSelect">\r\n              <option>全部</option>\r\n              <option>教师</option>\r\n              <option>学生</option>\r\n            </select>\r\n        </div>\r\n        <div class="col-md-2 margin-bottom-15">\r\n            <label class="checkbox-inline">\r\n              <input type="checkbox" id="inlineCheckbox1" value="option1"> 管理员\r\n            </label>                    \r\n        </div>\r\n        <div class="row templatemo-form-buttons">\r\n                <div class="col-md-2">\r\n                  <button type="submit" class="btn btn-primary">查询</button>\r\n                  <button type="reset" class="btn btn-default">重置</button>    \r\n                </div>\r\n        </div>\r\n        </form>\r\n    </div>\r\n    <div class="clearfix" style="margin-bottom: 10px;"></div>\r\n    <div class="row">\r\n        <div class="col-md-10 col-md-offset-1">\r\n        <div class="table-responsive">\r\n        <table class="table table-striped table-hover table-bordered">\r\n            <thead>\r\n              <tr>\r\n                <th>序号</th>\r\n                <th>工号/学号</th>\r\n                <th>姓名</th>\r\n                <th>身份</th>\r\n                <th>删除</th>\r\n                <th>成为管理员</th>\r\n              </tr>\r\n            </thead>\r\n            <tbody>\r\n                <tr>\r\n                    <td>1</td>\r\n                    <td>1001</td>\r\n                    <td>张三</td>\r\n                    <td>老师</td>\r\n                    <td><a href="#" class="btn btn-default">删除</a></td>\r\n                    <td><a href="#" class="btn btn-default">admin</a></td>\r\n                </tr>\r\n            </tbody>\r\n        </table>\r\n        </div>\r\n        <ul class="pagination pull-right">\r\n            <li class="disabled"><a href="#">&laquo;</a></li>\r\n            <li class="active"><a href="#">1 <span class="sr-only">(current)</span></a></li>\r\n            <li><a href="#">2 <span class="sr-only">(current)</span></a></li>\r\n            <li><a href="#">3 <span class="sr-only">(current)</span></a></li>\r\n            <li><a href="#">4 <span class="sr-only">(current)</span></a></li>\r\n            <li><a href="#">5 <span class="sr-only">(current)</span></a></li>\r\n            <li><a href="#">&raquo;</a></li>\r\n          </ul>\r\n        </div>\r\n    </div>\r\n</body>\r\n</html>' } }
[2019-12-11T19:41:21.811] [INFO] response - { method: 'GET',
  url: '/users/userlist',
  body: {},
  costTime: 3,
  response:
   { status: 200,
     message: 'OK',
     header:
      [Object: null prototype] {
        vary: 'Origin',
        'access-control-allow-origin': 'http://localhost:8080',
        'access-control-allow-credentials': 'true',
        'access-control-expose-headers': 'WWW-Authenticate,Server-Authorization',
        'content-type': 'text/html; charset=utf-8',
        'content-length': '3408' },
     body:
      '<!DOCTYPE html>\r\n<html lang="en">\r\n<head>\r\n    <meta charset="UTF-8">\r\n    <meta name="viewport" content="width=device-width, initial-scale=1.0">\r\n    <meta http-equiv="X-UA-Compatible" content="ie=edge">\r\n    <link type="text/css" rel="stylesheet" href="/stylesheets/bootstrap.min.css" />\r\n    <title>用户列表</title>\r\n</head>\r\n<body>\r\n    <div class="clearfix" style="margin-bottom: 10px;"></div>\r\n    <div class="row">\r\n        <form>\r\n        <div class="col-md-offset-1 col-md-2 margin-bottom-15">\r\n          <label for="firstName" class="control-label">工号/学号</label>\r\n          <input type="text" class="form-control" id="firstName" value="">                  \r\n        </div>\r\n        <div class="col-md-2 margin-bottom-15">\r\n          <label for="lastName" class="control-label">姓名</label>\r\n          <input type="text" class="form-control" id="lastName" value="">                 \r\n        </div>\r\n        <div class="col-md-2 margin-bottom-15">\r\n            <label for="singleSelect">身份</label>\r\n            <select class="form-control margin-bottom-15" id="singleSelect">\r\n              <option>全部</option>\r\n              <option>教师</option>\r\n              <option>学生</option>\r\n            </select>\r\n        </div>\r\n        <div class="col-md-2 margin-bottom-15">\r\n            <label class="checkbox-inline">\r\n              <input type="checkbox" id="inlineCheckbox1" value="option1"> 管理员\r\n            </label>                    \r\n        </div>\r\n        <div class="row templatemo-form-buttons">\r\n                <div class="col-md-2">\r\n                  <button type="submit" class="btn btn-primary">查询</button>\r\n                  <button type="reset" class="btn btn-default">重置</button>    \r\n                </div>\r\n        </div>\r\n        </form>\r\n    </div>\r\n    <div class="clearfix" style="margin-bottom: 10px;"></div>\r\n    <div class="row">\r\n        <div class="col-md-10 col-md-offset-1">\r\n        <div class="table-responsive">\r\n        <table class="table table-striped table-hover table-bordered">\r\n            <thead>\r\n              <tr>\r\n                <th>序号</th>\r\n                <th>工号/学号</th>\r\n                <th>姓名</th>\r\n                <th>身份</th>\r\n                <th>删除</th>\r\n                <th>成为管理员</th>\r\n              </tr>\r\n            </thead>\r\n            <tbody>\r\n                <tr>\r\n                    <td>1</td>\r\n                    <td>1001</td>\r\n                    <td>张三</td>\r\n                    <td>老师</td>\r\n                    <td><a href="#" class="btn btn-default">删除</a></td>\r\n                    <td><a href="#" class="btn btn-default">admin</a></td>\r\n                </tr>\r\n            </tbody>\r\n        </table>\r\n        </div>\r\n        <ul class="pagination pull-right">\r\n            <li class="disabled"><a href="#">&laquo;</a></li>\r\n            <li class="active"><a href="#">1 <span class="sr-only">(current)</span></a></li>\r\n            <li><a href="#">2 <span class="sr-only">(current)</span></a></li>\r\n            <li><a href="#">3 <span class="sr-only">(current)</span></a></li>\r\n            <li><a href="#">4 <span class="sr-only">(current)</span></a></li>\r\n            <li><a href="#">5 <span class="sr-only">(current)</span></a></li>\r\n            <li><a href="#">&raquo;</a></li>\r\n          </ul>\r\n        </div>\r\n    </div>\r\n</body>\r\n</html>' } }
[2019-12-11T19:41:26.403] [INFO] response - { method: 'GET',
  url: '/index',
  body: {},
  costTime: 3,
  response:
   { status: 200,
     message: 'OK',
     header:
      [Object: null prototype] {
        vary: 'Origin',
        'access-control-allow-origin': 'http://localhost:8080',
        'access-control-allow-credentials': 'true',
        'access-control-expose-headers': 'WWW-Authenticate,Server-Authorization',
        'content-type': 'text/html; charset=utf-8',
        'content-length': '1392' },
     body:
      '<!DOCTYPE html>\r\n<head>\r\n<meta http-equiv="Content-Type" content="text/html; charset=utf-8" />\r\n<title>后台管理系统</title>\r\n<link type="text/css" rel="stylesheet" href="/stylesheets/style_index.css" />\r\n<script type="text/javascript" src="/javascripts/jquery-1.8.3.min.js"></script>\r\n<script type="text/javascript" src="/javascripts/menu.js"></script>\r\n</head>\r\n\r\n<body>\r\n<div class="top"></div>\r\n<div id="header">\r\n\t<div class="logo">后台管理</div>\r\n\t<div class="navigation">\r\n\t\t<ul>\r\n\t\t \t<li>欢迎您！</li>\r\n\t\t\t<li>张三</li>\r\n\t\t\t<li><a href="/logout">退出</a></li>\r\n\t\t</ul>\r\n\t</div>\r\n</div>\r\n<div id="content">\r\n\t<div class="left_menu">\r\n\t\t<ul id="nav_dot">\r\n      <li>\r\n        <h4 class="M1"><span></span>科研资料管理</h4>\r\n        <div class="list-item none">\r\n          <a href=\'\'>资料查询</a>\r\n        </div>\r\n      </li>\r\n\t\t\t<li>\r\n        <h4   class="M10"><span></span>用户管理</h4>\r\n        <div class="list-item none">\r\n          <a href=\'/users/userlist\' target="iframe1">用户列表</a>\r\n        </div>\r\n      </li>\r\n    </ul>\r\n\t</div>\r\n\t<div class="m-right">\r\n\t\t\t<div class="main">\r\n\t\t\t\t<iframe frameborder="0" name="iframe1"  width="100%" height="100%">\r\n\t\t\t\t\t您的浏览器不支持嵌入式框架，或者当前配置为不显示嵌入式框架。\r\n\t\t\t\t</iframe>\r\n\t\t\t</div>\r\n\t</div>\r\n</div>\r\n<script>navList(12);</script>\r\n</body>\r\n</html>\r\n' } }
[2019-12-11T19:41:30.188] [INFO] response - { method: 'GET',
  url: '/index',
  body: {},
  costTime: 3,
  response:
   { status: 200,
     message: 'OK',
     header:
      [Object: null prototype] {
        vary: 'Origin',
        'access-control-allow-origin': 'http://localhost:8080',
        'access-control-allow-credentials': 'true',
        'access-control-expose-headers': 'WWW-Authenticate,Server-Authorization',
        'content-type': 'text/html; charset=utf-8',
        'content-length': '1392' },
     body:
      '<!DOCTYPE html>\r\n<head>\r\n<meta http-equiv="Content-Type" content="text/html; charset=utf-8" />\r\n<title>后台管理系统</title>\r\n<link type="text/css" rel="stylesheet" href="/stylesheets/style_index.css" />\r\n<script type="text/javascript" src="/javascripts/jquery-1.8.3.min.js"></script>\r\n<script type="text/javascript" src="/javascripts/menu.js"></script>\r\n</head>\r\n\r\n<body>\r\n<div class="top"></div>\r\n<div id="header">\r\n\t<div class="logo">后台管理</div>\r\n\t<div class="navigation">\r\n\t\t<ul>\r\n\t\t \t<li>欢迎您！</li>\r\n\t\t\t<li>张三</li>\r\n\t\t\t<li><a href="/logout">退出</a></li>\r\n\t\t</ul>\r\n\t</div>\r\n</div>\r\n<div id="content">\r\n\t<div class="left_menu">\r\n\t\t<ul id="nav_dot">\r\n      <li>\r\n        <h4 class="M1"><span></span>科研资料管理</h4>\r\n        <div class="list-item none">\r\n          <a href=\'\'>资料查询</a>\r\n        </div>\r\n      </li>\r\n\t\t\t<li>\r\n        <h4   class="M10"><span></span>用户管理</h4>\r\n        <div class="list-item none">\r\n          <a href=\'/users/userlist\' target="iframe1">用户列表</a>\r\n        </div>\r\n      </li>\r\n    </ul>\r\n\t</div>\r\n\t<div class="m-right">\r\n\t\t\t<div class="main">\r\n\t\t\t\t<iframe frameborder="0" name="iframe1"  width="100%" height="100%">\r\n\t\t\t\t\t您的浏览器不支持嵌入式框架，或者当前配置为不显示嵌入式框架。\r\n\t\t\t\t</iframe>\r\n\t\t\t</div>\r\n\t</div>\r\n</div>\r\n<script>navList(12);</script>\r\n</body>\r\n</html>\r\n' } }
[2019-12-11T19:41:34.368] [INFO] response - { method: 'GET',
  url: '/users/userlist',
  body: {},
  costTime: 2,
  response:
   { status: 200,
     message: 'OK',
     header:
      [Object: null prototype] {
        vary: 'Origin',
        'access-control-allow-origin': 'http://localhost:8080',
        'access-control-allow-credentials': 'true',
        'access-control-expose-headers': 'WWW-Authenticate,Server-Authorization',
        'content-type': 'text/html; charset=utf-8',
        'content-length': '3408' },
     body:
      '<!DOCTYPE html>\r\n<html lang="en">\r\n<head>\r\n    <meta charset="UTF-8">\r\n    <meta name="viewport" content="width=device-width, initial-scale=1.0">\r\n    <meta http-equiv="X-UA-Compatible" content="ie=edge">\r\n    <link type="text/css" rel="stylesheet" href="/stylesheets/bootstrap.min.css" />\r\n    <title>用户列表</title>\r\n</head>\r\n<body>\r\n    <div class="clearfix" style="margin-bottom: 10px;"></div>\r\n    <div class="row">\r\n        <form>\r\n        <div class="col-md-offset-1 col-md-2 margin-bottom-15">\r\n          <label for="firstName" class="control-label">工号/学号</label>\r\n          <input type="text" class="form-control" id="firstName" value="">                  \r\n        </div>\r\n        <div class="col-md-2 margin-bottom-15">\r\n          <label for="lastName" class="control-label">姓名</label>\r\n          <input type="text" class="form-control" id="lastName" value="">                 \r\n        </div>\r\n        <div class="col-md-2 margin-bottom-15">\r\n            <label for="singleSelect">身份</label>\r\n            <select class="form-control margin-bottom-15" id="singleSelect">\r\n              <option>全部</option>\r\n              <option>教师</option>\r\n              <option>学生</option>\r\n            </select>\r\n        </div>\r\n        <div class="col-md-2 margin-bottom-15">\r\n            <label class="checkbox-inline">\r\n              <input type="checkbox" id="inlineCheckbox1" value="option1"> 管理员\r\n            </label>                    \r\n        </div>\r\n        <div class="row templatemo-form-buttons">\r\n                <div class="col-md-2">\r\n                  <button type="submit" class="btn btn-primary">查询</button>\r\n                  <button type="reset" class="btn btn-default">重置</button>    \r\n                </div>\r\n        </div>\r\n        </form>\r\n    </div>\r\n    <div class="clearfix" style="margin-bottom: 10px;"></div>\r\n    <div class="row">\r\n        <div class="col-md-10 col-md-offset-1">\r\n        <div class="table-responsive">\r\n        <table class="table table-striped table-hover table-bordered">\r\n            <thead>\r\n              <tr>\r\n                <th>序号</th>\r\n                <th>工号/学号</th>\r\n                <th>姓名</th>\r\n                <th>身份</th>\r\n                <th>删除</th>\r\n                <th>成为管理员</th>\r\n              </tr>\r\n            </thead>\r\n            <tbody>\r\n                <tr>\r\n                    <td>1</td>\r\n                    <td>1001</td>\r\n                    <td>张三</td>\r\n                    <td>老师</td>\r\n                    <td><a href="#" class="btn btn-default">删除</a></td>\r\n                    <td><a href="#" class="btn btn-default">admin</a></td>\r\n                </tr>\r\n            </tbody>\r\n        </table>\r\n        </div>\r\n        <ul class="pagination pull-right">\r\n            <li class="disabled"><a href="#">&laquo;</a></li>\r\n            <li class="active"><a href="#">1 <span class="sr-only">(current)</span></a></li>\r\n            <li><a href="#">2 <span class="sr-only">(current)</span></a></li>\r\n            <li><a href="#">3 <span class="sr-only">(current)</span></a></li>\r\n            <li><a href="#">4 <span class="sr-only">(current)</span></a></li>\r\n            <li><a href="#">5 <span class="sr-only">(current)</span></a></li>\r\n            <li><a href="#">&raquo;</a></li>\r\n          </ul>\r\n        </div>\r\n    </div>\r\n</body>\r\n</html>' } }
[2019-12-11T19:41:35.404] [INFO] response - { method: 'GET',
  url: '/users/userlist',
  body: {},
  costTime: 2,
  response:
   { status: 200,
     message: 'OK',
     header:
      [Object: null prototype] {
        vary: 'Origin',
        'access-control-allow-origin': 'http://localhost:8080',
        'access-control-allow-credentials': 'true',
        'access-control-expose-headers': 'WWW-Authenticate,Server-Authorization',
        'content-type': 'text/html; charset=utf-8',
        'content-length': '3408' },
     body:
      '<!DOCTYPE html>\r\n<html lang="en">\r\n<head>\r\n    <meta charset="UTF-8">\r\n    <meta name="viewport" content="width=device-width, initial-scale=1.0">\r\n    <meta http-equiv="X-UA-Compatible" content="ie=edge">\r\n    <link type="text/css" rel="stylesheet" href="/stylesheets/bootstrap.min.css" />\r\n    <title>用户列表</title>\r\n</head>\r\n<body>\r\n    <div class="clearfix" style="margin-bottom: 10px;"></div>\r\n    <div class="row">\r\n        <form>\r\n        <div class="col-md-offset-1 col-md-2 margin-bottom-15">\r\n          <label for="firstName" class="control-label">工号/学号</label>\r\n          <input type="text" class="form-control" id="firstName" value="">                  \r\n        </div>\r\n        <div class="col-md-2 margin-bottom-15">\r\n          <label for="lastName" class="control-label">姓名</label>\r\n          <input type="text" class="form-control" id="lastName" value="">                 \r\n        </div>\r\n        <div class="col-md-2 margin-bottom-15">\r\n            <label for="singleSelect">身份</label>\r\n            <select class="form-control margin-bottom-15" id="singleSelect">\r\n              <option>全部</option>\r\n              <option>教师</option>\r\n              <option>学生</option>\r\n            </select>\r\n        </div>\r\n        <div class="col-md-2 margin-bottom-15">\r\n            <label class="checkbox-inline">\r\n              <input type="checkbox" id="inlineCheckbox1" value="option1"> 管理员\r\n            </label>                    \r\n        </div>\r\n        <div class="row templatemo-form-buttons">\r\n                <div class="col-md-2">\r\n                  <button type="submit" class="btn btn-primary">查询</button>\r\n                  <button type="reset" class="btn btn-default">重置</button>    \r\n                </div>\r\n        </div>\r\n        </form>\r\n    </div>\r\n    <div class="clearfix" style="margin-bottom: 10px;"></div>\r\n    <div class="row">\r\n        <div class="col-md-10 col-md-offset-1">\r\n        <div class="table-responsive">\r\n        <table class="table table-striped table-hover table-bordered">\r\n            <thead>\r\n              <tr>\r\n                <th>序号</th>\r\n                <th>工号/学号</th>\r\n                <th>姓名</th>\r\n                <th>身份</th>\r\n                <th>删除</th>\r\n                <th>成为管理员</th>\r\n              </tr>\r\n            </thead>\r\n            <tbody>\r\n                <tr>\r\n                    <td>1</td>\r\n                    <td>1001</td>\r\n                    <td>张三</td>\r\n                    <td>老师</td>\r\n                    <td><a href="#" class="btn btn-default">删除</a></td>\r\n                    <td><a href="#" class="btn btn-default">admin</a></td>\r\n                </tr>\r\n            </tbody>\r\n        </table>\r\n        </div>\r\n        <ul class="pagination pull-right">\r\n            <li class="disabled"><a href="#">&laquo;</a></li>\r\n            <li class="active"><a href="#">1 <span class="sr-only">(current)</span></a></li>\r\n            <li><a href="#">2 <span class="sr-only">(current)</span></a></li>\r\n            <li><a href="#">3 <span class="sr-only">(current)</span></a></li>\r\n            <li><a href="#">4 <span class="sr-only">(current)</span></a></li>\r\n            <li><a href="#">5 <span class="sr-only">(current)</span></a></li>\r\n            <li><a href="#">&raquo;</a></li>\r\n          </ul>\r\n        </div>\r\n    </div>\r\n</body>\r\n</html>' } }
[2019-12-11T19:41:37.498] [INFO] response - { method: 'GET',
  url: '/users/userlist',
  body: {},
  costTime: 1,
  response:
   { status: 200,
     message: 'OK',
     header:
      [Object: null prototype] {
        vary: 'Origin',
        'access-control-allow-origin': 'http://localhost:8080',
        'access-control-allow-credentials': 'true',
        'access-control-expose-headers': 'WWW-Authenticate,Server-Authorization',
        'content-type': 'text/html; charset=utf-8',
        'content-length': '3408' },
     body:
      '<!DOCTYPE html>\r\n<html lang="en">\r\n<head>\r\n    <meta charset="UTF-8">\r\n    <meta name="viewport" content="width=device-width, initial-scale=1.0">\r\n    <meta http-equiv="X-UA-Compatible" content="ie=edge">\r\n    <link type="text/css" rel="stylesheet" href="/stylesheets/bootstrap.min.css" />\r\n    <title>用户列表</title>\r\n</head>\r\n<body>\r\n    <div class="clearfix" style="margin-bottom: 10px;"></div>\r\n    <div class="row">\r\n        <form>\r\n        <div class="col-md-offset-1 col-md-2 margin-bottom-15">\r\n          <label for="firstName" class="control-label">工号/学号</label>\r\n          <input type="text" class="form-control" id="firstName" value="">                  \r\n        </div>\r\n        <div class="col-md-2 margin-bottom-15">\r\n          <label for="lastName" class="control-label">姓名</label>\r\n          <input type="text" class="form-control" id="lastName" value="">                 \r\n        </div>\r\n        <div class="col-md-2 margin-bottom-15">\r\n            <label for="singleSelect">身份</label>\r\n            <select class="form-control margin-bottom-15" id="singleSelect">\r\n              <option>全部</option>\r\n              <option>教师</option>\r\n              <option>学生</option>\r\n            </select>\r\n        </div>\r\n        <div class="col-md-2 margin-bottom-15">\r\n            <label class="checkbox-inline">\r\n              <input type="checkbox" id="inlineCheckbox1" value="option1"> 管理员\r\n            </label>                    \r\n        </div>\r\n        <div class="row templatemo-form-buttons">\r\n                <div class="col-md-2">\r\n                  <button type="submit" class="btn btn-primary">查询</button>\r\n                  <button type="reset" class="btn btn-default">重置</button>    \r\n                </div>\r\n        </div>\r\n        </form>\r\n    </div>\r\n    <div class="clearfix" style="margin-bottom: 10px;"></div>\r\n    <div class="row">\r\n        <div class="col-md-10 col-md-offset-1">\r\n        <div class="table-responsive">\r\n        <table class="table table-striped table-hover table-bordered">\r\n            <thead>\r\n              <tr>\r\n                <th>序号</th>\r\n                <th>工号/学号</th>\r\n                <th>姓名</th>\r\n                <th>身份</th>\r\n                <th>删除</th>\r\n                <th>成为管理员</th>\r\n              </tr>\r\n            </thead>\r\n            <tbody>\r\n                <tr>\r\n                    <td>1</td>\r\n                    <td>1001</td>\r\n                    <td>张三</td>\r\n                    <td>老师</td>\r\n                    <td><a href="#" class="btn btn-default">删除</a></td>\r\n                    <td><a href="#" class="btn btn-default">admin</a></td>\r\n                </tr>\r\n            </tbody>\r\n        </table>\r\n        </div>\r\n        <ul class="pagination pull-right">\r\n            <li class="disabled"><a href="#">&laquo;</a></li>\r\n            <li class="active"><a href="#">1 <span class="sr-only">(current)</span></a></li>\r\n            <li><a href="#">2 <span class="sr-only">(current)</span></a></li>\r\n            <li><a href="#">3 <span class="sr-only">(current)</span></a></li>\r\n            <li><a href="#">4 <span class="sr-only">(current)</span></a></li>\r\n            <li><a href="#">5 <span class="sr-only">(current)</span></a></li>\r\n            <li><a href="#">&raquo;</a></li>\r\n          </ul>\r\n        </div>\r\n    </div>\r\n</body>\r\n</html>' } }
[2019-12-11T19:57:43.397] [INFO] response - { method: 'GET',
  url: '/',
  body: {},
  costTime: 837,
  response:
   { status: 200,
     message: 'OK',
     header:
      [Object: null prototype] {
        vary: 'Origin',
        'access-control-allow-origin': 'http://localhost:8080',
        'access-control-allow-credentials': 'true',
        'access-control-expose-headers': 'WWW-Authenticate,Server-Authorization',
        'content-type': 'text/html; charset=utf-8',
        'content-length': '1029' },
     body:
      '<!DOCTYPE html>\r\n<head>\r\n\t<meta http-equiv="Content-Type" content="text/html; charset=utf-8" />\r\n\t<title>登录</title>\r\n\t<link rel="stylesheet" type="text/css" href="/stylesheets/style.css" />\r\n\t<link rel="stylesheet" type="text/css" href="/stylesheets/body.css"/> \r\n</head>\r\n<body>\r\n\t<div class="container">\r\n\t\t<section id="content">\r\n\t\t\t<form action="/checkLogin" method="post">\r\n\t\t\t\t<h1>登录</h1>\r\n\t\t\t\t<div>\r\n\t\t\t\t\t<input type="text" placeholder="工号/学号" required="" id="username" name="user_id"/>\r\n\t\t\t\t</div>\r\n\t\t\t\t<div>\r\n\t\t\t\t\t<input type="password" placeholder="密码" required="" id="password" name="password"/>\r\n\t\t\t\t</div>\r\n\t\t\t\t<div class="">\r\n\t\t\t\t\t<span class="help-block u-errormessage" id="js-server-helpinfo">&nbsp;</span>\t\t\t\r\n\t\t\t\t</div> \r\n\t\t\t\t<div>\r\n\t\t\t\t\t<!-- <input type="submit" value="Log in" /> -->\r\n\t\t\t\t\t<input type="submit" value="登录" class="btn btn-primary" id="js-btn-login"/>\r\n\t\t\t\t</div>\r\n\t\t\t</form><!-- form -->\r\n\t\t\t\r\n\t\t</section><!-- content -->\r\n\t</div>\r\n\t<!-- container -->\r\n</body>\r\n</html>' } }
[2019-12-11T19:58:02.507] [INFO] response - { method: 'POST',
  url: '/checkLogin',
  body: { user_id: '1001', password: '123456' },
  costTime: 6127,
  response:
   { status: 302,
     message: 'Found',
     header:
      [Object: null prototype] {
        vary: 'Origin',
        'access-control-allow-origin': 'http://localhost:8080',
        'access-control-allow-credentials': 'true',
        'access-control-expose-headers': 'WWW-Authenticate,Server-Authorization',
        location: '/index',
        'content-type': 'text/html; charset=utf-8',
        'content-length': '43' },
     body: 'Redirecting to <a href="/index">/index</a>.' } }
[2019-12-11T19:58:02.686] [INFO] response - { method: 'GET',
  url: '/index',
  body: {},
  costTime: 97,
  response:
   { status: 200,
     message: 'OK',
     header:
      [Object: null prototype] {
        vary: 'Origin',
        'access-control-allow-origin': 'http://localhost:8080',
        'access-control-allow-credentials': 'true',
        'access-control-expose-headers': 'WWW-Authenticate,Server-Authorization',
        'content-type': 'text/html; charset=utf-8',
        'content-length': '1392' },
     body:
      '<!DOCTYPE html>\r\n<head>\r\n<meta http-equiv="Content-Type" content="text/html; charset=utf-8" />\r\n<title>后台管理系统</title>\r\n<link type="text/css" rel="stylesheet" href="/stylesheets/style_index.css" />\r\n<script type="text/javascript" src="/javascripts/jquery-1.8.3.min.js"></script>\r\n<script type="text/javascript" src="/javascripts/menu.js"></script>\r\n</head>\r\n\r\n<body>\r\n<div class="top"></div>\r\n<div id="header">\r\n\t<div class="logo">后台管理</div>\r\n\t<div class="navigation">\r\n\t\t<ul>\r\n\t\t \t<li>欢迎您！</li>\r\n\t\t\t<li>张三</li>\r\n\t\t\t<li><a href="/logout">退出</a></li>\r\n\t\t</ul>\r\n\t</div>\r\n</div>\r\n<div id="content">\r\n\t<div class="left_menu">\r\n\t\t<ul id="nav_dot">\r\n      <li>\r\n        <h4 class="M1"><span></span>科研资料管理</h4>\r\n        <div class="list-item none">\r\n          <a href=\'\'>资料查询</a>\r\n        </div>\r\n      </li>\r\n\t\t\t<li>\r\n        <h4   class="M10"><span></span>用户管理</h4>\r\n        <div class="list-item none">\r\n          <a href=\'/users/userlist\' target="iframe1">用户列表</a>\r\n        </div>\r\n      </li>\r\n    </ul>\r\n\t</div>\r\n\t<div class="m-right">\r\n\t\t\t<div class="main">\r\n\t\t\t\t<iframe frameborder="0" name="iframe1"  width="100%" height="100%">\r\n\t\t\t\t\t您的浏览器不支持嵌入式框架，或者当前配置为不显示嵌入式框架。\r\n\t\t\t\t</iframe>\r\n\t\t\t</div>\r\n\t</div>\r\n</div>\r\n<script>navList(12);</script>\r\n</body>\r\n</html>\r\n' } }
[2019-12-11T19:58:11.505] [INFO] response - { method: 'GET',
  url: '/index',
  body: {},
  costTime: 80,
  response:
   { status: 200,
     message: 'OK',
     header:
      [Object: null prototype] {
        vary: 'Origin',
        'access-control-allow-origin': 'http://localhost:8080',
        'access-control-allow-credentials': 'true',
        'access-control-expose-headers': 'WWW-Authenticate,Server-Authorization',
        'content-type': 'text/html; charset=utf-8',
        'content-length': '1392' },
     body:
      '<!DOCTYPE html>\r\n<head>\r\n<meta http-equiv="Content-Type" content="text/html; charset=utf-8" />\r\n<title>后台管理系统</title>\r\n<link type="text/css" rel="stylesheet" href="/stylesheets/style_index.css" />\r\n<script type="text/javascript" src="/javascripts/jquery-1.8.3.min.js"></script>\r\n<script type="text/javascript" src="/javascripts/menu.js"></script>\r\n</head>\r\n\r\n<body>\r\n<div class="top"></div>\r\n<div id="header">\r\n\t<div class="logo">后台管理</div>\r\n\t<div class="navigation">\r\n\t\t<ul>\r\n\t\t \t<li>欢迎您！</li>\r\n\t\t\t<li>张三</li>\r\n\t\t\t<li><a href="/logout">退出</a></li>\r\n\t\t</ul>\r\n\t</div>\r\n</div>\r\n<div id="content">\r\n\t<div class="left_menu">\r\n\t\t<ul id="nav_dot">\r\n      <li>\r\n        <h4 class="M1"><span></span>科研资料管理</h4>\r\n        <div class="list-item none">\r\n          <a href=\'\'>资料查询</a>\r\n        </div>\r\n      </li>\r\n\t\t\t<li>\r\n        <h4   class="M10"><span></span>用户管理</h4>\r\n        <div class="list-item none">\r\n          <a href=\'/users/userlist\' target="iframe1">用户列表</a>\r\n        </div>\r\n      </li>\r\n    </ul>\r\n\t</div>\r\n\t<div class="m-right">\r\n\t\t\t<div class="main">\r\n\t\t\t\t<iframe frameborder="0" name="iframe1"  width="100%" height="100%">\r\n\t\t\t\t\t您的浏览器不支持嵌入式框架，或者当前配置为不显示嵌入式框架。\r\n\t\t\t\t</iframe>\r\n\t\t\t</div>\r\n\t</div>\r\n</div>\r\n<script>navList(12);</script>\r\n</body>\r\n</html>\r\n' } }
[2019-12-11T20:51:54.813] [INFO] response - { method: 'GET',
  url: '/',
  body: {},
  costTime: 165,
  response:
   { status: 200,
     message: 'OK',
     header:
      [Object: null prototype] {
        vary: 'Origin',
        'access-control-allow-origin': 'http://localhost:8080',
        'access-control-allow-credentials': 'true',
        'access-control-expose-headers': 'WWW-Authenticate,Server-Authorization',
        'content-type': 'text/html; charset=utf-8',
        'content-length': '1029' },
     body:
      '<!DOCTYPE html>\r\n<head>\r\n\t<meta http-equiv="Content-Type" content="text/html; charset=utf-8" />\r\n\t<title>登录</title>\r\n\t<link rel="stylesheet" type="text/css" href="/stylesheets/style.css" />\r\n\t<link rel="stylesheet" type="text/css" href="/stylesheets/body.css"/> \r\n</head>\r\n<body>\r\n\t<div class="container">\r\n\t\t<section id="content">\r\n\t\t\t<form action="/checkLogin" method="post">\r\n\t\t\t\t<h1>登录</h1>\r\n\t\t\t\t<div>\r\n\t\t\t\t\t<input type="text" placeholder="工号/学号" required="" id="username" name="user_id"/>\r\n\t\t\t\t</div>\r\n\t\t\t\t<div>\r\n\t\t\t\t\t<input type="password" placeholder="密码" required="" id="password" name="password"/>\r\n\t\t\t\t</div>\r\n\t\t\t\t<div class="">\r\n\t\t\t\t\t<span class="help-block u-errormessage" id="js-server-helpinfo">&nbsp;</span>\t\t\t\r\n\t\t\t\t</div> \r\n\t\t\t\t<div>\r\n\t\t\t\t\t<!-- <input type="submit" value="Log in" /> -->\r\n\t\t\t\t\t<input type="submit" value="登录" class="btn btn-primary" id="js-btn-login"/>\r\n\t\t\t\t</div>\r\n\t\t\t</form><!-- form -->\r\n\t\t\t\r\n\t\t</section><!-- content -->\r\n\t</div>\r\n\t<!-- container -->\r\n</body>\r\n</html>' } }
[2019-12-11T20:52:39.282] [INFO] response - { method: 'POST',
  url: '/checkLogin',
  body: { user_id: '1001', password: '123456' },
  costTime: 206,
  response:
   { status: 302,
     message: 'Found',
     header:
      [Object: null prototype] {
        vary: 'Origin',
        'access-control-allow-origin': 'http://localhost:8080',
        'access-control-allow-credentials': 'true',
        'access-control-expose-headers': 'WWW-Authenticate,Server-Authorization',
        location: '/index',
        'content-type': 'text/html; charset=utf-8',
        'content-length': '43' },
     body: 'Redirecting to <a href="/index">/index</a>.' } }
[2019-12-11T20:52:39.361] [INFO] response - { method: 'GET',
  url: '/index',
  body: {},
  costTime: 34,
  response:
   { status: 200,
     message: 'OK',
     header:
      [Object: null prototype] {
        vary: 'Origin',
        'access-control-allow-origin': 'http://localhost:8080',
        'access-control-allow-credentials': 'true',
        'access-control-expose-headers': 'WWW-Authenticate,Server-Authorization',
        'content-type': 'text/html; charset=utf-8',
        'content-length': '1392' },
     body:
      '<!DOCTYPE html>\r\n<head>\r\n<meta http-equiv="Content-Type" content="text/html; charset=utf-8" />\r\n<title>后台管理系统</title>\r\n<link type="text/css" rel="stylesheet" href="/stylesheets/style_index.css" />\r\n<script type="text/javascript" src="/javascripts/jquery-1.8.3.min.js"></script>\r\n<script type="text/javascript" src="/javascripts/menu.js"></script>\r\n</head>\r\n\r\n<body>\r\n<div class="top"></div>\r\n<div id="header">\r\n\t<div class="logo">后台管理</div>\r\n\t<div class="navigation">\r\n\t\t<ul>\r\n\t\t \t<li>欢迎您！</li>\r\n\t\t\t<li>张三</li>\r\n\t\t\t<li><a href="/logout">退出</a></li>\r\n\t\t</ul>\r\n\t</div>\r\n</div>\r\n<div id="content">\r\n\t<div class="left_menu">\r\n\t\t<ul id="nav_dot">\r\n      <li>\r\n        <h4 class="M1"><span></span>科研资料管理</h4>\r\n        <div class="list-item none">\r\n          <a href=\'\'>资料查询</a>\r\n        </div>\r\n      </li>\r\n\t\t\t<li>\r\n        <h4   class="M10"><span></span>用户管理</h4>\r\n        <div class="list-item none">\r\n          <a href=\'/users/userlist\' target="iframe1">用户列表</a>\r\n        </div>\r\n      </li>\r\n    </ul>\r\n\t</div>\r\n\t<div class="m-right">\r\n\t\t\t<div class="main">\r\n\t\t\t\t<iframe frameborder="0" name="iframe1"  width="100%" height="100%">\r\n\t\t\t\t\t您的浏览器不支持嵌入式框架，或者当前配置为不显示嵌入式框架。\r\n\t\t\t\t</iframe>\r\n\t\t\t</div>\r\n\t</div>\r\n</div>\r\n<script>navList(12);</script>\r\n</body>\r\n</html>\r\n' } }
[2019-12-11T20:52:45.545] [INFO] response - { method: 'POST',
  url: '/api/users/postlogin',
  body: { user_id: '1001', password: '123456' },
  costTime: 23,
  response:
   { status: 200,
     message: 'OK',
     header:
      [Object: null prototype] {
        vary: 'Origin',
        'access-control-allow-origin': 'http://localhost:8080',
        'access-control-allow-credentials': 'true',
        'access-control-expose-headers': 'WWW-Authenticate,Server-Authorization',
        'content-type': 'application/json; charset=utf-8' },
     body: { code: 1, data: [Object] } } }
[2019-12-11T20:52:45.617] [INFO] response - { method: 'GET',
  url: '/api/users/userinfo',
  body: {},
  costTime: 51,
  response:
   { status: 200,
     message: 'OK',
     header:
      [Object: null prototype] {
        vary: 'Origin',
        'access-control-allow-origin': 'http://localhost:8080',
        'access-control-allow-credentials': 'true',
        'access-control-expose-headers': 'WWW-Authenticate,Server-Authorization',
        'content-type': 'application/json; charset=utf-8' },
     body: { data: [Object] } } }
[2019-12-11T20:56:57.399] [INFO] response - { method: 'GET',
  url: '/',
  body: {},
  costTime: 115,
  response:
   { status: 200,
     message: 'OK',
     header:
      [Object: null prototype] {
        vary: 'Origin',
        'access-control-allow-origin': 'http://localhost:8080',
        'access-control-allow-credentials': 'true',
        'access-control-expose-headers': 'WWW-Authenticate,Server-Authorization',
        'content-type': 'text/html; charset=utf-8',
        'content-length': '1029' },
     body:
      '<!DOCTYPE html>\r\n<head>\r\n\t<meta http-equiv="Content-Type" content="text/html; charset=utf-8" />\r\n\t<title>登录</title>\r\n\t<link rel="stylesheet" type="text/css" href="/stylesheets/style.css" />\r\n\t<link rel="stylesheet" type="text/css" href="/stylesheets/body.css"/> \r\n</head>\r\n<body>\r\n\t<div class="container">\r\n\t\t<section id="content">\r\n\t\t\t<form action="/checkLogin" method="post">\r\n\t\t\t\t<h1>登录</h1>\r\n\t\t\t\t<div>\r\n\t\t\t\t\t<input type="text" placeholder="工号/学号" required="" id="username" name="user_id"/>\r\n\t\t\t\t</div>\r\n\t\t\t\t<div>\r\n\t\t\t\t\t<input type="password" placeholder="密码" required="" id="password" name="password"/>\r\n\t\t\t\t</div>\r\n\t\t\t\t<div class="">\r\n\t\t\t\t\t<span class="help-block u-errormessage" id="js-server-helpinfo">&nbsp;</span>\t\t\t\r\n\t\t\t\t</div> \r\n\t\t\t\t<div>\r\n\t\t\t\t\t<!-- <input type="submit" value="Log in" /> -->\r\n\t\t\t\t\t<input type="submit" value="登录" class="btn btn-primary" id="js-btn-login"/>\r\n\t\t\t\t</div>\r\n\t\t\t</form><!-- form -->\r\n\t\t\t\r\n\t\t</section><!-- content -->\r\n\t</div>\r\n\t<!-- container -->\r\n</body>\r\n</html>' } }
[2019-12-11T20:57:08.459] [INFO] response - { method: 'GET',
  url: '/api/users/userinfo',
  body: {},
  costTime: 81,
  response:
   { status: 200,
     message: 'OK',
     header:
      [Object: null prototype] {
        vary: 'Origin',
        'access-control-allow-origin': 'http://localhost:8080',
        'access-control-allow-credentials': 'true',
        'access-control-expose-headers': 'WWW-Authenticate,Server-Authorization',
        'content-type': 'application/json; charset=utf-8' },
     body: { data: [Object] } } }
[2019-12-11T20:57:12.914] [INFO] response - { method: 'GET',
  url: '/',
  body: {},
  costTime: 2,
  response:
   { status: 200,
     message: 'OK',
     header:
      [Object: null prototype] {
        vary: 'Origin',
        'access-control-allow-origin': 'http://localhost:8080',
        'access-control-allow-credentials': 'true',
        'access-control-expose-headers': 'WWW-Authenticate,Server-Authorization',
        'content-type': 'text/html; charset=utf-8',
        'content-length': '1029' },
     body:
      '<!DOCTYPE html>\r\n<head>\r\n\t<meta http-equiv="Content-Type" content="text/html; charset=utf-8" />\r\n\t<title>登录</title>\r\n\t<link rel="stylesheet" type="text/css" href="/stylesheets/style.css" />\r\n\t<link rel="stylesheet" type="text/css" href="/stylesheets/body.css"/> \r\n</head>\r\n<body>\r\n\t<div class="container">\r\n\t\t<section id="content">\r\n\t\t\t<form action="/checkLogin" method="post">\r\n\t\t\t\t<h1>登录</h1>\r\n\t\t\t\t<div>\r\n\t\t\t\t\t<input type="text" placeholder="工号/学号" required="" id="username" name="user_id"/>\r\n\t\t\t\t</div>\r\n\t\t\t\t<div>\r\n\t\t\t\t\t<input type="password" placeholder="密码" required="" id="password" name="password"/>\r\n\t\t\t\t</div>\r\n\t\t\t\t<div class="">\r\n\t\t\t\t\t<span class="help-block u-errormessage" id="js-server-helpinfo">&nbsp;</span>\t\t\t\r\n\t\t\t\t</div> \r\n\t\t\t\t<div>\r\n\t\t\t\t\t<!-- <input type="submit" value="Log in" /> -->\r\n\t\t\t\t\t<input type="submit" value="登录" class="btn btn-primary" id="js-btn-login"/>\r\n\t\t\t\t</div>\r\n\t\t\t</form><!-- form -->\r\n\t\t\t\r\n\t\t</section><!-- content -->\r\n\t</div>\r\n\t<!-- container -->\r\n</body>\r\n</html>' } }
[2019-12-11T20:57:21.317] [INFO] response - { method: 'POST',
  url: '/checkLogin',
  body: { user_id: '1001', password: '123456' },
  costTime: 20,
  response:
   { status: 302,
     message: 'Found',
     header:
      [Object: null prototype] {
        vary: 'Origin',
        'access-control-allow-origin': 'http://localhost:8080',
        'access-control-allow-credentials': 'true',
        'access-control-expose-headers': 'WWW-Authenticate,Server-Authorization',
        location: '/index',
        'content-type': 'text/html; charset=utf-8',
        'content-length': '43' },
     body: 'Redirecting to <a href="/index">/index</a>.' } }
[2019-12-11T20:57:21.339] [INFO] response - { method: 'GET',
  url: '/index',
  body: {},
  costTime: 3,
  response:
   { status: 200,
     message: 'OK',
     header:
      [Object: null prototype] {
        vary: 'Origin',
        'access-control-allow-origin': 'http://localhost:8080',
        'access-control-allow-credentials': 'true',
        'access-control-expose-headers': 'WWW-Authenticate,Server-Authorization',
        'content-type': 'text/html; charset=utf-8',
        'content-length': '1392' },
     body:
      '<!DOCTYPE html>\r\n<head>\r\n<meta http-equiv="Content-Type" content="text/html; charset=utf-8" />\r\n<title>后台管理系统</title>\r\n<link type="text/css" rel="stylesheet" href="/stylesheets/style_index.css" />\r\n<script type="text/javascript" src="/javascripts/jquery-1.8.3.min.js"></script>\r\n<script type="text/javascript" src="/javascripts/menu.js"></script>\r\n</head>\r\n\r\n<body>\r\n<div class="top"></div>\r\n<div id="header">\r\n\t<div class="logo">后台管理</div>\r\n\t<div class="navigation">\r\n\t\t<ul>\r\n\t\t \t<li>欢迎您！</li>\r\n\t\t\t<li>张三</li>\r\n\t\t\t<li><a href="/logout">退出</a></li>\r\n\t\t</ul>\r\n\t</div>\r\n</div>\r\n<div id="content">\r\n\t<div class="left_menu">\r\n\t\t<ul id="nav_dot">\r\n      <li>\r\n        <h4 class="M1"><span></span>科研资料管理</h4>\r\n        <div class="list-item none">\r\n          <a href=\'\'>资料查询</a>\r\n        </div>\r\n      </li>\r\n\t\t\t<li>\r\n        <h4   class="M10"><span></span>用户管理</h4>\r\n        <div class="list-item none">\r\n          <a href=\'/users/userlist\' target="iframe1">用户列表</a>\r\n        </div>\r\n      </li>\r\n    </ul>\r\n\t</div>\r\n\t<div class="m-right">\r\n\t\t\t<div class="main">\r\n\t\t\t\t<iframe frameborder="0" name="iframe1"  width="100%" height="100%">\r\n\t\t\t\t\t您的浏览器不支持嵌入式框架，或者当前配置为不显示嵌入式框架。\r\n\t\t\t\t</iframe>\r\n\t\t\t</div>\r\n\t</div>\r\n</div>\r\n<script>navList(12);</script>\r\n</body>\r\n</html>\r\n' } }
[2019-12-11T20:57:32.679] [INFO] response - { method: 'GET',
  url: '/api/users/userinfo',
  body: {},
  costTime: 69,
  response:
   { status: 200,
     message: 'OK',
     header:
      [Object: null prototype] {
        vary: 'Origin',
        'access-control-allow-origin': 'http://localhost:8080',
        'access-control-allow-credentials': 'true',
        'access-control-expose-headers': 'WWW-Authenticate,Server-Authorization',
        'content-type': 'application/json; charset=utf-8' },
     body: { data: [Object] } } }
[2019-12-11T20:58:58.694] [INFO] response - { method: 'GET',
  url: '/api/users/userinfo',
  body: {},
  costTime: 78,
  response:
   { status: 200,
     message: 'OK',
     header:
      [Object: null prototype] {
        vary: 'Origin',
        'access-control-allow-origin': 'http://localhost:8080',
        'access-control-allow-credentials': 'true',
        'access-control-expose-headers': 'WWW-Authenticate,Server-Authorization',
        'content-type': 'application/json; charset=utf-8' },
     body: { data: [Object] } } }
[2019-12-11T22:03:10.744] [INFO] response - { method: 'GET',
  url: '/users/userlist',
  body: {},
  costTime: 2919,
  response:
   { status: 401,
     message: 'Unauthorized',
     header:
      [Object: null prototype] {
        vary: 'Origin',
        'access-control-allow-origin': 'http://localhost:8080',
        'access-control-allow-credentials': 'true',
        'access-control-expose-headers': 'WWW-Authenticate,Server-Authorization',
        'content-type': 'text/html; charset=utf-8',
        'content-length': '447' },
     body:
      '<!DOCTYPE html>\n<html lang="en">\n<head>\n    <meta charset="UTF-8">\n    <meta name="viewport" content="width=device-width, initial-scale=1.0">\n    <meta http-equiv="X-UA-Compatible" content="ie=edge">\n    <link rel="stylesheet" href="/stylesheets/error.css">\n    <title>错误信息</title>\n</head>\n<body>\n    <div class="content">\n            <h1>无权访问！</h1>\n            \n            <h2>401</h2>\n            \n    </div>\n</body>\n</html>\n\n' } }
[2019-12-11T22:10:30.766] [INFO] response - { method: 'GET',
  url: '/users/userlist',
  body: {},
  costTime: 138,
  response:
   { status: 401,
     message: 'Unauthorized',
     header:
      [Object: null prototype] {
        vary: 'Origin',
        'access-control-allow-origin': 'http://localhost:8080',
        'access-control-allow-credentials': 'true',
        'access-control-expose-headers': 'WWW-Authenticate,Server-Authorization',
        'content-type': 'text/html; charset=utf-8',
        'content-length': '447' },
     body:
      '<!DOCTYPE html>\n<html lang="en">\n<head>\n    <meta charset="UTF-8">\n    <meta name="viewport" content="width=device-width, initial-scale=1.0">\n    <meta http-equiv="X-UA-Compatible" content="ie=edge">\n    <link rel="stylesheet" href="/stylesheets/error.css">\n    <title>错误信息</title>\n</head>\n<body>\n    <div class="content">\n            <h1>无权访问！</h1>\n            \n            <h2>401</h2>\n            \n    </div>\n</body>\n</html>\n\n' } }
[2019-12-11T22:10:35.705] [INFO] response - { method: 'GET',
  url: '/index',
  body: {},
  costTime: 32,
  response:
   { status: 200,
     message: 'OK',
     header:
      [Object: null prototype] {
        vary: 'Origin',
        'access-control-allow-origin': 'http://localhost:8080',
        'access-control-allow-credentials': 'true',
        'access-control-expose-headers': 'WWW-Authenticate,Server-Authorization',
        'content-type': 'text/html; charset=utf-8',
        'content-length': '1086' },
     body:
      '<!DOCTYPE html>\r\n<head>\r\n\t<meta http-equiv="Content-Type" content="text/html; charset=utf-8" />\r\n\t<title>登录</title>\r\n\t<link rel="stylesheet" type="text/css" href="/stylesheets/style.css" />\r\n\t<link rel="stylesheet" type="text/css" href="/stylesheets/body.css"/> \r\n</head>\r\n<body>\r\n\t<div class="container">\r\n\t\t<section id="content">\r\n\t\t\t<form action="/checkLogin" method="post">\r\n\t\t\t\t<h1>登录</h1>\r\n\t\t\t\t<div>\r\n\t\t\t\t\t<input type="text" placeholder="工号/学号" required="" id="username" name="user_id"/>\r\n\t\t\t\t</div>\r\n\t\t\t\t<div>\r\n\t\t\t\t\t<input type="password" placeholder="密码" required="" id="password" name="password"/>\r\n\t\t\t\t</div>\r\n\t\t\t\t<div class="">\r\n\t\t\t\t\t<span class="help-block u-errormessage" id="js-server-helpinfo">&nbsp;</span>\t\t\t\r\n\t\t\t\t</div> \r\n\t\t\t\t<div>\r\n\t\t\t\t\t<!-- <input type="submit" value="Log in" /> -->\r\n\t\t\t\t\t<input type="submit" value="登录" class="btn btn-primary" id="js-btn-login"/>\r\n\t\t\t\t</div>\r\n\t\t\t</form><!-- form -->\r\n\t\t\t\r\n\t\t\t\t<div style="color: red;">请重新登陆</div>\r\n\t\t\t\r\n\t\t</section><!-- content -->\r\n\t</div>\r\n\t<!-- container -->\r\n</body>\r\n</html>' } }
[2019-12-11T22:10:35.705] [INFO] response - { method: 'GET',
  url: '/index',
  body: {},
  costTime: 32,
  response:
   { status: 200,
     message: 'OK',
     header:
      [Object: null prototype] {
        vary: 'Origin',
        'access-control-allow-origin': 'http://localhost:8080',
        'access-control-allow-credentials': 'true',
        'access-control-expose-headers': 'WWW-Authenticate,Server-Authorization',
        'content-type': 'text/html; charset=utf-8',
        'content-length': '1086' },
     body:
      '<!DOCTYPE html>\r\n<head>\r\n\t<meta http-equiv="Content-Type" content="text/html; charset=utf-8" />\r\n\t<title>登录</title>\r\n\t<link rel="stylesheet" type="text/css" href="/stylesheets/style.css" />\r\n\t<link rel="stylesheet" type="text/css" href="/stylesheets/body.css"/> \r\n</head>\r\n<body>\r\n\t<div class="container">\r\n\t\t<section id="content">\r\n\t\t\t<form action="/checkLogin" method="post">\r\n\t\t\t\t<h1>登录</h1>\r\n\t\t\t\t<div>\r\n\t\t\t\t\t<input type="text" placeholder="工号/学号" required="" id="username" name="user_id"/>\r\n\t\t\t\t</div>\r\n\t\t\t\t<div>\r\n\t\t\t\t\t<input type="password" placeholder="密码" required="" id="password" name="password"/>\r\n\t\t\t\t</div>\r\n\t\t\t\t<div class="">\r\n\t\t\t\t\t<span class="help-block u-errormessage" id="js-server-helpinfo">&nbsp;</span>\t\t\t\r\n\t\t\t\t</div> \r\n\t\t\t\t<div>\r\n\t\t\t\t\t<!-- <input type="submit" value="Log in" /> -->\r\n\t\t\t\t\t<input type="submit" value="登录" class="btn btn-primary" id="js-btn-login"/>\r\n\t\t\t\t</div>\r\n\t\t\t</form><!-- form -->\r\n\t\t\t\r\n\t\t\t\t<div style="color: red;">请重新登陆</div>\r\n\t\t\t\r\n\t\t</section><!-- content -->\r\n\t</div>\r\n\t<!-- container -->\r\n</body>\r\n</html>' } }
[2019-12-11T22:10:48.830] [INFO] response - { method: 'POST',
  url: '/checkLogin',
  body: { user_id: '1001', password: '123456' },
  costTime: 296,
  response:
   { status: 302,
     message: 'Found',
     header:
      [Object: null prototype] {
        vary: 'Origin',
        'access-control-allow-origin': 'http://localhost:8080',
        'access-control-allow-credentials': 'true',
        'access-control-expose-headers': 'WWW-Authenticate,Server-Authorization',
        location: '/index',
        'content-type': 'text/html; charset=utf-8',
        'content-length': '43' },
     body: 'Redirecting to <a href="/index">/index</a>.' } }
[2019-12-11T22:10:49.026] [INFO] response - { method: 'GET',
  url: '/index',
  body: {},
  costTime: 63,
  response:
   { status: 200,
     message: 'OK',
     header:
      [Object: null prototype] {
        vary: 'Origin',
        'access-control-allow-origin': 'http://localhost:8080',
        'access-control-allow-credentials': 'true',
        'access-control-expose-headers': 'WWW-Authenticate,Server-Authorization',
        'content-type': 'text/html; charset=utf-8',
        'content-length': '1392' },
     body:
      '<!DOCTYPE html>\r\n<head>\r\n<meta http-equiv="Content-Type" content="text/html; charset=utf-8" />\r\n<title>后台管理系统</title>\r\n<link type="text/css" rel="stylesheet" href="/stylesheets/style_index.css" />\r\n<script type="text/javascript" src="/javascripts/jquery-1.8.3.min.js"></script>\r\n<script type="text/javascript" src="/javascripts/menu.js"></script>\r\n</head>\r\n\r\n<body>\r\n<div class="top"></div>\r\n<div id="header">\r\n\t<div class="logo">后台管理</div>\r\n\t<div class="navigation">\r\n\t\t<ul>\r\n\t\t \t<li>欢迎您！</li>\r\n\t\t\t<li>张三</li>\r\n\t\t\t<li><a href="/logout">退出</a></li>\r\n\t\t</ul>\r\n\t</div>\r\n</div>\r\n<div id="content">\r\n\t<div class="left_menu">\r\n\t\t<ul id="nav_dot">\r\n      <li>\r\n        <h4 class="M1"><span></span>科研资料管理</h4>\r\n        <div class="list-item none">\r\n          <a href=\'\'>资料查询</a>\r\n        </div>\r\n      </li>\r\n\t\t\t<li>\r\n        <h4   class="M10"><span></span>用户管理</h4>\r\n        <div class="list-item none">\r\n          <a href=\'/users/userlist\' target="iframe1">用户列表</a>\r\n        </div>\r\n      </li>\r\n    </ul>\r\n\t</div>\r\n\t<div class="m-right">\r\n\t\t\t<div class="main">\r\n\t\t\t\t<iframe frameborder="0" name="iframe1"  width="100%" height="100%">\r\n\t\t\t\t\t您的浏览器不支持嵌入式框架，或者当前配置为不显示嵌入式框架。\r\n\t\t\t\t</iframe>\r\n\t\t\t</div>\r\n\t</div>\r\n</div>\r\n<script>navList(12);</script>\r\n</body>\r\n</html>\r\n' } }
[2019-12-11T22:10:52.949] [INFO] response - { method: 'GET',
  url: '/index',
  body: {},
  costTime: 3,
  response:
   { status: 200,
     message: 'OK',
     header:
      [Object: null prototype] {
        vary: 'Origin',
        'access-control-allow-origin': 'http://localhost:8080',
        'access-control-allow-credentials': 'true',
        'access-control-expose-headers': 'WWW-Authenticate,Server-Authorization',
        'content-type': 'text/html; charset=utf-8',
        'content-length': '1392' },
     body:
      '<!DOCTYPE html>\r\n<head>\r\n<meta http-equiv="Content-Type" content="text/html; charset=utf-8" />\r\n<title>后台管理系统</title>\r\n<link type="text/css" rel="stylesheet" href="/stylesheets/style_index.css" />\r\n<script type="text/javascript" src="/javascripts/jquery-1.8.3.min.js"></script>\r\n<script type="text/javascript" src="/javascripts/menu.js"></script>\r\n</head>\r\n\r\n<body>\r\n<div class="top"></div>\r\n<div id="header">\r\n\t<div class="logo">后台管理</div>\r\n\t<div class="navigation">\r\n\t\t<ul>\r\n\t\t \t<li>欢迎您！</li>\r\n\t\t\t<li>张三</li>\r\n\t\t\t<li><a href="/logout">退出</a></li>\r\n\t\t</ul>\r\n\t</div>\r\n</div>\r\n<div id="content">\r\n\t<div class="left_menu">\r\n\t\t<ul id="nav_dot">\r\n      <li>\r\n        <h4 class="M1"><span></span>科研资料管理</h4>\r\n        <div class="list-item none">\r\n          <a href=\'\'>资料查询</a>\r\n        </div>\r\n      </li>\r\n\t\t\t<li>\r\n        <h4   class="M10"><span></span>用户管理</h4>\r\n        <div class="list-item none">\r\n          <a href=\'/users/userlist\' target="iframe1">用户列表</a>\r\n        </div>\r\n      </li>\r\n    </ul>\r\n\t</div>\r\n\t<div class="m-right">\r\n\t\t\t<div class="main">\r\n\t\t\t\t<iframe frameborder="0" name="iframe1"  width="100%" height="100%">\r\n\t\t\t\t\t您的浏览器不支持嵌入式框架，或者当前配置为不显示嵌入式框架。\r\n\t\t\t\t</iframe>\r\n\t\t\t</div>\r\n\t</div>\r\n</div>\r\n<script>navList(12);</script>\r\n</body>\r\n</html>\r\n' } }
[2019-12-11T22:10:54.738] [INFO] response - { method: 'GET',
  url: '/users/userlist',
  body: {},
  costTime: 2,
  response:
   { status: 200,
     message: 'OK',
     header:
      [Object: null prototype] {
        vary: 'Origin',
        'access-control-allow-origin': 'http://localhost:8080',
        'access-control-allow-credentials': 'true',
        'access-control-expose-headers': 'WWW-Authenticate,Server-Authorization',
        'content-type': 'text/html; charset=utf-8',
        'content-length': '3408' },
     body:
      '<!DOCTYPE html>\r\n<html lang="en">\r\n<head>\r\n    <meta charset="UTF-8">\r\n    <meta name="viewport" content="width=device-width, initial-scale=1.0">\r\n    <meta http-equiv="X-UA-Compatible" content="ie=edge">\r\n    <link type="text/css" rel="stylesheet" href="/stylesheets/bootstrap.min.css" />\r\n    <title>用户列表</title>\r\n</head>\r\n<body>\r\n    <div class="clearfix" style="margin-bottom: 10px;"></div>\r\n    <div class="row">\r\n        <form>\r\n        <div class="col-md-offset-1 col-md-2 margin-bottom-15">\r\n          <label for="firstName" class="control-label">工号/学号</label>\r\n          <input type="text" class="form-control" id="firstName" value="">                  \r\n        </div>\r\n        <div class="col-md-2 margin-bottom-15">\r\n          <label for="lastName" class="control-label">姓名</label>\r\n          <input type="text" class="form-control" id="lastName" value="">                 \r\n        </div>\r\n        <div class="col-md-2 margin-bottom-15">\r\n            <label for="singleSelect">身份</label>\r\n            <select class="form-control margin-bottom-15" id="singleSelect">\r\n              <option>全部</option>\r\n              <option>教师</option>\r\n              <option>学生</option>\r\n            </select>\r\n        </div>\r\n        <div class="col-md-2 margin-bottom-15">\r\n            <label class="checkbox-inline">\r\n              <input type="checkbox" id="inlineCheckbox1" value="option1"> 管理员\r\n            </label>                    \r\n        </div>\r\n        <div class="row templatemo-form-buttons">\r\n                <div class="col-md-2">\r\n                  <button type="submit" class="btn btn-primary">查询</button>\r\n                  <button type="reset" class="btn btn-default">重置</button>    \r\n                </div>\r\n        </div>\r\n        </form>\r\n    </div>\r\n    <div class="clearfix" style="margin-bottom: 10px;"></div>\r\n    <div class="row">\r\n        <div class="col-md-10 col-md-offset-1">\r\n        <div class="table-responsive">\r\n        <table class="table table-striped table-hover table-bordered">\r\n            <thead>\r\n              <tr>\r\n                <th>序号</th>\r\n                <th>工号/学号</th>\r\n                <th>姓名</th>\r\n                <th>身份</th>\r\n                <th>删除</th>\r\n                <th>成为管理员</th>\r\n              </tr>\r\n            </thead>\r\n            <tbody>\r\n                <tr>\r\n                    <td>1</td>\r\n                    <td>1001</td>\r\n                    <td>张三</td>\r\n                    <td>老师</td>\r\n                    <td><a href="#" class="btn btn-default">删除</a></td>\r\n                    <td><a href="#" class="btn btn-default">admin</a></td>\r\n                </tr>\r\n            </tbody>\r\n        </table>\r\n        </div>\r\n        <ul class="pagination pull-right">\r\n            <li class="disabled"><a href="#">&laquo;</a></li>\r\n            <li class="active"><a href="#">1 <span class="sr-only">(current)</span></a></li>\r\n            <li><a href="#">2 <span class="sr-only">(current)</span></a></li>\r\n            <li><a href="#">3 <span class="sr-only">(current)</span></a></li>\r\n            <li><a href="#">4 <span class="sr-only">(current)</span></a></li>\r\n            <li><a href="#">5 <span class="sr-only">(current)</span></a></li>\r\n            <li><a href="#">&raquo;</a></li>\r\n          </ul>\r\n        </div>\r\n    </div>\r\n</body>\r\n</html>' } }
[2019-12-11T22:18:23.666] [INFO] response - { method: 'GET',
  url: '/users/userlist',
  body: {},
  costTime: 17,
  response:
   { status: 200,
     message: 'OK',
     header:
      [Object: null prototype] {
        vary: 'Origin',
        'access-control-allow-origin': 'http://localhost:8080',
        'access-control-allow-credentials': 'true',
        'access-control-expose-headers': 'WWW-Authenticate,Server-Authorization',
        'content-type': 'text/html; charset=utf-8',
        'content-length': '3408' },
     body:
      '<!DOCTYPE html>\r\n<html lang="en">\r\n<head>\r\n    <meta charset="UTF-8">\r\n    <meta name="viewport" content="width=device-width, initial-scale=1.0">\r\n    <meta http-equiv="X-UA-Compatible" content="ie=edge">\r\n    <link type="text/css" rel="stylesheet" href="/stylesheets/bootstrap.min.css" />\r\n    <title>用户列表</title>\r\n</head>\r\n<body>\r\n    <div class="clearfix" style="margin-bottom: 10px;"></div>\r\n    <div class="row">\r\n        <form>\r\n        <div class="col-md-offset-1 col-md-2 margin-bottom-15">\r\n          <label for="firstName" class="control-label">工号/学号</label>\r\n          <input type="text" class="form-control" id="firstName" value="">                  \r\n        </div>\r\n        <div class="col-md-2 margin-bottom-15">\r\n          <label for="lastName" class="control-label">姓名</label>\r\n          <input type="text" class="form-control" id="lastName" value="">                 \r\n        </div>\r\n        <div class="col-md-2 margin-bottom-15">\r\n            <label for="singleSelect">身份</label>\r\n            <select class="form-control margin-bottom-15" id="singleSelect">\r\n              <option>全部</option>\r\n              <option>教师</option>\r\n              <option>学生</option>\r\n            </select>\r\n        </div>\r\n        <div class="col-md-2 margin-bottom-15">\r\n            <label class="checkbox-inline">\r\n              <input type="checkbox" id="inlineCheckbox1" value="option1"> 管理员\r\n            </label>                    \r\n        </div>\r\n        <div class="row templatemo-form-buttons">\r\n                <div class="col-md-2">\r\n                  <button type="submit" class="btn btn-primary">查询</button>\r\n                  <button type="reset" class="btn btn-default">重置</button>    \r\n                </div>\r\n        </div>\r\n        </form>\r\n    </div>\r\n    <div class="clearfix" style="margin-bottom: 10px;"></div>\r\n    <div class="row">\r\n        <div class="col-md-10 col-md-offset-1">\r\n        <div class="table-responsive">\r\n        <table class="table table-striped table-hover table-bordered">\r\n            <thead>\r\n              <tr>\r\n                <th>序号</th>\r\n                <th>工号/学号</th>\r\n                <th>姓名</th>\r\n                <th>身份</th>\r\n                <th>删除</th>\r\n                <th>成为管理员</th>\r\n              </tr>\r\n            </thead>\r\n            <tbody>\r\n                <tr>\r\n                    <td>1</td>\r\n                    <td>1001</td>\r\n                    <td>张三</td>\r\n                    <td>老师</td>\r\n                    <td><a href="#" class="btn btn-default">删除</a></td>\r\n                    <td><a href="#" class="btn btn-default">admin</a></td>\r\n                </tr>\r\n            </tbody>\r\n        </table>\r\n        </div>\r\n        <ul class="pagination pull-right">\r\n            <li class="disabled"><a href="#">&laquo;</a></li>\r\n            <li class="active"><a href="#">1 <span class="sr-only">(current)</span></a></li>\r\n            <li><a href="#">2 <span class="sr-only">(current)</span></a></li>\r\n            <li><a href="#">3 <span class="sr-only">(current)</span></a></li>\r\n            <li><a href="#">4 <span class="sr-only">(current)</span></a></li>\r\n            <li><a href="#">5 <span class="sr-only">(current)</span></a></li>\r\n            <li><a href="#">&raquo;</a></li>\r\n          </ul>\r\n        </div>\r\n    </div>\r\n</body>\r\n</html>' } }
[2019-12-11T23:06:04.883] [INFO] response - { method: 'GET',
  url: '/users/userlist',
  body: {},
  costTime: 13,
  response:
   { status: 200,
     message: 'OK',
     header:
      [Object: null prototype] {
        vary: 'Origin',
        'access-control-allow-origin': 'http://localhost:8080',
        'access-control-allow-credentials': 'true',
        'access-control-expose-headers': 'WWW-Authenticate,Server-Authorization',
        'content-type': 'text/html; charset=utf-8',
        'content-length': '3408' },
     body:
      '<!DOCTYPE html>\r\n<html lang="en">\r\n<head>\r\n    <meta charset="UTF-8">\r\n    <meta name="viewport" content="width=device-width, initial-scale=1.0">\r\n    <meta http-equiv="X-UA-Compatible" content="ie=edge">\r\n    <link type="text/css" rel="stylesheet" href="/stylesheets/bootstrap.min.css" />\r\n    <title>用户列表</title>\r\n</head>\r\n<body>\r\n    <div class="clearfix" style="margin-bottom: 10px;"></div>\r\n    <div class="row">\r\n        <form>\r\n        <div class="col-md-offset-1 col-md-2 margin-bottom-15">\r\n          <label for="firstName" class="control-label">工号/学号</label>\r\n          <input type="text" class="form-control" id="firstName" value="">                  \r\n        </div>\r\n        <div class="col-md-2 margin-bottom-15">\r\n          <label for="lastName" class="control-label">姓名</label>\r\n          <input type="text" class="form-control" id="lastName" value="">                 \r\n        </div>\r\n        <div class="col-md-2 margin-bottom-15">\r\n            <label for="singleSelect">身份</label>\r\n            <select class="form-control margin-bottom-15" id="singleSelect">\r\n              <option>全部</option>\r\n              <option>教师</option>\r\n              <option>学生</option>\r\n            </select>\r\n        </div>\r\n        <div class="col-md-2 margin-bottom-15">\r\n            <label class="checkbox-inline">\r\n              <input type="checkbox" id="inlineCheckbox1" value="option1"> 管理员\r\n            </label>                    \r\n        </div>\r\n        <div class="row templatemo-form-buttons">\r\n                <div class="col-md-2">\r\n                  <button type="submit" class="btn btn-primary">查询</button>\r\n                  <button type="reset" class="btn btn-default">重置</button>    \r\n                </div>\r\n        </div>\r\n        </form>\r\n    </div>\r\n    <div class="clearfix" style="margin-bottom: 10px;"></div>\r\n    <div class="row">\r\n        <div class="col-md-10 col-md-offset-1">\r\n        <div class="table-responsive">\r\n        <table class="table table-striped table-hover table-bordered">\r\n            <thead>\r\n              <tr>\r\n                <th>序号</th>\r\n                <th>工号/学号</th>\r\n                <th>姓名</th>\r\n                <th>身份</th>\r\n                <th>删除</th>\r\n                <th>成为管理员</th>\r\n              </tr>\r\n            </thead>\r\n            <tbody>\r\n                <tr>\r\n                    <td>1</td>\r\n                    <td>1001</td>\r\n                    <td>张三</td>\r\n                    <td>老师</td>\r\n                    <td><a href="#" class="btn btn-default">删除</a></td>\r\n                    <td><a href="#" class="btn btn-default">admin</a></td>\r\n                </tr>\r\n            </tbody>\r\n        </table>\r\n        </div>\r\n        <ul class="pagination pull-right">\r\n            <li class="disabled"><a href="#">&laquo;</a></li>\r\n            <li class="active"><a href="#">1 <span class="sr-only">(current)</span></a></li>\r\n            <li><a href="#">2 <span class="sr-only">(current)</span></a></li>\r\n            <li><a href="#">3 <span class="sr-only">(current)</span></a></li>\r\n            <li><a href="#">4 <span class="sr-only">(current)</span></a></li>\r\n            <li><a href="#">5 <span class="sr-only">(current)</span></a></li>\r\n            <li><a href="#">&raquo;</a></li>\r\n          </ul>\r\n        </div>\r\n    </div>\r\n</body>\r\n</html>' } }
[2019-12-11T23:06:25.758] [INFO] response - { method: 'GET',
  url: '/index',
  body: {},
  costTime: 2,
  response:
   { status: 200,
     message: 'OK',
     header:
      [Object: null prototype] {
        vary: 'Origin',
        'access-control-allow-origin': 'http://localhost:8080',
        'access-control-allow-credentials': 'true',
        'access-control-expose-headers': 'WWW-Authenticate,Server-Authorization',
        'content-type': 'text/html; charset=utf-8',
        'content-length': '1392' },
     body:
      '<!DOCTYPE html>\r\n<head>\r\n<meta http-equiv="Content-Type" content="text/html; charset=utf-8" />\r\n<title>后台管理系统</title>\r\n<link type="text/css" rel="stylesheet" href="/stylesheets/style_index.css" />\r\n<script type="text/javascript" src="/javascripts/jquery-1.8.3.min.js"></script>\r\n<script type="text/javascript" src="/javascripts/menu.js"></script>\r\n</head>\r\n\r\n<body>\r\n<div class="top"></div>\r\n<div id="header">\r\n\t<div class="logo">后台管理</div>\r\n\t<div class="navigation">\r\n\t\t<ul>\r\n\t\t \t<li>欢迎您！</li>\r\n\t\t\t<li>张三</li>\r\n\t\t\t<li><a href="/logout">退出</a></li>\r\n\t\t</ul>\r\n\t</div>\r\n</div>\r\n<div id="content">\r\n\t<div class="left_menu">\r\n\t\t<ul id="nav_dot">\r\n      <li>\r\n        <h4 class="M1"><span></span>科研资料管理</h4>\r\n        <div class="list-item none">\r\n          <a href=\'\'>资料查询</a>\r\n        </div>\r\n      </li>\r\n\t\t\t<li>\r\n        <h4   class="M10"><span></span>用户管理</h4>\r\n        <div class="list-item none">\r\n          <a href=\'/users/userlist\' target="iframe1">用户列表</a>\r\n        </div>\r\n      </li>\r\n    </ul>\r\n\t</div>\r\n\t<div class="m-right">\r\n\t\t\t<div class="main">\r\n\t\t\t\t<iframe frameborder="0" name="iframe1"  width="100%" height="100%">\r\n\t\t\t\t\t您的浏览器不支持嵌入式框架，或者当前配置为不显示嵌入式框架。\r\n\t\t\t\t</iframe>\r\n\t\t\t</div>\r\n\t</div>\r\n</div>\r\n<script>navList(12);</script>\r\n</body>\r\n</html>\r\n' } }
[2019-12-11T23:06:28.605] [INFO] response - { method: 'GET',
  url: '/index',
  body: {},
  costTime: 2,
  response:
   { status: 200,
     message: 'OK',
     header:
      [Object: null prototype] {
        vary: 'Origin',
        'access-control-allow-origin': 'http://localhost:8080',
        'access-control-allow-credentials': 'true',
        'access-control-expose-headers': 'WWW-Authenticate,Server-Authorization',
        'content-type': 'text/html; charset=utf-8',
        'content-length': '1392' },
     body:
      '<!DOCTYPE html>\r\n<head>\r\n<meta http-equiv="Content-Type" content="text/html; charset=utf-8" />\r\n<title>后台管理系统</title>\r\n<link type="text/css" rel="stylesheet" href="/stylesheets/style_index.css" />\r\n<script type="text/javascript" src="/javascripts/jquery-1.8.3.min.js"></script>\r\n<script type="text/javascript" src="/javascripts/menu.js"></script>\r\n</head>\r\n\r\n<body>\r\n<div class="top"></div>\r\n<div id="header">\r\n\t<div class="logo">后台管理</div>\r\n\t<div class="navigation">\r\n\t\t<ul>\r\n\t\t \t<li>欢迎您！</li>\r\n\t\t\t<li>张三</li>\r\n\t\t\t<li><a href="/logout">退出</a></li>\r\n\t\t</ul>\r\n\t</div>\r\n</div>\r\n<div id="content">\r\n\t<div class="left_menu">\r\n\t\t<ul id="nav_dot">\r\n      <li>\r\n        <h4 class="M1"><span></span>科研资料管理</h4>\r\n        <div class="list-item none">\r\n          <a href=\'\'>资料查询</a>\r\n        </div>\r\n      </li>\r\n\t\t\t<li>\r\n        <h4   class="M10"><span></span>用户管理</h4>\r\n        <div class="list-item none">\r\n          <a href=\'/users/userlist\' target="iframe1">用户列表</a>\r\n        </div>\r\n      </li>\r\n    </ul>\r\n\t</div>\r\n\t<div class="m-right">\r\n\t\t\t<div class="main">\r\n\t\t\t\t<iframe frameborder="0" name="iframe1"  width="100%" height="100%">\r\n\t\t\t\t\t您的浏览器不支持嵌入式框架，或者当前配置为不显示嵌入式框架。\r\n\t\t\t\t</iframe>\r\n\t\t\t</div>\r\n\t</div>\r\n</div>\r\n<script>navList(12);</script>\r\n</body>\r\n</html>\r\n' } }
[2019-12-11T23:06:37.190] [INFO] response - { method: 'GET',
  url: '/api/users/userinfo',
  body: {},
  costTime: 257,
  response:
   { status: 401,
     message: 'Unauthorized',
     header:
      [Object: null prototype] {
        vary: 'Origin',
        'access-control-allow-origin': 'http://localhost:8080',
        'access-control-allow-credentials': 'true',
        'access-control-expose-headers': 'WWW-Authenticate,Server-Authorization',
        'content-type': 'text/plain; charset=utf-8',
        'content-length': '12' },
     body: 'Unauthorized' } }
